2025-10-30 11:29:54,361 - INFO - ==================================
2025-10-30 11:29:54,361 - INFO - ==================================
2025-10-30 11:29:54,361 - INFO - [ 11시] - 키워드 센싱을 시작합니다
2025-10-30 11:29:54,361 - INFO - ==================================
2025-10-30 11:29:54,361 - INFO - -----------------------------
2025-10-30 11:29:54,361 - INFO - 시트이름: #3 브랜드_커뮤니티선별
2025-10-30 11:29:54,361 - INFO - 구글 시트 로드 - 시도중....
2025-10-30 11:29:54,960 - INFO - 구글 시트 로드 - 완료
2025-10-30 11:29:55,567 - INFO - #3 브랜드_커뮤니티선별 - Success 구글 시트에서 데이터를 성공적으로 가져왔습니다.
2025-10-30 11:29:55,567 - INFO - 시트이름: #4 [종합]_키워드_리스트
2025-10-30 11:29:55,567 - INFO - 구글 시트 로드 - 시도중....
2025-10-30 11:29:56,095 - INFO - 구글 시트 로드 - 완료
2025-10-30 11:29:56,527 - INFO - #4 [종합]_키워드_리스트 - Success 구글 시트에서 데이터를 성공적으로 가져왔습니다.
2025-10-30 11:29:56,527 - INFO - 시트이름: #4 [종합]_키워드_리스트
2025-10-30 11:29:56,527 - INFO - 구글 시트 로드 - 시도중....
2025-10-30 11:29:57,060 - INFO - 구글 시트 로드 - 완료
2025-10-30 11:29:57,634 - INFO - #4 [종합]_키워드_리스트 - Success 구글 시트에서 데이터를 성공적으로 가져왔습니다.
2025-10-30 11:29:57,634 - INFO - 시트이름: 일주일 추출 링크
2025-10-30 11:29:57,634 - INFO - 구글 시트 로드 - 시도중....
2025-10-30 11:29:58,071 - INFO - 구글 시트 로드 - 완료
2025-10-30 11:29:58,742 - INFO - 시트이름: 일주일 추출 링크
2025-10-30 11:29:58,742 - INFO - 구글 시트 로드 - 시도중....
2025-10-30 11:29:59,119 - INFO - 구글 시트 로드 - 완료
2025-10-30 11:29:59,658 - INFO - 일주일 추출 링크 - Success 구글 시트에서 데이터를 성공적으로 가져왔습니다.
2025-10-30 11:30:00,011 - INFO - C:\program_cookies 폴더 크기: 2.17 GB
2025-10-30 11:30:00,059 - INFO - random 폴더 초기화 - 'C:\program_cookies\PC_random'에서 폴더 삭제(완료)
2025-10-30 11:30:00,059 - INFO - 쿠키 기록을 남기도록 C:\program_cookies\PC_random 폴더를 지정합니다.
2025-10-30 11:30:00,059 - INFO - PC랜덤화면 크기를 불러옵니다.
2025-10-30 11:30:00,059 - INFO - fixed UA가 있습니다.
2025-10-30 11:30:00,059 - INFO - fixed된 UA는 Mozilla/5.0 (Windows NT 10.0; Win64; x64) AppleWebKit/537.36 (KHTML, like Gecko) Chrome/136.0.7103.48 Safari/537.36입니다.
2025-10-30 11:30:00,059 - INFO - 쿠기를 불러옵니다 쿠키가 없으면 cookies 폴더 안에 새로 생성합니다.
2025-10-30 11:30:00,059 - INFO - 크롬 드라이브 옵션 부여 완료!
2025-10-30 11:30:03,486 - INFO - ==================================
2025-10-30 11:30:03,486 - INFO - devicemetrics를 override 합니다..
2025-10-30 11:30:03,498 - INFO - geo 정보를 랜덤으로 변경합니다..
2025-10-30 11:30:03,498 - INFO - FIXED gps 정보를 적용합니다.
2025-10-30 11:30:03,498 - INFO - FIXED gps 정보는 {'latitude': 47.6653341, 'longitude': 137.075382, 'accuracy': 100} 입니다.
2025-10-30 11:30:03,506 - INFO - 모든 변경이 완료되었습니다...
2025-10-30 11:30:03,507 - INFO - ~~~~~~~~~~
2025-10-30 11:30:03,507 - INFO - ==================================
2025-10-30 11:30:03,507 - INFO - 브랜드 : 이노션S / 커뮤니티명 : 디시인사이드 / 게시판 분류 : 게시물(최신순) / 키워드 : 로보락 - 시작
2025-10-30 11:30:04,662 - INFO - -----------------------------
2025-10-30 11:30:04,694 - INFO - 이미 크롤링했던 글입니다
2025-10-30 11:30:04,695 - INFO - -----------------------------
2025-10-30 11:30:04,695 - INFO - [주의!] 구글 시트에 업데이트를 진행합니다 - 종료하지 마시오
2025-10-30 11:30:04,695 - INFO - Fail 업데이트 할 데이터가 없습니다 - (len = 0)
2025-10-30 11:30:04,695 - INFO - Fail 업데이트 할 데이터가 없습니다 - (len = 0)
2025-10-30 11:30:04,695 - INFO - 브랜드 : 이노션S / 커뮤니티명 : 네이트판 / 게시판 분류 : 톡톡(최신순) / 키워드 : 로보락 - 시작
2025-10-30 11:30:05,257 - INFO - -----------------------------
2025-10-30 11:30:05,294 - INFO - 일주일 전 게시글 이기에 다음 키워드로 넘어갑니다.
2025-10-30 11:30:05,294 - INFO - -----------------------------
2025-10-30 11:30:05,294 - INFO - [주의!] 구글 시트에 업데이트를 진행합니다 - 종료하지 마시오
2025-10-30 11:30:05,294 - INFO - Fail 업데이트 할 데이터가 없습니다 - (len = 0)
2025-10-30 11:30:05,294 - INFO - Fail 업데이트 할 데이터가 없습니다 - (len = 0)
2025-10-30 11:30:05,294 - INFO - 브랜드 : 이노션S / 커뮤니티명 : 네이트판 / 게시판 분류 : 뉴스(최신순) / 키워드 : 로보락 - 시작
2025-10-30 11:30:05,550 - INFO - -----------------------------
2025-10-30 11:30:05,598 - INFO - 제목 : [마감 후] 깊숙이 들어온 중국, 그리고 APEC
2025-10-30 11:30:06,252 - INFO - -----------------------------
2025-10-30 11:30:06,331 - INFO - URL : https://news.nate.com/view/20251030n02040
2025-10-30 11:30:09,660 - INFO - -----------------------------
2025-10-30 11:30:09,771 - INFO - 제목 : 20년 연속 1위 기업 4개…클라리오스델코 '명예의 전당'
2025-10-30 11:30:10,228 - INFO - -----------------------------
2025-10-30 11:30:10,265 - INFO - URL : https://news.nate.com/view/20251030n00069
2025-10-30 11:30:11,227 - INFO - -----------------------------
2025-10-30 11:30:11,255 - INFO - 제목 : [오늘의 장바구니] 롯데마트·이마트24·LF·이랜드월드·교원그룹 외
2025-10-30 11:30:11,774 - INFO - -----------------------------
2025-10-30 11:30:11,777 - INFO - URL : https://news.nate.com/view/20251029n37718
2025-10-30 11:30:19,024 - INFO - -----------------------------
2025-10-30 11:30:19,049 - INFO - 특가 상품 1000만개 쏟아진다…11번가, '2025 그랜드십일절'... 안에 제외 키워드가 포함되어 있습니다.
2025-10-30 11:30:19,049 - INFO - -----------------------------
2025-10-30 11:30:19,084 - INFO - 제목 : 로보락, 2025 한국품질만족지수(KS-QEI) 4년 연속 1위 수상
2025-10-30 11:30:19,631 - INFO - -----------------------------
2025-10-30 11:30:19,635 - INFO - URL : https://news.nate.com/view/20251029n29236
2025-10-30 11:30:20,258 - INFO - -----------------------------
2025-10-30 11:30:20,277 - INFO - 유통가, '블랙프라이데이 특수' 공략…이커머스發 대규모 할인전 안에 제외 키워드가 포함되어 있습니다.
2025-10-30 11:30:20,277 - INFO - -----------------------------
2025-10-30 11:30:20,294 - INFO - [국감핫인물]中 '로보락' 개인정보 유출 방지 답변 이끌어낸 김승원... 안에 제외 키워드가 포함되어 있습니다.
2025-10-30 11:30:20,294 - INFO - -----------------------------
2025-10-30 11:30:20,312 - INFO - 11번가, '그랜드십일절' 1000만개 특가 상품 마련 안에 제외 키워드가 포함되어 있습니다.
2025-10-30 11:30:20,312 - INFO - -----------------------------
2025-10-30 11:30:20,347 - INFO - 제목 : [현장] 국감서 로보락, '서버 저장 없다' 해명에도 소비자 불안...
2025-10-30 11:30:20,889 - INFO - -----------------------------
2025-10-30 11:30:20,895 - INFO - URL : https://news.nate.com/view/20251029n09734
2025-10-30 11:30:26,013 - INFO - -----------------------------
2025-10-30 11:30:26,050 - INFO - 제목 : 신세계그룹, 30일 쇼핑축제 '쓱데이' 개막…18개사 총출동
2025-10-30 11:30:26,748 - INFO - -----------------------------
2025-10-30 11:30:26,788 - INFO - URL : https://news.nate.com/view/20251029n09461
2025-10-30 11:30:27,999 - INFO - -----------------------------
2025-10-30 11:30:28,034 - INFO - 11번가, '2025 그랜드십일절'…11일간 초대형 할인전 돌입 안에 제외 키워드가 포함되어 있습니다.
2025-10-30 11:30:28,035 - INFO - -----------------------------
2025-10-30 11:30:28,052 - INFO - 11번가, 내달 1일부터 '그랜드십일절' 개최…1000여개 특가 상품 안에 제외 키워드가 포함되어 있습니다.
2025-10-30 11:30:28,053 - INFO - -----------------------------
2025-10-30 11:30:28,071 - INFO - 11번가, 내달 1일부터 '그랜드십일절'…"특가상품만 1천만개" 안에 제외 키워드가 포함되어 있습니다.
2025-10-30 11:30:28,071 - INFO - -----------------------------
2025-10-30 11:30:28,107 - INFO - 제목 : 11번가, 연중 최대 쇼핑축제 '그랜드십일절' 개최
2025-10-30 11:30:28,643 - INFO - -----------------------------
2025-10-30 11:30:28,655 - INFO - URL : https://news.nate.com/view/20251029n06640
2025-10-30 11:30:29,375 - INFO - -----------------------------
2025-10-30 11:30:29,399 - INFO - '블프'의 계절…온·오프 쇼핑 축제, 파격가·할인 혜택 쏟아진다 안에 제외 키워드가 포함되어 있습니다.
2025-10-30 11:30:29,399 - INFO - ==================================
2025-10-30 11:30:29,399 - INFO - -----------------------------
2025-10-30 11:30:29,399 - INFO - [주의!] 구글 시트에 업데이트를 진행합니다 - 종료하지 마시오
2025-10-30 11:30:29,399 - INFO - 시트이름: 최신게시글업로드
2025-10-30 11:30:29,400 - INFO - 구글 시트 로드 - 시도중....
2025-10-30 11:30:29,957 - INFO - 구글 시트 로드 - 완료
2025-10-30 11:30:31,566 - INFO - Success update 최신게시글업로드
2025-10-30 11:30:31,566 - INFO - 시트이름: 일주일 추출 링크
2025-10-30 11:30:31,566 - INFO - 구글 시트 로드 - 시도중....
2025-10-30 11:30:32,502 - INFO - 구글 시트 로드 - 완료
2025-10-30 11:30:33,593 - INFO - Success update 일주일 추출 링크
2025-10-30 11:30:38,595 - INFO - 시트이름: 일주일 추출 링크
2025-10-30 11:30:38,595 - INFO - 구글 시트 로드 - 시도중....
2025-10-30 11:30:39,036 - INFO - 구글 시트 로드 - 완료
2025-10-30 11:30:39,543 - INFO - 일주일 추출 링크 - Success 구글 시트에서 데이터를 성공적으로 가져왔습니다.
2025-10-30 11:30:39,543 - INFO - 브랜드 : 이노션S / 커뮤니티명 : 뽐뿌 / 게시판 분류 : 커뮤니티(최신순) / 키워드 : 로보락 - 시작
2025-10-30 11:30:40,128 - INFO - -----------------------------
2025-10-30 11:30:40,128 - INFO - [주의!] 구글 시트에 업데이트를 진행합니다 - 종료하지 마시오
2025-10-30 11:30:40,128 - INFO - Fail 업데이트 할 데이터가 없습니다 - (len = 0)
2025-10-30 11:30:40,128 - INFO - Fail 업데이트 할 데이터가 없습니다 - (len = 0)
2025-10-30 11:30:40,128 - INFO - 브랜드 : 이노션S / 커뮤니티명 : 뽐뿌 / 게시판 분류 : 뉴스(최신순) / 키워드 : 로보락 - 시작
2025-10-30 11:30:40,608 - INFO - -----------------------------
2025-10-30 11:30:40,608 - INFO - [주의!] 구글 시트에 업데이트를 진행합니다 - 종료하지 마시오
2025-10-30 11:30:40,608 - INFO - Fail 업데이트 할 데이터가 없습니다 - (len = 0)
2025-10-30 11:30:40,608 - INFO - Fail 업데이트 할 데이터가 없습니다 - (len = 0)
2025-10-30 11:30:40,609 - INFO - ★ 키워드 센싱 - 작업완료 ★
2025-10-30 11:30:40,794 - INFO - ✅ chromedriver 종료 결과: ChromeDriver 종료
2025-10-30 11:30:40,794 - INFO - ✅ Chrome 종료 결과: Chrome 종료
2025-10-30 11:30:40,794 - INFO - 동기화 10초 지연후 진행합니다
2025-10-30 11:30:50,798 - INFO - ==================================
2025-10-30 11:30:50,799 - INFO - [알람] 진행중 - 텔레그램에 알람을 보냅니다
2025-10-30 11:30:50,799 - INFO - 시트이름: 알람대시보드
2025-10-30 11:30:50,799 - INFO - 구글 시트 로드 - 시도중....
2025-10-30 11:30:51,418 - ERROR - 1/10번째 [ all_senssing_keyword_sensing_class.py 프로그램 ] - < Exception 발생 >
~~ 1번째 에러 도달 ~~
Traceback (most recent call last):
  File "c:\Users\user\anaconda3\envs\AutoPro\Lib\site-packages\gspread\spreadsheet.py", line 327, in worksheet
    item = finditem(
           ^^^^^^^^^
  File "c:\Users\user\anaconda3\envs\AutoPro\Lib\site-packages\gspread\utils.py", line 218, in finditem
    return next(item for item in seq if func(item))
           ^^^^^^^^^^^^^^^^^^^^^^^^^^^^^^^^^^^^^^^^
StopIteration

During handling of the above exception, another exception occurred:

Traceback (most recent call last):
  File "C:\Users\user\Desktop\Bridzzi\src\Crawling\all_senssing_keyword_sensing_class.py", line 1240, in <module>
    sensing_manager.run()
  File "C:\Users\user\Desktop\Bridzzi\src\Crawling\all_senssing_keyword_sensing_class.py", line 1219, in run
    self.community_alarm_manager.send_alarm()
  File "C:\Users\user\Desktop\Bridzzi\src\Crawling\all_senssing_keyword_sensing_class.py", line 49, in send_alarm
    alarm_data = self.googlesheet.load_as_dict_of_value_list("알람대시보드", "A", "H", "A")
                 ^^^^^^^^^^^^^^^^^^^^^^^^^^^^^^^^^^^^^^^^^^^^^^^^^^^^^^^^^^^^^^^^^^^^^^^^^^
  File "C:\Users\user\Desktop\Bridzzi\util\data_load\google_sheet.py", line 83, in wrapper
    return method(*args, **kwargs)  # 원래 메서드 실행
           ^^^^^^^^^^^^^^^^^^^^^^^
  File "C:\Users\user\Desktop\Bridzzi\util\data_load\google_sheet.py", line 220, in load_as_dict_of_value_list
    load_data = self.load_as_fetched_data(sheet_name, start_col_letter, end_col_letter, key_cols)
              ^^^^^^^^^^^^^^^^^^^^^^^^^^^^^^^^^^^^^^^^^^^^^^^^^^^^^^^^^^^^^^^^^^^^^^^^^^^^^^^^^
  File "C:\Users\user\Desktop\Bridzzi\util\data_load\google_sheet.py", line 83, in wrapper
    return method(*args, **kwargs)  # 원래 메서드 실행
           ^^^^^^^^^^^^^^^^^^^^^^^
  File "C:\Users\user\Desktop\Bridzzi\util\data_load\google_sheet.py", line 157, in load_as_fetched_data
    if (sheet := self.load_sheet(sheet_name)) is None:
                 ^^^^^^^^^^^^^^^^^^^^^^^^^^^
  File "C:\Users\user\Desktop\Bridzzi\util\data_load\google_sheet.py", line 83, in wrapper
    return method(*args, **kwargs)  # 원래 메서드 실행
           ^^^^^^^^^^^^^^^^^^^^^^^
  File "C:\Users\user\Desktop\Bridzzi\util\data_load\google_sheet.py", line 150, in load_sheet
    sheet = self.spreadsheet.worksheet(sheet_name)
        ^^^^^^^^^^^^^^^^^^^^^^^^^^^^^^^^^^^^^^
  File "c:\Users\user\anaconda3\envs\AutoPro\Lib\site-packages\gspread\spreadsheet.py", line 333, in worksheet
    raise WorksheetNotFound(title)
gspread.exceptions.WorksheetNotFound: 알람대시보드


오류가 발생하였습니다. 확인 부탁드립니다
2025-10-30 11:30:51,419 - ERROR - Traceback (most recent call last):
2025-10-30 11:30:51,419 - ERROR - File "c:\Users\user\anaconda3\envs\AutoPro\Lib\site-packages\gspread\spreadsheet.py", line 327, in worksheet
    item = finditem(
           ^^^^^^^^^
2025-10-30 11:30:51,419 - ERROR - File "c:\Users\user\anaconda3\envs\AutoPro\Lib\site-packages\gspread\utils.py", line 218, in finditem
    return next(item for item in seq if func(item))
           ^^^^^^^^^^^^^^^^^^^^^^^^^^^^^^^^^^^^^^^^
2025-10-30 11:30:51,419 - ERROR - StopIteration
2025-10-30 11:30:51,419 - ERROR - During handling of the above exception, another exception occurred:
2025-10-30 11:30:51,419 - ERROR - Traceback (most recent call last):
2025-10-30 11:30:51,419 - ERROR - File "C:\Users\user\Desktop\Bridzzi\src\Crawling\all_senssing_keyword_sensing_class.py", line 1240, in <module>
    sensing_manager.run()
2025-10-30 11:30:51,419 - ERROR - File "C:\Users\user\Desktop\Bridzzi\src\Crawling\all_senssing_keyword_sensing_class.py", line 1219, in run
    self.community_alarm_manager.send_alarm()
2025-10-30 11:30:51,419 - ERROR - File "C:\Users\user\Desktop\Bridzzi\src\Crawling\all_senssing_keyword_sensing_class.py", line 49, in send_alarm
    alarm_data = self.googlesheet.load_as_dict_of_value_list("알람대시보드", "A", "H", "A")
                 ^^^^^^^^^^^^^^^^^^^^^^^^^^^^^^^^^^^^^^^^^^^^^^^^^^^^^^^^^^^^^^^^^^^^^^^^^^
2025-10-30 11:30:51,419 - ERROR - File "C:\Users\user\Desktop\Bridzzi\util\data_load\google_sheet.py", line 83, in wrapper
    return method(*args, **kwargs)  # 원래 메서드 실행
           ^^^^^^^^^^^^^^^^^^^^^^^
2025-10-30 11:30:51,419 - ERROR - File "C:\Users\user\Desktop\Bridzzi\util\data_load\google_sheet.py", line 220, in load_as_dict_of_value_list
    load_data = self.load_as_fetched_data(sheet_name, start_col_letter, end_col_letter, key_cols)
              ^^^^^^^^^^^^^^^^^^^^^^^^^^^^^^^^^^^^^^^^^^^^^^^^^^^^^^^^^^^^^^^^^^^^^^^^^^^^^^^^^
2025-10-30 11:30:51,419 - ERROR - File "C:\Users\user\Desktop\Bridzzi\util\data_load\google_sheet.py", line 83, in wrapper
    return method(*args, **kwargs)  # 원래 메서드 실행
           ^^^^^^^^^^^^^^^^^^^^^^^
2025-10-30 11:30:51,419 - ERROR - File "C:\Users\user\Desktop\Bridzzi\util\data_load\google_sheet.py", line 157, in load_as_fetched_data
    if (sheet := self.load_sheet(sheet_name)) is None:
                 ^^^^^^^^^^^^^^^^^^^^^^^^^^^
2025-10-30 11:30:51,419 - ERROR - File "C:\Users\user\Desktop\Bridzzi\util\data_load\google_sheet.py", line 83, in wrapper
    return method(*args, **kwargs)  # 원래 메서드 실행
           ^^^^^^^^^^^^^^^^^^^^^^^
2025-10-30 11:30:51,419 - ERROR - File "C:\Users\user\Desktop\Bridzzi\util\data_load\google_sheet.py", line 150, in load_sheet
    sheet = self.spreadsheet.worksheet(sheet_name)
        ^^^^^^^^^^^^^^^^^^^^^^^^^^^^^^^^^^^^^^
2025-10-30 11:30:51,419 - ERROR - File "c:\Users\user\anaconda3\envs\AutoPro\Lib\site-packages\gspread\spreadsheet.py", line 333, in worksheet
    raise WorksheetNotFound(title)
2025-10-30 11:30:51,419 - ERROR - gspread.exceptions.WorksheetNotFound: 알람대시보드
2025-10-30 11:30:51,532 - INFO - ✅ chromedriver 종료 결과: ChromeDriver 종료
2025-10-30 11:30:51,532 - INFO - ✅ Chrome 종료 결과: Chrome 종료
2025-10-30 11:30:52,539 - INFO - ==================================
2025-10-30 11:30:52,540 - INFO - ★ 크롬 브라우저 - 자동 업데이트 ★
2025-10-30 11:30:52,705 - INFO - [현재 크롬 버전] : 142.0.7444.60
2025-10-30 11:30:53,915 - INFO - Chrome 업데이트를 확인하는 중...
2025-10-30 11:30:55,920 - INFO - ==================================
2025-10-30 11:30:55,920 - INFO - Chrome 상태 : Chrome이 최신 버전임
2025-10-30 11:30:55,920 - INFO - -----------------------------
2025-10-30 11:30:55,920 - INFO - ✅ Chrome이 최신 버전입니다. 종료합니다.
2025-10-30 11:30:55,920 - INFO - ==================================
2025-10-30 11:30:56,055 - INFO - ✅ chromedriver 종료 결과: ChromeDriver 종료
2025-10-30 11:30:56,055 - INFO - ✅ Chrome 종료 결과: Chrome 종료
2025-10-30 11:30:57,056 - INFO - ==================================
2025-10-30 11:30:57,058 - ERROR - Uncaught exception
Traceback (most recent call last):
  File "c:\Users\user\anaconda3\envs\AutoPro\Lib\site-packages\gspread\spreadsheet.py", line 327, in worksheet
    item = finditem(
           ^^^^^^^^^
  File "c:\Users\user\anaconda3\envs\AutoPro\Lib\site-packages\gspread\utils.py", line 218, in finditem
    return next(item for item in seq if func(item))
           ^^^^^^^^^^^^^^^^^^^^^^^^^^^^^^^^^^^^^^^^
StopIteration

During handling of the above exception, another exception occurred:

Traceback (most recent call last):
  File "C:\Users\user\Desktop\Bridzzi\src\Crawling\all_senssing_keyword_sensing_class.py", line 1240, in <module>
    sensing_manager.run()
  File "C:\Users\user\Desktop\Bridzzi\src\Crawling\all_senssing_keyword_sensing_class.py", line 1219, in run
    self.community_alarm_manager.send_alarm()
  File "C:\Users\user\Desktop\Bridzzi\src\Crawling\all_senssing_keyword_sensing_class.py", line 49, in send_alarm
    alarm_data = self.googlesheet.load_as_dict_of_value_list("알람대시보드", "A", "H", "A")
                 ^^^^^^^^^^^^^^^^^^^^^^^^^^^^^^^^^^^^^^^^^^^^^^^^^^^^^^^^^^^^^^^^^^^^^^^^^^
  File "C:\Users\user\Desktop\Bridzzi\util\data_load\google_sheet.py", line 83, in wrapper
    return method(*args, **kwargs)  # 원래 메서드 실행
           ^^^^^^^^^^^^^^^^^^^^^^^
  File "C:\Users\user\Desktop\Bridzzi\util\data_load\google_sheet.py", line 220, in load_as_dict_of_value_list
    load_data = self.load_as_fetched_data(sheet_name, start_col_letter, end_col_letter, key_cols)
              ^^^^^^^^^^^^^^^^^^^^^^^^^^^^^^^^^^^^^^^^^^^^^^^^^^^^^^^^^^^^^^^^^^^^^^^^^^^^^^^^^
  File "C:\Users\user\Desktop\Bridzzi\util\data_load\google_sheet.py", line 83, in wrapper
    return method(*args, **kwargs)  # 원래 메서드 실행
           ^^^^^^^^^^^^^^^^^^^^^^^
  File "C:\Users\user\Desktop\Bridzzi\util\data_load\google_sheet.py", line 157, in load_as_fetched_data
    if (sheet := self.load_sheet(sheet_name)) is None:
                 ^^^^^^^^^^^^^^^^^^^^^^^^^^^
  File "C:\Users\user\Desktop\Bridzzi\util\data_load\google_sheet.py", line 83, in wrapper
    return method(*args, **kwargs)  # 원래 메서드 실행
           ^^^^^^^^^^^^^^^^^^^^^^^
  File "C:\Users\user\Desktop\Bridzzi\util\data_load\google_sheet.py", line 150, in load_sheet
    sheet = self.spreadsheet.worksheet(sheet_name)
        ^^^^^^^^^^^^^^^^^^^^^^^^^^^^^^^^^^^^^^
  File "c:\Users\user\anaconda3\envs\AutoPro\Lib\site-packages\gspread\spreadsheet.py", line 333, in worksheet
    raise WorksheetNotFound(title)
gspread.exceptions.WorksheetNotFound: 알람대시보드

During handling of the above exception, another exception occurred:

Traceback (most recent call last):
  File "C:\Users\user\Desktop\Bridzzi\src\Crawling\all_senssing_keyword_sensing_class.py", line 1269, in <module>
    previous_length = len(previous_error) if previous_error is not None else 0
                                             ^^^^^^^^^^^^^^
NameError: name 'previous_error' is not defined
