2025-10-30 16:16:38,597 - INFO - ==================================
2025-10-30 16:16:38,598 - INFO - ==================================
2025-10-30 16:16:38,598 - INFO - [ 16시] - 키워드 센싱을 시작합니다
2025-10-30 16:16:38,598 - INFO - ==================================
2025-10-30 16:16:38,598 - INFO - -----------------------------
2025-10-30 16:16:38,598 - INFO - 시트이름: 키워드_리스트(New)
2025-10-30 16:16:38,599 - INFO - 구글 시트 로드 - 시도중....
2025-10-30 16:16:39,311 - INFO - 구글 시트 로드 - 완료
2025-10-30 16:16:39,777 - INFO - 키워드_리스트(New) - Success 구글 시트에서 데이터를 성공적으로 가져왔습니다.
2025-10-30 16:16:39,777 - INFO - 시트이름: #3 브랜드_카페선별
2025-10-30 16:16:39,777 - INFO - 구글 시트 로드 - 시도중....
2025-10-30 16:16:40,468 - INFO - 구글 시트 로드 - 완료
2025-10-30 16:16:40,928 - INFO - #3 브랜드_카페선별 - Success 구글 시트에서 데이터를 성공적으로 가져왔습니다.
2025-10-30 16:16:40,930 - INFO - 시트이름: 키워드_리스트(New)
2025-10-30 16:16:40,930 - INFO - 구글 시트 로드 - 시도중....
2025-10-30 16:16:41,586 - INFO - 구글 시트 로드 - 완료
2025-10-30 16:16:42,058 - INFO - 키워드_리스트(New) - Success 구글 시트에서 데이터를 성공적으로 가져왔습니다.
2025-10-30 16:16:42,058 - INFO - 시트이름: 일주일 추출 링크
2025-10-30 16:16:42,058 - INFO - 구글 시트 로드 - 시도중....
2025-10-30 16:16:42,656 - INFO - 구글 시트 로드 - 완료
2025-10-30 16:16:43,161 - INFO - 시트이름: 일주일 추출 링크
2025-10-30 16:16:43,161 - INFO - 구글 시트 로드 - 시도중....
2025-10-30 16:16:43,723 - INFO - 구글 시트 로드 - 완료
2025-10-30 16:16:44,098 - INFO - 일주일 추출 링크 - Success 구글 시트에서 데이터를 성공적으로 가져왔습니다.
2025-10-30 16:16:44,470 - INFO - C:\program_cookies 폴더 크기: 2.25 GB
2025-10-30 16:16:44,597 - INFO - random 폴더 초기화 - 'C:\program_cookies\PC_random'에서 폴더 삭제(완료)
2025-10-30 16:16:44,597 - INFO - 쿠키 기록을 남기도록 C:\program_cookies\PC_random 폴더를 지정합니다.
2025-10-30 16:16:44,597 - INFO - PC랜덤화면 크기를 불러옵니다.
2025-10-30 16:16:44,597 - INFO - fixed UA가 있습니다.
2025-10-30 16:16:44,598 - INFO - fixed된 UA는 Mozilla/5.0 (Windows NT 10.0; Win64; x64) AppleWebKit/537.36 (KHTML, like Gecko) Chrome/136.0.7103.48 Safari/537.36입니다.
2025-10-30 16:16:44,598 - INFO - 쿠기를 불러옵니다 쿠키가 없으면 cookies 폴더 안에 새로 생성합니다.
2025-10-30 16:16:44,598 - INFO - 크롬 드라이브 옵션 부여 완료!
2025-10-30 16:16:47,753 - INFO - ==================================
2025-10-30 16:16:47,753 - INFO - devicemetrics를 override 합니다..
2025-10-30 16:16:47,758 - INFO - geo 정보를 랜덤으로 변경합니다..
2025-10-30 16:16:47,758 - INFO - FIXED gps 정보를 적용합니다.
2025-10-30 16:16:47,759 - INFO - FIXED gps 정보는 {'latitude': 47.6653341, 'longitude': 137.075382, 'accuracy': 100} 입니다.
2025-10-30 16:16:47,768 - INFO - 모든 변경이 완료되었습니다...
2025-10-30 16:16:47,768 - INFO - ~~~~~~~~~~
2025-10-30 16:16:47,768 - INFO - ==================================
2025-10-30 16:16:47,768 - INFO - 키워드 : 로보락 - 시작
2025-10-30 16:16:48,249 - INFO - 1 페이지로 이동합니다
2025-10-30 16:16:48,809 - INFO - -----------------------------
2025-10-30 16:16:48,844 - ERROR - 1/10번째 [ all_senssing_keyword_sensing_class.py 프로그램 ] - < Exception 발생 >
~~ 1번째 에러 도달 ~~
Traceback (most recent call last):
  File "C:\Users\user\Desktop\Bridzzi\src\Crawling\all_senssing_keyword_sensing_class.py", line 1469, in <module>
    sensing_manager.run()
  File "C:\Users\user\Desktop\Bridzzi\src\Crawling\all_senssing_keyword_sensing_class.py", line 1451, in run
    self.cafe_crawler.check_run(time_name)
  File "C:\Users\user\Desktop\Bridzzi\src\Crawling\all_senssing_keyword_sensing_class.py", line 407, in check_run
    is_collect = self.collect_post_info(row_index, keyword)
                 ^^^^^^^^^^^^^^^^^^^^^^^^^^^^^^^^^^^^^^^^^^
  File "C:\Users\user\Desktop\Bridzzi\src\Crawling\all_senssing_keyword_sensing_class.py", line 278, in collect_post_info
    if link in self.crawl_data["week_crawl"]:
       ^^^^
UnboundLocalError: cannot access local variable 'link' where it is not associated with a value


오류가 발생하였습니다. 확인 부탁드립니다
2025-10-30 16:16:48,845 - ERROR - Traceback (most recent call last):
2025-10-30 16:16:48,845 - ERROR - File "C:\Users\user\Desktop\Bridzzi\src\Crawling\all_senssing_keyword_sensing_class.py", line 1469, in <module>
    sensing_manager.run()
2025-10-30 16:16:48,845 - ERROR - File "C:\Users\user\Desktop\Bridzzi\src\Crawling\all_senssing_keyword_sensing_class.py", line 1451, in run
    self.cafe_crawler.check_run(time_name)
2025-10-30 16:16:48,845 - ERROR - File "C:\Users\user\Desktop\Bridzzi\src\Crawling\all_senssing_keyword_sensing_class.py", line 407, in check_run
    is_collect = self.collect_post_info(row_index, keyword)
                 ^^^^^^^^^^^^^^^^^^^^^^^^^^^^^^^^^^^^^^^^^^
2025-10-30 16:16:48,845 - ERROR - File "C:\Users\user\Desktop\Bridzzi\src\Crawling\all_senssing_keyword_sensing_class.py", line 278, in collect_post_info
    if link in self.crawl_data["week_crawl"]:
       ^^^^
2025-10-30 16:16:48,845 - ERROR - UnboundLocalError: cannot access local variable 'link' where it is not associated with a value
2025-10-30 16:16:48,981 - INFO - ✅ chromedriver 종료 결과: ChromeDriver 종료
2025-10-30 16:16:48,981 - INFO - ✅ Chrome 종료 결과: Chrome 종료
2025-10-30 16:16:49,982 - INFO - ==================================
2025-10-30 16:16:49,982 - INFO - ★ 크롬 브라우저 - 자동 업데이트 ★
2025-10-30 16:16:50,142 - INFO - [현재 크롬 버전] : 142.0.7444.60
2025-10-30 16:16:51,375 - INFO - Chrome 업데이트를 확인하는 중...
2025-10-30 16:16:53,379 - INFO - ==================================
2025-10-30 16:16:53,380 - INFO - Chrome 상태 : Chrome이 최신 버전임
2025-10-30 16:16:53,380 - INFO - -----------------------------
2025-10-30 16:16:53,380 - INFO - ✅ Chrome이 최신 버전입니다. 종료합니다.
2025-10-30 16:16:53,380 - INFO - ==================================
2025-10-30 16:16:53,528 - INFO - ✅ chromedriver 종료 결과: ChromeDriver 종료
2025-10-30 16:16:53,528 - INFO - ✅ Chrome 종료 결과: Chrome 종료
2025-10-30 16:16:54,529 - INFO - ==================================
2025-10-30 16:16:54,531 - ERROR - Uncaught exception
Traceback (most recent call last):
  File "C:\Users\user\Desktop\Bridzzi\src\Crawling\all_senssing_keyword_sensing_class.py", line 1469, in <module>
    sensing_manager.run()
  File "C:\Users\user\Desktop\Bridzzi\src\Crawling\all_senssing_keyword_sensing_class.py", line 1451, in run
    self.cafe_crawler.check_run(time_name)
  File "C:\Users\user\Desktop\Bridzzi\src\Crawling\all_senssing_keyword_sensing_class.py", line 407, in check_run
    is_collect = self.collect_post_info(row_index, keyword)
                 ^^^^^^^^^^^^^^^^^^^^^^^^^^^^^^^^^^^^^^^^^^
  File "C:\Users\user\Desktop\Bridzzi\src\Crawling\all_senssing_keyword_sensing_class.py", line 278, in collect_post_info
    if link in self.crawl_data["week_crawl"]:
       ^^^^
UnboundLocalError: cannot access local variable 'link' where it is not associated with a value

During handling of the above exception, another exception occurred:

Traceback (most recent call last):
  File "C:\Users\user\Desktop\Bridzzi\src\Crawling\all_senssing_keyword_sensing_class.py", line 1498, in <module>
    previous_length = len(previous_error) if previous_error is not None else 0
                                             ^^^^^^^^^^^^^^
NameError: name 'previous_error' is not defined
