2025-10-30 10:16:54,250 - INFO - ==================================
2025-10-30 10:16:54,266 - INFO - ==================================
2025-10-30 10:16:54,266 - INFO - [ 10시] - 키워드 센싱을 시작합니다
2025-10-30 10:16:54,266 - INFO - ==================================
2025-10-30 10:16:54,266 - INFO - -----------------------------
2025-10-30 10:16:54,266 - INFO - 시트이름: #3 브랜드_커뮤니티선별
2025-10-30 10:16:54,266 - INFO - 구글 시트 로드 - 시도중....
2025-10-30 10:16:54,874 - INFO - 구글 시트 로드 - 완료
2025-10-30 10:16:55,424 - INFO - #3 브랜드_커뮤니티선별 - Success 구글 시트에서 데이터를 성공적으로 가져왔습니다.
2025-10-30 10:16:55,424 - INFO - 시트이름: #4 [종합]_키워드_리스트
2025-10-30 10:16:55,424 - INFO - 구글 시트 로드 - 시도중....
2025-10-30 10:16:55,997 - INFO - 구글 시트 로드 - 완료
2025-10-30 10:16:56,640 - INFO - #4 [종합]_키워드_리스트 - Success 구글 시트에서 데이터를 성공적으로 가져왔습니다.
2025-10-30 10:16:56,640 - INFO - 시트이름: #4 [종합]_키워드_리스트
2025-10-30 10:16:56,640 - INFO - 구글 시트 로드 - 시도중....
2025-10-30 10:16:57,204 - INFO - 구글 시트 로드 - 완료
2025-10-30 10:16:57,866 - INFO - #4 [종합]_키워드_리스트 - Success 구글 시트에서 데이터를 성공적으로 가져왔습니다.
2025-10-30 10:16:57,866 - INFO - 시트이름: 일주일 추출 링크
2025-10-30 10:16:57,866 - INFO - 구글 시트 로드 - 시도중....
2025-10-30 10:16:58,588 - INFO - 구글 시트 로드 - 완료
2025-10-30 10:16:59,164 - INFO - 시트이름: 일주일 추출 링크
2025-10-30 10:16:59,164 - INFO - 구글 시트 로드 - 시도중....
2025-10-30 10:16:59,881 - INFO - 구글 시트 로드 - 완료
2025-10-30 10:17:00,278 - INFO - 일주일 추출 링크 - Success 구글 시트에서 데이터를 성공적으로 가져왔습니다.
2025-10-30 10:17:00,634 - INFO - C:\program_cookies 폴더 크기: 2.19 GB
2025-10-30 10:17:00,734 - INFO - random 폴더 초기화 - 'C:\program_cookies\PC_random'에서 폴더 삭제(완료)
2025-10-30 10:17:00,734 - INFO - 쿠키 기록을 남기도록 C:\program_cookies\PC_random 폴더를 지정합니다.
2025-10-30 10:17:00,734 - INFO - PC랜덤화면 크기를 불러옵니다.
2025-10-30 10:17:00,734 - INFO - fixed UA가 있습니다.
2025-10-30 10:17:00,734 - INFO - fixed된 UA는 Mozilla/5.0 (Windows NT 10.0; Win64; x64) AppleWebKit/537.36 (KHTML, like Gecko) Chrome/136.0.7103.48 Safari/537.36입니다.
2025-10-30 10:17:00,734 - INFO - 쿠기를 불러옵니다 쿠키가 없으면 cookies 폴더 안에 새로 생성합니다.
2025-10-30 10:17:00,734 - INFO - 크롬 드라이브 옵션 부여 완료!
2025-10-30 10:17:03,709 - INFO - ==================================
2025-10-30 10:17:03,709 - INFO - devicemetrics를 override 합니다..
2025-10-30 10:17:03,726 - INFO - geo 정보를 랜덤으로 변경합니다..
2025-10-30 10:17:03,726 - INFO - FIXED gps 정보를 적용합니다.
2025-10-30 10:17:03,726 - INFO - FIXED gps 정보는 {'latitude': 47.6653341, 'longitude': 137.075382, 'accuracy': 100} 입니다.
2025-10-30 10:17:03,734 - INFO - 모든 변경이 완료되었습니다...
2025-10-30 10:17:03,734 - INFO - ~~~~~~~~~~
2025-10-30 10:17:03,734 - INFO - ==================================
2025-10-30 10:17:03,735 - INFO - 브랜드 : 이노션S / 커뮤니티명 : 디시인사이드 / 게시판 분류 : 게시물(최신순) / 키워드 : 로보락 - 시작
2025-10-30 10:17:05,690 - INFO - -----------------------------
2025-10-30 10:17:05,764 - INFO - 제목 : L40S 좋은데 식탁 의자 아래는 청소 못하네
2025-10-30 10:17:08,482 - INFO - -----------------------------
2025-10-30 10:17:08,572 - INFO - URL : https://gall.dcinside.com/mgallery/board/view/?id=robotcleaner&no=44620
2025-10-30 10:17:10,587 - INFO - -----------------------------
2025-10-30 10:17:10,623 - INFO - 제목 : 궁금한거몇개 ㅇㅇ
2025-10-30 10:17:13,856 - INFO - -----------------------------
2025-10-30 10:17:13,860 - INFO - URL : https://gall.dcinside.com/mgallery/board/view/?id=robotcleaner&no=44618
2025-10-30 10:17:14,426 - INFO - -----------------------------
2025-10-30 10:17:14,443 - INFO - 하이마트 as되는게 드리미 일부+로보락이 끝인가? 안에 제외 키워드가 포함되어 있습니다.
2025-10-30 10:17:14,444 - INFO - -----------------------------
2025-10-30 10:17:14,478 - INFO - 제목 : 부모님집에 사줄 로봇청소기 추천 부탁드립니다.(T50 OR T80)
2025-10-30 10:17:17,181 - INFO - -----------------------------
2025-10-30 10:17:17,203 - INFO - URL : https://gall.dcinside.com/mgallery/board/view/?id=robotcleaner&no=44594
2025-10-30 10:17:20,598 - INFO - -----------------------------
2025-10-30 10:17:20,649 - INFO - 제목 : 이게 진짜 전자기기가 욕심이 무서운게
2025-10-30 10:17:23,595 - INFO - -----------------------------
2025-10-30 10:17:23,601 - INFO - URL : https://gall.dcinside.com/mgallery/board/view/?id=robotcleaner&no=44593
2025-10-30 10:17:25,448 - INFO - -----------------------------
2025-10-30 10:17:25,483 - INFO - 제목 : 자고 일어날때마다 사고싶은 기종이 올라감 ㅋㅋㅋ
2025-10-30 10:17:28,033 - INFO - -----------------------------
2025-10-30 10:17:28,151 - INFO - URL : https://gall.dcinside.com/mgallery/board/view/?id=robotcleaner&no=44577
2025-10-30 10:17:29,712 - INFO - -----------------------------
2025-10-30 10:17:29,748 - INFO - 제목 : 청소기 샤크 추천함
2025-10-30 10:17:32,586 - INFO - -----------------------------
2025-10-30 10:17:32,590 - INFO - URL : https://gall.dcinside.com/mgallery/board/view/?id=japanlife&no=180905
2025-10-30 10:17:34,912 - INFO - -----------------------------
2025-10-30 10:17:34,947 - INFO - 제목 : T80 (73), 나르왈 z10 울트라 (84)
2025-10-30 10:17:37,868 - INFO - -----------------------------
2025-10-30 10:17:37,872 - INFO - URL : https://gall.dcinside.com/mgallery/board/view/?id=robotcleaner&no=44572
2025-10-30 10:17:39,987 - INFO - -----------------------------
2025-10-30 10:17:40,006 - INFO - 제목에 필수키워드가 없는 상품입니다. 생략하고 넘어갑니다
2025-10-30 10:17:40,007 - INFO - -----------------------------
2025-10-30 10:17:40,043 - INFO - 제목 : 가격신경안쓰고 로청 현존하는 최고 좋은게 뭐에요?
2025-10-30 10:17:42,842 - INFO - -----------------------------
2025-10-30 10:17:42,846 - INFO - URL : https://gall.dcinside.com/mgallery/board/view/?id=robotcleaner&no=44543
2025-10-30 10:17:43,429 - INFO - -----------------------------
2025-10-30 10:17:43,466 - INFO - 제목 : s9슬림 약136 / X50s 약116?/ X50 약90?88?
2025-10-30 10:17:46,511 - INFO - -----------------------------
2025-10-30 10:17:46,514 - INFO - URL : https://gall.dcinside.com/mgallery/board/view/?id=robotcleaner&no=44522
2025-10-30 10:17:48,625 - INFO - -----------------------------
2025-10-30 10:17:48,666 - INFO - 제목 : 세일하길래 혹하는데 로보락 S8 프로 플러스 이거사도됨?
2025-10-30 10:17:51,764 - INFO - -----------------------------
2025-10-30 10:17:51,767 - INFO - URL : https://gall.dcinside.com/mgallery/board/view/?id=robotcleaner&no=44511
2025-10-30 10:17:52,264 - INFO - -----------------------------
2025-10-30 10:17:52,299 - INFO - 제목 : 로봇 청소기 가성비는 로보락이 제일좋나
2025-10-30 10:17:54,615 - INFO - -----------------------------
2025-10-30 10:17:54,618 - INFO - URL : https://gall.dcinside.com/board/view/?id=toy&no=7530540
2025-10-30 10:17:55,719 - INFO - -----------------------------
2025-10-30 10:17:55,759 - INFO - 제목 : 로보락 s9 ultra max 넾다 157 이거 싼건가
2025-10-30 10:17:58,688 - ERROR - 1/10번째 [ all_senssing_keyword_sensing_class.py 프로그램 ] - < Exception 발생 >
~~ 1번째 에러 도달 ~~
Traceback (most recent call last):
  File "C:\Users\user\Desktop\Bridzzi\src\Crawling\all_senssing_keyword_sensing_class.py", line 1035, in <module>
    sensing_manager.run()
  File "C:\Users\user\Desktop\Bridzzi\src\Crawling\all_senssing_keyword_sensing_class.py", line 1011, in run
    self.community_crawler.check_run(time_name)
  File "C:\Users\user\Desktop\Bridzzi\src\Crawling\all_senssing_keyword_sensing_class.py", line 873, in check_run
    self.dc_collect_post_info(row_index, keyword, comunity_data_row)
  File "C:\Users\user\Desktop\Bridzzi\src\Crawling\all_senssing_keyword_sensing_class.py", line 803, in dc_collect_post_info
    self.browser.switch_to.window(self.browser.window_handles[1])
                      ~~~~~~~~~~~~~~~~~~~~~~~~~~~^^^
IndexError: list index out of range


오류가 발생하였습니다. 확인 부탁드립니다
2025-10-30 10:17:58,689 - ERROR - Traceback (most recent call last):
2025-10-30 10:17:58,689 - ERROR - File "C:\Users\user\Desktop\Bridzzi\src\Crawling\all_senssing_keyword_sensing_class.py", line 1035, in <module>
    sensing_manager.run()
2025-10-30 10:17:58,689 - ERROR - File "C:\Users\user\Desktop\Bridzzi\src\Crawling\all_senssing_keyword_sensing_class.py", line 1011, in run
    self.community_crawler.check_run(time_name)
2025-10-30 10:17:58,690 - ERROR - File "C:\Users\user\Desktop\Bridzzi\src\Crawling\all_senssing_keyword_sensing_class.py", line 873, in check_run
    self.dc_collect_post_info(row_index, keyword, comunity_data_row)
2025-10-30 10:17:58,690 - ERROR - File "C:\Users\user\Desktop\Bridzzi\src\Crawling\all_senssing_keyword_sensing_class.py", line 803, in dc_collect_post_info
    self.browser.switch_to.window(self.browser.window_handles[1])
                      ~~~~~~~~~~~~~~~~~~~~~~~~~~~^^^
2025-10-30 10:17:58,690 - ERROR - IndexError: list index out of range
2025-10-30 10:17:58,817 - INFO - ✅ chromedriver 종료 결과: ChromeDriver 종료
2025-10-30 10:17:58,817 - INFO - ✅ Chrome 종료 결과: Chrome 종료
2025-10-30 10:17:59,821 - INFO - ==================================
2025-10-30 10:17:59,821 - INFO - ★ 크롬 브라우저 - 자동 업데이트 ★
2025-10-30 10:17:59,975 - INFO - [현재 크롬 버전] : 142.0.7444.60
2025-10-30 10:18:01,204 - INFO - Chrome 업데이트를 확인하는 중...
2025-10-30 10:18:03,212 - INFO - ==================================
2025-10-30 10:18:03,212 - INFO - Chrome 상태 : Chrome이 최신 버전임
2025-10-30 10:18:03,212 - INFO - -----------------------------
2025-10-30 10:18:03,212 - INFO - ✅ Chrome이 최신 버전입니다. 종료합니다.
2025-10-30 10:18:03,212 - INFO - ==================================
2025-10-30 10:18:03,338 - INFO - ✅ chromedriver 종료 결과: ChromeDriver 종료
2025-10-30 10:18:03,338 - INFO - ✅ Chrome 종료 결과: Chrome 종료
2025-10-30 10:18:04,340 - INFO - ==================================
2025-10-30 10:18:04,340 - ERROR - Uncaught exception
Traceback (most recent call last):
  File "C:\Users\user\Desktop\Bridzzi\src\Crawling\all_senssing_keyword_sensing_class.py", line 1035, in <module>
    sensing_manager.run()
  File "C:\Users\user\Desktop\Bridzzi\src\Crawling\all_senssing_keyword_sensing_class.py", line 1011, in run
    self.community_crawler.check_run(time_name)
  File "C:\Users\user\Desktop\Bridzzi\src\Crawling\all_senssing_keyword_sensing_class.py", line 873, in check_run
    self.dc_collect_post_info(row_index, keyword, comunity_data_row)
  File "C:\Users\user\Desktop\Bridzzi\src\Crawling\all_senssing_keyword_sensing_class.py", line 803, in dc_collect_post_info
    self.browser.switch_to.window(self.browser.window_handles[1])
                      ~~~~~~~~~~~~~~~~~~~~~~~~~~~^^^
IndexError: list index out of range

During handling of the above exception, another exception occurred:

Traceback (most recent call last):
  File "C:\Users\user\Desktop\Bridzzi\src\Crawling\all_senssing_keyword_sensing_class.py", line 1064, in <module>
    previous_length = len(previous_error) if previous_error is not None else 0
                                             ^^^^^^^^^^^^^^
NameError: name 'previous_error' is not defined
