2025-10-30 11:27:57,809 - INFO - ==================================
2025-10-30 11:27:57,809 - INFO - ==================================
2025-10-30 11:27:57,809 - INFO - [ 11시] - 키워드 센싱을 시작합니다
2025-10-30 11:27:57,809 - INFO - ==================================
2025-10-30 11:27:57,809 - INFO - -----------------------------
2025-10-30 11:27:57,809 - INFO - 시트이름: #3 브랜드_커뮤니티선별
2025-10-30 11:27:57,809 - INFO - 구글 시트 로드 - 시도중....
2025-10-30 11:27:58,467 - INFO - 구글 시트 로드 - 완료
2025-10-30 11:27:58,932 - INFO - #3 브랜드_커뮤니티선별 - Success 구글 시트에서 데이터를 성공적으로 가져왔습니다.
2025-10-30 11:27:58,933 - INFO - 시트이름: #4 [종합]_키워드_리스트
2025-10-30 11:27:58,933 - INFO - 구글 시트 로드 - 시도중....
2025-10-30 11:27:59,487 - INFO - 구글 시트 로드 - 완료
2025-10-30 11:28:00,006 - INFO - #4 [종합]_키워드_리스트 - Success 구글 시트에서 데이터를 성공적으로 가져왔습니다.
2025-10-30 11:28:00,007 - INFO - 시트이름: #4 [종합]_키워드_리스트
2025-10-30 11:28:00,007 - INFO - 구글 시트 로드 - 시도중....
2025-10-30 11:28:00,656 - INFO - 구글 시트 로드 - 완료
2025-10-30 11:28:01,089 - INFO - #4 [종합]_키워드_리스트 - Success 구글 시트에서 데이터를 성공적으로 가져왔습니다.
2025-10-30 11:28:01,089 - INFO - 시트이름: 일주일 추출 링크
2025-10-30 11:28:01,089 - INFO - 구글 시트 로드 - 시도중....
2025-10-30 11:28:01,713 - INFO - 구글 시트 로드 - 완료
2025-10-30 11:28:02,307 - INFO - 시트이름: 일주일 추출 링크
2025-10-30 11:28:02,307 - INFO - 구글 시트 로드 - 시도중....
2025-10-30 11:28:02,872 - INFO - 구글 시트 로드 - 완료
2025-10-30 11:28:03,413 - INFO - 일주일 추출 링크 - Success 구글 시트에서 데이터를 성공적으로 가져왔습니다.
2025-10-30 11:28:03,837 - INFO - C:\program_cookies 폴더 크기: 2.19 GB
2025-10-30 11:28:03,922 - INFO - random 폴더 초기화 - 'C:\program_cookies\PC_random'에서 폴더 삭제(완료)
2025-10-30 11:28:03,922 - INFO - 쿠키 기록을 남기도록 C:\program_cookies\PC_random 폴더를 지정합니다.
2025-10-30 11:28:03,922 - INFO - PC랜덤화면 크기를 불러옵니다.
2025-10-30 11:28:03,922 - INFO - fixed UA가 있습니다.
2025-10-30 11:28:03,922 - INFO - fixed된 UA는 Mozilla/5.0 (Windows NT 10.0; Win64; x64) AppleWebKit/537.36 (KHTML, like Gecko) Chrome/136.0.7103.48 Safari/537.36입니다.
2025-10-30 11:28:03,922 - INFO - 쿠기를 불러옵니다 쿠키가 없으면 cookies 폴더 안에 새로 생성합니다.
2025-10-30 11:28:03,922 - INFO - 크롬 드라이브 옵션 부여 완료!
2025-10-30 11:28:07,513 - INFO - ==================================
2025-10-30 11:28:07,513 - INFO - devicemetrics를 override 합니다..
2025-10-30 11:28:07,524 - INFO - geo 정보를 랜덤으로 변경합니다..
2025-10-30 11:28:07,524 - INFO - FIXED gps 정보를 적용합니다.
2025-10-30 11:28:07,526 - INFO - FIXED gps 정보는 {'latitude': 47.6653341, 'longitude': 137.075382, 'accuracy': 100} 입니다.
2025-10-30 11:28:07,532 - INFO - 모든 변경이 완료되었습니다...
2025-10-30 11:28:07,532 - INFO - ~~~~~~~~~~
2025-10-30 11:28:07,532 - INFO - ==================================
2025-10-30 11:28:07,533 - INFO - 브랜드 : 이노션S / 커뮤니티명 : 디시인사이드 / 게시판 분류 : 게시물(최신순) / 키워드 : 로보락 - 시작
2025-10-30 11:28:08,440 - INFO - -----------------------------
2025-10-30 11:28:08,471 - INFO - 이미 크롤링했던 글입니다
2025-10-30 11:28:08,471 - INFO - -----------------------------
2025-10-30 11:28:08,471 - INFO - [주의!] 구글 시트에 업데이트를 진행합니다 - 종료하지 마시오
2025-10-30 11:28:08,471 - INFO - Fail 업데이트 할 데이터가 없습니다 - (len = 0)
2025-10-30 11:28:08,471 - INFO - Fail 업데이트 할 데이터가 없습니다 - (len = 0)
2025-10-30 11:28:08,471 - INFO - 브랜드 : 이노션S / 커뮤니티명 : 네이트판 / 게시판 분류 : 톡톡(최신순) / 키워드 : 로보락 - 시작
2025-10-30 11:28:08,766 - INFO - -----------------------------
2025-10-30 11:28:08,816 - INFO - 일주일 전 게시글 이기에 다음 키워드로 넘어갑니다.
2025-10-30 11:28:08,816 - INFO - -----------------------------
2025-10-30 11:28:08,816 - INFO - [주의!] 구글 시트에 업데이트를 진행합니다 - 종료하지 마시오
2025-10-30 11:28:08,816 - INFO - Fail 업데이트 할 데이터가 없습니다 - (len = 0)
2025-10-30 11:28:08,816 - INFO - Fail 업데이트 할 데이터가 없습니다 - (len = 0)
2025-10-30 11:28:08,817 - INFO - 브랜드 : 이노션S / 커뮤니티명 : 네이트판 / 게시판 분류 : 뉴스(최신순) / 키워드 : 로보락 - 시작
2025-10-30 11:28:09,061 - INFO - -----------------------------
2025-10-30 11:28:09,105 - INFO - 제목 : [마감 후] 깊숙이 들어온 중국, 그리고 APEC
2025-10-30 11:28:09,850 - INFO - -----------------------------
2025-10-30 11:28:09,854 - INFO - URL : https://news.nate.com/view/20251030n02040
2025-10-30 11:28:09,893 - ERROR - 1/10번째 [ all_senssing_keyword_sensing_class.py 프로그램 ] - < Exception 발생 >
~~ 1번째 에러 도달 ~~
Traceback (most recent call last):
  File "C:\Users\user\Desktop\Bridzzi\src\Crawling\all_senssing_keyword_sensing_class.py", line 1240, in <module>
    sensing_manager.run()
  File "C:\Users\user\Desktop\Bridzzi\src\Crawling\all_senssing_keyword_sensing_class.py", line 1216, in run
    self.community_crawler.check_run(time_name)
  File "C:\Users\user\Desktop\Bridzzi\src\Crawling\all_senssing_keyword_sensing_class.py", line 1078, in check_run
    self.natepann_news_collect_post_info(row_index, keyword, comunity_data_row)
  File "C:\Users\user\Desktop\Bridzzi\src\Crawling\all_senssing_keyword_sensing_class.py", line 1031, in natepann_news_collect_post_info
    sentiment = openai_util.classify_sentiment_korean(content)
    ^^^^^^^^^^^^^^^^^^^^^^^^^^^^^^^^^^^^^^^^^^^^^^
  File "C:\Users\user\Desktop\Bridzzi\util\api\openai.py", line 148, in classify_sentiment_korean
    model=MODEL,
          ^^^^^
NameError: name 'MODEL' is not defined


오류가 발생하였습니다. 확인 부탁드립니다
2025-10-30 11:28:09,893 - ERROR - Traceback (most recent call last):
2025-10-30 11:28:09,893 - ERROR - File "C:\Users\user\Desktop\Bridzzi\src\Crawling\all_senssing_keyword_sensing_class.py", line 1240, in <module>
    sensing_manager.run()
2025-10-30 11:28:09,893 - ERROR - File "C:\Users\user\Desktop\Bridzzi\src\Crawling\all_senssing_keyword_sensing_class.py", line 1216, in run
    self.community_crawler.check_run(time_name)
2025-10-30 11:28:09,893 - ERROR - File "C:\Users\user\Desktop\Bridzzi\src\Crawling\all_senssing_keyword_sensing_class.py", line 1078, in check_run
    self.natepann_news_collect_post_info(row_index, keyword, comunity_data_row)
2025-10-30 11:28:09,893 - ERROR - File "C:\Users\user\Desktop\Bridzzi\src\Crawling\all_senssing_keyword_sensing_class.py", line 1031, in natepann_news_collect_post_info
    sentiment = openai_util.classify_sentiment_korean(content)
    ^^^^^^^^^^^^^^^^^^^^^^^^^^^^^^^^^^^^^^^^^^^^^^
2025-10-30 11:28:09,893 - ERROR - File "C:\Users\user\Desktop\Bridzzi\util\api\openai.py", line 148, in classify_sentiment_korean
    model=MODEL,
          ^^^^^
2025-10-30 11:28:09,893 - ERROR - NameError: name 'MODEL' is not defined
2025-10-30 11:28:10,110 - INFO - ✅ chromedriver 종료 결과: ChromeDriver 종료
2025-10-30 11:28:10,111 - INFO - ✅ Chrome 종료 결과: Chrome 종료
2025-10-30 11:28:11,112 - INFO - ==================================
2025-10-30 11:28:11,113 - INFO - ★ 크롬 브라우저 - 자동 업데이트 ★
2025-10-30 11:28:11,273 - INFO - [현재 크롬 버전] : 142.0.7444.60
2025-10-30 11:28:12,435 - INFO - Chrome 업데이트를 확인하는 중...
2025-10-30 11:28:14,440 - INFO - ==================================
2025-10-30 11:28:14,440 - INFO - Chrome 상태 : Chrome이 최신 버전임
2025-10-30 11:28:14,440 - INFO - -----------------------------
2025-10-30 11:28:14,440 - INFO - ✅ Chrome이 최신 버전입니다. 종료합니다.
2025-10-30 11:28:14,440 - INFO - ==================================
2025-10-30 11:28:14,567 - INFO - ✅ chromedriver 종료 결과: ChromeDriver 종료
2025-10-30 11:28:14,568 - INFO - ✅ Chrome 종료 결과: Chrome 종료
2025-10-30 11:28:15,569 - INFO - ==================================
2025-10-30 11:28:15,569 - ERROR - Uncaught exception
Traceback (most recent call last):
  File "C:\Users\user\Desktop\Bridzzi\src\Crawling\all_senssing_keyword_sensing_class.py", line 1240, in <module>
    sensing_manager.run()
  File "C:\Users\user\Desktop\Bridzzi\src\Crawling\all_senssing_keyword_sensing_class.py", line 1216, in run
    self.community_crawler.check_run(time_name)
  File "C:\Users\user\Desktop\Bridzzi\src\Crawling\all_senssing_keyword_sensing_class.py", line 1078, in check_run
    self.natepann_news_collect_post_info(row_index, keyword, comunity_data_row)
  File "C:\Users\user\Desktop\Bridzzi\src\Crawling\all_senssing_keyword_sensing_class.py", line 1031, in natepann_news_collect_post_info
    sentiment = openai_util.classify_sentiment_korean(content)
    ^^^^^^^^^^^^^^^^^^^^^^^^^^^^^^^^^^^^^^^^^^^^^^
  File "C:\Users\user\Desktop\Bridzzi\util\api\openai.py", line 148, in classify_sentiment_korean
    model=MODEL,
          ^^^^^
NameError: name 'MODEL' is not defined

During handling of the above exception, another exception occurred:

Traceback (most recent call last):
  File "C:\Users\user\Desktop\Bridzzi\src\Crawling\all_senssing_keyword_sensing_class.py", line 1269, in <module>
    previous_length = len(previous_error) if previous_error is not None else 0
                                             ^^^^^^^^^^^^^^
NameError: name 'previous_error' is not defined
