2025-10-30 11:02:22,842 - INFO - ==================================
2025-10-30 11:02:22,842 - INFO - ==================================
2025-10-30 11:02:22,842 - INFO - [ 11시] - 키워드 센싱을 시작합니다
2025-10-30 11:02:22,842 - INFO - ==================================
2025-10-30 11:02:22,842 - INFO - -----------------------------
2025-10-30 11:02:22,842 - INFO - 시트이름: #3 브랜드_커뮤니티선별
2025-10-30 11:02:22,842 - INFO - 구글 시트 로드 - 시도중....
2025-10-30 11:02:23,551 - INFO - 구글 시트 로드 - 완료
2025-10-30 11:02:24,177 - INFO - #3 브랜드_커뮤니티선별 - Success 구글 시트에서 데이터를 성공적으로 가져왔습니다.
2025-10-30 11:02:24,177 - INFO - 시트이름: #4 [종합]_키워드_리스트
2025-10-30 11:02:24,188 - INFO - 구글 시트 로드 - 시도중....
2025-10-30 11:02:24,822 - INFO - 구글 시트 로드 - 완료
2025-10-30 11:02:25,367 - INFO - #4 [종합]_키워드_리스트 - Success 구글 시트에서 데이터를 성공적으로 가져왔습니다.
2025-10-30 11:02:25,367 - INFO - 시트이름: #4 [종합]_키워드_리스트
2025-10-30 11:02:25,367 - INFO - 구글 시트 로드 - 시도중....
2025-10-30 11:02:25,867 - INFO - 구글 시트 로드 - 완료
2025-10-30 11:02:26,452 - INFO - #4 [종합]_키워드_리스트 - Success 구글 시트에서 데이터를 성공적으로 가져왔습니다.
2025-10-30 11:02:26,452 - INFO - 시트이름: 일주일 추출 링크
2025-10-30 11:02:26,452 - INFO - 구글 시트 로드 - 시도중....
2025-10-30 11:02:26,976 - INFO - 구글 시트 로드 - 완료
2025-10-30 11:02:27,535 - INFO - 시트이름: 일주일 추출 링크
2025-10-30 11:02:27,535 - INFO - 구글 시트 로드 - 시도중....
2025-10-30 11:02:28,134 - INFO - 구글 시트 로드 - 완료
2025-10-30 11:02:28,565 - INFO - 일주일 추출 링크 - Success 구글 시트에서 데이터를 성공적으로 가져왔습니다.
2025-10-30 11:02:28,973 - INFO - C:\program_cookies 폴더 크기: 2.17 GB
2025-10-30 11:02:29,023 - INFO - random 폴더 초기화 - 'C:\program_cookies\PC_random'에서 폴더 삭제(완료)
2025-10-30 11:02:29,023 - INFO - 쿠키 기록을 남기도록 C:\program_cookies\PC_random 폴더를 지정합니다.
2025-10-30 11:02:29,023 - INFO - PC랜덤화면 크기를 불러옵니다.
2025-10-30 11:02:29,023 - INFO - fixed UA가 있습니다.
2025-10-30 11:02:29,023 - INFO - fixed된 UA는 Mozilla/5.0 (Windows NT 10.0; Win64; x64) AppleWebKit/537.36 (KHTML, like Gecko) Chrome/136.0.7103.48 Safari/537.36입니다.
2025-10-30 11:02:29,023 - INFO - 쿠기를 불러옵니다 쿠키가 없으면 cookies 폴더 안에 새로 생성합니다.
2025-10-30 11:02:29,023 - INFO - 크롬 드라이브 옵션 부여 완료!
2025-10-30 11:02:32,046 - INFO - ==================================
2025-10-30 11:02:32,046 - INFO - devicemetrics를 override 합니다..
2025-10-30 11:02:32,057 - INFO - geo 정보를 랜덤으로 변경합니다..
2025-10-30 11:02:32,057 - INFO - FIXED gps 정보를 적용합니다.
2025-10-30 11:02:32,057 - INFO - FIXED gps 정보는 {'latitude': 47.6653341, 'longitude': 137.075382, 'accuracy': 100} 입니다.
2025-10-30 11:02:32,062 - INFO - 모든 변경이 완료되었습니다...
2025-10-30 11:02:32,063 - INFO - ~~~~~~~~~~
2025-10-30 11:02:32,063 - INFO - ==================================
2025-10-30 11:02:32,063 - INFO - 브랜드 : 이노션S / 커뮤니티명 : 디시인사이드 / 게시판 분류 : 게시물(최신순) / 키워드 : 로보락 - 시작
2025-10-30 11:02:34,222 - INFO - -----------------------------
2025-10-30 11:02:34,282 - INFO - 이미 크롤링했던 글입니다
2025-10-30 11:02:34,282 - INFO - -----------------------------
2025-10-30 11:02:34,283 - INFO - [주의!] 구글 시트에 업데이트를 진행합니다 - 종료하지 마시오
2025-10-30 11:02:34,283 - INFO - Fail 업데이트 할 데이터가 없습니다 - (len = 0)
2025-10-30 11:02:34,283 - INFO - Fail 업데이트 할 데이터가 없습니다 - (len = 0)
2025-10-30 11:02:34,283 - INFO - 브랜드 : 이노션S / 커뮤니티명 : 네이트판 / 게시판 분류 : 톡톡(최신순) / 키워드 : 로보락 - 시작
2025-10-30 11:02:34,571 - INFO - -----------------------------
2025-10-30 11:02:34,615 - INFO - 일주일 전 게시글 이기에 다음 키워드로 넘어갑니다.
2025-10-30 11:02:34,615 - INFO - -----------------------------
2025-10-30 11:02:34,615 - INFO - [주의!] 구글 시트에 업데이트를 진행합니다 - 종료하지 마시오
2025-10-30 11:02:34,615 - INFO - Fail 업데이트 할 데이터가 없습니다 - (len = 0)
2025-10-30 11:02:34,615 - INFO - Fail 업데이트 할 데이터가 없습니다 - (len = 0)
2025-10-30 11:02:34,615 - INFO - 브랜드 : 이노션S / 커뮤니티명 : 네이트판 / 게시판 분류 : 뉴스(최신순) / 키워드 : 로보락 - 시작
2025-10-30 11:02:34,859 - INFO - -----------------------------
2025-10-30 11:02:34,949 - INFO - 제목 : [마감 후] 깊숙이 들어온 중국, 그리고 APEC
2025-10-30 11:02:45,058 - ERROR - 1/10번째 [ all_senssing_keyword_sensing_class.py 프로그램 ] - < Exception 발생 >
~~ 1번째 에러 도달 ~~
Traceback (most recent call last):
  File "C:\Users\user\Desktop\Bridzzi\src\Crawling\all_senssing_keyword_sensing_class.py", line 1239, in <module>
    sensing_manager.run()
  File "C:\Users\user\Desktop\Bridzzi\src\Crawling\all_senssing_keyword_sensing_class.py", line 1215, in run
    self.community_crawler.check_run(time_name)
  File "C:\Users\user\Desktop\Bridzzi\src\Crawling\all_senssing_keyword_sensing_class.py", line 1077, in check_run
    self.natepann_news_collect_post_info(row_index, keyword, comunity_data_row)
  File "C:\Users\user\Desktop\Bridzzi\src\Crawling\all_senssing_keyword_sensing_class.py", line 991, in natepann_news_collect_post_info
    selenium_util.wait_for_element(post, 10, date_selector)
  File "C:\Users\user\Desktop\Bridzzi\util\selenium\helpers.py", line 2012, in wait_for_element
    element = wait.until(EC.presence_of_element_located((By.CSS_SELECTOR, css_selector)))
              ^^^^^^^^^^^^^^^^^^^^^^^^^^^^^^^^^^^^^^^^^^^^^^^^^^^^^^^^^^^^^^^^^^^^^^^^^^^
  File "c:\Users\user\anaconda3\envs\AutoPro\Lib\site-packages\selenium\webdriver\support\wait.py", line 138, in until
    raise TimeoutException(message, screen, stacktrace)
selenium.common.exceptions.TimeoutException: Message: 
Stacktrace:
Symbols not available. Dumping unresolved backtrace:
	0x8958c3
	0x895904
	0x6ae76d
	0x6c0b81
	0x6bfc50
	0x6b5f99
	0x6b433c
	0x6b7884
	0x6b7918
	0x6f98e6
	0x6fa47b
	0x6ef951
	0x71c9b4
	0x6ef854
	0x71cb24
	0x73eea6
	0x71c766
	0x6edac0
	0x6eede4
	0xb17974
	0xb12bea
	0x8be5b4
	0x8add28
	0x8b4d8d
	0x89ded8
	0x89e09c
	0x887d1a
	0x75fb5d49
	0x7708d6db
	0x7708d661



오류가 발생하였습니다. 확인 부탁드립니다
2025-10-30 11:02:45,058 - ERROR - Traceback (most recent call last):
2025-10-30 11:02:45,059 - ERROR - File "C:\Users\user\Desktop\Bridzzi\src\Crawling\all_senssing_keyword_sensing_class.py", line 1239, in <module>
    sensing_manager.run()
2025-10-30 11:02:45,059 - ERROR - File "C:\Users\user\Desktop\Bridzzi\src\Crawling\all_senssing_keyword_sensing_class.py", line 1215, in run
    self.community_crawler.check_run(time_name)
2025-10-30 11:02:45,059 - ERROR - File "C:\Users\user\Desktop\Bridzzi\src\Crawling\all_senssing_keyword_sensing_class.py", line 1077, in check_run
    self.natepann_news_collect_post_info(row_index, keyword, comunity_data_row)
2025-10-30 11:02:45,059 - ERROR - File "C:\Users\user\Desktop\Bridzzi\src\Crawling\all_senssing_keyword_sensing_class.py", line 991, in natepann_news_collect_post_info
    selenium_util.wait_for_element(post, 10, date_selector)
2025-10-30 11:02:45,059 - ERROR - File "C:\Users\user\Desktop\Bridzzi\util\selenium\helpers.py", line 2012, in wait_for_element
    element = wait.until(EC.presence_of_element_located((By.CSS_SELECTOR, css_selector)))
              ^^^^^^^^^^^^^^^^^^^^^^^^^^^^^^^^^^^^^^^^^^^^^^^^^^^^^^^^^^^^^^^^^^^^^^^^^^^
2025-10-30 11:02:45,059 - ERROR - File "c:\Users\user\anaconda3\envs\AutoPro\Lib\site-packages\selenium\webdriver\support\wait.py", line 138, in until
    raise TimeoutException(message, screen, stacktrace)
2025-10-30 11:02:45,059 - ERROR - selenium.common.exceptions.TimeoutException: Message: 
Stacktrace:
Symbols not available. Dumping unresolved backtrace:
	0x8958c3
	0x895904
	0x6ae76d
	0x6c0b81
	0x6bfc50
	0x6b5f99
	0x6b433c
	0x6b7884
	0x6b7918
	0x6f98e6
	0x6fa47b
	0x6ef951
	0x71c9b4
	0x6ef854
	0x71cb24
	0x73eea6
	0x71c766
	0x6edac0
	0x6eede4
	0xb17974
	0xb12bea
	0x8be5b4
	0x8add28
	0x8b4d8d
	0x89ded8
	0x89e09c
	0x887d1a
	0x75fb5d49
	0x7708d6db
	0x7708d661
2025-10-30 11:02:45,229 - INFO - ✅ chromedriver 종료 결과: ChromeDriver 종료
2025-10-30 11:02:45,230 - INFO - ✅ Chrome 종료 결과: Chrome 종료
2025-10-30 11:02:46,231 - INFO - ==================================
2025-10-30 11:02:46,231 - INFO - ★ 크롬 브라우저 - 자동 업데이트 ★
2025-10-30 11:02:46,387 - INFO - [현재 크롬 버전] : 142.0.7444.60
2025-10-30 11:02:47,596 - INFO - Chrome 업데이트를 확인하는 중...
2025-10-30 11:02:49,600 - INFO - ==================================
2025-10-30 11:02:49,600 - INFO - Chrome 상태 : Chrome이 최신 버전임
2025-10-30 11:02:49,601 - INFO - -----------------------------
2025-10-30 11:02:49,601 - INFO - ✅ Chrome이 최신 버전입니다. 종료합니다.
2025-10-30 11:02:49,601 - INFO - ==================================
2025-10-30 11:02:49,729 - INFO - ✅ chromedriver 종료 결과: ChromeDriver 종료
2025-10-30 11:02:49,730 - INFO - ✅ Chrome 종료 결과: Chrome 종료
2025-10-30 11:02:50,730 - INFO - ==================================
2025-10-30 11:02:50,730 - ERROR - Uncaught exception
Traceback (most recent call last):
  File "C:\Users\user\Desktop\Bridzzi\src\Crawling\all_senssing_keyword_sensing_class.py", line 1239, in <module>
    sensing_manager.run()
  File "C:\Users\user\Desktop\Bridzzi\src\Crawling\all_senssing_keyword_sensing_class.py", line 1215, in run
    self.community_crawler.check_run(time_name)
  File "C:\Users\user\Desktop\Bridzzi\src\Crawling\all_senssing_keyword_sensing_class.py", line 1077, in check_run
    self.natepann_news_collect_post_info(row_index, keyword, comunity_data_row)
  File "C:\Users\user\Desktop\Bridzzi\src\Crawling\all_senssing_keyword_sensing_class.py", line 991, in natepann_news_collect_post_info
    selenium_util.wait_for_element(post, 10, date_selector)
  File "C:\Users\user\Desktop\Bridzzi\util\selenium\helpers.py", line 2012, in wait_for_element
    element = wait.until(EC.presence_of_element_located((By.CSS_SELECTOR, css_selector)))
              ^^^^^^^^^^^^^^^^^^^^^^^^^^^^^^^^^^^^^^^^^^^^^^^^^^^^^^^^^^^^^^^^^^^^^^^^^^^
  File "c:\Users\user\anaconda3\envs\AutoPro\Lib\site-packages\selenium\webdriver\support\wait.py", line 138, in until
    raise TimeoutException(message, screen, stacktrace)
selenium.common.exceptions.TimeoutException: Message: 
Stacktrace:
Symbols not available. Dumping unresolved backtrace:
	0x8958c3
	0x895904
	0x6ae76d
	0x6c0b81
	0x6bfc50
	0x6b5f99
	0x6b433c
	0x6b7884
	0x6b7918
	0x6f98e6
	0x6fa47b
	0x6ef951
	0x71c9b4
	0x6ef854
	0x71cb24
	0x73eea6
	0x71c766
	0x6edac0
	0x6eede4
	0xb17974
	0xb12bea
	0x8be5b4
	0x8add28
	0x8b4d8d
	0x89ded8
	0x89e09c
	0x887d1a
	0x75fb5d49
	0x7708d6db
	0x7708d661


During handling of the above exception, another exception occurred:

Traceback (most recent call last):
  File "C:\Users\user\Desktop\Bridzzi\src\Crawling\all_senssing_keyword_sensing_class.py", line 1268, in <module>
    previous_length = len(previous_error) if previous_error is not None else 0
                                             ^^^^^^^^^^^^^^
NameError: name 'previous_error' is not defined
