2025-10-30 09:16:29,593 - INFO - ==================================
2025-10-30 09:16:29,593 - INFO - ==================================
2025-10-30 09:16:29,609 - INFO - [ 9시] - 키워드 센싱을 시작합니다
2025-10-30 09:16:29,609 - INFO - ==================================
2025-10-30 09:16:29,609 - INFO - -----------------------------
2025-10-30 09:16:29,609 - INFO - 시트이름: #3 브랜드_커뮤니티선별
2025-10-30 09:16:29,609 - INFO - 구글 시트 로드 - 시도중....
2025-10-30 09:16:30,314 - INFO - 구글 시트 로드 - 완료
2025-10-30 09:16:30,747 - INFO - #3 브랜드_커뮤니티선별 - Success 구글 시트에서 데이터를 성공적으로 가져왔습니다.
2025-10-30 09:16:30,747 - INFO - 시트이름: #4 [종합]_키워드_리스트
2025-10-30 09:16:30,747 - INFO - 구글 시트 로드 - 시도중....
2025-10-30 09:16:31,334 - INFO - 구글 시트 로드 - 완료
2025-10-30 09:16:31,940 - INFO - #4 [종합]_키워드_리스트 - Success 구글 시트에서 데이터를 성공적으로 가져왔습니다.
2025-10-30 09:16:31,940 - INFO - 시트이름: #4 [종합]_키워드_리스트
2025-10-30 09:16:31,940 - INFO - 구글 시트 로드 - 시도중....
2025-10-30 09:16:32,590 - INFO - 구글 시트 로드 - 완료
2025-10-30 09:16:33,110 - INFO - #4 [종합]_키워드_리스트 - Success 구글 시트에서 데이터를 성공적으로 가져왔습니다.
2025-10-30 09:16:33,110 - INFO - 시트이름: 일주일 추출 링크
2025-10-30 09:16:33,110 - INFO - 구글 시트 로드 - 시도중....
2025-10-30 09:16:33,681 - INFO - 구글 시트 로드 - 완료
2025-10-30 09:16:34,476 - INFO - E2:E2
2025-10-30 09:16:35,000 - INFO - Success E2부터 E2까지 값 삭제
2025-10-30 09:16:35,000 - INFO - 시트이름: 일주일 추출 링크
2025-10-30 09:16:35,000 - INFO - 구글 시트 로드 - 시도중....
2025-10-30 09:16:35,666 - INFO - 구글 시트 로드 - 완료
2025-10-30 09:16:36,252 - INFO - 일주일 추출 링크 - Success 구글 시트에서 데이터를 성공적으로 가져왔습니다.
2025-10-30 09:16:36,639 - INFO - C:\program_cookies 폴더 크기: 2.17 GB
2025-10-30 09:16:36,698 - INFO - random 폴더 초기화 - 'C:\program_cookies\PC_random'에서 폴더 삭제(완료)
2025-10-30 09:16:36,698 - INFO - 쿠키 기록을 남기도록 C:\program_cookies\PC_random 폴더를 지정합니다.
2025-10-30 09:16:36,698 - INFO - PC랜덤화면 크기를 불러옵니다.
2025-10-30 09:16:36,699 - INFO - fixed UA가 있습니다.
2025-10-30 09:16:36,699 - INFO - fixed된 UA는 Mozilla/5.0 (Windows NT 10.0; Win64; x64) AppleWebKit/537.36 (KHTML, like Gecko) Chrome/136.0.7103.48 Safari/537.36입니다.
2025-10-30 09:16:36,699 - INFO - 쿠기를 불러옵니다 쿠키가 없으면 cookies 폴더 안에 새로 생성합니다.
2025-10-30 09:16:36,699 - INFO - 크롬 드라이브 옵션 부여 완료!
2025-10-30 09:16:40,372 - INFO - ==================================
2025-10-30 09:16:40,372 - INFO - devicemetrics를 override 합니다..
2025-10-30 09:16:40,378 - INFO - geo 정보를 랜덤으로 변경합니다..
2025-10-30 09:16:40,379 - INFO - FIXED gps 정보를 적용합니다.
2025-10-30 09:16:40,379 - INFO - FIXED gps 정보는 {'latitude': 47.6653341, 'longitude': 137.075382, 'accuracy': 100} 입니다.
2025-10-30 09:16:40,391 - INFO - 모든 변경이 완료되었습니다...
2025-10-30 09:16:40,391 - INFO - ~~~~~~~~~~
2025-10-30 09:16:40,392 - INFO - ==================================
2025-10-30 09:16:40,393 - INFO - 브랜드 : 이노션S / 커뮤니티명 : 디시인사이드 / 게시판 분류 : 게시물(최신순) / 키워드 : 로보락 - 시작
2025-10-30 09:17:00,450 - INFO - -----------------------------
2025-10-30 09:17:25,872 - ERROR - 1/10번째 [ all_senssing_keyword_sensing_class.py 프로그램 ] - < Exception 발생 >
~~ 1번째 에러 도달 ~~
Traceback (most recent call last):
  File "C:\Users\user\Desktop\Bridzzi\src\Crawling\all_senssing_keyword_sensing_class.py", line 1018, in <module>
    sensing_manager.run()
  File "C:\Users\user\Desktop\Bridzzi\src\Crawling\all_senssing_keyword_sensing_class.py", line 994, in run
    self.community_crawler.check_run(time_name)
  File "C:\Users\user\Desktop\Bridzzi\src\Crawling\all_senssing_keyword_sensing_class.py", line 856, in check_run
    self.dc_collect_post_info(row_index, keyword, comunity_data_row)
  File "C:\Users\user\Desktop\Bridzzi\src\Crawling\all_senssing_keyword_sensing_class.py", line 777, in dc_collect_post_info
    if not self._is_this_week_post(date_text):
           ^^^^^^^^^^^^^^^^^^^^^^^^^^^^^^^^^^
  File "C:\Users\user\Desktop\Bridzzi\src\Crawling\all_senssing_keyword_sensing_class.py", line 612, in _is_this_week_post
    return this_week_start <= date_text
           ^^^^^^^^^^^^^^^^^^^^^^^^^^^^
TypeError: '<=' not supported between instances of 'datetime.datetime' and 'str'


오류가 발생하였습니다. 확인 부탁드립니다
2025-10-30 09:17:25,873 - ERROR - Traceback (most recent call last):
2025-10-30 09:17:25,874 - ERROR - File "C:\Users\user\Desktop\Bridzzi\src\Crawling\all_senssing_keyword_sensing_class.py", line 1018, in <module>
    sensing_manager.run()
2025-10-30 09:17:25,874 - ERROR - File "C:\Users\user\Desktop\Bridzzi\src\Crawling\all_senssing_keyword_sensing_class.py", line 994, in run
    self.community_crawler.check_run(time_name)
2025-10-30 09:17:25,874 - ERROR - File "C:\Users\user\Desktop\Bridzzi\src\Crawling\all_senssing_keyword_sensing_class.py", line 856, in check_run
    self.dc_collect_post_info(row_index, keyword, comunity_data_row)
2025-10-30 09:17:25,874 - ERROR - File "C:\Users\user\Desktop\Bridzzi\src\Crawling\all_senssing_keyword_sensing_class.py", line 777, in dc_collect_post_info
    if not self._is_this_week_post(date_text):
           ^^^^^^^^^^^^^^^^^^^^^^^^^^^^^^^^^^
2025-10-30 09:17:25,875 - ERROR - File "C:\Users\user\Desktop\Bridzzi\src\Crawling\all_senssing_keyword_sensing_class.py", line 612, in _is_this_week_post
    return this_week_start <= date_text
           ^^^^^^^^^^^^^^^^^^^^^^^^^^^^
2025-10-30 09:17:25,875 - ERROR - TypeError: '<=' not supported between instances of 'datetime.datetime' and 'str'
2025-10-30 09:17:26,017 - INFO - ✅ chromedriver 종료 결과: ChromeDriver 종료
2025-10-30 09:17:26,018 - INFO - ✅ Chrome 종료 결과: Chrome 종료
2025-10-30 09:17:27,020 - INFO - ==================================
2025-10-30 09:17:27,020 - INFO - ★ 크롬 브라우저 - 자동 업데이트 ★
2025-10-30 09:17:27,172 - INFO - [현재 크롬 버전] : 142.0.7444.60
2025-10-30 09:17:28,413 - INFO - Chrome 업데이트를 확인하는 중...
2025-10-30 09:17:30,420 - INFO - ==================================
2025-10-30 09:17:30,420 - INFO - Chrome 상태 : Chrome이 최신 버전임
2025-10-30 09:17:30,420 - INFO - -----------------------------
2025-10-30 09:17:30,420 - INFO - ✅ Chrome이 최신 버전입니다. 종료합니다.
2025-10-30 09:17:30,420 - INFO - ==================================
2025-10-30 09:17:30,579 - INFO - ✅ chromedriver 종료 결과: ChromeDriver 종료
2025-10-30 09:17:30,579 - INFO - ✅ Chrome 종료 결과: Chrome 종료
2025-10-30 09:17:31,582 - INFO - ==================================
2025-10-30 09:18:56,801 - ERROR - Uncaught exception
Traceback (most recent call last):
  File "C:\Users\user\Desktop\Bridzzi\src\Crawling\all_senssing_keyword_sensing_class.py", line 1018, in <module>
    sensing_manager.run()
  File "C:\Users\user\Desktop\Bridzzi\src\Crawling\all_senssing_keyword_sensing_class.py", line 994, in run
    self.community_crawler.check_run(time_name)
  File "C:\Users\user\Desktop\Bridzzi\src\Crawling\all_senssing_keyword_sensing_class.py", line 856, in check_run
    self.dc_collect_post_info(row_index, keyword, comunity_data_row)
  File "C:\Users\user\Desktop\Bridzzi\src\Crawling\all_senssing_keyword_sensing_class.py", line 777, in dc_collect_post_info
    if not self._is_this_week_post(date_text):
           ^^^^^^^^^^^^^^^^^^^^^^^^^^^^^^^^^^
  File "C:\Users\user\Desktop\Bridzzi\src\Crawling\all_senssing_keyword_sensing_class.py", line 612, in _is_this_week_post
    return this_week_start <= date_text
           ^^^^^^^^^^^^^^^^^^^^^^^^^^^^
TypeError: '<=' not supported between instances of 'datetime.datetime' and 'str'

During handling of the above exception, another exception occurred:

Traceback (most recent call last):
  File "c:\Users\user\anaconda3\envs\AutoPro\Lib\runpy.py", line 198, in _run_module_as_main
    return _run_code(code, main_globals, None,
           ^^^^^^^^^^^^^^^^^^^^^^^^^^^^^^^^^^^
  File "c:\Users\user\anaconda3\envs\AutoPro\Lib\runpy.py", line 88, in _run_code
    exec(code, run_globals)
  File "c:\Users\user\.vscode\extensions\ms-python.debugpy-2025.10.0-win32-x64\bundled\libs\debugpy\launcher/../..\debugpy\__main__.py", line 71, in <module>
    cli.main()
  File "c:\Users\user\.vscode\extensions\ms-python.debugpy-2025.10.0-win32-x64\bundled\libs\debugpy\launcher/../..\debugpy/..\debugpy\server\cli.py", line 501, in main
    run()
  File "c:\Users\user\.vscode\extensions\ms-python.debugpy-2025.10.0-win32-x64\bundled\libs\debugpy\launcher/../..\debugpy/..\debugpy\server\cli.py", line 351, in run_file
    runpy.run_path(target, run_name="__main__")
  File "c:\Users\user\.vscode\extensions\ms-python.debugpy-2025.10.0-win32-x64\bundled\libs\debugpy\_vendored\pydevd\_pydevd_bundle\pydevd_runpy.py", line 310, in run_path
    return _run_module_code(code, init_globals, run_name, pkg_name=pkg_name, script_name=fname)
           ^^^^^^^^^^^^^^^^^^^^^^^^^^^^^^^^^^^^^^^^^^^^^^^^^^^^^^^^^^^^^^^^^^^^^^^^^^^^^^^^^^^^
  File "c:\Users\user\.vscode\extensions\ms-python.debugpy-2025.10.0-win32-x64\bundled\libs\debugpy\_vendored\pydevd\_pydevd_bundle\pydevd_runpy.py", line 127, in _run_module_code
    _run_code(code, mod_globals, init_globals, mod_name, mod_spec, pkg_name, script_name)
  File "c:\Users\user\.vscode\extensions\ms-python.debugpy-2025.10.0-win32-x64\bundled\libs\debugpy\_vendored\pydevd\_pydevd_bundle\pydevd_runpy.py", line 118, in _run_code
    exec(code, run_globals)
  File "C:\Users\user\Desktop\Bridzzi\src\Crawling\all_senssing_keyword_sensing_class.py", line 1047, in <module>
    previous_length = len(previous_error) if previous_error is not None else 0
                                             ^^^^^^^^^^^^^^
NameError: name 'previous_error' is not defined
