2025-10-30 11:50:33,222 - INFO - ==================================
2025-10-30 11:50:33,222 - INFO - ==================================
2025-10-30 11:50:33,222 - INFO - [ 11시] - 키워드 센싱을 시작합니다
2025-10-30 11:50:33,222 - INFO - ==================================
2025-10-30 11:50:33,222 - INFO - -----------------------------
2025-10-30 11:50:33,222 - INFO - 시트이름: #3 브랜드_커뮤니티선별
2025-10-30 11:50:33,222 - INFO - 구글 시트 로드 - 시도중....
2025-10-30 11:50:34,588 - INFO - 구글 시트 로드 - 완료
2025-10-30 11:50:35,149 - INFO - #3 브랜드_커뮤니티선별 - Success 구글 시트에서 데이터를 성공적으로 가져왔습니다.
2025-10-30 11:50:35,149 - INFO - 시트이름: #4 [종합]_키워드_리스트
2025-10-30 11:50:35,149 - INFO - 구글 시트 로드 - 시도중....
2025-10-30 11:50:36,261 - INFO - 구글 시트 로드 - 완료
2025-10-30 11:50:36,821 - INFO - #4 [종합]_키워드_리스트 - Success 구글 시트에서 데이터를 성공적으로 가져왔습니다.
2025-10-30 11:50:36,821 - INFO - 시트이름: #4 [종합]_키워드_리스트
2025-10-30 11:50:36,821 - INFO - 구글 시트 로드 - 시도중....
2025-10-30 11:50:38,358 - INFO - 구글 시트 로드 - 완료
2025-10-30 11:50:39,029 - INFO - #4 [종합]_키워드_리스트 - Success 구글 시트에서 데이터를 성공적으로 가져왔습니다.
2025-10-30 11:50:39,029 - INFO - 시트이름: 일주일 추출 링크
2025-10-30 11:50:39,029 - INFO - 구글 시트 로드 - 시도중....
2025-10-30 11:50:40,423 - INFO - 구글 시트 로드 - 완료
2025-10-30 11:50:40,972 - INFO - 시트이름: 일주일 추출 링크
2025-10-30 11:50:40,972 - INFO - 구글 시트 로드 - 시도중....
2025-10-30 11:50:42,262 - INFO - 구글 시트 로드 - 완료
2025-10-30 11:50:43,026 - INFO - 일주일 추출 링크 - Success 구글 시트에서 데이터를 성공적으로 가져왔습니다.
2025-10-30 11:50:43,389 - INFO - C:\program_cookies 폴더 크기: 2.19 GB
2025-10-30 11:50:43,498 - INFO - random 폴더 초기화 - 'C:\program_cookies\PC_random'에서 폴더 삭제(완료)
2025-10-30 11:50:43,498 - INFO - 쿠키 기록을 남기도록 C:\program_cookies\PC_random 폴더를 지정합니다.
2025-10-30 11:50:43,498 - INFO - PC랜덤화면 크기를 불러옵니다.
2025-10-30 11:50:43,498 - INFO - fixed UA가 있습니다.
2025-10-30 11:50:43,498 - INFO - fixed된 UA는 Mozilla/5.0 (Windows NT 10.0; Win64; x64) AppleWebKit/537.36 (KHTML, like Gecko) Chrome/136.0.7103.48 Safari/537.36입니다.
2025-10-30 11:50:43,498 - INFO - 쿠기를 불러옵니다 쿠키가 없으면 cookies 폴더 안에 새로 생성합니다.
2025-10-30 11:50:43,498 - INFO - 크롬 드라이브 옵션 부여 완료!
2025-10-30 11:50:47,006 - INFO - ==================================
2025-10-30 11:50:47,007 - INFO - devicemetrics를 override 합니다..
2025-10-30 11:50:47,011 - INFO - geo 정보를 랜덤으로 변경합니다..
2025-10-30 11:50:47,011 - INFO - FIXED gps 정보를 적용합니다.
2025-10-30 11:50:47,011 - INFO - FIXED gps 정보는 {'latitude': 47.6653341, 'longitude': 137.075382, 'accuracy': 100} 입니다.
2025-10-30 11:50:47,021 - INFO - 모든 변경이 완료되었습니다...
2025-10-30 11:50:47,021 - INFO - ~~~~~~~~~~
2025-10-30 11:50:47,021 - INFO - ==================================
2025-10-30 11:50:47,022 - INFO - 브랜드 : 이노션S / 커뮤니티명 : 디시인사이드 / 게시판 분류 : 게시물(최신순) / 키워드 : 로보락 - 시작
2025-10-30 11:50:48,107 - INFO - -----------------------------
2025-10-30 11:50:48,147 - INFO - 이미 크롤링했던 글입니다
2025-10-30 11:50:48,147 - INFO - -----------------------------
2025-10-30 11:50:48,147 - INFO - [주의!] 구글 시트에 업데이트를 진행합니다 - 종료하지 마시오
2025-10-30 11:50:48,147 - INFO - Fail 업데이트 할 데이터가 없습니다 - (len = 0)
2025-10-30 11:50:48,147 - INFO - Fail 업데이트 할 데이터가 없습니다 - (len = 0)
2025-10-30 11:50:48,148 - INFO - 브랜드 : 이노션S / 커뮤니티명 : 네이트판 / 게시판 분류 : 톡톡(최신순) / 키워드 : 로보락 - 시작
2025-10-30 11:50:48,474 - INFO - -----------------------------
2025-10-30 11:50:48,520 - INFO - 일주일 전 게시글 이기에 다음 키워드로 넘어갑니다.
2025-10-30 11:50:48,520 - INFO - -----------------------------
2025-10-30 11:50:48,520 - INFO - [주의!] 구글 시트에 업데이트를 진행합니다 - 종료하지 마시오
2025-10-30 11:50:48,520 - INFO - Fail 업데이트 할 데이터가 없습니다 - (len = 0)
2025-10-30 11:50:48,521 - INFO - Fail 업데이트 할 데이터가 없습니다 - (len = 0)
2025-10-30 11:50:48,521 - INFO - 브랜드 : 이노션S / 커뮤니티명 : 네이트판 / 게시판 분류 : 뉴스(최신순) / 키워드 : 로보락 - 시작
2025-10-30 11:50:48,772 - INFO - -----------------------------
2025-10-30 11:50:48,860 - INFO - 이미 크롤링했던 글입니다
2025-10-30 11:50:48,860 - INFO - -----------------------------
2025-10-30 11:50:48,860 - INFO - [주의!] 구글 시트에 업데이트를 진행합니다 - 종료하지 마시오
2025-10-30 11:50:48,860 - INFO - Fail 업데이트 할 데이터가 없습니다 - (len = 0)
2025-10-30 11:50:48,860 - INFO - Fail 업데이트 할 데이터가 없습니다 - (len = 0)
2025-10-30 11:50:48,860 - INFO - 브랜드 : 이노션S / 커뮤니티명 : 뽐뿌 / 게시판 분류 : 커뮤니티(최신순) / 키워드 : 로보락 - 시작
2025-10-30 11:50:49,550 - INFO - -----------------------------
2025-10-30 11:50:49,625 - INFO - 제목 : [휘발50억] 네이버페이 42원 + 랜덤 포인트 받으세요 (+기타 376원)9
2025-10-30 11:50:49,691 - INFO - -----------------------------
2025-10-30 11:50:50,188 - INFO - URL : https://www.ppomppu.co.kr/zboard/view.php?id=freeboard&no=9701955&keyword=%B7%CE%BA%B8%B6%F4
2025-10-30 11:50:54,179 - INFO - -----------------------------
2025-10-30 11:50:54,198 - INFO - 셀프 생일 선물 샀어요 ㅋ4 안에 제외 키워드가 포함되어 있습니다.
2025-10-30 11:50:54,198 - INFO - -----------------------------
2025-10-30 11:50:54,250 - INFO - 제목 : [휘발50억] 네이버페이 176원 + 랜덤 포인트 받으세요 (+기타 227원)13
2025-10-30 11:50:54,280 - INFO - -----------------------------
2025-10-30 11:50:54,528 - INFO - URL : https://www.ppomppu.co.kr/zboard/view.php?id=freeboard&no=9700087&keyword=%B7%CE%BA%B8%B6%F4
2025-10-30 11:50:59,151 - INFO - -----------------------------
2025-10-30 11:50:59,195 - INFO - 제목 : [네이버페이] 로보락, 메디힐 30원 받으세요16
2025-10-30 11:50:59,228 - INFO - -----------------------------
2025-10-30 11:50:59,432 - INFO - URL : https://www.ppomppu.co.kr/zboard/view.php?id=coupon&no=106415&keyword=%B7%CE%BA%B8%B6%F4
2025-10-30 11:51:01,972 - INFO - -----------------------------
2025-10-30 11:51:01,986 - INFO - [CJ온] 로보락 S9 MAXV 울트라 로봇청소기 (1,590,000원/무료)9 안에 제외 키워드가 포함되어 있습니다.
2025-10-30 11:51:01,986 - INFO - -----------------------------
2025-10-30 11:51:02,031 - INFO - 제목 : 로보락 큐레보 커브 109만원 가격 괜찮은걸까요?1
2025-10-30 11:51:02,063 - INFO - -----------------------------
2025-10-30 11:51:02,235 - INFO - URL : https://www.ppomppu.co.kr/zboard/view.php?id=av&no=148320&keyword=%B7%CE%BA%B8%B6%F4
2025-10-30 11:51:03,017 - INFO - -----------------------------
2025-10-30 11:51:03,061 - INFO - 제목 : 요즘 가성비 좋은 청소기 뭐 있을까요?0
2025-10-30 11:51:03,092 - INFO - -----------------------------
2025-10-30 11:51:03,300 - INFO - URL : https://www.ppomppu.co.kr/zboard/view.php?id=av&no=148302&keyword=%B7%CE%BA%B8%B6%F4
2025-10-30 11:51:05,727 - INFO - -----------------------------
2025-10-30 11:51:05,735 - INFO - [네이버] 로보락 Qrevo L 로봇청소기 (748,000원/무료)0 안에 제외 키워드가 포함되어 있습니다.
2025-10-30 11:51:05,735 - INFO - -----------------------------
2025-10-30 11:51:05,785 - INFO - 일주일 전 게시글 이기에 다음 키워드로 넘어갑니다.
2025-10-30 11:51:05,785 - INFO - -----------------------------
2025-10-30 11:51:05,785 - INFO - [주의!] 구글 시트에 업데이트를 진행합니다 - 종료하지 마시오
2025-10-30 11:51:05,785 - INFO - 시트이름: 최신게시글업로드
2025-10-30 11:51:05,785 - INFO - 구글 시트 로드 - 시도중....
2025-10-30 11:51:07,119 - INFO - 구글 시트 로드 - 완료
2025-10-30 11:51:08,868 - INFO - Success update 최신게시글업로드
2025-10-30 11:51:08,868 - INFO - 시트이름: 일주일 추출 링크
2025-10-30 11:51:08,868 - INFO - 구글 시트 로드 - 시도중....
2025-10-30 11:51:10,920 - INFO - 구글 시트 로드 - 완료
2025-10-30 11:51:12,204 - INFO - Success update 일주일 추출 링크
2025-10-30 11:51:17,214 - INFO - 시트이름: 일주일 추출 링크
2025-10-30 11:51:17,214 - INFO - 구글 시트 로드 - 시도중....
2025-10-30 11:51:19,196 - INFO - 구글 시트 로드 - 완료
2025-10-30 11:51:19,639 - INFO - 일주일 추출 링크 - Success 구글 시트에서 데이터를 성공적으로 가져왔습니다.
2025-10-30 11:51:19,641 - INFO - 브랜드 : 이노션S / 커뮤니티명 : 뽐뿌 / 게시판 분류 : 뉴스(최신순) / 키워드 : 로보락 - 시작
2025-10-30 11:51:20,301 - INFO - -----------------------------
2025-10-30 11:51:20,371 - INFO - [국감핫인물]中 '로보락' 개인정보 유출 방지 답변 이끌어낸 김승원 與 의원0 안에 제외 키워드가 포함되어 있습니다.
2025-10-30 11:51:20,371 - INFO - -----------------------------
2025-10-30 11:51:20,386 - INFO - '블프'의 계절…온·오프 쇼핑 축제, 파격가·할인 혜택 쏟아진다0 안에 제외 키워드가 포함되어 있습니다.
2025-10-30 11:51:20,386 - INFO - -----------------------------
2025-10-30 11:51:20,400 - INFO - 연중 최대 쇼핑축제 '쓱데이' 돌아왔다…행사물량 2兆 '역대급'0 안에 제외 키워드가 포함되어 있습니다.
2025-10-30 11:51:20,400 - INFO - -----------------------------
2025-10-30 11:51:20,414 - INFO - 롯데홈쇼핑 '광클절', 인기 가수 8인 초대형 콘서트로 규모 확대0 안에 제외 키워드가 포함되어 있습니다.
2025-10-30 11:51:20,414 - INFO - -----------------------------
2025-10-30 11:51:20,434 - INFO - “5060 열광하는 그들이 돌아온다”…롯데홈쇼핑 ‘광클절’, 인기 가수 8인 초대형 콘서트로 귀환0 안에 제외 키워드가 포함되어 있습니다.
2025-10-30 11:51:20,434 - INFO - -----------------------------
2025-10-30 11:51:20,496 - INFO - 일주일 전 게시글 이기에 다음 키워드로 넘어갑니다.
2025-10-30 11:51:20,496 - INFO - -----------------------------
2025-10-30 11:51:20,496 - INFO - [주의!] 구글 시트에 업데이트를 진행합니다 - 종료하지 마시오
2025-10-30 11:51:20,496 - INFO - Fail 업데이트 할 데이터가 없습니다 - (len = 0)
2025-10-30 11:51:20,496 - INFO - Fail 업데이트 할 데이터가 없습니다 - (len = 0)
2025-10-30 11:51:20,496 - INFO - ★ 키워드 센싱 - 작업완료 ★
2025-10-30 11:51:20,693 - INFO - ✅ chromedriver 종료 결과: ChromeDriver 종료
2025-10-30 11:51:20,693 - INFO - ✅ Chrome 종료 결과: Chrome 종료
2025-10-30 11:51:20,693 - INFO - 동기화 10초 지연후 진행합니다
2025-10-30 11:51:30,695 - INFO - ==================================
2025-10-30 11:51:30,695 - INFO - [알람] 진행중 - 텔레그램에 알람을 보냅니다
2025-10-30 11:51:30,698 - INFO - 시트이름: 알람대시보드
2025-10-30 11:51:30,698 - INFO - 구글 시트 로드 - 시도중....
2025-10-30 11:51:32,140 - ERROR - 1/10번째 [ all_senssing_keyword_sensing_class.py 프로그램 ] - < Exception 발생 >
~~ 1번째 에러 도달 ~~
Traceback (most recent call last):
  File "c:\Users\user\anaconda3\envs\AutoPro\Lib\site-packages\gspread\spreadsheet.py", line 327, in worksheet
    item = finditem(
           ^^^^^^^^^
  File "c:\Users\user\anaconda3\envs\AutoPro\Lib\site-packages\gspread\utils.py", line 218, in finditem
    return next(item for item in seq if func(item))
           ^^^^^^^^^^^^^^^^^^^^^^^^^^^^^^^^^^^^^^^^
StopIteration

During handling of the above exception, another exception occurred:

Traceback (most recent call last):
  File "C:\Users\user\Desktop\Bridzzi\src\Crawling\all_senssing_keyword_sensing_class.py", line 1433, in <module>
    sensing_manager.run()
  File "C:\Users\user\Desktop\Bridzzi\src\Crawling\all_senssing_keyword_sensing_class.py", line 1412, in run
    self.community_alarm_manager.send_alarm()
  File "C:\Users\user\Desktop\Bridzzi\src\Crawling\all_senssing_keyword_sensing_class.py", line 49, in send_alarm
    alarm_data = self.googlesheet.load_as_dict_of_value_list("알람대시보드", "A", "H", "A")
                 ^^^^^^^^^^^^^^^^^^^^^^^^^^^^^^^^^^^^^^^^^^^^^^^^^^^^^^^^^^^^^^^^^^^^^^^^^^
  File "C:\Users\user\Desktop\Bridzzi\util\data_load\google_sheet.py", line 83, in wrapper
    return method(*args, **kwargs)  # 원래 메서드 실행
           ^^^^^^^^^^^^^^^^^^^^^^^
  File "C:\Users\user\Desktop\Bridzzi\util\data_load\google_sheet.py", line 220, in load_as_dict_of_value_list
    load_data = self.load_as_fetched_data(sheet_name, start_col_letter, end_col_letter, key_cols)
              ^^^^^^^^^^^^^^^^^^^^^^^^^^^^^^^^^^^^^^^^^^^^^^^^^^^^^^^^^^^^^^^^^^^^^^^^^^^^^^^^^
  File "C:\Users\user\Desktop\Bridzzi\util\data_load\google_sheet.py", line 83, in wrapper
    return method(*args, **kwargs)  # 원래 메서드 실행
           ^^^^^^^^^^^^^^^^^^^^^^^
  File "C:\Users\user\Desktop\Bridzzi\util\data_load\google_sheet.py", line 157, in load_as_fetched_data
    if (sheet := self.load_sheet(sheet_name)) is None:
                 ^^^^^^^^^^^^^^^^^^^^^^^^^^^
  File "C:\Users\user\Desktop\Bridzzi\util\data_load\google_sheet.py", line 83, in wrapper
    return method(*args, **kwargs)  # 원래 메서드 실행
           ^^^^^^^^^^^^^^^^^^^^^^^
  File "C:\Users\user\Desktop\Bridzzi\util\data_load\google_sheet.py", line 150, in load_sheet
    sheet = self.spreadsheet.worksheet(sheet_name)
        ^^^^^^^^^^^^^^^^^^^^^^^^^^^^^^^^^^^^^^
  File "c:\Users\user\anaconda3\envs\AutoPro\Lib\site-packages\gspread\spreadsheet.py", line 333, in worksheet
    raise WorksheetNotFound(title)
gspread.exceptions.WorksheetNotFound: 알람대시보드


오류가 발생하였습니다. 확인 부탁드립니다
2025-10-30 11:51:32,140 - ERROR - Traceback (most recent call last):
2025-10-30 11:51:32,140 - ERROR - File "c:\Users\user\anaconda3\envs\AutoPro\Lib\site-packages\gspread\spreadsheet.py", line 327, in worksheet
    item = finditem(
           ^^^^^^^^^
2025-10-30 11:51:32,140 - ERROR - File "c:\Users\user\anaconda3\envs\AutoPro\Lib\site-packages\gspread\utils.py", line 218, in finditem
    return next(item for item in seq if func(item))
           ^^^^^^^^^^^^^^^^^^^^^^^^^^^^^^^^^^^^^^^^
2025-10-30 11:51:32,140 - ERROR - StopIteration
2025-10-30 11:51:32,140 - ERROR - During handling of the above exception, another exception occurred:
2025-10-30 11:51:32,140 - ERROR - Traceback (most recent call last):
2025-10-30 11:51:32,148 - ERROR - File "C:\Users\user\Desktop\Bridzzi\src\Crawling\all_senssing_keyword_sensing_class.py", line 1433, in <module>
    sensing_manager.run()
2025-10-30 11:51:32,148 - ERROR - File "C:\Users\user\Desktop\Bridzzi\src\Crawling\all_senssing_keyword_sensing_class.py", line 1412, in run
    self.community_alarm_manager.send_alarm()
2025-10-30 11:51:32,148 - ERROR - File "C:\Users\user\Desktop\Bridzzi\src\Crawling\all_senssing_keyword_sensing_class.py", line 49, in send_alarm
    alarm_data = self.googlesheet.load_as_dict_of_value_list("알람대시보드", "A", "H", "A")
                 ^^^^^^^^^^^^^^^^^^^^^^^^^^^^^^^^^^^^^^^^^^^^^^^^^^^^^^^^^^^^^^^^^^^^^^^^^^
2025-10-30 11:51:32,149 - ERROR - File "C:\Users\user\Desktop\Bridzzi\util\data_load\google_sheet.py", line 83, in wrapper
    return method(*args, **kwargs)  # 원래 메서드 실행
           ^^^^^^^^^^^^^^^^^^^^^^^
2025-10-30 11:51:32,149 - ERROR - File "C:\Users\user\Desktop\Bridzzi\util\data_load\google_sheet.py", line 220, in load_as_dict_of_value_list
    load_data = self.load_as_fetched_data(sheet_name, start_col_letter, end_col_letter, key_cols)
              ^^^^^^^^^^^^^^^^^^^^^^^^^^^^^^^^^^^^^^^^^^^^^^^^^^^^^^^^^^^^^^^^^^^^^^^^^^^^^^^^^
2025-10-30 11:51:32,149 - ERROR - File "C:\Users\user\Desktop\Bridzzi\util\data_load\google_sheet.py", line 83, in wrapper
    return method(*args, **kwargs)  # 원래 메서드 실행
           ^^^^^^^^^^^^^^^^^^^^^^^
2025-10-30 11:51:32,149 - ERROR - File "C:\Users\user\Desktop\Bridzzi\util\data_load\google_sheet.py", line 157, in load_as_fetched_data
    if (sheet := self.load_sheet(sheet_name)) is None:
                 ^^^^^^^^^^^^^^^^^^^^^^^^^^^
2025-10-30 11:51:32,149 - ERROR - File "C:\Users\user\Desktop\Bridzzi\util\data_load\google_sheet.py", line 83, in wrapper
    return method(*args, **kwargs)  # 원래 메서드 실행
           ^^^^^^^^^^^^^^^^^^^^^^^
2025-10-30 11:51:32,149 - ERROR - File "C:\Users\user\Desktop\Bridzzi\util\data_load\google_sheet.py", line 150, in load_sheet
    sheet = self.spreadsheet.worksheet(sheet_name)
        ^^^^^^^^^^^^^^^^^^^^^^^^^^^^^^^^^^^^^^
2025-10-30 11:51:32,149 - ERROR - File "c:\Users\user\anaconda3\envs\AutoPro\Lib\site-packages\gspread\spreadsheet.py", line 333, in worksheet
    raise WorksheetNotFound(title)
2025-10-30 11:51:32,149 - ERROR - gspread.exceptions.WorksheetNotFound: 알람대시보드
2025-10-30 11:51:32,264 - INFO - ✅ chromedriver 종료 결과: ChromeDriver 종료
2025-10-30 11:51:32,264 - INFO - ✅ Chrome 종료 결과: Chrome 종료
