2025-10-30 13:36:39,947 - INFO - ==================================
2025-10-30 13:36:39,947 - INFO - ==================================
2025-10-30 13:36:39,947 - INFO - [ 13시] - 키워드 센싱을 시작합니다
2025-10-30 13:36:39,950 - INFO - ==================================
2025-10-30 13:36:39,950 - INFO - -----------------------------
2025-10-30 13:36:39,950 - INFO - 시트이름: #3 브랜드_커뮤니티선별
2025-10-30 13:36:39,950 - INFO - 구글 시트 로드 - 시도중....
2025-10-30 13:36:41,323 - INFO - 구글 시트 로드 - 완료
2025-10-30 13:36:41,951 - INFO - #3 브랜드_커뮤니티선별 - Success 구글 시트에서 데이터를 성공적으로 가져왔습니다.
2025-10-30 13:36:41,958 - INFO - 시트이름: #4 [종합]_키워드_리스트
2025-10-30 13:36:41,958 - INFO - 구글 시트 로드 - 시도중....
2025-10-30 13:36:43,123 - INFO - 구글 시트 로드 - 완료
2025-10-30 13:36:43,784 - INFO - #4 [종합]_키워드_리스트 - Success 구글 시트에서 데이터를 성공적으로 가져왔습니다.
2025-10-30 13:36:43,784 - INFO - 시트이름: #4 [종합]_키워드_리스트
2025-10-30 13:36:43,784 - INFO - 구글 시트 로드 - 시도중....
2025-10-30 13:36:44,952 - INFO - 구글 시트 로드 - 완료
2025-10-30 13:36:45,567 - INFO - #4 [종합]_키워드_리스트 - Success 구글 시트에서 데이터를 성공적으로 가져왔습니다.
2025-10-30 13:36:45,567 - INFO - 시트이름: 일주일 추출 링크
2025-10-30 13:36:45,567 - INFO - 구글 시트 로드 - 시도중....
2025-10-30 13:36:46,874 - INFO - 구글 시트 로드 - 완료
2025-10-30 13:36:47,404 - INFO - 시트이름: 일주일 추출 링크
2025-10-30 13:36:47,404 - INFO - 구글 시트 로드 - 시도중....
2025-10-30 13:36:48,738 - INFO - 구글 시트 로드 - 완료
2025-10-30 13:36:49,945 - INFO - E5:E5
2025-10-30 13:36:50,451 - INFO - Success E5부터 E5까지 값 삭제
2025-10-30 13:36:50,451 - INFO - 시트이름: 일주일 추출 링크
2025-10-30 13:36:50,451 - INFO - 구글 시트 로드 - 시도중....
2025-10-30 13:36:51,831 - INFO - 구글 시트 로드 - 완료
2025-10-30 13:36:52,244 - INFO - 시트이름: 일주일 추출 링크
2025-10-30 13:36:52,244 - INFO - 구글 시트 로드 - 시도중....
2025-10-30 13:36:53,499 - INFO - 구글 시트 로드 - 완료
2025-10-30 13:36:53,934 - INFO - 일주일 추출 링크 - Success 구글 시트에서 데이터를 성공적으로 가져왔습니다.
2025-10-30 13:36:54,272 - INFO - C:\program_cookies 폴더 크기: 2.17 GB
2025-10-30 13:36:54,334 - INFO - random 폴더 초기화 - 'C:\program_cookies\PC_random'에서 폴더 삭제(완료)
2025-10-30 13:36:54,335 - INFO - 쿠키 기록을 남기도록 C:\program_cookies\PC_random 폴더를 지정합니다.
2025-10-30 13:36:54,335 - INFO - PC랜덤화면 크기를 불러옵니다.
2025-10-30 13:36:54,335 - INFO - fixed UA가 있습니다.
2025-10-30 13:36:54,335 - INFO - fixed된 UA는 Mozilla/5.0 (Windows NT 10.0; Win64; x64) AppleWebKit/537.36 (KHTML, like Gecko) Chrome/136.0.7103.48 Safari/537.36입니다.
2025-10-30 13:36:54,335 - INFO - 쿠기를 불러옵니다 쿠키가 없으면 cookies 폴더 안에 새로 생성합니다.
2025-10-30 13:36:54,335 - INFO - 크롬 드라이브 옵션 부여 완료!
2025-10-30 13:36:58,126 - INFO - ==================================
2025-10-30 13:36:58,126 - INFO - devicemetrics를 override 합니다..
2025-10-30 13:36:58,146 - INFO - geo 정보를 랜덤으로 변경합니다..
2025-10-30 13:36:58,146 - INFO - FIXED gps 정보를 적용합니다.
2025-10-30 13:36:58,146 - INFO - FIXED gps 정보는 {'latitude': 47.6653341, 'longitude': 137.075382, 'accuracy': 100} 입니다.
2025-10-30 13:36:58,152 - INFO - 모든 변경이 완료되었습니다...
2025-10-30 13:36:58,153 - INFO - ~~~~~~~~~~
2025-10-30 13:36:58,153 - INFO - ==================================
2025-10-30 13:36:58,154 - INFO - 브랜드 : 이노션S / 커뮤니티명 : 디시인사이드 / 게시판 분류 : 게시물(최신순) / 키워드 : 로보락 - 시작
2025-10-30 13:37:00,038 - INFO - -----------------------------
2025-10-30 13:37:00,092 - INFO - 오늘 로보락할인하네 안에 제외 키워드가 포함되어 있습니다.
2025-10-30 13:37:00,092 - INFO - -----------------------------
2025-10-30 13:37:00,162 - INFO - 제목 : L40S 좋은데 식탁 의자 아래는 청소 못하네
2025-10-30 13:37:00,193 - INFO - -----------------------------
2025-10-30 13:37:01,501 - INFO - URL : https://gall.dcinside.com/mgallery/board/view/?id=robotcleaner&no=44620
2025-10-30 13:37:10,622 - INFO - -----------------------------
2025-10-30 13:37:10,661 - INFO - 제목 : 궁금한거몇개 ㅇㅇ
2025-10-30 13:37:10,689 - INFO - -----------------------------
2025-10-30 13:37:11,321 - INFO - URL : https://gall.dcinside.com/mgallery/board/view/?id=robotcleaner&no=44618
2025-10-30 13:37:12,325 - INFO - -----------------------------
2025-10-30 13:37:12,341 - INFO - 하이마트 as되는게 드리미 일부+로보락이 끝인가? 안에 제외 키워드가 포함되어 있습니다.
2025-10-30 13:37:12,341 - INFO - -----------------------------
2025-10-30 13:37:12,373 - INFO - 제목 : 부모님집에 사줄 로봇청소기 추천 부탁드립니다.(T50 OR T80)
2025-10-30 13:37:12,403 - INFO - -----------------------------
2025-10-30 13:37:12,749 - INFO - URL : https://gall.dcinside.com/mgallery/board/view/?id=robotcleaner&no=44594
2025-10-30 13:37:16,693 - INFO - -----------------------------
2025-10-30 13:37:16,727 - INFO - 제목 : 이게 진짜 전자기기가 욕심이 무서운게
2025-10-30 13:37:16,752 - INFO - -----------------------------
2025-10-30 13:37:17,068 - INFO - URL : https://gall.dcinside.com/mgallery/board/view/?id=robotcleaner&no=44593
2025-10-30 13:37:20,537 - INFO - -----------------------------
2025-10-30 13:37:20,572 - INFO - 제목 : 자고 일어날때마다 사고싶은 기종이 올라감 ㅋㅋㅋ
2025-10-30 13:37:20,601 - INFO - -----------------------------
2025-10-30 13:37:20,943 - INFO - URL : https://gall.dcinside.com/mgallery/board/view/?id=robotcleaner&no=44577
2025-10-30 13:37:22,169 - INFO - -----------------------------
2025-10-30 13:37:22,204 - INFO - 제목 : 청소기 샤크 추천함
2025-10-30 13:37:22,228 - INFO - -----------------------------
2025-10-30 13:37:22,667 - INFO - URL : https://gall.dcinside.com/mgallery/board/view/?id=japanlife&no=180905
2025-10-30 13:37:25,932 - INFO - -----------------------------
2025-10-30 13:37:25,973 - INFO - 제목 : T80 (73), 나르왈 z10 울트라 (84)
2025-10-30 13:37:25,996 - INFO - -----------------------------
2025-10-30 13:37:26,278 - INFO - URL : https://gall.dcinside.com/mgallery/board/view/?id=robotcleaner&no=44572
2025-10-30 13:37:30,965 - INFO - -----------------------------
2025-10-30 13:37:30,979 - INFO - 제목에 필수키워드가 없는 상품입니다. 생략하고 넘어갑니다
2025-10-30 13:37:30,979 - INFO - -----------------------------
2025-10-30 13:37:31,014 - INFO - 제목 : 가격신경안쓰고 로청 현존하는 최고 좋은게 뭐에요?
2025-10-30 13:37:31,040 - INFO - -----------------------------
2025-10-30 13:37:31,304 - INFO - URL : https://gall.dcinside.com/mgallery/board/view/?id=robotcleaner&no=44543
2025-10-30 13:37:32,185 - INFO - -----------------------------
2025-10-30 13:37:32,221 - INFO - 제목 : s9슬림 약136 / X50s 약116?/ X50 약90?88?
2025-10-30 13:37:32,245 - INFO - -----------------------------
2025-10-30 13:37:32,650 - INFO - URL : https://gall.dcinside.com/mgallery/board/view/?id=robotcleaner&no=44522
2025-10-30 13:37:35,854 - INFO - -----------------------------
2025-10-30 13:37:35,899 - INFO - 제목 : 세일하길래 혹하는데 로보락 S8 프로 플러스 이거사도됨?
2025-10-30 13:37:35,929 - INFO - -----------------------------
2025-10-30 13:37:36,204 - INFO - URL : https://gall.dcinside.com/mgallery/board/view/?id=robotcleaner&no=44511
2025-10-30 13:37:37,086 - INFO - -----------------------------
2025-10-30 13:37:37,121 - INFO - 제목 : 로봇 청소기 가성비는 로보락이 제일좋나
2025-10-30 13:37:37,145 - INFO - -----------------------------
2025-10-30 13:37:37,445 - INFO - URL : https://gall.dcinside.com/board/view/?id=toy&no=7530540
2025-10-30 13:37:39,822 - INFO - -----------------------------
2025-10-30 13:37:39,861 - INFO - 제목 : 로보락 s9 ultra max 넾다 157 이거 싼건가
2025-10-30 13:37:39,887 - INFO - -----------------------------
2025-10-30 13:37:40,135 - INFO - URL : https://gall.dcinside.com/mgallery/board/view/?id=robotcleaner&no=44507
2025-10-30 13:37:43,965 - INFO - -----------------------------
2025-10-30 13:37:44,006 - INFO - 제목 : 중국에서 로청1위 어디임?
2025-10-30 13:37:44,030 - INFO - -----------------------------
2025-10-30 13:37:44,384 - INFO - URL : https://gall.dcinside.com/mgallery/board/view/?id=robotcleaner&no=44496
2025-10-30 13:37:46,901 - INFO - -----------------------------
2025-10-30 13:37:46,938 - INFO - 제목 : 아니 로보락 s9 화장실 청소는 안해줌??
2025-10-30 13:37:46,964 - INFO - -----------------------------
2025-10-30 13:37:47,220 - INFO - URL : https://gall.dcinside.com/mgallery/board/view/?id=robotcleaner&no=44487
2025-10-30 13:37:49,846 - INFO - -----------------------------
2025-10-30 13:37:49,880 - INFO - 제목 : 부모님 로청해드리고싶은데
2025-10-30 13:37:49,902 - INFO - -----------------------------
2025-10-30 13:37:50,131 - INFO - URL : https://gall.dcinside.com/mgallery/board/view/?id=robotcleaner&no=44481
2025-10-30 13:37:52,716 - INFO - -----------------------------
2025-10-30 13:37:52,763 - INFO - 제목 : 로보락 s6 maxv 인데 레이저센서가 안돌아가는데 모터문제인가요?
2025-10-30 13:37:52,791 - INFO - -----------------------------
2025-10-30 13:37:53,083 - INFO - URL : https://gall.dcinside.com/mgallery/board/view/?id=robotcleaner&no=44478
2025-10-30 13:37:57,228 - INFO - -----------------------------
2025-10-30 13:37:57,242 - INFO - 로봇청소기 공부하며 배운 정보 공유 안에 제외 키워드가 포함되어 있습니다.
2025-10-30 13:37:57,242 - INFO - -----------------------------
2025-10-30 13:37:57,280 - INFO - 제목 : 로보락 질문점
2025-10-30 13:37:57,305 - INFO - -----------------------------
2025-10-30 13:37:57,780 - INFO - URL : https://gall.dcinside.com/mgallery/board/view/?id=robotcleaner&no=44444
2025-10-30 13:38:00,423 - INFO - -----------------------------
2025-10-30 13:38:00,462 - INFO - 제목 : 드리미아쿠아10 하자많음?
2025-10-30 13:38:00,487 - INFO - -----------------------------
2025-10-30 13:38:00,846 - INFO - URL : https://gall.dcinside.com/mgallery/board/view/?id=robotcleaner&no=44443
2025-10-30 13:38:03,399 - INFO - -----------------------------
2025-10-30 13:38:03,435 - INFO - 제목 : 행님덜 로보락 Q8 맥스프로플러스 적정가 얼마에 사면 되요?
2025-10-30 13:38:03,458 - INFO - -----------------------------
2025-10-30 13:38:03,722 - INFO - URL : https://gall.dcinside.com/mgallery/board/view/?id=robotcleaner&no=44426
2025-10-30 13:38:14,703 - INFO - -----------------------------
2025-10-30 13:38:14,720 - INFO - 쿠팡 가전 세일 t50 t80 s9 maxv ultra 안에 제외 키워드가 포함되어 있습니다.
2025-10-30 13:38:14,720 - INFO - -----------------------------
2025-10-30 13:38:14,755 - INFO - 제목 : 방금 에코백스 t50삼 ㅋ 무선청소기 10~20만원대 추천좀
2025-10-30 13:38:14,780 - INFO - -----------------------------
2025-10-30 13:38:15,123 - INFO - URL : https://gall.dcinside.com/mgallery/board/view/?id=robotcleaner&no=44403
2025-10-30 13:38:18,857 - INFO - ==================================
2025-10-30 13:38:18,857 - INFO - -----------------------------
2025-10-30 13:38:18,857 - INFO - [주의!] 구글 시트에 업데이트를 진행합니다 - 종료하지 마시오
2025-10-30 13:38:18,857 - INFO - 시트이름: 최신게시글업로드
2025-10-30 13:38:18,857 - INFO - 구글 시트 로드 - 시도중....
2025-10-30 13:38:20,234 - INFO - 구글 시트 로드 - 완료
2025-10-30 13:38:21,819 - INFO - Success update 최신게시글업로드
2025-10-30 13:38:21,819 - INFO - 시트이름: 일주일 추출 링크
2025-10-30 13:38:21,819 - INFO - 구글 시트 로드 - 시도중....
2025-10-30 13:38:23,375 - INFO - 구글 시트 로드 - 완료
2025-10-30 13:38:24,738 - INFO - Success update 일주일 추출 링크
2025-10-30 13:38:29,739 - INFO - 시트이름: 일주일 추출 링크
2025-10-30 13:38:29,739 - INFO - 구글 시트 로드 - 시도중....
2025-10-30 13:38:31,302 - INFO - 구글 시트 로드 - 완료
2025-10-30 13:38:31,910 - INFO - 일주일 추출 링크 - Success 구글 시트에서 데이터를 성공적으로 가져왔습니다.
2025-10-30 13:38:31,910 - INFO - 브랜드 : 이노션S / 커뮤니티명 : 네이트판 / 게시판 분류 : 톡톡(최신순) / 키워드 : 로보락 - 시작
2025-10-30 13:38:32,185 - INFO - -----------------------------
2025-10-30 13:38:32,228 - INFO - 일주일 전 게시글 이기에 다음 키워드로 넘어갑니다.
2025-10-30 13:38:32,228 - INFO - -----------------------------
2025-10-30 13:38:32,228 - INFO - [주의!] 구글 시트에 업데이트를 진행합니다 - 종료하지 마시오
2025-10-30 13:38:32,228 - INFO - Fail 업데이트 할 데이터가 없습니다 - (len = 0)
2025-10-30 13:38:32,228 - INFO - Fail 업데이트 할 데이터가 없습니다 - (len = 0)
2025-10-30 13:38:32,228 - INFO - 브랜드 : 이노션S / 커뮤니티명 : 네이트판 / 게시판 분류 : 뉴스(최신순) / 키워드 : 로보락 - 시작
2025-10-30 13:38:32,488 - INFO - -----------------------------
2025-10-30 13:38:32,541 - INFO - 제목 : [마감 후] 깊숙이 들어온 중국, 그리고 APEC
2025-10-30 13:38:33,276 - INFO - -----------------------------
2025-10-30 13:38:33,294 - INFO - URL : https://news.nate.com/view/20251030n02040
2025-10-30 13:38:37,467 - INFO - -----------------------------
2025-10-30 13:38:37,508 - INFO - 제목 : 20년 연속 1위 기업 4개…클라리오스델코 '명예의 전당'
2025-10-30 13:38:38,274 - INFO - -----------------------------
2025-10-30 13:38:38,311 - INFO - URL : https://news.nate.com/view/20251030n00069
2025-10-30 13:38:39,264 - INFO - -----------------------------
2025-10-30 13:38:39,305 - INFO - 제목 : [오늘의 장바구니] 롯데마트·이마트24·LF·이랜드월드·교원그룹 외
2025-10-30 13:38:39,940 - INFO - -----------------------------
2025-10-30 13:38:39,983 - INFO - URL : https://news.nate.com/view/20251029n37718
2025-10-30 13:38:45,611 - INFO - -----------------------------
2025-10-30 13:38:45,639 - INFO - 특가 상품 1000만개 쏟아진다…11번가, '2025 그랜드십일절'... 안에 제외 키워드가 포함되어 있습니다.
2025-10-30 13:38:45,639 - INFO - -----------------------------
2025-10-30 13:38:45,671 - INFO - 제목 : 로보락, 2025 한국품질만족지수(KS-QEI) 4년 연속 1위 수상
2025-10-30 13:38:46,171 - INFO - -----------------------------
2025-10-30 13:38:46,216 - INFO - URL : https://news.nate.com/view/20251029n29236
2025-10-30 13:38:46,929 - INFO - -----------------------------
2025-10-30 13:38:46,957 - INFO - 유통가, '블랙프라이데이 특수' 공략…이커머스發 대규모 할인전 안에 제외 키워드가 포함되어 있습니다.
2025-10-30 13:38:46,958 - INFO - -----------------------------
2025-10-30 13:38:46,977 - INFO - [국감핫인물]中 '로보락' 개인정보 유출 방지 답변 이끌어낸 김승원... 안에 제외 키워드가 포함되어 있습니다.
2025-10-30 13:38:46,977 - INFO - -----------------------------
2025-10-30 13:38:46,995 - INFO - 11번가, '그랜드십일절' 1000만개 특가 상품 마련 안에 제외 키워드가 포함되어 있습니다.
2025-10-30 13:38:46,995 - INFO - -----------------------------
2025-10-30 13:38:47,034 - INFO - 제목 : [현장] 국감서 로보락, '서버 저장 없다' 해명에도 소비자 불안...
2025-10-30 13:38:47,546 - INFO - -----------------------------
2025-10-30 13:38:47,588 - INFO - URL : https://news.nate.com/view/20251029n09734
2025-10-30 13:38:51,001 - INFO - -----------------------------
2025-10-30 13:38:51,035 - INFO - 제목 : 신세계그룹, 30일 쇼핑축제 '쓱데이' 개막…18개사 총출동
2025-10-30 13:38:51,517 - INFO - -----------------------------
2025-10-30 13:38:51,544 - INFO - URL : https://news.nate.com/view/20251029n09461
2025-10-30 13:38:52,867 - INFO - -----------------------------
2025-10-30 13:38:52,890 - INFO - 11번가, '2025 그랜드십일절'…11일간 초대형 할인전 돌입 안에 제외 키워드가 포함되어 있습니다.
2025-10-30 13:38:52,890 - INFO - -----------------------------
2025-10-30 13:38:52,923 - INFO - 11번가, 내달 1일부터 '그랜드십일절' 개최…1000여개 특가 상품 안에 제외 키워드가 포함되어 있습니다.
2025-10-30 13:38:52,923 - INFO - -----------------------------
2025-10-30 13:38:52,943 - INFO - 11번가, 내달 1일부터 '그랜드십일절'…"특가상품만 1천만개" 안에 제외 키워드가 포함되어 있습니다.
2025-10-30 13:38:52,943 - INFO - -----------------------------
2025-10-30 13:38:52,973 - INFO - 제목 : 11번가, 연중 최대 쇼핑축제 '그랜드십일절' 개최
2025-10-30 13:38:53,713 - INFO - -----------------------------
2025-10-30 13:38:53,728 - INFO - URL : https://news.nate.com/view/20251029n06640
2025-10-30 13:38:54,443 - INFO - -----------------------------
2025-10-30 13:38:54,459 - INFO - '블프'의 계절…온·오프 쇼핑 축제, 파격가·할인 혜택 쏟아진다 안에 제외 키워드가 포함되어 있습니다.
2025-10-30 13:38:54,459 - INFO - ==================================
2025-10-30 13:38:54,459 - INFO - -----------------------------
2025-10-30 13:38:54,459 - INFO - [주의!] 구글 시트에 업데이트를 진행합니다 - 종료하지 마시오
2025-10-30 13:38:54,459 - INFO - Fail 업데이트 할 데이터가 없습니다 - (len = 0)
2025-10-30 13:38:54,460 - INFO - 시트이름: 일주일 추출 링크
2025-10-30 13:38:54,460 - INFO - 구글 시트 로드 - 시도중....
2025-10-30 13:38:56,006 - INFO - 구글 시트 로드 - 완료
2025-10-30 13:38:57,763 - INFO - Success update 일주일 추출 링크
2025-10-30 13:39:02,766 - INFO - 시트이름: 일주일 추출 링크
2025-10-30 13:39:02,766 - INFO - 구글 시트 로드 - 시도중....
2025-10-30 13:39:04,265 - INFO - 구글 시트 로드 - 완료
2025-10-30 13:39:04,844 - INFO - 일주일 추출 링크 - Success 구글 시트에서 데이터를 성공적으로 가져왔습니다.
2025-10-30 13:39:04,845 - INFO - 브랜드 : 이노션S / 커뮤니티명 : 뽐뿌 / 게시판 분류 : 커뮤니티(최신순) / 키워드 : 로보락 - 시작
2025-10-30 13:39:05,699 - INFO - -----------------------------
2025-10-30 13:39:05,755 - INFO - [네이버] 로보락 Qrevo EdgeC 로봇청소기 화이트 (941,000원/무료)0 안에 제외 키워드가 포함되어 있습니다.
2025-10-30 13:39:05,755 - INFO - -----------------------------
2025-10-30 13:39:05,908 - INFO - 제목 : [휘발50억] 네이버페이 42원 + 랜덤 포인트 받으세요 (+기타 376원)9
2025-10-30 13:39:05,946 - INFO - -----------------------------
2025-10-30 13:39:06,446 - INFO - URL : https://www.ppomppu.co.kr/zboard/view.php?id=freeboard&no=9701955&keyword=%B7%CE%BA%B8%B6%F4
2025-10-30 13:39:12,571 - INFO - -----------------------------
2025-10-30 13:39:12,591 - INFO - 셀프 생일 선물 샀어요 ㅋ4 안에 제외 키워드가 포함되어 있습니다.
2025-10-30 13:39:12,591 - INFO - -----------------------------
2025-10-30 13:39:12,644 - INFO - 제목 : [휘발50억] 네이버페이 176원 + 랜덤 포인트 받으세요 (+기타 227원)13
2025-10-30 13:39:12,692 - INFO - -----------------------------
2025-10-30 13:39:12,944 - INFO - URL : https://www.ppomppu.co.kr/zboard/view.php?id=freeboard&no=9700087&keyword=%B7%CE%BA%B8%B6%F4
2025-10-30 13:39:17,971 - INFO - -----------------------------
2025-10-30 13:39:18,020 - INFO - 제목 : [네이버페이] 로보락, 메디힐 30원 받으세요16
2025-10-30 13:39:18,057 - INFO - -----------------------------
2025-10-30 13:39:18,280 - INFO - URL : https://www.ppomppu.co.kr/zboard/view.php?id=coupon&no=106415&keyword=%B7%CE%BA%B8%B6%F4
2025-10-30 13:39:20,652 - INFO - -----------------------------
2025-10-30 13:39:20,666 - INFO - [CJ온] 로보락 S9 MAXV 울트라 로봇청소기 (1,590,000원/무료)9 안에 제외 키워드가 포함되어 있습니다.
2025-10-30 13:39:20,666 - INFO - -----------------------------
2025-10-30 13:39:20,714 - INFO - 제목 : 로보락 큐레보 커브 109만원 가격 괜찮은걸까요?1
2025-10-30 13:39:20,746 - INFO - -----------------------------
2025-10-30 13:39:20,912 - INFO - URL : https://www.ppomppu.co.kr/zboard/view.php?id=av&no=148320&keyword=%B7%CE%BA%B8%B6%F4
2025-10-30 13:39:21,688 - INFO - -----------------------------
2025-10-30 13:39:21,731 - INFO - 제목 : 요즘 가성비 좋은 청소기 뭐 있을까요?0
2025-10-30 13:39:21,767 - INFO - -----------------------------
2025-10-30 13:39:21,922 - INFO - URL : https://www.ppomppu.co.kr/zboard/view.php?id=av&no=148302&keyword=%B7%CE%BA%B8%B6%F4
2025-10-30 13:39:24,427 - INFO - -----------------------------
2025-10-30 13:39:24,440 - INFO - [네이버] 로보락 Qrevo L 로봇청소기 (748,000원/무료)0 안에 제외 키워드가 포함되어 있습니다.
2025-10-30 13:39:24,440 - INFO - -----------------------------
2025-10-30 13:39:24,486 - INFO - 일주일 전 게시글 이기에 다음 키워드로 넘어갑니다.
2025-10-30 13:39:24,486 - INFO - -----------------------------
2025-10-30 13:39:24,486 - INFO - [주의!] 구글 시트에 업데이트를 진행합니다 - 종료하지 마시오
2025-10-30 13:39:24,486 - INFO - Fail 업데이트 할 데이터가 없습니다 - (len = 0)
2025-10-30 13:39:24,486 - INFO - 시트이름: 일주일 추출 링크
2025-10-30 13:39:24,487 - INFO - 구글 시트 로드 - 시도중....
2025-10-30 13:39:26,004 - INFO - 구글 시트 로드 - 완료
2025-10-30 13:40:40,045 - INFO - Success update 일주일 추출 링크
2025-10-30 13:40:45,046 - INFO - 시트이름: 일주일 추출 링크
2025-10-30 13:40:45,046 - INFO - 구글 시트 로드 - 시도중....
2025-10-30 13:40:46,402 - INFO - 구글 시트 로드 - 완료
2025-10-30 13:40:46,858 - INFO - 일주일 추출 링크 - Success 구글 시트에서 데이터를 성공적으로 가져왔습니다.
2025-10-30 13:40:46,859 - INFO - 브랜드 : 이노션S / 커뮤니티명 : 뽐뿌 / 게시판 분류 : 뉴스(최신순) / 키워드 : 로보락 - 시작
2025-10-30 13:40:47,444 - INFO - -----------------------------
2025-10-30 13:40:47,568 - INFO - [국감핫인물]中 '로보락' 개인정보 유출 방지 답변 이끌어낸 김승원 與 의원0 안에 제외 키워드가 포함되어 있습니다.
2025-10-30 13:40:47,568 - INFO - -----------------------------
2025-10-30 13:40:47,585 - INFO - '블프'의 계절…온·오프 쇼핑 축제, 파격가·할인 혜택 쏟아진다0 안에 제외 키워드가 포함되어 있습니다.
2025-10-30 13:40:47,585 - INFO - -----------------------------
2025-10-30 13:40:47,599 - INFO - 연중 최대 쇼핑축제 '쓱데이' 돌아왔다…행사물량 2兆 '역대급'0 안에 제외 키워드가 포함되어 있습니다.
2025-10-30 13:40:47,599 - INFO - -----------------------------
2025-10-30 13:40:47,612 - INFO - 롯데홈쇼핑 '광클절', 인기 가수 8인 초대형 콘서트로 규모 확대0 안에 제외 키워드가 포함되어 있습니다.
2025-10-30 13:40:47,612 - INFO - -----------------------------
2025-10-30 13:40:47,627 - INFO - “5060 열광하는 그들이 돌아온다”…롯데홈쇼핑 ‘광클절’, 인기 가수 8인 초대형 콘서트로 귀환0 안에 제외 키워드가 포함되어 있습니다.
2025-10-30 13:40:47,627 - INFO - -----------------------------
2025-10-30 13:40:47,677 - INFO - 일주일 전 게시글 이기에 다음 키워드로 넘어갑니다.
2025-10-30 13:40:47,677 - INFO - -----------------------------
2025-10-30 13:40:47,677 - INFO - [주의!] 구글 시트에 업데이트를 진행합니다 - 종료하지 마시오
2025-10-30 13:40:47,677 - INFO - Fail 업데이트 할 데이터가 없습니다 - (len = 0)
2025-10-30 13:40:47,677 - INFO - Fail 업데이트 할 데이터가 없습니다 - (len = 0)
2025-10-30 13:40:47,678 - INFO - ★ 키워드 센싱 - 작업완료 ★
2025-10-30 13:40:47,855 - INFO - ✅ chromedriver 종료 결과: ChromeDriver 종료
2025-10-30 13:40:47,855 - INFO - ✅ Chrome 종료 결과: Chrome 종료
2025-10-30 13:40:47,855 - INFO - 동기화 10초 지연후 진행합니다
2025-10-30 13:40:57,856 - INFO - ==================================
2025-10-30 13:40:57,856 - INFO - [알람] 진행중 - 텔레그램에 알람을 보냅니다
2025-10-30 13:40:57,856 - INFO - 시트이름: 알람대시보드
2025-10-30 13:40:57,856 - INFO - 구글 시트 로드 - 시도중....
2025-10-30 13:40:59,098 - ERROR - 1/10번째 [ all_senssing_keyword_sensing_class.py 프로그램 ] - < Exception 발생 >
~~ 1번째 에러 도달 ~~
Traceback (most recent call last):
  File "c:\Users\user\anaconda3\envs\AutoPro\Lib\site-packages\gspread\spreadsheet.py", line 327, in worksheet
    item = finditem(
           ^^^^^^^^^
  File "c:\Users\user\anaconda3\envs\AutoPro\Lib\site-packages\gspread\utils.py", line 218, in finditem
    return next(item for item in seq if func(item))
           ^^^^^^^^^^^^^^^^^^^^^^^^^^^^^^^^^^^^^^^^
StopIteration

During handling of the above exception, another exception occurred:

Traceback (most recent call last):
  File "C:\Users\user\Desktop\Bridzzi\src\Crawling\all_senssing_keyword_sensing_class.py", line 1439, in <module>
    sensing_manager.run()
  File "C:\Users\user\Desktop\Bridzzi\src\Crawling\all_senssing_keyword_sensing_class.py", line 1418, in run
    self.community_alarm_manager.send_alarm()
  File "C:\Users\user\Desktop\Bridzzi\src\Crawling\all_senssing_keyword_sensing_class.py", line 49, in send_alarm
    alarm_data = self.googlesheet.load_as_dict_of_value_list("알람대시보드", "A", "H", "A")
                 ^^^^^^^^^^^^^^^^^^^^^^^^^^^^^^^^^^^^^^^^^^^^^^^^^^^^^^^^^^^^^^^^^^^^^^^^^^
  File "C:\Users\user\Desktop\Bridzzi\util\data_load\google_sheet.py", line 83, in wrapper
    return method(*args, **kwargs)  # 원래 메서드 실행
           ^^^^^^^^^^^^^^^^^^^^^^^
  File "C:\Users\user\Desktop\Bridzzi\util\data_load\google_sheet.py", line 220, in load_as_dict_of_value_list
    load_data = self.load_as_fetched_data(sheet_name, start_col_letter, end_col_letter, key_cols)
              ^^^^^^^^^^^^^^^^^^^^^^^^^^^^^^^^^^^^^^^^^^^^^^^^^^^^^^^^^^^^^^^^^^^^^^^^^^^^^^^^^
  File "C:\Users\user\Desktop\Bridzzi\util\data_load\google_sheet.py", line 83, in wrapper
    return method(*args, **kwargs)  # 원래 메서드 실행
           ^^^^^^^^^^^^^^^^^^^^^^^
  File "C:\Users\user\Desktop\Bridzzi\util\data_load\google_sheet.py", line 157, in load_as_fetched_data
    if (sheet := self.load_sheet(sheet_name)) is None:
                 ^^^^^^^^^^^^^^^^^^^^^^^^^^^
  File "C:\Users\user\Desktop\Bridzzi\util\data_load\google_sheet.py", line 83, in wrapper
    return method(*args, **kwargs)  # 원래 메서드 실행
           ^^^^^^^^^^^^^^^^^^^^^^^
  File "C:\Users\user\Desktop\Bridzzi\util\data_load\google_sheet.py", line 150, in load_sheet
    sheet = self.spreadsheet.worksheet(sheet_name)
        ^^^^^^^^^^^^^^^^^^^^^^^^^^^^^^^^^^^^^^
  File "c:\Users\user\anaconda3\envs\AutoPro\Lib\site-packages\gspread\spreadsheet.py", line 333, in worksheet
    raise WorksheetNotFound(title)
gspread.exceptions.WorksheetNotFound: 알람대시보드


오류가 발생하였습니다. 확인 부탁드립니다
2025-10-30 13:40:59,098 - ERROR - Traceback (most recent call last):
2025-10-30 13:40:59,098 - ERROR - File "c:\Users\user\anaconda3\envs\AutoPro\Lib\site-packages\gspread\spreadsheet.py", line 327, in worksheet
    item = finditem(
           ^^^^^^^^^
2025-10-30 13:40:59,098 - ERROR - File "c:\Users\user\anaconda3\envs\AutoPro\Lib\site-packages\gspread\utils.py", line 218, in finditem
    return next(item for item in seq if func(item))
           ^^^^^^^^^^^^^^^^^^^^^^^^^^^^^^^^^^^^^^^^
2025-10-30 13:40:59,098 - ERROR - StopIteration
2025-10-30 13:40:59,098 - ERROR - During handling of the above exception, another exception occurred:
2025-10-30 13:40:59,098 - ERROR - Traceback (most recent call last):
2025-10-30 13:40:59,098 - ERROR - File "C:\Users\user\Desktop\Bridzzi\src\Crawling\all_senssing_keyword_sensing_class.py", line 1439, in <module>
    sensing_manager.run()
2025-10-30 13:40:59,098 - ERROR - File "C:\Users\user\Desktop\Bridzzi\src\Crawling\all_senssing_keyword_sensing_class.py", line 1418, in run
    self.community_alarm_manager.send_alarm()
2025-10-30 13:40:59,098 - ERROR - File "C:\Users\user\Desktop\Bridzzi\src\Crawling\all_senssing_keyword_sensing_class.py", line 49, in send_alarm
    alarm_data = self.googlesheet.load_as_dict_of_value_list("알람대시보드", "A", "H", "A")
                 ^^^^^^^^^^^^^^^^^^^^^^^^^^^^^^^^^^^^^^^^^^^^^^^^^^^^^^^^^^^^^^^^^^^^^^^^^^
2025-10-30 13:40:59,098 - ERROR - File "C:\Users\user\Desktop\Bridzzi\util\data_load\google_sheet.py", line 83, in wrapper
    return method(*args, **kwargs)  # 원래 메서드 실행
           ^^^^^^^^^^^^^^^^^^^^^^^
2025-10-30 13:40:59,098 - ERROR - File "C:\Users\user\Desktop\Bridzzi\util\data_load\google_sheet.py", line 220, in load_as_dict_of_value_list
    load_data = self.load_as_fetched_data(sheet_name, start_col_letter, end_col_letter, key_cols)
              ^^^^^^^^^^^^^^^^^^^^^^^^^^^^^^^^^^^^^^^^^^^^^^^^^^^^^^^^^^^^^^^^^^^^^^^^^^^^^^^^^
2025-10-30 13:40:59,098 - ERROR - File "C:\Users\user\Desktop\Bridzzi\util\data_load\google_sheet.py", line 83, in wrapper
    return method(*args, **kwargs)  # 원래 메서드 실행
           ^^^^^^^^^^^^^^^^^^^^^^^
2025-10-30 13:40:59,098 - ERROR - File "C:\Users\user\Desktop\Bridzzi\util\data_load\google_sheet.py", line 157, in load_as_fetched_data
    if (sheet := self.load_sheet(sheet_name)) is None:
                 ^^^^^^^^^^^^^^^^^^^^^^^^^^^
2025-10-30 13:40:59,098 - ERROR - File "C:\Users\user\Desktop\Bridzzi\util\data_load\google_sheet.py", line 83, in wrapper
    return method(*args, **kwargs)  # 원래 메서드 실행
           ^^^^^^^^^^^^^^^^^^^^^^^
2025-10-30 13:40:59,098 - ERROR - File "C:\Users\user\Desktop\Bridzzi\util\data_load\google_sheet.py", line 150, in load_sheet
    sheet = self.spreadsheet.worksheet(sheet_name)
        ^^^^^^^^^^^^^^^^^^^^^^^^^^^^^^^^^^^^^^
2025-10-30 13:40:59,098 - ERROR - File "c:\Users\user\anaconda3\envs\AutoPro\Lib\site-packages\gspread\spreadsheet.py", line 333, in worksheet
    raise WorksheetNotFound(title)
2025-10-30 13:40:59,098 - ERROR - gspread.exceptions.WorksheetNotFound: 알람대시보드
2025-10-30 13:40:59,223 - INFO - ✅ chromedriver 종료 결과: ChromeDriver 종료
2025-10-30 13:40:59,223 - INFO - ✅ Chrome 종료 결과: Chrome 종료
2025-10-30 13:41:00,230 - INFO - ==================================
2025-10-30 13:41:00,230 - INFO - ★ 크롬 브라우저 - 자동 업데이트 ★
2025-10-30 13:41:00,372 - INFO - [현재 크롬 버전] : 142.0.7444.60
2025-10-30 13:41:01,606 - INFO - Chrome 업데이트를 확인하는 중...
2025-10-30 13:41:03,610 - INFO - ==================================
2025-10-30 13:41:03,611 - INFO - Chrome 상태 : Chrome이 최신 버전임
2025-10-30 13:41:03,611 - INFO - -----------------------------
2025-10-30 13:41:03,611 - INFO - ✅ Chrome이 최신 버전입니다. 종료합니다.
2025-10-30 13:41:03,611 - INFO - ==================================
2025-10-30 13:41:03,750 - INFO - ✅ chromedriver 종료 결과: ChromeDriver 종료
2025-10-30 13:41:03,751 - INFO - ✅ Chrome 종료 결과: Chrome 종료
2025-10-30 13:41:04,752 - INFO - ==================================
2025-10-30 13:41:04,753 - ERROR - Uncaught exception
Traceback (most recent call last):
  File "c:\Users\user\anaconda3\envs\AutoPro\Lib\site-packages\gspread\spreadsheet.py", line 327, in worksheet
    item = finditem(
           ^^^^^^^^^
  File "c:\Users\user\anaconda3\envs\AutoPro\Lib\site-packages\gspread\utils.py", line 218, in finditem
    return next(item for item in seq if func(item))
           ^^^^^^^^^^^^^^^^^^^^^^^^^^^^^^^^^^^^^^^^
StopIteration

During handling of the above exception, another exception occurred:

Traceback (most recent call last):
  File "C:\Users\user\Desktop\Bridzzi\src\Crawling\all_senssing_keyword_sensing_class.py", line 1439, in <module>
    sensing_manager.run()
  File "C:\Users\user\Desktop\Bridzzi\src\Crawling\all_senssing_keyword_sensing_class.py", line 1418, in run
    self.community_alarm_manager.send_alarm()
  File "C:\Users\user\Desktop\Bridzzi\src\Crawling\all_senssing_keyword_sensing_class.py", line 49, in send_alarm
    alarm_data = self.googlesheet.load_as_dict_of_value_list("알람대시보드", "A", "H", "A")
                 ^^^^^^^^^^^^^^^^^^^^^^^^^^^^^^^^^^^^^^^^^^^^^^^^^^^^^^^^^^^^^^^^^^^^^^^^^^
  File "C:\Users\user\Desktop\Bridzzi\util\data_load\google_sheet.py", line 83, in wrapper
    return method(*args, **kwargs)  # 원래 메서드 실행
           ^^^^^^^^^^^^^^^^^^^^^^^
  File "C:\Users\user\Desktop\Bridzzi\util\data_load\google_sheet.py", line 220, in load_as_dict_of_value_list
    load_data = self.load_as_fetched_data(sheet_name, start_col_letter, end_col_letter, key_cols)
              ^^^^^^^^^^^^^^^^^^^^^^^^^^^^^^^^^^^^^^^^^^^^^^^^^^^^^^^^^^^^^^^^^^^^^^^^^^^^^^^^^
  File "C:\Users\user\Desktop\Bridzzi\util\data_load\google_sheet.py", line 83, in wrapper
    return method(*args, **kwargs)  # 원래 메서드 실행
           ^^^^^^^^^^^^^^^^^^^^^^^
  File "C:\Users\user\Desktop\Bridzzi\util\data_load\google_sheet.py", line 157, in load_as_fetched_data
    if (sheet := self.load_sheet(sheet_name)) is None:
                 ^^^^^^^^^^^^^^^^^^^^^^^^^^^
  File "C:\Users\user\Desktop\Bridzzi\util\data_load\google_sheet.py", line 83, in wrapper
    return method(*args, **kwargs)  # 원래 메서드 실행
           ^^^^^^^^^^^^^^^^^^^^^^^
  File "C:\Users\user\Desktop\Bridzzi\util\data_load\google_sheet.py", line 150, in load_sheet
    sheet = self.spreadsheet.worksheet(sheet_name)
        ^^^^^^^^^^^^^^^^^^^^^^^^^^^^^^^^^^^^^^
  File "c:\Users\user\anaconda3\envs\AutoPro\Lib\site-packages\gspread\spreadsheet.py", line 333, in worksheet
    raise WorksheetNotFound(title)
gspread.exceptions.WorksheetNotFound: 알람대시보드

During handling of the above exception, another exception occurred:

Traceback (most recent call last):
  File "C:\Users\user\Desktop\Bridzzi\src\Crawling\all_senssing_keyword_sensing_class.py", line 1468, in <module>
    previous_length = len(previous_error) if previous_error is not None else 0
                                             ^^^^^^^^^^^^^^
NameError: name 'previous_error' is not defined
