2025-08-11 16:25:56,260 - INFO - ==================================
2025-08-11 16:25:56,260 - INFO - # (수동)조회수 작업을 시작합니다 #
2025-08-11 16:25:56,260 - INFO - 시트이름: 조회수대시보드(수동)
2025-08-11 16:25:56,260 - INFO - 구글 시트 로드 - 시도중....
2025-08-11 16:25:56,823 - INFO - 구글 시트 로드 - 완료
2025-08-11 16:26:36,031 - INFO - 조회수대시보드(수동) - Success 구글 시트에서 데이터를 성공적으로 가져왔습니다.
2025-08-11 16:26:36,204 - INFO - C:\program_cookies 폴더 크기: 0.91 GB
2025-08-11 16:26:36,247 - INFO - random 폴더 초기화 - 'C:\program_cookies\PC_random'에서 폴더 삭제(완료)
2025-08-11 16:26:36,247 - INFO - 쿠키 기록을 남기도록 C:\program_cookies\PC_random 폴더를 지정합니다.
2025-08-11 16:26:36,247 - INFO - PC랜덤화면 크기를 불러옵니다.
2025-08-11 16:26:36,247 - INFO - fixed UA가 없어서 랜덤으로 PC UA 생성합니다.
2025-08-11 16:26:36,247 - INFO - 랜덤으로 생성된 UA는 Mozilla/5.0 (Windows NT 10.0; Win64; x64) AppleWebKit/537.36 (KHTML, like Gecko) Chrome/131.0.6778.86 Safari/537.36입니다.
2025-08-11 16:26:36,247 - INFO - 쿠기를 불러옵니다 쿠키가 없으면 cookies 폴더 안에 새로 생성합니다.
2025-08-11 16:26:36,247 - INFO - 크롬 드라이브 옵션 부여 완료!
2025-08-11 16:26:39,213 - INFO - ==================================
2025-08-11 16:26:39,213 - INFO - devicemetrics를 override 합니다..
2025-08-11 16:26:39,226 - INFO - geo 정보를 랜덤으로 변경합니다..
2025-08-11 16:26:39,227 - INFO - FIXED gps 정보가 없어서 랜덤으로 생성합니다
2025-08-11 16:26:39,228 - INFO - RANDOM gps 정보는 {'latitude': 37.56049805182814, 'longitude': 126.94510349308025, 'accuracy': 100} 입니다.
2025-08-11 16:26:39,245 - INFO - 모든 변경이 완료되었습니다...
2025-08-11 16:26:39,246 - INFO - ~~~~~~~~~~
2025-08-11 16:27:20,675 - INFO - ✅ chromedriver 종료 결과: ChromeDriver 종료
2025-08-11 16:27:20,675 - INFO - ✅ Chrome 종료 결과: Chrome 종료
2025-08-11 16:27:21,410 - INFO - C:\program_cookies 폴더 크기: 0.92 GB
2025-08-11 16:27:21,486 - INFO - random 폴더 초기화 - 'C:\program_cookies\PC_random'에서 폴더 삭제(완료)
2025-08-11 16:27:21,487 - INFO - 쿠키 기록을 남기도록 C:\program_cookies\PC_random 폴더를 지정합니다.
2025-08-11 16:27:21,487 - INFO - PC랜덤화면 크기를 불러옵니다.
2025-08-11 16:27:21,487 - INFO - fixed UA가 없어서 랜덤으로 PC UA 생성합니다.
2025-08-11 16:27:21,487 - INFO - 랜덤으로 생성된 UA는 Mozilla/5.0 (Windows NT 10.0; Win64; x64) AppleWebKit/537.36 (KHTML, like Gecko) Chrome/135.0.7049.43 Safari/537.36입니다.
2025-08-11 16:27:21,487 - INFO - 쿠기를 불러옵니다 쿠키가 없으면 cookies 폴더 안에 새로 생성합니다.
2025-08-11 16:27:21,487 - INFO - 크롬 드라이브 옵션 부여 완료!
2025-08-11 16:27:24,746 - INFO - ==================================
2025-08-11 16:27:24,746 - INFO - devicemetrics를 override 합니다..
2025-08-11 16:27:24,752 - INFO - geo 정보를 랜덤으로 변경합니다..
2025-08-11 16:27:24,752 - INFO - FIXED gps 정보가 없어서 랜덤으로 생성합니다
2025-08-11 16:27:24,752 - INFO - RANDOM gps 정보는 {'latitude': 37.554445147603985, 'longitude': 127.0238369079202, 'accuracy': 100} 입니다.
2025-08-11 16:27:24,761 - INFO - 모든 변경이 완료되었습니다...
2025-08-11 16:27:24,761 - INFO - ~~~~~~~~~~
2025-08-11 16:27:36,242 - INFO - ✅ chromedriver 종료 결과: ChromeDriver 종료
2025-08-11 16:27:36,242 - INFO - ✅ Chrome 종료 결과: Chrome 종료
2025-08-11 16:27:36,742 - INFO - ==================================
2025-08-11 16:27:36,742 - INFO - ★ 크롬 브라우저 - 자동 업데이트 ★
2025-08-11 16:27:36,887 - INFO - [현재 크롬 버전] : 139.0.7258.67
2025-08-11 16:27:38,131 - INFO - Chrome 업데이트를 확인하는 중...
2025-08-11 16:27:40,134 - ERROR - 1/10번째 [ cafe_viral_only_vewnum.py 프로그램 ] - < Exception 발생 >
~~ 1번째 에러 도달 ~~
Traceback (most recent call last):
  File "C:\Users\user\Desktop\Bridzzi\util\platform\naver\n_cafe_bot.py", line 791, in _view_num_add
    self._open_tabs_and_visit_url(link, count)
  File "C:\Users\user\Desktop\Bridzzi\util\platform\naver\n_cafe_bot.py", line 775, in _open_tabs_and_visit_url
    self.browser.switch_to.window(handle)
  File "c:\Users\user\anaconda3\envs\AutoPro\Lib\site-packages\selenium\webdriver\remote\switch_to.py", line 130, in window
    self._w3c_window(window_name)
  File "c:\Users\user\anaconda3\envs\AutoPro\Lib\site-packages\selenium\webdriver\remote\switch_to.py", line 138, in _w3c_window
    send_handle(window_name)
  File "c:\Users\user\anaconda3\envs\AutoPro\Lib\site-packages\selenium\webdriver\remote\switch_to.py", line 134, in send_handle
    self._driver.execute(Command.SWITCH_TO_WINDOW, {"handle": h})
  File "c:\Users\user\anaconda3\envs\AutoPro\Lib\site-packages\selenium\webdriver\remote\webdriver.py", line 447, in execute
    self.error_handler.check_response(response)
  File "c:\Users\user\anaconda3\envs\AutoPro\Lib\site-packages\selenium\webdriver\remote\errorhandler.py", line 232, in check_response
    raise exception_class(message, screen, stacktrace)
selenium.common.exceptions.InvalidSessionIdException: Message: invalid session id: session deleted as the browser has closed the connection
from disconnected: not connected to DevTools
  (Session info: chrome=139.0.7258.67)
Stacktrace:
	GetHandleVerifier [0x0x3efd23+62915]
	GetHandleVerifier [0x0x3efd64+62980]
	(No symbol) [0x0x223e13]
	(No symbol) [0x0x2122c8]
	(No symbol) [0x0x21324d]
	(No symbol) [0x0x224823]
	(No symbol) [0x0x2027a5]
	(No symbol) [0x0x2a0ae6]
	(No symbol) [0x0x2913a3]
	(No symbol) [0x0x260833]
	(No symbol) [0x0x2616a4]
	GetHandleVerifier [0x0x658d13+2590131]
	GetHandleVerifier [0x0x653f5a+2570234]
	GetHandleVerifier [0x0x4159da+217722]
	GetHandleVerifier [0x0x406048+153832]
	GetHandleVerifier [0x0x40c4ad+179533]
	GetHandleVerifier [0x0x3f7728+94152]
	GetHandleVerifier [0x0x3f78b2+94546]
	GetHandleVerifier [0x0x3e2bca+9322]
	BaseThreadInitThunk [0x0x76965d49+25]
	RtlInitializeExceptionChain [0x0x77b8d2fb+107]
	RtlGetAppContainerNamedObjectPath [0x0x77b8d281+561]


During handling of the above exception, another exception occurred:

Traceback (most recent call last):
  File "C:\Users\user\Desktop\Bridzzi\src\naver\Cafe_Viral\cafe_viral_only_vewnum.py", line 62, in <module>
    status = naver_cafe_bot.manual_cafe_viewnum_process()
             ^^^^^^^^^^^^^^^^^^^^^^^^^^^^^^^^^^^^^^^^^^^^
  File "C:\Users\user\Desktop\Bridzzi\util\platform\naver\n_cafe_bot.py", line 849, in manual_cafe_viewnum_process
    self._view_num_add(url, view_count)
  File "C:\Users\user\Desktop\Bridzzi\util\platform\naver\n_cafe_bot.py", line 798, in _view_num_add
    pcdriver.update_chromedriver()
  File "C:\Users\user\Desktop\Bridzzi\util\selenium\pcdriver.py", line 82, in update_chromedriver
    update_chrome()
  File "C:\Users\user\Desktop\Bridzzi\util\selenium\pcdriver.py", line 40, in update_chrome
    status = get_chrome_update_status(driver)
             ^^^^^^^^^^^^^^^^^^^^^^^^^^^^^^^^
  File "C:\Users\user\Desktop\Bridzzi\util\selenium\pcdriver.py", line 29, in get_chrome_update_status
    return driver.execute_script(script)
           ^^^^^^^^^^^^^^^^^^^^^^^^^^^^^
  File "c:\Users\user\anaconda3\envs\AutoPro\Lib\site-packages\selenium\webdriver\remote\webdriver.py", line 544, in execute_script
    return self.execute(command, {"script": script, "args": converted_args})["value"]
           ^^^^^^^^^^^^^^^^^^^^^^^^^^^^^^^^^^^^^^^^^^^^^^^^^^^^^^^^^^^^^^^^^
  File "c:\Users\user\anaconda3\envs\AutoPro\Lib\site-packages\selenium\webdriver\remote\webdriver.py", line 447, in execute
    self.error_handler.check_response(response)
  File "c:\Users\user\anaconda3\envs\AutoPro\Lib\site-packages\selenium\webdriver\remote\errorhandler.py", line 232, in check_response
    raise exception_class(message, screen, stacktrace)
selenium.common.exceptions.InvalidSessionIdException: Message: invalid session id: session deleted as the browser has closed the connection
from disconnected: not connected to DevTools
  (Session info: chrome=139.0.7258.67)
Stacktrace:
	GetHandleVerifier [0x0x7ff6a8c46b55+79621]
	GetHandleVerifier [0x0x7ff6a8c46bb0+79712]
	(No symbol) [0x0x7ff6a89dc0ea]
	(No symbol) [0x0x7ff6a89c8355]
	(No symbol) [0x0x7ff6a89ecefa]
	(No symbol) [0x0x7ff6a8a62845]
	(No symbol) [0x0x7ff6a8a82d02]
	(No symbol) [0x0x7ff6a8a5af13]
	(No symbol) [0x0x7ff6a8a24151]
	(No symbol) [0x0x7ff6a8a24ee3]
	GetHandleVerifier [0x0x7ff6a8f0686d+2962461]
	GetHandleVerifier [0x0x7ff6a8f00b8d+2938685]
	GetHandleVerifier [0x0x7ff6a8f1f74d+3064573]
	GetHandleVerifier [0x0x7ff6a8c60c9e+186446]
	GetHandleVerifier [0x0x7ff6a8c68a6f+218655]
	GetHandleVerifier [0x0x7ff6a8c4f944+115956]
	GetHandleVerifier [0x0x7ff6a8c4faf9+116393]
	GetHandleVerifier [0x0x7ff6a8c35f28+10968]
	BaseThreadInitThunk [0x0x7ff9559ee8d7+23]
	RtlUserThreadStart [0x0x7ff95643c34c+44]



오류가 발생하였습니다. 확인 부탁드립니다
2025-08-11 16:27:40,139 - ERROR - Traceback (most recent call last):
2025-08-11 16:27:40,139 - ERROR - File "C:\Users\user\Desktop\Bridzzi\util\platform\naver\n_cafe_bot.py", line 791, in _view_num_add
    self._open_tabs_and_visit_url(link, count)
2025-08-11 16:27:40,139 - ERROR - File "C:\Users\user\Desktop\Bridzzi\util\platform\naver\n_cafe_bot.py", line 775, in _open_tabs_and_visit_url
    self.browser.switch_to.window(handle)
2025-08-11 16:27:40,139 - ERROR - File "c:\Users\user\anaconda3\envs\AutoPro\Lib\site-packages\selenium\webdriver\remote\switch_to.py", line 130, in window
    self._w3c_window(window_name)
2025-08-11 16:27:40,139 - ERROR - File "c:\Users\user\anaconda3\envs\AutoPro\Lib\site-packages\selenium\webdriver\remote\switch_to.py", line 138, in _w3c_window
    send_handle(window_name)
2025-08-11 16:27:40,139 - ERROR - File "c:\Users\user\anaconda3\envs\AutoPro\Lib\site-packages\selenium\webdriver\remote\switch_to.py", line 134, in send_handle
    self._driver.execute(Command.SWITCH_TO_WINDOW, {"handle": h})
2025-08-11 16:27:40,139 - ERROR - File "c:\Users\user\anaconda3\envs\AutoPro\Lib\site-packages\selenium\webdriver\remote\webdriver.py", line 447, in execute
    self.error_handler.check_response(response)
2025-08-11 16:27:40,139 - ERROR - File "c:\Users\user\anaconda3\envs\AutoPro\Lib\site-packages\selenium\webdriver\remote\errorhandler.py", line 232, in check_response
    raise exception_class(message, screen, stacktrace)
2025-08-11 16:27:40,139 - ERROR - selenium.common.exceptions.InvalidSessionIdException: Message: invalid session id: session deleted as the browser has closed the connection
from disconnected: not connected to DevTools
  (Session info: chrome=139.0.7258.67)
Stacktrace:
	GetHandleVerifier [0x0x3efd23+62915]
	GetHandleVerifier [0x0x3efd64+62980]
	(No symbol) [0x0x223e13]
	(No symbol) [0x0x2122c8]
	(No symbol) [0x0x21324d]
	(No symbol) [0x0x224823]
	(No symbol) [0x0x2027a5]
	(No symbol) [0x0x2a0ae6]
	(No symbol) [0x0x2913a3]
	(No symbol) [0x0x260833]
	(No symbol) [0x0x2616a4]
	GetHandleVerifier [0x0x658d13+2590131]
	GetHandleVerifier [0x0x653f5a+2570234]
	GetHandleVerifier [0x0x4159da+217722]
	GetHandleVerifier [0x0x406048+153832]
	GetHandleVerifier [0x0x40c4ad+179533]
	GetHandleVerifier [0x0x3f7728+94152]
	GetHandleVerifier [0x0x3f78b2+94546]
	GetHandleVerifier [0x0x3e2bca+9322]
	BaseThreadInitThunk [0x0x76965d49+25]
	RtlInitializeExceptionChain [0x0x77b8d2fb+107]
	RtlGetAppContainerNamedObjectPath [0x0x77b8d281+561]
2025-08-11 16:27:40,139 - ERROR - During handling of the above exception, another exception occurred:
2025-08-11 16:27:40,139 - ERROR - Traceback (most recent call last):
2025-08-11 16:27:40,139 - ERROR - File "C:\Users\user\Desktop\Bridzzi\src\naver\Cafe_Viral\cafe_viral_only_vewnum.py", line 62, in <module>
    status = naver_cafe_bot.manual_cafe_viewnum_process()
             ^^^^^^^^^^^^^^^^^^^^^^^^^^^^^^^^^^^^^^^^^^^^
2025-08-11 16:27:40,139 - ERROR - File "C:\Users\user\Desktop\Bridzzi\util\platform\naver\n_cafe_bot.py", line 849, in manual_cafe_viewnum_process
    self._view_num_add(url, view_count)
2025-08-11 16:27:40,139 - ERROR - File "C:\Users\user\Desktop\Bridzzi\util\platform\naver\n_cafe_bot.py", line 798, in _view_num_add
    pcdriver.update_chromedriver()
2025-08-11 16:27:40,139 - ERROR - File "C:\Users\user\Desktop\Bridzzi\util\selenium\pcdriver.py", line 82, in update_chromedriver
    update_chrome()
2025-08-11 16:27:40,139 - ERROR - File "C:\Users\user\Desktop\Bridzzi\util\selenium\pcdriver.py", line 40, in update_chrome
    status = get_chrome_update_status(driver)
             ^^^^^^^^^^^^^^^^^^^^^^^^^^^^^^^^
2025-08-11 16:27:40,139 - ERROR - File "C:\Users\user\Desktop\Bridzzi\util\selenium\pcdriver.py", line 29, in get_chrome_update_status
    return driver.execute_script(script)
           ^^^^^^^^^^^^^^^^^^^^^^^^^^^^^
2025-08-11 16:27:40,139 - ERROR - File "c:\Users\user\anaconda3\envs\AutoPro\Lib\site-packages\selenium\webdriver\remote\webdriver.py", line 544, in execute_script
    return self.execute(command, {"script": script, "args": converted_args})["value"]
           ^^^^^^^^^^^^^^^^^^^^^^^^^^^^^^^^^^^^^^^^^^^^^^^^^^^^^^^^^^^^^^^^^
2025-08-11 16:27:40,139 - ERROR - File "c:\Users\user\anaconda3\envs\AutoPro\Lib\site-packages\selenium\webdriver\remote\webdriver.py", line 447, in execute
    self.error_handler.check_response(response)
2025-08-11 16:27:40,139 - ERROR - File "c:\Users\user\anaconda3\envs\AutoPro\Lib\site-packages\selenium\webdriver\remote\errorhandler.py", line 232, in check_response
    raise exception_class(message, screen, stacktrace)
2025-08-11 16:27:40,139 - ERROR - selenium.common.exceptions.InvalidSessionIdException: Message: invalid session id: session deleted as the browser has closed the connection
from disconnected: not connected to DevTools
  (Session info: chrome=139.0.7258.67)
Stacktrace:
	GetHandleVerifier [0x0x7ff6a8c46b55+79621]
	GetHandleVerifier [0x0x7ff6a8c46bb0+79712]
	(No symbol) [0x0x7ff6a89dc0ea]
	(No symbol) [0x0x7ff6a89c8355]
	(No symbol) [0x0x7ff6a89ecefa]
	(No symbol) [0x0x7ff6a8a62845]
	(No symbol) [0x0x7ff6a8a82d02]
	(No symbol) [0x0x7ff6a8a5af13]
	(No symbol) [0x0x7ff6a8a24151]
	(No symbol) [0x0x7ff6a8a24ee3]
	GetHandleVerifier [0x0x7ff6a8f0686d+2962461]
	GetHandleVerifier [0x0x7ff6a8f00b8d+2938685]
	GetHandleVerifier [0x0x7ff6a8f1f74d+3064573]
	GetHandleVerifier [0x0x7ff6a8c60c9e+186446]
	GetHandleVerifier [0x0x7ff6a8c68a6f+218655]
	GetHandleVerifier [0x0x7ff6a8c4f944+115956]
	GetHandleVerifier [0x0x7ff6a8c4faf9+116393]
	GetHandleVerifier [0x0x7ff6a8c35f28+10968]
	BaseThreadInitThunk [0x0x7ff9559ee8d7+23]
	RtlUserThreadStart [0x0x7ff95643c34c+44]
2025-08-11 16:27:40,247 - INFO - ✅ chromedriver 종료 결과: ChromeDriver 종료
2025-08-11 16:27:40,247 - INFO - ✅ Chrome 종료 결과: Chrome 종료
