2025-08-06 21:18:52,307 - INFO - ==================================
2025-08-06 21:18:52,308 - INFO - #1 바이럴 글쓰기 작업을 시작합니다.
2025-08-06 21:20:48,471 - INFO - 바이럴대시보드TEST - Success 구글 시트에서 데이터를 성공적으로 가져왔습니다.
2025-08-06 21:20:48,473 - INFO - ==================================
2025-08-06 21:20:48,473 - INFO - ★★★ IP 변경 - START ★★★
2025-08-06 21:20:48,473 - INFO - [#1 mobile_ip 전환 - try ]
2025-08-06 21:20:48,899 - INFO - [# USB테더링 전환 #] - 성공
2025-08-06 21:20:48,899 - INFO - [#1 mobile_ip 전환 - success ]
2025-08-06 21:20:48,900 - INFO - -----------------------------
2025-08-06 21:20:48,900 - INFO - [#2 before_ip 추출] - try
2025-08-06 21:20:48,900 - INFO - -- 'https://ipinfo.io/ip'에서 public IP를 추출합니다....
2025-08-06 21:20:49,268 - INFO - -- 'https://ipinfo.io/ip' : 39.7.28.51
2025-08-06 21:20:49,268 - INFO - [#2 before_ip 추출] - success : 39.7.28.51
2025-08-06 21:20:49,268 - INFO - -----------------------------
2025-08-06 21:20:49,696 - INFO - --- 모바일 데이터 off - 성공
2025-08-06 21:20:50,127 - INFO - --- 비행기 모드 on - 성공
2025-08-06 21:20:50,522 - INFO - --- 비행기 모드 off - 성공
2025-08-06 21:20:50,938 - INFO - --- 모바일 데이터 on - 성공
2025-08-06 21:20:50,938 - INFO - [#3 after_ip 추출] - try
2025-08-06 21:20:50,938 - INFO - -- 'https://ipinfo.io/ip'에서 public IP를 추출합니다....
2025-08-06 21:20:51,944 - INFO - - 추출 실패 1/3 재시도
2025-08-06 21:20:52,847 - INFO - -- 'https://ipinfo.io/ip' : 118.235.3.70
2025-08-06 21:20:52,847 - INFO - [#3 after_ip 추출] - success : 118.235.3.70
2025-08-06 21:20:52,847 - INFO - Success -IP 변경(성공): before 39.7.28.51 => after 118.235.3.70
2025-08-06 21:20:52,847 - INFO - ★★★ IP 변경 - Success ★★★
2025-08-06 21:20:52,847 - INFO - ==================================
2025-08-06 21:20:53,873 - ERROR - 1/10번째 [ cafe_viral_viewnum_comment.py 프로그램 ] - < Exception 발생 >
~~ 1번째 에러 도달 ~~
Traceback (most recent call last):
  File "c:\Users\user\anaconda3\envs\AutoPro\Lib\site-packages\pandas\core\indexes\base.py", line 3805, in get_loc
    return self._engine.get_loc(casted_key)
           ^^^^^^^^^^^^^^^^^^^^^^^^^^^^^^^^
  File "index.pyx", line 167, in pandas._libs.index.IndexEngine.get_loc
  File "index.pyx", line 196, in pandas._libs.index.IndexEngine.get_loc
  File "pandas\\_libs\\hashtable_class_helper.pxi", line 7081, in pandas._libs.hashtable.PyObjectHashTable.get_item
  File "pandas\\_libs\\hashtable_class_helper.pxi", line 7089, in pandas._libs.hashtable.PyObjectHashTable.get_item
KeyError: 'ID'

The above exception was the direct cause of the following exception:

Traceback (most recent call last):
  File "C:\Users\user\Desktop\Bridzzi\src\naver\Cafe_Viral\cafe_viral_viewnum_comment.py", line 1082, in <module>
    if status := naver_cafe_bot.cafe_post_comment_start(googlesheet):
                 ^^^^^^^^^^^^^^^^^^^^^^^^^^^^^^^^^^^^^^^^^^^^^^^^^^^
  File "C:\Users\user\Desktop\Bridzzi\util\platform\naver\n_cafe_bot.py", line 804, in cafe_post_comment_start
    is_completd_cafe_viral = self.cafe_viral_contents_process()
                             ^^^^^^^^^^^^^^^^^^^^^^^^^^^^^^^^^^
  File "C:\Users\user\Desktop\Bridzzi\util\platform\naver\n_cafe_bot.py", line 631, in cafe_viral_contents_process
    self._ID_inint_browser(data)
  File "C:\Users\user\Desktop\Bridzzi\util\platform\naver\n_cafe_bot.py", line 39, in _ID_inint_browser
    self.init_mo_browser(data)
  File "C:\Users\user\Desktop\Bridzzi\util\platform\naver\base\naver_base.py", line 48, in init_mo_browser
    self.browser = mdriver.make_uc_driver(data['ID'], UA, GEO_data)
                                          ~~~~^^^^^^
  File "c:\Users\user\anaconda3\envs\AutoPro\Lib\site-packages\pandas\core\series.py", line 1121, in __getitem__
    return self._get_value(key)
           ^^^^^^^^^^^^^^^^^^^^
  File "c:\Users\user\anaconda3\envs\AutoPro\Lib\site-packages\pandas\core\series.py", line 1237, in _get_value
    loc = self.index.get_loc(label)
          ^^^^^^^^^^^^^^^^^^^^^^^^^
  File "c:\Users\user\anaconda3\envs\AutoPro\Lib\site-packages\pandas\core\indexes\base.py", line 3812, in get_loc
    raise KeyError(key) from err
KeyError: 'ID'


오류가 발생하였습니다. 확인 부탁드립니다
2025-08-06 21:20:53,877 - ERROR - Traceback (most recent call last):
2025-08-06 21:20:53,878 - ERROR - File "c:\Users\user\anaconda3\envs\AutoPro\Lib\site-packages\pandas\core\indexes\base.py", line 3805, in get_loc
    return self._engine.get_loc(casted_key)
           ^^^^^^^^^^^^^^^^^^^^^^^^^^^^^^^^
2025-08-06 21:20:53,878 - ERROR - File "index.pyx", line 167, in pandas._libs.index.IndexEngine.get_loc
2025-08-06 21:20:53,878 - ERROR - File "index.pyx", line 196, in pandas._libs.index.IndexEngine.get_loc
2025-08-06 21:20:53,878 - ERROR - File "pandas\\_libs\\hashtable_class_helper.pxi", line 7081, in pandas._libs.hashtable.PyObjectHashTable.get_item
2025-08-06 21:20:53,878 - ERROR - File "pandas\\_libs\\hashtable_class_helper.pxi", line 7089, in pandas._libs.hashtable.PyObjectHashTable.get_item
2025-08-06 21:20:53,878 - ERROR - KeyError: 'ID'
2025-08-06 21:20:53,878 - ERROR - The above exception was the direct cause of the following exception:
2025-08-06 21:20:53,878 - ERROR - Traceback (most recent call last):
2025-08-06 21:20:53,878 - ERROR - File "C:\Users\user\Desktop\Bridzzi\src\naver\Cafe_Viral\cafe_viral_viewnum_comment.py", line 1082, in <module>
    if status := naver_cafe_bot.cafe_post_comment_start(googlesheet):
                 ^^^^^^^^^^^^^^^^^^^^^^^^^^^^^^^^^^^^^^^^^^^^^^^^^^^
2025-08-06 21:20:53,878 - ERROR - File "C:\Users\user\Desktop\Bridzzi\util\platform\naver\n_cafe_bot.py", line 804, in cafe_post_comment_start
    is_completd_cafe_viral = self.cafe_viral_contents_process()
                             ^^^^^^^^^^^^^^^^^^^^^^^^^^^^^^^^^^
2025-08-06 21:20:53,878 - ERROR - File "C:\Users\user\Desktop\Bridzzi\util\platform\naver\n_cafe_bot.py", line 631, in cafe_viral_contents_process
    self._ID_inint_browser(data)
2025-08-06 21:20:53,878 - ERROR - File "C:\Users\user\Desktop\Bridzzi\util\platform\naver\n_cafe_bot.py", line 39, in _ID_inint_browser
    self.init_mo_browser(data)
2025-08-06 21:20:53,878 - ERROR - File "C:\Users\user\Desktop\Bridzzi\util\platform\naver\base\naver_base.py", line 48, in init_mo_browser
    self.browser = mdriver.make_uc_driver(data['ID'], UA, GEO_data)
                                          ~~~~^^^^^^
2025-08-06 21:20:53,878 - ERROR - File "c:\Users\user\anaconda3\envs\AutoPro\Lib\site-packages\pandas\core\series.py", line 1121, in __getitem__
    return self._get_value(key)
           ^^^^^^^^^^^^^^^^^^^^
2025-08-06 21:20:53,878 - ERROR - File "c:\Users\user\anaconda3\envs\AutoPro\Lib\site-packages\pandas\core\series.py", line 1237, in _get_value
    loc = self.index.get_loc(label)
          ^^^^^^^^^^^^^^^^^^^^^^^^^
2025-08-06 21:20:53,878 - ERROR - File "c:\Users\user\anaconda3\envs\AutoPro\Lib\site-packages\pandas\core\indexes\base.py", line 3812, in get_loc
    raise KeyError(key) from err
2025-08-06 21:20:53,878 - ERROR - KeyError: 'ID'
2025-08-06 21:20:54,152 - INFO - ✅ chromedriver 종료 결과: ChromeDriver 종료
2025-08-06 21:20:54,152 - INFO - ✅ Chrome 종료 결과: Chrome 종료
2025-08-06 21:20:55,153 - INFO - ==================================
2025-08-06 21:20:55,153 - INFO - ★ 크롬 브라우저 - 자동 업데이트 ★
2025-08-06 21:20:55,291 - INFO - ==================================
2025-08-06 21:20:55,291 - INFO - ★ 이더넷(유선 & Wi-Fi) 전환 - 시도 ★
2025-08-06 21:20:55,416 - INFO - -----------------------------
2025-08-06 21:20:55,416 - INFO - 모바일 USB 어뎁터 - 비활성화(시도 & 명령어 작동)
2025-08-06 21:21:14,099 - INFO - -----------------------------
2025-08-06 21:21:14,099 - INFO - 이더넷(WI-FI, 랜선) 어뎁터 - 활성화(시도 & 명령어 작동)
2025-08-06 21:21:18,990 - INFO - 모바일 USB 어뎁터가 비활성화 되었습니다.
2025-08-06 21:21:33,118 - INFO - 이더넷 어뎁터가 활성화 되었습니다.
2025-08-06 21:21:33,538 - INFO - ★ 이더넷(유선 & Wi-Fi) 전환 - Success ★
2025-08-06 21:21:33,538 - INFO - ==================================
2025-08-06 21:21:33,716 - INFO - [현재 크롬 버전] : 139.0.7258.67
2025-08-06 21:21:35,874 - INFO - Chrome 업데이트를 확인하는 중...
2025-08-06 21:21:37,877 - INFO - ==================================
2025-08-06 21:21:37,877 - INFO - Chrome 상태 : Chrome이 최신 버전임
2025-08-06 21:21:37,877 - INFO - -----------------------------
2025-08-06 21:21:37,877 - INFO - ✅ Chrome이 최신 버전입니다. 종료합니다.
2025-08-06 21:21:37,877 - INFO - ==================================
2025-08-06 21:21:41,494 - INFO - ==================================
2025-08-06 21:21:41,494 - ERROR - Uncaught exception
Traceback (most recent call last):
  File "c:\Users\user\anaconda3\envs\AutoPro\Lib\site-packages\pandas\core\indexes\base.py", line 3805, in get_loc
    return self._engine.get_loc(casted_key)
           ^^^^^^^^^^^^^^^^^^^^^^^^^^^^^^^^
  File "index.pyx", line 167, in pandas._libs.index.IndexEngine.get_loc
  File "index.pyx", line 196, in pandas._libs.index.IndexEngine.get_loc
  File "pandas\\_libs\\hashtable_class_helper.pxi", line 7081, in pandas._libs.hashtable.PyObjectHashTable.get_item
  File "pandas\\_libs\\hashtable_class_helper.pxi", line 7089, in pandas._libs.hashtable.PyObjectHashTable.get_item
KeyError: 'ID'

The above exception was the direct cause of the following exception:

Traceback (most recent call last):
  File "C:\Users\user\Desktop\Bridzzi\src\naver\Cafe_Viral\cafe_viral_viewnum_comment.py", line 1082, in <module>
    if status := naver_cafe_bot.cafe_post_comment_start(googlesheet):
                 ^^^^^^^^^^^^^^^^^^^^^^^^^^^^^^^^^^^^^^^^^^^^^^^^^^^
  File "C:\Users\user\Desktop\Bridzzi\util\platform\naver\n_cafe_bot.py", line 804, in cafe_post_comment_start
    while True:
                
  File "C:\Users\user\Desktop\Bridzzi\util\platform\naver\n_cafe_bot.py", line 631, in cafe_viral_contents_process
    continue
  File "C:\Users\user\Desktop\Bridzzi\util\platform\naver\n_cafe_bot.py", line 39, in _ID_inint_browser
    self.init_mo_browser(data)
  File "C:\Users\user\Desktop\Bridzzi\util\platform\naver\base\naver_base.py", line 48, in init_mo_browser
    self.browser = mdriver.make_uc_driver(data['ID'], UA, GEO_data)
                                          ~~~~^^^^^^
  File "c:\Users\user\anaconda3\envs\AutoPro\Lib\site-packages\pandas\core\series.py", line 1121, in __getitem__
    return self._get_value(key)
           ^^^^^^^^^^^^^^^^^^^^
  File "c:\Users\user\anaconda3\envs\AutoPro\Lib\site-packages\pandas\core\series.py", line 1237, in _get_value
    loc = self.index.get_loc(label)
          ^^^^^^^^^^^^^^^^^^^^^^^^^
  File "c:\Users\user\anaconda3\envs\AutoPro\Lib\site-packages\pandas\core\indexes\base.py", line 3812, in get_loc
    raise KeyError(key) from err
KeyError: 'ID'

During handling of the above exception, another exception occurred:

Traceback (most recent call last):
  File "C:\Users\user\Desktop\Bridzzi\src\naver\Cafe_Viral\cafe_viral_viewnum_comment.py", line 1134, in <module>
    previous_length = len(previous_error) if previous_error is not None else 0
                                             ^^^^^^^^^^^^^^
NameError: name 'previous_error' is not defined
