2025-08-06 22:34:54,546 - INFO - ==================================
2025-08-06 22:34:54,546 - INFO - #1 바이럴 글쓰기 작업을 시작합니다.
2025-08-06 22:34:54,547 - INFO - 시트이름: 바이럴대시보드TEST
2025-08-06 22:34:54,547 - INFO - 구글 시트 로드 - 시도중....
2025-08-06 22:34:56,878 - INFO - 구글 시트 로드 - 완료
2025-08-06 22:36:16,990 - INFO - 바이럴대시보드TEST - Success 구글 시트에서 데이터를 성공적으로 가져왔습니다.
2025-08-06 22:36:16,990 - INFO - ==================================
2025-08-06 22:36:16,997 - INFO - ★★★ IP 변경 - START ★★★
2025-08-06 22:36:16,997 - INFO - [#1 mobile_ip 전환 - try ]
2025-08-06 22:36:17,221 - INFO - [ 모바일IP 전환 - 시도 ]
2025-08-06 22:36:17,261 - INFO - --- ADB 모바일 연결 [진행]
2025-08-06 22:36:17,394 - INFO - --- USB테더링 리미트 해제 [진행]
2025-08-06 22:36:18,629 - INFO - --- USB테더링 활성화 - 성공
2025-08-06 22:36:18,629 - INFO - -----------------------------
2025-08-06 22:36:19,504 - INFO - --- 모바일 USB 어뎁터 - 활성화(시도 & 명령어 작동)
2025-08-06 22:36:19,954 - INFO - --- USB 어댑터 찾기 및 활성화 시도 [완료]
2025-08-06 22:36:19,956 - INFO - --- 이더넷(WI-FI, 랜선) 어뎁터 - 비활성화(시도 & 명령어 작동)
2025-08-06 22:36:23,190 - INFO - --- USB 어댑터 외의 모든 어댑터 비활성화 시도 [완료]
2025-08-06 22:36:25,768 - INFO - --- USB 어뎁터가 활성화 [확인]
2025-08-06 22:36:28,108 - INFO - --- 이더넷 어뎁터가 비활성화 [확인]
2025-08-06 22:36:28,108 - INFO - -----------------------------
2025-08-06 22:36:28,239 - INFO - --- WiFi off - 성공
2025-08-06 22:36:28,363 - INFO - --- '모바일 데이터' on - 성공
2025-08-06 22:36:29,596 - INFO - ★ 모바일IP 전환 - Success ★
2025-08-06 22:36:29,596 - INFO - [# USB테더링 전환 #] - 성공
2025-08-06 22:36:29,598 - INFO - [#1 mobile_ip 전환 - success ]
2025-08-06 22:36:29,598 - INFO - -----------------------------
2025-08-06 22:36:29,598 - INFO - [#2 before_ip 추출] - try
2025-08-06 22:36:29,598 - INFO - -- 'https://ipinfo.io/ip'에서 public IP를 추출합니다....
2025-08-06 22:36:29,970 - INFO - -- 'https://ipinfo.io/ip' : 211.246.68.146
2025-08-06 22:36:29,970 - INFO - [#2 before_ip 추출] - success : 211.246.68.146
2025-08-06 22:36:29,970 - INFO - -----------------------------
2025-08-06 22:36:30,359 - INFO - --- 모바일 데이터 off - 성공
2025-08-06 22:36:30,782 - INFO - --- 비행기 모드 on - 성공
2025-08-06 22:36:31,131 - INFO - --- 비행기 모드 off - 성공
2025-08-06 22:36:31,584 - INFO - --- 모바일 데이터 on - 성공
2025-08-06 22:36:31,584 - INFO - [#3 after_ip 추출] - try
2025-08-06 22:36:31,584 - INFO - -- 'https://ipinfo.io/ip'에서 public IP를 추출합니다....
2025-08-06 22:36:32,597 - INFO - - 추출 실패 1/3 재시도
2025-08-06 22:36:33,571 - INFO - -- 'https://ipinfo.io/ip' : 39.7.230.185
2025-08-06 22:36:33,577 - INFO - [#3 after_ip 추출] - success : 39.7.230.185
2025-08-06 22:36:33,577 - INFO - Success -IP 변경(성공): before 211.246.68.146 => after 39.7.230.185
2025-08-06 22:36:33,577 - INFO - ★★★ IP 변경 - Success ★★★
2025-08-06 22:36:33,577 - INFO - ==================================
2025-08-06 22:36:34,755 - INFO - C:\program_cookies 폴더 크기: 0.56 GB
2025-08-06 22:36:34,774 - INFO - C:\program_cookies\Mobile_defg456hij 폴더 크기: 0.04 GB
2025-08-06 22:36:34,775 - INFO - 쿠키 기록을 남기도록 C:\program_cookies\Mobile_defg456hij 폴더를 지정합니다.
2025-08-06 22:36:34,775 - INFO - fixed UA가 있습니다.
2025-08-06 22:36:34,775 - INFO - fixed된 UA는 Mozilla/5.0 (Linux; Android 11; SM-A525F) AppleWebKit/537.36 (KHTML, like Gecko) Chrome/95.0.4621.1 Mobile Safari/537.36입니다.
2025-08-06 22:36:34,775 - INFO - 옵션 수동설정을 시작합니다.
2025-08-06 22:36:34,775 - INFO - 드라이브 옵션 기입 완료했습니다.
2025-08-06 22:36:40,212 - INFO - 크롬창을 열었습니다.
2025-08-06 22:36:40,212 - INFO - Android
2025-08-06 22:36:40,224 - INFO - geo 정보를 랜덤으로 변경합니다..
2025-08-06 22:36:40,224 - INFO - FIXED gps 정보를 적용합니다.
2025-08-06 22:36:40,224 - INFO - FIXED gps 정보는 {'latitude': 37.5491199, 'longitude': 127.167448, 'accuracy': 100} 입니다.
2025-08-06 22:36:40,606 - INFO - 모든 변경이 완료되었습니다...
2025-08-06 22:36:40,607 - INFO - ~~~~~~~~~~
2025-08-06 22:36:41,016 - INFO - [ NAVER_ID : defg456hij ]
2025-08-06 22:36:43,225 - INFO - [완료] 1. 네이버 모바일 홈페이지 get
2025-08-06 22:36:45,532 - INFO - [완료] 2. 네이버 사이드 메뉴
2025-08-06 22:36:48,465 - INFO - [완료] 3. 네이버 로그인 화면 - 페이지 get
2025-08-06 22:36:56,165 - INFO - [완료] 4. 네이버 로그인
2025-08-06 22:36:56,653 - INFO - (모바일) 메일 로그인 인증 작업을 시작합니다
2025-08-06 22:37:01,959 - INFO - 메일 내용 : 새로운 환경에서 로그인 되었습니다.
2025-08-06 22:37:01,974 - INFO - 새로운 환경 로그인 예 버튼을 누르러 들어갑니다.
2025-08-06 22:37:03,122 - INFO - 예 버튼을 찾습니다.
2025-08-06 22:37:03,501 - INFO - 예 버튼을 찾았습니다. 예 버튼을 누릅니다.
2025-08-06 22:37:04,891 - INFO - 예버튼을 눌렀습니다
2025-08-06 22:37:07,788 - INFO - [완료] 5. 네이버 메일 - 계정 로그인 확인
2025-08-06 22:37:14,722 - INFO - 글쓰기를 시작합니다
2025-08-06 22:37:27,730 - INFO - 랜덤이미지 경로를 찾고 있습니다
2025-08-06 22:37:27,730 - INFO - 전체 랜덤이미지 개수는 3개입니다.
2025-08-06 22:37:27,799 - INFO - ============선택이미지를 불러옵니다============
2025-08-06 22:37:27,870 - INFO - [선택사진]: 스누피팝업1.jpg
2025-08-06 22:37:27,871 - INFO - 파일 삭제: C:\카페바이럴\브리찌\선택사진\Output\backup_스누피팝업1.jpg
2025-08-06 22:37:27,871 - INFO - 파일 삭제: C:\카페바이럴\브리찌\선택사진\Output\스누피팝업1.jpg
2025-08-06 22:37:28,386 - INFO - C:\카페바이럴\브리찌\선택사진\Output\스누피팝업1.jpg
2025-08-06 22:37:28,566 - INFO - 이미지 사이즈를 500px로 축소 완료했습니다 : C:\카페바이럴\브리찌\선택사진\Output\스누피팝업1.jpg
2025-08-06 22:37:30,098 - INFO - 변경 전 메타데이터
2025-08-06 22:37:30,098 - INFO - {'0th': {}, 'Exif': {}, 'GPS': {}, 'Interop': {}, '1st': {}, 'thumbnail': None}
2025-08-06 22:37:30,098 - INFO - 변경 후 메타데이터
2025-08-06 22:37:30,106 - INFO - {'0th': {}, 'Exif': {}, 'GPS': {}, 'Interop': {}, '1st': {}, 'thumbnail': None}
2025-08-06 22:37:32,537 - INFO - 메타데이터가 추가되었습니다.
2025-08-06 22:37:32,537 - INFO - 추가된 메타데이터:
2025-08-06 22:37:32,545 - INFO - {'0th': {306: b'2025:07:26 22:37:32', 34665: 58}, 'Exif': {36867: b'2025:07:26 22:37:32', 36868: b'2025:07:26 22:37:32'}, 'GPS': {}, 'Interop': {}, '1st': {}, 'thumbnail': None}
2025-08-06 22:37:34,275 - ERROR - C:\Users\user\Desktop\Bridzzi\util\platform\naver\n_cafe_bot.py:340: DeprecationWarning: Method .SetEditText() is deprecated, use .set_edit_text() instead.
  edit.SetText(fr"{s_image_path}")
2025-08-06 22:37:34,526 - ERROR - C:\Users\user\Desktop\Bridzzi\util\platform\naver\n_cafe_bot.py:344: DeprecationWarning: Method .SetEditText() is deprecated, use .set_edit_text() instead.
  dlg.Edit.SetText(select_image)
2025-08-06 22:37:39,722 - INFO - 이미지 로딩중
2025-08-06 22:37:43,379 - INFO - ============선택이미지 첨부 완료============
2025-08-06 22:37:43,405 - INFO - ============선택이미지를 불러옵니다============
2025-08-06 22:37:43,452 - INFO - [선택사진]: 스누피팝업3.jpg
2025-08-06 22:37:43,454 - INFO - 파일 삭제: C:\카페바이럴\브리찌\선택사진\Output\backup_스누피팝업1.jpg
2025-08-06 22:37:43,454 - INFO - 파일 삭제: C:\카페바이럴\브리찌\선택사진\Output\스누피팝업1.jpg
2025-08-06 22:37:43,955 - INFO - C:\카페바이럴\브리찌\선택사진\Output\스누피팝업3.jpg
2025-08-06 22:37:44,207 - INFO - 이미지 사이즈를 500px로 축소 완료했습니다 : C:\카페바이럴\브리찌\선택사진\Output\스누피팝업3.jpg
2025-08-06 22:37:45,579 - INFO - 변경 전 메타데이터
2025-08-06 22:37:45,579 - INFO - {'0th': {}, 'Exif': {}, 'GPS': {}, 'Interop': {}, '1st': {}, 'thumbnail': None}
2025-08-06 22:37:45,580 - INFO - 변경 후 메타데이터
2025-08-06 22:37:45,588 - INFO - {'0th': {}, 'Exif': {}, 'GPS': {}, 'Interop': {}, '1st': {}, 'thumbnail': None}
2025-08-06 22:37:47,661 - INFO - 메타데이터가 추가되었습니다.
2025-08-06 22:37:47,661 - INFO - 추가된 메타데이터:
2025-08-06 22:37:47,661 - INFO - {'0th': {306: b'2025:07:10 22:37:47', 34665: 58}, 'Exif': {36867: b'2025:07:10 22:37:47', 36868: b'2025:07:10 22:37:47'}, 'GPS': {}, 'Interop': {}, '1st': {}, 'thumbnail': None}
2025-08-06 22:37:47,719 - ERROR - 1/10번째 [ cafe_viral_viewnum_comment.py 프로그램 ] - < Exception 발생 >
~~ 1번째 에러 도달 ~~
Traceback (most recent call last):
  File "C:\Users\user\Desktop\Bridzzi\util\selenium\helpers.py", line 508, in element_random_click
    ActionChains(driver).move_to_element(element).pause(random.uniform(0.01, 0.02)).move_by_offset(targetX,targetY).click().perform()
  File "c:\Users\user\anaconda3\envs\AutoPro\Lib\site-packages\selenium\webdriver\common\action_chains.py", line 93, in perform
    self.w3c_actions.perform()
  File "c:\Users\user\anaconda3\envs\AutoPro\Lib\site-packages\selenium\webdriver\common\actions\action_builder.py", line 168, in perform
    self.driver.execute(Command.W3C_ACTIONS, enc)
  File "c:\Users\user\anaconda3\envs\AutoPro\Lib\site-packages\selenium\webdriver\remote\webdriver.py", line 447, in execute
    self.error_handler.check_response(response)
  File "c:\Users\user\anaconda3\envs\AutoPro\Lib\site-packages\selenium\webdriver\remote\errorhandler.py", line 232, in check_response
    raise exception_class(message, screen, stacktrace)
selenium.common.exceptions.ElementNotInteractableException: Message: element not interactable: [object HTMLButtonElement] has no size and location
  (Session info: chrome=139.0.7258.67)
Stacktrace:
	GetHandleVerifier [0x0xfafd23+62915]
	GetHandleVerifier [0x0xfafd64+62980]
	(No symbol) [0x0xde3e13]
	(No symbol) [0x0xdea619]
	(No symbol) [0x0xdec94a]
	(No symbol) [0x0xdec9c7]
	(No symbol) [0x0xe322f4]
	(No symbol) [0x0xe31867]
	(No symbol) [0x0xe7b088]
	(No symbol) [0x0xe513dc]
	(No symbol) [0x0xe726ea]
	(No symbol) [0x0xe511d6]
	(No symbol) [0x0xe20833]
	(No symbol) [0x0xe216a4]
	GetHandleVerifier [0x0x1218d13+2590131]
	GetHandleVerifier [0x0x1213f5a+2570234]
	GetHandleVerifier [0x0xfd59da+217722]
	GetHandleVerifier [0x0xfc6048+153832]
	GetHandleVerifier [0x0xfcc4ad+179533]
	GetHandleVerifier [0x0xfb7728+94152]
	GetHandleVerifier [0x0xfb78b2+94546]
	GetHandleVerifier [0x0xfa2bca+9322]
	BaseThreadInitThunk [0x0x76965d49+25]
	RtlInitializeExceptionChain [0x0x77b8d2fb+107]
	RtlGetAppContainerNamedObjectPath [0x0x77b8d281+561]


During handling of the above exception, another exception occurred:

Traceback (most recent call last):
  File "C:\Users\user\Desktop\Bridzzi\src\naver\Cafe_Viral\cafe_viral_viewnum_comment.py", line 1081, in <module>
    if status := naver_cafe_bot.cafe_post_comment_start(googlesheet):
                 ^^^^^^^^^^^^^^^^^^^^^^^^^^^^^^^^^^^^^^^^^^^^^^^^^^^
  File "C:\Users\user\Desktop\Bridzzi\util\platform\naver\n_cafe_bot.py", line 839, in cafe_post_comment_start
    is_completd_cafe_viral = self.cafe_viral_contents_process()
                             ^^^^^^^^^^^^^^^^^^^^^^^^^^^^^^^^^^
  File "C:\Users\user\Desktop\Bridzzi\util\platform\naver\n_cafe_bot.py", line 655, in cafe_viral_contents_process
    if not self._cafe_viral_post(data):
           ^^^^^^^^^^^^^^^^^^^^^^^^^^^
  File "C:\Users\user\Desktop\Bridzzi\util\platform\naver\n_cafe_bot.py", line 596, in _cafe_viral_post
    write_content_url = self._write_contents(data)
            ^^^^^^^^^^^^^^^^^^^^^^^^^^
  File "C:\Users\user\Desktop\Bridzzi\util\platform\naver\n_cafe_bot.py", line 548, in _write_contents
    self._onebyonetext(data['본문'], data['랜덤사진경로'], data['선택사진경로'], data['동영상경로'])
  File "C:\Users\user\Desktop\Bridzzi\util\platform\naver\n_cafe_bot.py", line 484, in _onebyonetext
    self._specialfunction(specialword, r_image_path, s_image_path, video_path)
  File "C:\Users\user\Desktop\Bridzzi\util\platform\naver\n_cafe_bot.py", line 328, in _specialfunction
    selenium_util.element_random_click(self.browser, picture_button_element)
  File "C:\Users\user\Desktop\Bridzzi\util\selenium\helpers.py", line 514, in element_random_click
    ActionChains(driver).move_to_element(element).pause(random.uniform(0.01, 0.02)).move_by_offset(targetX,targetY).click().perform()
  File "c:\Users\user\anaconda3\envs\AutoPro\Lib\site-packages\selenium\webdriver\common\action_chains.py", line 93, in perform
    self.w3c_actions.perform()
  File "c:\Users\user\anaconda3\envs\AutoPro\Lib\site-packages\selenium\webdriver\common\actions\action_builder.py", line 168, in perform
    self.driver.execute(Command.W3C_ACTIONS, enc)
  File "c:\Users\user\anaconda3\envs\AutoPro\Lib\site-packages\selenium\webdriver\remote\webdriver.py", line 447, in execute
    self.error_handler.check_response(response)
  File "c:\Users\user\anaconda3\envs\AutoPro\Lib\site-packages\selenium\webdriver\remote\errorhandler.py", line 232, in check_response
    raise exception_class(message, screen, stacktrace)
selenium.common.exceptions.ElementNotInteractableException: Message: element not interactable: [object HTMLButtonElement] has no size and location
  (Session info: chrome=139.0.7258.67)
Stacktrace:
	GetHandleVerifier [0x0xfafd23+62915]
	GetHandleVerifier [0x0xfafd64+62980]
	(No symbol) [0x0xde3e13]
	(No symbol) [0x0xdea619]
	(No symbol) [0x0xdec94a]
	(No symbol) [0x0xdec9c7]
	(No symbol) [0x0xe322f4]
	(No symbol) [0x0xe31867]
	(No symbol) [0x0xe7b088]
	(No symbol) [0x0xe513dc]
	(No symbol) [0x0xe726ea]
	(No symbol) [0x0xe511d6]
	(No symbol) [0x0xe20833]
	(No symbol) [0x0xe216a4]
	GetHandleVerifier [0x0x1218d13+2590131]
	GetHandleVerifier [0x0x1213f5a+2570234]
	GetHandleVerifier [0x0xfd59da+217722]
	GetHandleVerifier [0x0xfc6048+153832]
	GetHandleVerifier [0x0xfcc4ad+179533]
	GetHandleVerifier [0x0xfb7728+94152]
	GetHandleVerifier [0x0xfb78b2+94546]
	GetHandleVerifier [0x0xfa2bca+9322]
	BaseThreadInitThunk [0x0x76965d49+25]
	RtlInitializeExceptionChain [0x0x77b8d2fb+107]
	RtlGetAppContainerNamedObjectPath [0x0x77b8d281+561]



오류가 발생하였습니다. 확인 부탁드립니다
2025-08-06 22:37:47,720 - ERROR - Traceback (most recent call last):
2025-08-06 22:37:47,720 - ERROR - File "C:\Users\user\Desktop\Bridzzi\util\selenium\helpers.py", line 508, in element_random_click
    ActionChains(driver).move_to_element(element).pause(random.uniform(0.01, 0.02)).move_by_offset(targetX,targetY).click().perform()
2025-08-06 22:37:47,721 - ERROR - File "c:\Users\user\anaconda3\envs\AutoPro\Lib\site-packages\selenium\webdriver\common\action_chains.py", line 93, in perform
    self.w3c_actions.perform()
2025-08-06 22:37:47,721 - ERROR - File "c:\Users\user\anaconda3\envs\AutoPro\Lib\site-packages\selenium\webdriver\common\actions\action_builder.py", line 168, in perform
    self.driver.execute(Command.W3C_ACTIONS, enc)
2025-08-06 22:37:47,721 - ERROR - File "c:\Users\user\anaconda3\envs\AutoPro\Lib\site-packages\selenium\webdriver\remote\webdriver.py", line 447, in execute
    self.error_handler.check_response(response)
2025-08-06 22:37:47,721 - ERROR - File "c:\Users\user\anaconda3\envs\AutoPro\Lib\site-packages\selenium\webdriver\remote\errorhandler.py", line 232, in check_response
    raise exception_class(message, screen, stacktrace)
2025-08-06 22:37:47,721 - ERROR - selenium.common.exceptions.ElementNotInteractableException: Message: element not interactable: [object HTMLButtonElement] has no size and location
  (Session info: chrome=139.0.7258.67)
Stacktrace:
	GetHandleVerifier [0x0xfafd23+62915]
	GetHandleVerifier [0x0xfafd64+62980]
	(No symbol) [0x0xde3e13]
	(No symbol) [0x0xdea619]
	(No symbol) [0x0xdec94a]
	(No symbol) [0x0xdec9c7]
	(No symbol) [0x0xe322f4]
	(No symbol) [0x0xe31867]
	(No symbol) [0x0xe7b088]
	(No symbol) [0x0xe513dc]
	(No symbol) [0x0xe726ea]
	(No symbol) [0x0xe511d6]
	(No symbol) [0x0xe20833]
	(No symbol) [0x0xe216a4]
	GetHandleVerifier [0x0x1218d13+2590131]
	GetHandleVerifier [0x0x1213f5a+2570234]
	GetHandleVerifier [0x0xfd59da+217722]
	GetHandleVerifier [0x0xfc6048+153832]
	GetHandleVerifier [0x0xfcc4ad+179533]
	GetHandleVerifier [0x0xfb7728+94152]
	GetHandleVerifier [0x0xfb78b2+94546]
	GetHandleVerifier [0x0xfa2bca+9322]
	BaseThreadInitThunk [0x0x76965d49+25]
	RtlInitializeExceptionChain [0x0x77b8d2fb+107]
	RtlGetAppContainerNamedObjectPath [0x0x77b8d281+561]
2025-08-06 22:37:47,721 - ERROR - During handling of the above exception, another exception occurred:
2025-08-06 22:37:47,722 - ERROR - Traceback (most recent call last):
2025-08-06 22:37:47,722 - ERROR - File "C:\Users\user\Desktop\Bridzzi\src\naver\Cafe_Viral\cafe_viral_viewnum_comment.py", line 1081, in <module>
    if status := naver_cafe_bot.cafe_post_comment_start(googlesheet):
                 ^^^^^^^^^^^^^^^^^^^^^^^^^^^^^^^^^^^^^^^^^^^^^^^^^^^
2025-08-06 22:37:47,722 - ERROR - File "C:\Users\user\Desktop\Bridzzi\util\platform\naver\n_cafe_bot.py", line 839, in cafe_post_comment_start
    is_completd_cafe_viral = self.cafe_viral_contents_process()
                             ^^^^^^^^^^^^^^^^^^^^^^^^^^^^^^^^^^
2025-08-06 22:37:47,722 - ERROR - File "C:\Users\user\Desktop\Bridzzi\util\platform\naver\n_cafe_bot.py", line 655, in cafe_viral_contents_process
    if not self._cafe_viral_post(data):
           ^^^^^^^^^^^^^^^^^^^^^^^^^^^
2025-08-06 22:37:47,722 - ERROR - File "C:\Users\user\Desktop\Bridzzi\util\platform\naver\n_cafe_bot.py", line 596, in _cafe_viral_post
    write_content_url = self._write_contents(data)
            ^^^^^^^^^^^^^^^^^^^^^^^^^^
2025-08-06 22:37:47,722 - ERROR - File "C:\Users\user\Desktop\Bridzzi\util\platform\naver\n_cafe_bot.py", line 548, in _write_contents
    self._onebyonetext(data['본문'], data['랜덤사진경로'], data['선택사진경로'], data['동영상경로'])
2025-08-06 22:37:47,722 - ERROR - File "C:\Users\user\Desktop\Bridzzi\util\platform\naver\n_cafe_bot.py", line 484, in _onebyonetext
    self._specialfunction(specialword, r_image_path, s_image_path, video_path)
2025-08-06 22:37:47,722 - ERROR - File "C:\Users\user\Desktop\Bridzzi\util\platform\naver\n_cafe_bot.py", line 328, in _specialfunction
    selenium_util.element_random_click(self.browser, picture_button_element)
2025-08-06 22:37:47,722 - ERROR - File "C:\Users\user\Desktop\Bridzzi\util\selenium\helpers.py", line 514, in element_random_click
    ActionChains(driver).move_to_element(element).pause(random.uniform(0.01, 0.02)).move_by_offset(targetX,targetY).click().perform()
2025-08-06 22:37:47,722 - ERROR - File "c:\Users\user\anaconda3\envs\AutoPro\Lib\site-packages\selenium\webdriver\common\action_chains.py", line 93, in perform
    self.w3c_actions.perform()
2025-08-06 22:37:47,722 - ERROR - File "c:\Users\user\anaconda3\envs\AutoPro\Lib\site-packages\selenium\webdriver\common\actions\action_builder.py", line 168, in perform
    self.driver.execute(Command.W3C_ACTIONS, enc)
2025-08-06 22:37:47,722 - ERROR - File "c:\Users\user\anaconda3\envs\AutoPro\Lib\site-packages\selenium\webdriver\remote\webdriver.py", line 447, in execute
    self.error_handler.check_response(response)
2025-08-06 22:37:47,722 - ERROR - File "c:\Users\user\anaconda3\envs\AutoPro\Lib\site-packages\selenium\webdriver\remote\errorhandler.py", line 232, in check_response
    raise exception_class(message, screen, stacktrace)
2025-08-06 22:37:47,722 - ERROR - selenium.common.exceptions.ElementNotInteractableException: Message: element not interactable: [object HTMLButtonElement] has no size and location
  (Session info: chrome=139.0.7258.67)
Stacktrace:
	GetHandleVerifier [0x0xfafd23+62915]
	GetHandleVerifier [0x0xfafd64+62980]
	(No symbol) [0x0xde3e13]
	(No symbol) [0x0xdea619]
	(No symbol) [0x0xdec94a]
	(No symbol) [0x0xdec9c7]
	(No symbol) [0x0xe322f4]
	(No symbol) [0x0xe31867]
	(No symbol) [0x0xe7b088]
	(No symbol) [0x0xe513dc]
	(No symbol) [0x0xe726ea]
	(No symbol) [0x0xe511d6]
	(No symbol) [0x0xe20833]
	(No symbol) [0x0xe216a4]
	GetHandleVerifier [0x0x1218d13+2590131]
	GetHandleVerifier [0x0x1213f5a+2570234]
	GetHandleVerifier [0x0xfd59da+217722]
	GetHandleVerifier [0x0xfc6048+153832]
	GetHandleVerifier [0x0xfcc4ad+179533]
	GetHandleVerifier [0x0xfb7728+94152]
	GetHandleVerifier [0x0xfb78b2+94546]
	GetHandleVerifier [0x0xfa2bca+9322]
	BaseThreadInitThunk [0x0x76965d49+25]
	RtlInitializeExceptionChain [0x0x77b8d2fb+107]
	RtlGetAppContainerNamedObjectPath [0x0x77b8d281+561]
2025-08-06 22:37:47,913 - INFO - ✅ chromedriver 종료 결과: ChromeDriver 종료
2025-08-06 22:37:47,915 - INFO - ✅ Chrome 종료 결과: Chrome 종료
2025-08-06 22:37:48,916 - INFO - ==================================
2025-08-06 22:37:48,916 - INFO - ★ 크롬 브라우저 - 자동 업데이트 ★
2025-08-06 22:37:49,054 - INFO - ==================================
2025-08-06 22:37:49,054 - INFO - ★ 이더넷(유선 & Wi-Fi) 전환 - 시도 ★
2025-08-06 22:37:49,189 - INFO - -----------------------------
2025-08-06 22:37:49,189 - INFO - 모바일 USB 어뎁터 - 비활성화(시도 & 명령어 작동)
2025-08-06 22:37:49,656 - INFO - -----------------------------
2025-08-06 22:37:49,660 - INFO - 이더넷(WI-FI, 랜선) 어뎁터 - 활성화(시도 & 명령어 작동)
