2025-10-28 15:45:22,483 - INFO - ==================================
2025-10-28 15:45:22,483 - INFO - ==================================
2025-10-28 15:45:22,483 - INFO - [ 15시] - 키워드 센싱을 시작합니다
2025-10-28 15:45:22,485 - INFO - ==================================
2025-10-28 15:45:22,485 - INFO - -----------------------------
2025-10-28 15:45:22,485 - INFO - 시트이름: 키워드_리스트(New)
2025-10-28 15:45:22,485 - INFO - 구글 시트 로드 - 시도중....
2025-10-28 15:45:23,146 - INFO - 구글 시트 로드 - 완료
2025-10-28 15:45:23,638 - INFO - 키워드_리스트(New) - Success 구글 시트에서 데이터를 성공적으로 가져왔습니다.
2025-10-28 15:45:23,638 - INFO - 시트이름: #3 브랜드_카페선별
2025-10-28 15:45:23,638 - INFO - 구글 시트 로드 - 시도중....
2025-10-28 15:45:24,380 - INFO - 구글 시트 로드 - 완료
2025-10-28 15:45:24,839 - INFO - #3 브랜드_카페선별 - Success 구글 시트에서 데이터를 성공적으로 가져왔습니다.
2025-10-28 15:45:24,842 - INFO - 시트이름: 키워드_리스트(New)
2025-10-28 15:45:24,842 - INFO - 구글 시트 로드 - 시도중....
2025-10-28 15:45:25,555 - INFO - 구글 시트 로드 - 완료
2025-10-28 15:45:26,010 - INFO - 키워드_리스트(New) - Success 구글 시트에서 데이터를 성공적으로 가져왔습니다.
2025-10-28 15:45:26,010 - INFO - 시트이름: 오늘추출된검색링크
2025-10-28 15:45:26,010 - INFO - 구글 시트 로드 - 시도중....
2025-10-28 15:45:26,671 - INFO - 구글 시트 로드 - 완료
2025-10-28 15:45:27,471 - INFO - 오늘추출된검색링크 - Success 구글 시트에서 데이터를 성공적으로 가져왔습니다.
2025-10-28 15:45:27,839 - INFO - C:\program_cookies 폴더 크기: 2.18 GB
2025-10-28 15:45:27,931 - INFO - random 폴더 초기화 - 'C:\program_cookies\PC_random'에서 폴더 삭제(완료)
2025-10-28 15:45:27,931 - INFO - 쿠키 기록을 남기도록 C:\program_cookies\PC_random 폴더를 지정합니다.
2025-10-28 15:45:27,931 - INFO - PC랜덤화면 크기를 불러옵니다.
2025-10-28 15:45:27,931 - INFO - fixed UA가 있습니다.
2025-10-28 15:45:27,931 - INFO - fixed된 UA는 Mozilla/5.0 (Windows NT 10.0; Win64; x64) AppleWebKit/537.36 (KHTML, like Gecko) Chrome/129.0.0.0 Safari/537.36입니다.
2025-10-28 15:45:27,931 - INFO - 쿠기를 불러옵니다 쿠키가 없으면 cookies 폴더 안에 새로 생성합니다.
2025-10-28 15:45:30,735 - INFO - useragentdata를 cdp_cmd로 변경합니다..
2025-10-28 15:45:30,735 - INFO - Windows
2025-10-28 15:45:30,735 - INFO - navigator를 override 합니다..
2025-10-28 15:45:30,746 - INFO - devicemetrics를 override 합니다..
2025-10-28 15:45:30,749 - INFO - geo 정보를 랜덤으로 변경합니다..
2025-10-28 15:45:30,749 - INFO - FIXED gps 정보를 적용합니다.
2025-10-28 15:45:30,750 - INFO - FIXED gps 정보는 {'latitude': 47.6653341, 'longitude': 137.075382, 'accuracy': 100} 입니다.
2025-10-28 15:45:30,760 - INFO - ==================================
2025-10-28 15:45:30,760 - INFO - 키워드 : 로보락 - 시작
2025-10-28 15:45:31,188 - INFO - 1 페이지로 이동합니다
2025-10-28 15:45:31,756 - INFO - -----------------------------
2025-10-28 15:45:31,795 - INFO - 이노션S 브랜드 카페가 아니기에 넘어갑니다
2025-10-28 15:45:31,795 - INFO - -----------------------------
2025-10-28 15:45:31,809 - INFO - 코세페 2025 대한민국이 기다린 쇼핑 대축제 1년에 단 한번 할인 혜택 폭발 시즌 안에 제외 키워드가 포함되어 있습니다.
2025-10-28 15:45:31,809 - INFO - -----------------------------
2025-10-28 15:45:31,834 - INFO - 이노션S 브랜드 카페가 아니기에 넘어갑니다
2025-10-28 15:45:31,834 - INFO - -----------------------------
2025-10-28 15:45:31,911 - INFO - 제목 : 로봇청소기 혹시 어디꺼가 제일 좋을까요?
2025-10-28 15:45:36,345 - INFO - -----------------------------
2025-10-28 15:45:36,350 - INFO - URL : https://cafe.naver.com/dgmom365?iframe_url=%2FArticleRead.nhn%3Fclubid%3D24000254%26articleid%3D7160420%26art%3DaW50ZXJuYWwtY2FmZS13ZWItc2VjdGlvbi1zZWFyY2gtbGlzdA.eyJ0eXAiOiJKV1QiLCJhbGciOiJIUzI1NiJ9.eyJjYWZlVHlwZSI6IkNBRkVfVVJMIiwiYXJ0aWNsZUlkIjo3MTYwNDIwLCJjYWZlVXJsIjoiZGdtb20zNjUiLCJpc3N1ZWRBdCI6MTc2MTYzMzkzMzEwNn0.qqtsI7uk7oHLz0aaDOKn-rCQfHAen_jyzvwMzG3XymE%26query%3D%25EB%25A1%259C%25EB%25B3%25B4%25EB%259D%25BD
2025-10-28 15:45:36,868 - INFO - writerInfoKkqUj9K0InkTMXUVxeOXgVjVt3K8UJQMJSztd003BDE
2025-10-28 15:45:36,926 - INFO - 중고거래 상품이 아니기 떄문에 리스트에 추가합니다.
2025-10-28 15:45:37,929 - INFO - -----------------------------
2025-10-28 15:45:37,960 - INFO - 이노션S 브랜드 카페가 아니기에 넘어갑니다
2025-10-28 15:45:37,961 - INFO - -----------------------------
2025-10-28 15:45:38,017 - INFO - 제목 : 로청 드디어 사서 가입인사드려요
2025-10-28 15:45:42,247 - INFO - -----------------------------
2025-10-28 15:45:42,270 - INFO - URL : https://cafe.naver.com/robotclear?iframe_url=%2FArticleRead.nhn%3Fclubid%3D13411273%26articleid%3D379934%26art%3DaW50ZXJuYWwtY2FmZS13ZWItc2VjdGlvbi1zZWFyY2gtbGlzdA.eyJ0eXAiOiJKV1QiLCJhbGciOiJIUzI1NiJ9.eyJjYWZlVHlwZSI6IkNBRkVfVVJMIiwiYXJ0aWNsZUlkIjozNzk5MzQsImNhZmVVcmwiOiJyb2JvdGNsZWFyIiwiaXNzdWVkQXQiOjE3NjE2MzM5MzMxMDl9.clML-qaj1y4DQk_z7R397hu6Bzjvwjmd5p8ilUISN8g%26query%3D%25EB%25A1%259C%25EB%25B3%25B4%25EB%259D%25BD
2025-10-28 15:45:42,851 - INFO - writerInfoM2U-vvq04-eBiudosu3qVnN1pqNW0kx42vwm7yBY6II
2025-10-28 15:45:43,219 - INFO - 중고거래 상품이 아니기 떄문에 리스트에 추가합니다.
2025-10-28 15:45:44,231 - INFO - -----------------------------
2025-10-28 15:45:44,268 - INFO - 로보락 S9 MaxV Ultra 새제품 직배수 상품 안에 제외 키워드가 포함되어 있습니다.
2025-10-28 15:45:44,268 - INFO - -----------------------------
2025-10-28 15:45:44,304 - INFO - 코리아세일페스타 2025 올가을 쇼핑 대축제의 시작 올핸 더 커진 할인 혜택 공개 안에 제외 키워드가 포함되어 있습니다.
2025-10-28 15:45:44,305 - INFO - -----------------------------
2025-10-28 15:45:44,410 - INFO - 제목 : 11월 가전블랙프라이데이 행사개최 소식 입니다.
2025-10-28 15:45:48,959 - INFO - -----------------------------
2025-10-28 15:45:48,971 - INFO - URL : https://cafe.naver.com/byungs94?iframe_url=%2FArticleRead.nhn%3Fclubid%3D13276223%26articleid%3D7765812%26art%3DaW50ZXJuYWwtY2FmZS13ZWItc2VjdGlvbi1zZWFyY2gtbGlzdA.eyJ0eXAiOiJKV1QiLCJhbGciOiJIUzI1NiJ9.eyJjYWZlVHlwZSI6IkNBRkVfVVJMIiwiYXJ0aWNsZUlkIjo3NzY1ODEyLCJjYWZlVXJsIjoiYnl1bmdzOTQiLCJpc3N1ZWRBdCI6MTc2MTYzMzkzMzExM30.J51VRFffBEaBWorz1nDy7kt7uQ43BloWT6zv2mK_WV4%26query%3D%25EB%25A1%259C%25EB%25B3%25B4%25EB%259D%25BD
2025-10-28 15:45:49,415 - INFO - writerInfod6Zer00v-PAV4uKb51o0n1PYVOcuwg_mGv7WAEkDhbk
2025-10-28 15:45:49,478 - INFO - 중고거래 상품이 아니기 떄문에 리스트에 추가합니다.
2025-10-28 15:45:50,481 - INFO - -----------------------------
2025-10-28 15:45:50,498 - INFO - 로보락 사로스 z70 할인하네요~ 안에 제외 키워드가 포함되어 있습니다.
2025-10-28 15:45:50,499 - INFO - -----------------------------
2025-10-28 15:45:50,516 - INFO - [내돈내산] 프레오X울트라와 S8 MaxV Ultra의 1년 좀 넘은 사용후기 안에 제외 키워드가 포함되어 있습니다.
2025-10-28 15:45:50,516 - INFO - -----------------------------
2025-10-28 15:45:50,550 - INFO - 이노션S 브랜드 카페가 아니기에 넘어갑니다
2025-10-28 15:45:50,550 - INFO - ==================================
2025-10-28 15:45:52,165 - INFO - 2 페이지로 이동합니다
2025-10-28 15:45:52,178 - INFO - -----------------------------
2025-10-28 15:45:52,205 - INFO - 이노션S 브랜드 카페가 아니기에 넘어갑니다
2025-10-28 15:45:52,205 - INFO - -----------------------------
2025-10-28 15:45:52,221 - INFO - 코세페 2025 대한민국이 기다린 쇼핑 대축제 1년에 단 한번 할인 혜택 폭발 시즌 안에 제외 키워드가 포함되어 있습니다.
2025-10-28 15:45:52,221 - INFO - -----------------------------
2025-10-28 15:45:52,248 - INFO - 이노션S 브랜드 카페가 아니기에 넘어갑니다
2025-10-28 15:45:52,248 - INFO - -----------------------------
2025-10-28 15:45:52,309 - INFO - 제목 : 로봇청소기 혹시 어디꺼가 제일 좋을까요?
2025-10-28 15:45:56,467 - INFO - -----------------------------
2025-10-28 15:45:56,467 - INFO - URL : https://cafe.naver.com/dgmom365?iframe_url=%2FArticleRead.nhn%3Fclubid%3D24000254%26articleid%3D7160420%26art%3DaW50ZXJuYWwtY2FmZS13ZWItc2VjdGlvbi1zZWFyY2gtbGlzdA.eyJ0eXAiOiJKV1QiLCJhbGciOiJIUzI1NiJ9.eyJjYWZlVHlwZSI6IkNBRkVfVVJMIiwiYXJ0aWNsZUlkIjo3MTYwNDIwLCJjYWZlVXJsIjoiZGdtb20zNjUiLCJpc3N1ZWRBdCI6MTc2MTYzMzk1MjQzNH0.QeBSc-gOnhtsO0YgTjnH2Wx_vSkS8QHLAheA0xG-kJ4%26query%3D%25EB%25A1%259C%25EB%25B3%25B4%25EB%259D%25BD
2025-10-28 15:45:56,793 - INFO - writerInfoKkqUj9K0InkTMXUVxeOXgVjVt3K8UJQMJSztd003BDE
2025-10-28 15:45:56,854 - INFO - 중고거래 상품이 아니기 떄문에 리스트에 추가합니다.
2025-10-28 15:45:57,858 - INFO - -----------------------------
2025-10-28 15:45:57,891 - INFO - 이노션S 브랜드 카페가 아니기에 넘어갑니다
2025-10-28 15:45:57,891 - INFO - -----------------------------
2025-10-28 15:45:57,935 - INFO - 제목 : 로청 드디어 사서 가입인사드려요
2025-10-28 15:46:02,395 - INFO - -----------------------------
2025-10-28 15:46:02,402 - INFO - URL : https://cafe.naver.com/robotclear?iframe_url=%2FArticleRead.nhn%3Fclubid%3D13411273%26articleid%3D379934%26art%3DaW50ZXJuYWwtY2FmZS13ZWItc2VjdGlvbi1zZWFyY2gtbGlzdA.eyJ0eXAiOiJKV1QiLCJhbGciOiJIUzI1NiJ9.eyJjYWZlVHlwZSI6IkNBRkVfVVJMIiwiYXJ0aWNsZUlkIjozNzk5MzQsImNhZmVVcmwiOiJyb2JvdGNsZWFyIiwiaXNzdWVkQXQiOjE3NjE2MzM5NTI0MzV9.-7VDxL4Xca5Ept6aLugq_zc50NOiZNBeptyXs0MHLuY%26query%3D%25EB%25A1%259C%25EB%25B3%25B4%25EB%259D%25BD
2025-10-28 15:46:02,845 - INFO - writerInfoM2U-vvq04-eBiudosu3qVnN1pqNW0kx42vwm7yBY6II
2025-10-28 15:46:02,914 - INFO - 중고거래 상품이 아니기 떄문에 리스트에 추가합니다.
2025-10-28 15:46:03,917 - INFO - -----------------------------
2025-10-28 15:46:03,933 - INFO - 로보락 S9 MaxV Ultra 새제품 직배수 상품 안에 제외 키워드가 포함되어 있습니다.
2025-10-28 15:46:03,934 - INFO - -----------------------------
2025-10-28 15:46:03,948 - INFO - 코리아세일페스타 2025 올가을 쇼핑 대축제의 시작 올핸 더 커진 할인 혜택 공개 안에 제외 키워드가 포함되어 있습니다.
2025-10-28 15:46:03,948 - INFO - -----------------------------
2025-10-28 15:46:03,986 - INFO - 제목 : 11월 가전블랙프라이데이 행사개최 소식 입니다.
2025-10-28 15:46:08,502 - INFO - -----------------------------
2025-10-28 15:46:08,513 - INFO - URL : https://cafe.naver.com/byungs94?iframe_url=%2FArticleRead.nhn%3Fclubid%3D13276223%26articleid%3D7765812%26art%3DaW50ZXJuYWwtY2FmZS13ZWItc2VjdGlvbi1zZWFyY2gtbGlzdA.eyJ0eXAiOiJKV1QiLCJhbGciOiJIUzI1NiJ9.eyJjYWZlVHlwZSI6IkNBRkVfVVJMIiwiYXJ0aWNsZUlkIjo3NzY1ODEyLCJjYWZlVXJsIjoiYnl1bmdzOTQiLCJpc3N1ZWRBdCI6MTc2MTYzMzk1MjQzN30.7ESpwqY1HGqE7MGJb9iUMl9-ot-9Gl_Z85IMzAjJWVY%26query%3D%25EB%25A1%259C%25EB%25B3%25B4%25EB%259D%25BD
2025-10-28 15:46:09,134 - INFO - writerInfod6Zer00v-PAV4uKb51o0n1PYVOcuwg_mGv7WAEkDhbk
2025-10-28 15:46:09,194 - INFO - 중고거래 상품이 아니기 떄문에 리스트에 추가합니다.
2025-10-28 15:46:10,198 - INFO - -----------------------------
2025-10-28 15:46:10,216 - INFO - 로보락 사로스 z70 할인하네요~ 안에 제외 키워드가 포함되어 있습니다.
2025-10-28 15:46:10,216 - INFO - -----------------------------
2025-10-28 15:46:10,231 - INFO - [내돈내산] 프레오X울트라와 S8 MaxV Ultra의 1년 좀 넘은 사용후기 안에 제외 키워드가 포함되어 있습니다.
2025-10-28 15:46:10,231 - INFO - -----------------------------
2025-10-28 15:46:10,258 - INFO - 이노션S 브랜드 카페가 아니기에 넘어갑니다
2025-10-28 15:46:10,258 - INFO - ==================================
2025-10-28 15:46:11,721 - INFO - 3 페이지로 이동합니다
2025-10-28 15:46:11,737 - INFO - -----------------------------
2025-10-28 15:46:11,764 - INFO - 이노션S 브랜드 카페가 아니기에 넘어갑니다
2025-10-28 15:46:11,764 - INFO - -----------------------------
2025-10-28 15:46:11,789 - INFO - 이노션S 브랜드 카페가 아니기에 넘어갑니다
2025-10-28 15:46:11,790 - INFO - -----------------------------
2025-10-28 15:46:11,816 - INFO - 이노션S 브랜드 카페가 아니기에 넘어갑니다
2025-10-28 15:46:11,816 - INFO - -----------------------------
2025-10-28 15:46:11,863 - INFO - 제목 : 가전 뭐뭐 하셨어요??
2025-10-28 15:46:16,234 - INFO - -----------------------------
2025-10-28 15:46:16,240 - INFO - URL : https://cafe.naver.com/directwedding?iframe_url=%2FArticleRead.nhn%3Fclubid%3D25228091%26articleid%3D8168613%26art%3DaW50ZXJuYWwtY2FmZS13ZWItc2VjdGlvbi1zZWFyY2gtbGlzdA.eyJ0eXAiOiJKV1QiLCJhbGciOiJIUzI1NiJ9.eyJjYWZlVHlwZSI6IkNBRkVfVVJMIiwiYXJ0aWNsZUlkIjo4MTY4NjEzLCJjYWZlVXJsIjoiZGlyZWN0d2VkZGluZyIsImlzc3VlZEF0IjoxNzYxNjMzOTcyMTgxfQ.iMf4Qa6pNGtC33U-1QhR1MrewmWLs9IBwP9SLCa8pRk%26query%3D%25EB%25A1%259C%25EB%25B3%25B4%25EB%259D%25BD
2025-10-28 15:46:16,851 - INFO - writerInfoQOytJftXuxCEMA0eUgQQyA0Gf2h2f8JGlIBNznhQ3Qo
2025-10-28 15:46:16,878 - INFO - 중고거래 상품이 아니기 떄문에 리스트에 추가합니다.
2025-10-28 15:46:17,887 - INFO - -----------------------------
2025-10-28 15:46:17,903 - INFO - 로보락s9maxvslim직배수 핫딜중이네요 안에 제외 키워드가 포함되어 있습니다.
2025-10-28 15:46:17,903 - INFO - -----------------------------
2025-10-28 15:46:17,960 - INFO - 이노션S 브랜드 카페가 아니기에 넘어갑니다
2025-10-28 15:46:17,960 - INFO - -----------------------------
2025-10-28 15:46:17,975 - INFO - 로보락s9울트라직배수 로보락s9maxvultra직배수 핫딜해요! 안에 제외 키워드가 포함되어 있습니다.
2025-10-28 15:46:17,975 - INFO - -----------------------------
2025-10-28 15:46:18,004 - INFO - 이노션S 브랜드 카페가 아니기에 넘어갑니다
2025-10-28 15:46:18,004 - INFO - -----------------------------
2025-10-28 15:46:18,056 - INFO - 제목 : 저도 가입했어요
2025-10-28 15:46:22,428 - INFO - -----------------------------
2025-10-28 15:46:22,434 - INFO - URL : https://cafe.naver.com/robotclear?iframe_url=%2FArticleRead.nhn%3Fclubid%3D13411273%26articleid%3D379900%26art%3DaW50ZXJuYWwtY2FmZS13ZWItc2VjdGlvbi1zZWFyY2gtbGlzdA.eyJ0eXAiOiJKV1QiLCJhbGciOiJIUzI1NiJ9.eyJjYWZlVHlwZSI6IkNBRkVfVVJMIiwiYXJ0aWNsZUlkIjozNzk5MDAsImNhZmVVcmwiOiJyb2JvdGNsZWFyIiwiaXNzdWVkQXQiOjE3NjE2MzM5NzIxOTF9.YEp7ydp6e9JzdY5F6rKxP9WgP_rarD2cC524u0Zhuv0%26query%3D%25EB%25A1%259C%25EB%25B3%25B4%25EB%259D%25BD
2025-10-28 15:46:23,091 - INFO - writerInfofFkoEO8ASNBJ-r3c2mrzWBVK_9A3UuDxYRX53RfzMp0
2025-10-28 15:46:23,149 - INFO - 중고거래 상품이 아니기 떄문에 리스트에 추가합니다.
2025-10-28 15:46:24,154 - INFO - -----------------------------
2025-10-28 15:46:24,183 - INFO - 이노션S 브랜드 카페가 아니기에 넘어갑니다
2025-10-28 15:46:24,183 - INFO - -----------------------------
2025-10-28 15:46:24,210 - INFO - 이노션S 브랜드 카페가 아니기에 넘어갑니다
2025-10-28 15:46:24,210 - INFO - -----------------------------
2025-10-28 15:46:24,225 - INFO - 재택근무 필수 가전 로보락 S8 MaxV Ultra 로봇청소기 146만원대 상세 정보 안에 제외 키워드가 포함되어 있습니다.
2025-10-28 15:46:24,225 - INFO - ==================================
2025-10-28 15:46:25,565 - INFO - 4 페이지로 이동합니다
2025-10-28 15:46:25,576 - INFO - -----------------------------
2025-10-28 15:46:25,603 - INFO - 이노션S 브랜드 카페가 아니기에 넘어갑니다
2025-10-28 15:46:25,603 - INFO - -----------------------------
2025-10-28 15:46:25,651 - INFO - 제목 : 싱크대 이 공간에 로보락슬림 설치될까요?!
2025-10-28 15:46:29,721 - INFO - -----------------------------
2025-10-28 15:46:29,737 - INFO - URL : https://cafe.naver.com/robotclear?iframe_url=%2FArticleRead.nhn%3Fclubid%3D13411273%26articleid%3D379893%26art%3DaW50ZXJuYWwtY2FmZS13ZWItc2VjdGlvbi1zZWFyY2gtbGlzdA.eyJ0eXAiOiJKV1QiLCJhbGciOiJIUzI1NiJ9.eyJjYWZlVHlwZSI6IkNBRkVfVVJMIiwiYXJ0aWNsZUlkIjozNzk4OTMsImNhZmVVcmwiOiJyb2JvdGNsZWFyIiwiaXNzdWVkQXQiOjE3NjE2MzM5ODYwNDF9.7rg33ZZPGEHMg0ZPbCGYGAFLXN5LiaYLGIJBJO7ygBY%26query%3D%25EB%25A1%259C%25EB%25B3%25B4%25EB%259D%25BD
2025-10-28 15:46:30,287 - INFO - writerInfo0127MXpEZaepOvYhGRKuubbuP7tft1XT4OdVBG6ETAE
2025-10-28 15:46:30,357 - INFO - 중고거래 상품이 아니기 떄문에 리스트에 추가합니다.
2025-10-28 15:46:31,361 - INFO - -----------------------------
2025-10-28 15:46:31,402 - INFO - 어제 이전의 게시글 이기에 다음 키워드로 넘어갑니다.
2025-10-28 15:46:31,403 - INFO - -----------------------------
2025-10-28 15:46:31,403 - INFO - [주의!] 구글 시트에 업데이트를 진행합니다 - 종료하지 마시오
2025-10-28 15:46:31,403 - INFO - 시트이름: 최신게시글업로드2
2025-10-28 15:46:31,403 - INFO - 구글 시트 로드 - 시도중....
2025-10-28 15:46:32,084 - INFO - 구글 시트 로드 - 완료
2025-10-28 15:46:33,409 - INFO - Success update 최신게시글업로드2
2025-10-28 15:46:33,416 - INFO - 시트이름: 오늘추출된검색링크
2025-10-28 15:46:33,416 - INFO - 구글 시트 로드 - 시도중....
2025-10-28 15:46:33,966 - INFO - 구글 시트 로드 - 완료
2025-10-28 15:48:07,363 - INFO - Success update 오늘추출된검색링크
2025-10-28 15:48:12,365 - INFO - 시트이름: 오늘추출된검색링크
2025-10-28 15:48:12,365 - INFO - 구글 시트 로드 - 시도중....
2025-10-28 15:48:12,930 - INFO - 구글 시트 로드 - 완료
2025-10-28 15:48:37,160 - INFO - 오늘추출된검색링크 - Success 구글 시트에서 데이터를 성공적으로 가져왔습니다.
2025-10-28 15:48:37,160 - INFO - ★ 키워드 센싱 - 작업완료 ★
2025-10-28 15:48:37,343 - INFO - ✅ chromedriver 종료 결과: ChromeDriver 종료
2025-10-28 15:48:37,343 - INFO - ✅ Chrome 종료 결과: Chrome 종료
2025-10-28 15:48:37,343 - INFO - 동기화 10초 지연후 진행합니다
2025-10-28 15:48:47,345 - INFO - ==================================
2025-10-28 15:48:47,345 - INFO - [알람] 진행중 - 텔레그램에 알람을 보냅니다
2025-10-28 15:48:47,345 - INFO - 시트이름: 알람대시보드
2025-10-28 15:48:47,345 - INFO - 구글 시트 로드 - 시도중....
2025-10-28 15:48:57,524 - INFO - 구글 시트 로드 - 완료
2025-10-28 15:48:59,321 - INFO - 알람대시보드 - Success 구글 시트에서 데이터를 성공적으로 가져왔습니다.
2025-10-28 15:48:59,323 - INFO - [알람] 완료 - 0개의 알림 데이터를 가지고 있어 텔레그램 알림보내기 작업을 종료합니다.
2025-10-28 15:48:59,323 - INFO - ==================================
2025-10-28 15:48:59,323 - INFO - 5분간 휴식을 취합니다
2025-10-28 15:53:21,402 - ERROR - Uncaught exception
Traceback (most recent call last):
  File "C:\Users\user\Desktop\Bridzzi\src\naver\Cafe\cafe_senssing_keyword_sensing_class.py", line 529, in <module>
    sensing_manager.run()
  File "C:\Users\user\Desktop\Bridzzi\src\naver\Cafe\cafe_senssing_keyword_sensing_class.py", line 516, in run
    time.sleep(60 * 5)
KeyboardInterrupt

During handling of the above exception, another exception occurred:

Traceback (most recent call last):
  File "C:\Users\user\Desktop\Bridzzi\src\naver\Cafe\cafe_senssing_keyword_sensing_class.py", line 560, in <module>
    selenium_util.kill_chromedriver_and_chrome()
  File "C:\Users\user\Desktop\Bridzzi\util\selenium\helpers.py", line 2093, in kill_chromedriver_and_chrome
    result_chrome = subprocess.run(cmd_chrome, shell=True, capture_output=True, text=True, encoding='cp949')
                    ^^^^^^^^^^^^^^^^^^^^^^^^^^^^^^^^^^^^^^^^^^^^^^^^^^^^^^^^^^^^^^^^^^^^^^^^^^^^^^^^^^^^^^^^
  File "c:\Users\user\anaconda3\envs\AutoPro\Lib\subprocess.py", line 550, in run
    stdout, stderr = process.communicate(input, timeout=timeout)
                     ^^^^^^^^^^^^^^^^^^^^^^^^^^^^^^^^^^^^^^^^^^^
  File "c:\Users\user\anaconda3\envs\AutoPro\Lib\subprocess.py", line 1209, in communicate
    stdout, stderr = self._communicate(input, endtime, timeout)
                     ^^^^^^^^^^^^^^^^^^^^^^^^^^^^^^^^^^^^^^^^^^
  File "c:\Users\user\anaconda3\envs\AutoPro\Lib\subprocess.py", line 1628, in _communicate
    self.stdout_thread.join(self._remaining_time(endtime))
  File "c:\Users\user\anaconda3\envs\AutoPro\Lib\threading.py", line 1149, in join
    self._wait_for_tstate_lock()
  File "c:\Users\user\anaconda3\envs\AutoPro\Lib\threading.py", line 1169, in _wait_for_tstate_lock
    if lock.acquire(block, timeout):
       ^^^^^^^^^^^^^^^^^^^^^^^^^^^^
KeyboardInterrupt
