2025-08-21 15:00:31,242 - INFO - ==================================
2025-08-21 15:00:31,243 - INFO - # (수동)조회수 작업을 시작합니다 #
2025-08-21 15:00:31,243 - INFO - 시트이름: 조회수대시보드(수동)
2025-08-21 15:00:31,244 - INFO - 구글 시트 로드 - 시도중....
2025-08-21 15:00:31,774 - INFO - 구글 시트 로드 - 완료
2025-08-21 15:00:32,660 - INFO - 조회수대시보드(수동) - Success 구글 시트에서 데이터를 성공적으로 가져왔습니다.
2025-08-21 15:00:32,661 - INFO - ==================================
2025-08-21 15:00:32,666 - INFO - ★★★ IP 변경 - START ★★★
2025-08-21 15:00:32,666 - INFO - [#1 mobile_ip 전환 - try ]
2025-08-21 15:00:32,809 - INFO - [# USB테더링 전환 #] - 성공
2025-08-21 15:00:32,810 - INFO - [#1 mobile_ip 전환 - success ]
2025-08-21 15:00:32,810 - INFO - -----------------------------
2025-08-21 15:00:32,810 - INFO - [#2 before_ip 추출] - try
2025-08-21 15:00:32,810 - INFO - -- 'https://ipinfo.io/ip'에서 public IP를 추출합니다....
2025-08-21 15:00:33,327 - INFO - -- 'https://ipinfo.io/ip' : 39.7.46.152
2025-08-21 15:00:33,328 - INFO - [#2 before_ip 추출] - success : 39.7.46.152
2025-08-21 15:00:33,328 - INFO - -----------------------------
2025-08-21 15:00:38,784 - INFO - --- 모바일 데이터 off - 성공
2025-08-21 15:00:39,156 - INFO - --- 비행기 모드 on - 성공
2025-08-21 15:00:39,528 - INFO - --- 비행기 모드 off - 성공
2025-08-21 15:00:39,916 - INFO - --- 모바일 데이터 on - 성공
2025-08-21 15:00:39,916 - INFO - [#3 after_ip 추출] - try
2025-08-21 15:00:39,917 - INFO - -- 'https://ipinfo.io/ip'에서 public IP를 추출합니다....
2025-08-21 15:00:40,923 - INFO - - 추출 실패 1/3 재시도
2025-08-21 15:00:41,822 - INFO - -- 'https://ipinfo.io/ip' : 118.235.7.93
2025-08-21 15:00:41,823 - INFO - [#3 after_ip 추출] - success : 118.235.7.93
2025-08-21 15:00:41,824 - INFO - Success -IP 변경(성공): before 39.7.46.152 => after 118.235.7.93
2025-08-21 15:00:41,824 - INFO - ★★★ IP 변경 - Success ★★★
2025-08-21 15:00:41,824 - INFO - ==================================
2025-08-21 15:00:42,831 - INFO - C:\program_cookies 폴더 크기: 0.00 GB
2025-08-21 15:00:42,831 - INFO - random 폴더 초기화 - 'C:\program_cookies\PC_random'에서 폴더 삭제(완료)
2025-08-21 15:00:42,832 - INFO - 쿠키 기록을 남기도록 C:\program_cookies\PC_random 폴더를 지정합니다.
2025-08-21 15:00:42,832 - INFO - fixed UA가 없어서 랜덤으로 PC UA 생성합니다.
2025-08-21 15:00:42,833 - INFO - 랜덤으로 생성된 UA는 Mozilla/5.0 (Windows NT 10.0; Win64; x64) AppleWebKit/537.36 (KHTML, like Gecko) Chrome/133.0.6784.68 Safari/537.36입니다.
2025-08-21 15:00:43,648 - ERROR - C:\Users\user\Desktop\Bridzzi\src\naver\Cafe_Viral\cafe_viral_only_vewnum_nodriver_ver.py:45: RuntimeWarning: coroutine 'Tab.get' was never awaited
  self.nodriver.tab.get(url)
RuntimeWarning: Enable tracemalloc to get the object allocation traceback
2025-08-21 15:00:46,639 - ERROR - 1/10번째 [ cafe_viral_only_vewnum_nodriver_ver.py 프로그램 ] - < Exception 발생 >
~~ 1번째 에러 도달 ~~
Traceback (most recent call last):
  File "C:\Users\user\Desktop\Bridzzi\src\naver\Cafe_Viral\cafe_viral_only_vewnum_nodriver_ver.py", line 70, in _view_num_add
    await self._open_tabs_and_visit_url(link, count)
  File "C:\Users\user\Desktop\Bridzzi\src\naver\Cafe_Viral\cafe_viral_only_vewnum_nodriver_ver.py", line 45, in _open_tabs_and_visit_url
    self.nodriver.tab.get(url)
    ^^^^^^^^^^^^^^^^^^^^^
AttributeError: 'NoneType' object has no attribute 'get'

During handling of the above exception, another exception occurred:

Traceback (most recent call last):
  File "C:\Users\user\Desktop\Bridzzi\src\naver\Cafe_Viral\cafe_viral_only_vewnum_nodriver_ver.py", line 133, in <module>
    status = uc.loop().run_until_complete(naver_cafe_view_bot.manual_cafe_viewnum_process())
             ^^^^^^^^^^^^^^^^^^^^^^^^^^^^^^^^^^^^^^^^^^^^^^^^^^^^^^^^^^^^^^^^^^^^^^^^^^^^^^^
  File "c:\Users\user\anaconda3\envs\AutoPro\Lib\asyncio\base_events.py", line 686, in run_until_complete
    return future.result()
           ^^^^^^^^^^^^^^^
  File "C:\Users\user\Desktop\Bridzzi\src\naver\Cafe_Viral\cafe_viral_only_vewnum_nodriver_ver.py", line 101, in manual_cafe_viewnum_process
    await self._view_num_add(url, view_count)
  File "C:\Users\user\Desktop\Bridzzi\src\naver\Cafe_Viral\cafe_viral_only_vewnum_nodriver_ver.py", line 75, in _view_num_add
    await self.nodriver.quit()
  File "C:\Users\user\Desktop\Bridzzi\util\nodriver\nodriver_bot.py", line 1015, in quit
    if await self.tab:
       ^^^^^^^^^^^^^^
TypeError: object NoneType can't be used in 'await' expression


오류가 발생하였습니다. 확인 부탁드립니다
2025-08-21 15:00:46,640 - ERROR - Traceback (most recent call last):
2025-08-21 15:00:46,640 - ERROR - File "C:\Users\user\Desktop\Bridzzi\src\naver\Cafe_Viral\cafe_viral_only_vewnum_nodriver_ver.py", line 70, in _view_num_add
    await self._open_tabs_and_visit_url(link, count)
2025-08-21 15:00:46,640 - ERROR - File "C:\Users\user\Desktop\Bridzzi\src\naver\Cafe_Viral\cafe_viral_only_vewnum_nodriver_ver.py", line 45, in _open_tabs_and_visit_url
    self.nodriver.tab.get(url)
    ^^^^^^^^^^^^^^^^^^^^^
2025-08-21 15:00:46,640 - ERROR - AttributeError: 'NoneType' object has no attribute 'get'
2025-08-21 15:00:46,640 - ERROR - During handling of the above exception, another exception occurred:
2025-08-21 15:00:46,640 - ERROR - Traceback (most recent call last):
2025-08-21 15:00:46,640 - ERROR - File "C:\Users\user\Desktop\Bridzzi\src\naver\Cafe_Viral\cafe_viral_only_vewnum_nodriver_ver.py", line 133, in <module>
    status = uc.loop().run_until_complete(naver_cafe_view_bot.manual_cafe_viewnum_process())
             ^^^^^^^^^^^^^^^^^^^^^^^^^^^^^^^^^^^^^^^^^^^^^^^^^^^^^^^^^^^^^^^^^^^^^^^^^^^^^^^
2025-08-21 15:00:46,641 - ERROR - File "c:\Users\user\anaconda3\envs\AutoPro\Lib\asyncio\base_events.py", line 686, in run_until_complete
    return future.result()
           ^^^^^^^^^^^^^^^
2025-08-21 15:00:46,641 - ERROR - File "C:\Users\user\Desktop\Bridzzi\src\naver\Cafe_Viral\cafe_viral_only_vewnum_nodriver_ver.py", line 101, in manual_cafe_viewnum_process
    await self._view_num_add(url, view_count)
2025-08-21 15:00:46,641 - ERROR - File "C:\Users\user\Desktop\Bridzzi\src\naver\Cafe_Viral\cafe_viral_only_vewnum_nodriver_ver.py", line 75, in _view_num_add
    await self.nodriver.quit()
2025-08-21 15:00:46,641 - ERROR - File "C:\Users\user\Desktop\Bridzzi\util\nodriver\nodriver_bot.py", line 1015, in quit
    if await self.tab:
       ^^^^^^^^^^^^^^
2025-08-21 15:00:46,641 - ERROR - TypeError: object NoneType can't be used in 'await' expression
2025-08-21 15:00:46,794 - INFO - ✅ chromedriver 종료 결과: ChromeDriver 종료
2025-08-21 15:00:46,794 - INFO - ✅ Chrome 종료 결과: Chrome 종료
2025-08-21 15:00:47,796 - INFO - ==================================
2025-08-21 15:00:47,796 - INFO - ★ 크롬 브라우저 - 자동 업데이트 ★
2025-08-21 15:00:47,925 - INFO - ==================================
2025-08-21 15:00:47,925 - INFO - ★ 이더넷(유선 & Wi-Fi) 전환 - 시도 ★
2025-08-21 15:00:48,050 - INFO - -----------------------------
2025-08-21 15:00:48,051 - INFO - 모바일 USB 어뎁터 - 비활성화(시도 & 명령어 작동)
2025-08-21 15:00:48,550 - INFO - -----------------------------
2025-08-21 15:00:48,551 - INFO - 이더넷(WI-FI, 랜선) 어뎁터 - 활성화(시도 & 명령어 작동)
2025-08-21 15:00:53,395 - INFO - 모바일 USB 어뎁터가 비활성화 되었습니다.
2025-08-21 15:01:00,380 - INFO - 이더넷 어뎁터가 활성화 되었습니다.
2025-08-21 15:01:00,817 - INFO - ★ 이더넷(유선 & Wi-Fi) 전환 - Success ★
2025-08-21 15:01:00,817 - INFO - ==================================
2025-08-21 15:01:00,960 - INFO - [현재 크롬 버전] : 139.0.7258.139
2025-08-21 15:01:03,911 - INFO - Chrome 업데이트를 확인하는 중...
2025-08-21 15:01:05,917 - INFO - ==================================
2025-08-21 15:01:05,917 - INFO - Chrome 상태 : Chrome이 최신 버전임
2025-08-21 15:01:05,917 - INFO - -----------------------------
2025-08-21 15:01:05,917 - INFO - ✅ Chrome이 최신 버전입니다. 종료합니다.
2025-08-21 15:01:05,917 - INFO - ==================================
2025-08-21 15:01:06,068 - INFO - ✅ chromedriver 종료 결과: ChromeDriver 종료
2025-08-21 15:01:06,068 - INFO - ✅ Chrome 종료 결과: Chrome 종료
2025-08-21 15:01:07,069 - INFO - ==================================
2025-08-21 15:01:07,069 - INFO - ==================================
2025-08-21 15:01:07,070 - INFO - # (수동)조회수 작업을 시작합니다 #
2025-08-21 15:01:07,070 - INFO - 시트이름: 조회수대시보드(수동)
2025-08-21 15:01:07,070 - INFO - 구글 시트 로드 - 시도중....
2025-08-21 15:01:07,711 - INFO - 구글 시트 로드 - 완료
2025-08-21 15:01:08,202 - INFO - 조회수대시보드(수동) - Success 구글 시트에서 데이터를 성공적으로 가져왔습니다.
2025-08-21 15:01:08,203 - INFO - ==================================
2025-08-21 15:01:08,203 - INFO - ★★★ IP 변경 - START ★★★
2025-08-21 15:01:08,203 - INFO - [#1 mobile_ip 전환 - try ]
2025-08-21 15:01:08,337 - INFO - [ 모바일IP 전환 - 시도 ]
2025-08-21 15:01:08,368 - INFO - --- ADB 모바일 연결 [진행]
2025-08-21 15:01:08,464 - INFO - --- USB테더링 리미트 해제 [진행]
2025-08-21 15:01:10,219 - INFO - --- USB테더링 활성화 - 성공
2025-08-21 15:01:10,219 - INFO - -----------------------------
2025-08-21 15:01:11,097 - INFO - --- 모바일 USB 어뎁터 - 활성화(시도 & 명령어 작동)
2025-08-21 15:01:11,474 - INFO - --- USB 어댑터 찾기 및 활성화 시도 [완료]
2025-08-21 15:01:11,475 - INFO - --- 이더넷(WI-FI, 랜선) 어뎁터 - 비활성화(시도 & 명령어 작동)
2025-08-21 15:01:14,698 - INFO - --- USB 어댑터 외의 모든 어댑터 비활성화 시도 [완료]
2025-08-21 15:01:17,228 - INFO - --- USB 어뎁터가 활성화 [확인]
2025-08-21 15:01:19,559 - INFO - --- 이더넷 어뎁터가 비활성화 [확인]
2025-08-21 15:01:19,560 - INFO - -----------------------------
2025-08-21 15:01:19,653 - INFO - --- WiFi off - 성공
2025-08-21 15:01:19,716 - INFO - --- '모바일 데이터' on - 성공
2025-08-21 15:01:20,617 - INFO - ★ 모바일IP 전환 - Success ★
2025-08-21 15:01:20,617 - INFO - [# USB테더링 전환 #] - 성공
2025-08-21 15:01:20,617 - INFO - [#1 mobile_ip 전환 - success ]
2025-08-21 15:01:20,617 - INFO - -----------------------------
2025-08-21 15:01:20,618 - INFO - [#2 before_ip 추출] - try
2025-08-21 15:01:20,618 - INFO - -- 'https://ipinfo.io/ip'에서 public IP를 추출합니다....
2025-08-21 15:01:20,959 - INFO - -- 'https://ipinfo.io/ip' : 118.235.7.240
2025-08-21 15:01:20,961 - INFO - [#2 before_ip 추출] - success : 118.235.7.240
2025-08-21 15:01:20,961 - INFO - -----------------------------
2025-08-21 15:01:21,348 - INFO - --- 모바일 데이터 off - 성공
2025-08-21 15:01:21,696 - INFO - --- 비행기 모드 on - 성공
2025-08-21 15:01:22,056 - INFO - --- 비행기 모드 off - 성공
2025-08-21 15:01:22,433 - INFO - --- 모바일 데이터 on - 성공
2025-08-21 15:01:22,433 - INFO - [#3 after_ip 추출] - try
2025-08-21 15:01:22,433 - INFO - -- 'https://ipinfo.io/ip'에서 public IP를 추출합니다....
2025-08-21 15:01:23,447 - INFO - - 추출 실패 1/3 재시도
2025-08-21 15:01:24,429 - INFO - -- 'https://ipinfo.io/ip' : 118.235.14.192
2025-08-21 15:01:24,429 - INFO - [#3 after_ip 추출] - success : 118.235.14.192
2025-08-21 15:01:24,430 - INFO - Success -IP 변경(성공): before 118.235.7.240 => after 118.235.14.192
2025-08-21 15:01:24,430 - INFO - ★★★ IP 변경 - Success ★★★
2025-08-21 15:01:24,430 - INFO - ==================================
2025-08-21 15:01:25,434 - INFO - C:\program_cookies 폴더 크기: 0.00 GB
2025-08-21 15:01:25,435 - INFO - 쿠키 기록을 남기도록 C:\program_cookies\PC_random 폴더를 지정합니다.
2025-08-21 15:01:25,435 - INFO - fixed UA가 없어서 랜덤으로 PC UA 생성합니다.
2025-08-21 15:01:25,435 - INFO - 랜덤으로 생성된 UA는 Mozilla/5.0 (Windows NT 10.0; Win64; x64) AppleWebKit/537.36 (KHTML, like Gecko) Chrome/133.0.6833.84 Safari/537.36입니다.
2025-08-21 15:01:28,988 - ERROR - 2/10번째 [ cafe_viral_only_vewnum_nodriver_ver.py 프로그램 ] - < Exception 발생 >
~~ 2번째 에러 도달 ~~
Traceback (most recent call last):
  File "C:\Users\user\Desktop\Bridzzi\src\naver\Cafe_Viral\cafe_viral_only_vewnum_nodriver_ver.py", line 70, in _view_num_add
    await self._open_tabs_and_visit_url(link, count)
  File "C:\Users\user\Desktop\Bridzzi\src\naver\Cafe_Viral\cafe_viral_only_vewnum_nodriver_ver.py", line 45, in _open_tabs_and_visit_url
    self.nodriver.tab.get(url)
    ^^^^^^^^^^^^^^^^^^^^^
AttributeError: 'NoneType' object has no attribute 'get'

During handling of the above exception, another exception occurred:

Traceback (most recent call last):
  File "C:\Users\user\Desktop\Bridzzi\src\naver\Cafe_Viral\cafe_viral_only_vewnum_nodriver_ver.py", line 133, in <module>
    status = uc.loop().run_until_complete(naver_cafe_view_bot.manual_cafe_viewnum_process())
             ^^^^^^^^^^^^^^^^^^^^^^^^^^^^^^^^^^^^^^^^^^^^^^^^^^^^^^^^^^^^^^^^^^^^^^^^^^^^^^^
  File "c:\Users\user\anaconda3\envs\AutoPro\Lib\asyncio\base_events.py", line 686, in run_until_complete
    return future.result()
           ^^^^^^^^^^^^^^^
  File "C:\Users\user\Desktop\Bridzzi\src\naver\Cafe_Viral\cafe_viral_only_vewnum_nodriver_ver.py", line 101, in manual_cafe_viewnum_process
    await self._view_num_add(url, view_count)
  File "C:\Users\user\Desktop\Bridzzi\src\naver\Cafe_Viral\cafe_viral_only_vewnum_nodriver_ver.py", line 75, in _view_num_add
    await self.nodriver.quit()
  File "C:\Users\user\Desktop\Bridzzi\util\nodriver\nodriver_bot.py", line 1015, in quit
    if await self.tab:
       ^^^^^^^^^^^^^^
TypeError: object NoneType can't be used in 'await' expression


오류가 발생하였습니다. 확인 부탁드립니다
2025-08-21 15:01:28,989 - ERROR - Traceback (most recent call last):
2025-08-21 15:01:28,989 - ERROR - File "C:\Users\user\Desktop\Bridzzi\src\naver\Cafe_Viral\cafe_viral_only_vewnum_nodriver_ver.py", line 70, in _view_num_add
    await self._open_tabs_and_visit_url(link, count)
2025-08-21 15:01:28,989 - ERROR - File "C:\Users\user\Desktop\Bridzzi\src\naver\Cafe_Viral\cafe_viral_only_vewnum_nodriver_ver.py", line 45, in _open_tabs_and_visit_url
    self.nodriver.tab.get(url)
    ^^^^^^^^^^^^^^^^^^^^^
2025-08-21 15:01:28,989 - ERROR - AttributeError: 'NoneType' object has no attribute 'get'
2025-08-21 15:01:28,990 - ERROR - During handling of the above exception, another exception occurred:
2025-08-21 15:01:28,990 - ERROR - Traceback (most recent call last):
2025-08-21 15:01:28,990 - ERROR - File "C:\Users\user\Desktop\Bridzzi\src\naver\Cafe_Viral\cafe_viral_only_vewnum_nodriver_ver.py", line 133, in <module>
    status = uc.loop().run_until_complete(naver_cafe_view_bot.manual_cafe_viewnum_process())
             ^^^^^^^^^^^^^^^^^^^^^^^^^^^^^^^^^^^^^^^^^^^^^^^^^^^^^^^^^^^^^^^^^^^^^^^^^^^^^^^
2025-08-21 15:01:28,990 - ERROR - File "c:\Users\user\anaconda3\envs\AutoPro\Lib\asyncio\base_events.py", line 686, in run_until_complete
    return future.result()
           ^^^^^^^^^^^^^^^
2025-08-21 15:01:28,991 - ERROR - File "C:\Users\user\Desktop\Bridzzi\src\naver\Cafe_Viral\cafe_viral_only_vewnum_nodriver_ver.py", line 101, in manual_cafe_viewnum_process
    await self._view_num_add(url, view_count)
2025-08-21 15:01:28,991 - ERROR - File "C:\Users\user\Desktop\Bridzzi\src\naver\Cafe_Viral\cafe_viral_only_vewnum_nodriver_ver.py", line 75, in _view_num_add
    await self.nodriver.quit()
2025-08-21 15:01:28,991 - ERROR - File "C:\Users\user\Desktop\Bridzzi\util\nodriver\nodriver_bot.py", line 1015, in quit
    if await self.tab:
       ^^^^^^^^^^^^^^
2025-08-21 15:01:28,991 - ERROR - TypeError: object NoneType can't be used in 'await' expression
2025-08-21 15:01:28,991 - INFO - 텔레그램 에러 메시지 : [ cafe_viral_only_vewnum_nodriver_ver.py 프로그램 ] - < Exception 발생 >
~~ 2번째 에러 도달 ~~
Traceback (most recent call last):
  File "C:\Users\user\Desktop\Bridzzi\src\naver\Cafe_Viral\cafe_viral_only_vewnum_nodriver_ver.py", line 70, in _view_num_add
    await self._open_tabs_and_visit_url(link, count)
  File "C:\Users\user\Desktop\Bridzzi\src\naver\Cafe_Viral\cafe_viral_only_vewnum_nodriver_ver.py", line 45, in _open_tabs_and_visit_url
    self.nodriver.tab.get(url)
    ^^^^^^^^^^^^^^^^^^^^^
AttributeError: 'NoneType' object has no attribute 'get'

During handling of the above exception, another exception occurred:

Traceback (most recent call last):
  File "C:\Users\user\Desktop\Bridzzi\src\naver\Cafe_Viral\cafe_viral_only_vewnum_nodriver_ver.py", line 133, in <module>
    status = uc.loop().run_until_complete(naver_cafe_view_bot.manual_cafe_viewnum_process())
             ^^^^^^^^^^^^^^^^^^^^^^^^^^^^^^^^^^^^^^^^^^^^^^^^^^^^^^^^^^^^^^^^^^^^^^^^^^^^^^^
  File "c:\Users\user\anaconda3\envs\AutoPro\Lib\asyncio\base_events.py", line 686, in run_until_complete
    return future.result()
           ^^^^^^^^^^^^^^^
  File "C:\Users\user\Desktop\Bridzzi\src\naver\Cafe_Viral\cafe_viral_only_vewnum_nodriver_ver.py", line 101, in manual_cafe_viewnum_process
    await self._view_num_add(url, view_count)
  File "C:\Users\user\Desktop\Bridzzi\src\naver\Cafe_Viral\cafe_viral_only_vewnum_nodriver_ver.py", line 75, in _view_num_add
    await self.nodriver.quit()
  File "C:\Users\user\Desktop\Bridzzi\util\nodriver\nodriver_bot.py", line 1015, in quit
    if await self.tab:
       ^^^^^^^^^^^^^^
TypeError: object NoneType can't be used in 'await' expression
2025-08-21 15:01:30,305 - INFO - ✅ chromedriver 종료 결과: ChromeDriver 종료
2025-08-21 15:01:30,305 - INFO - ✅ Chrome 종료 결과: Chrome 종료
2025-08-21 15:01:31,306 - INFO - ==================================
2025-08-21 15:01:31,306 - INFO - ★ 크롬 브라우저 - 자동 업데이트 ★
2025-08-21 15:01:31,440 - INFO - ==================================
2025-08-21 15:01:31,441 - INFO - ★ 이더넷(유선 & Wi-Fi) 전환 - 시도 ★
2025-08-21 15:01:31,563 - INFO - -----------------------------
2025-08-21 15:01:31,564 - INFO - 모바일 USB 어뎁터 - 비활성화(시도 & 명령어 작동)
2025-08-21 15:01:31,876 - INFO - -----------------------------
2025-08-21 15:01:31,876 - INFO - 이더넷(WI-FI, 랜선) 어뎁터 - 활성화(시도 & 명령어 작동)
