2025-08-21 15:01:56,290 - INFO - ==================================
2025-08-21 15:01:56,290 - INFO - # (수동)조회수 작업을 시작합니다 #
2025-08-21 15:01:56,290 - INFO - 시트이름: 조회수대시보드(수동)
2025-08-21 15:01:56,291 - INFO - 구글 시트 로드 - 시도중....
2025-08-21 15:01:56,806 - INFO - 구글 시트 로드 - 완료
2025-08-21 15:02:01,393 - INFO - 조회수대시보드(수동) - Success 구글 시트에서 데이터를 성공적으로 가져왔습니다.
2025-08-21 15:02:01,393 - INFO - ==================================
2025-08-21 15:02:01,398 - INFO - ★★★ IP 변경 - START ★★★
2025-08-21 15:02:01,398 - INFO - [#1 mobile_ip 전환 - try ]
2025-08-21 15:02:01,603 - INFO - [ 모바일IP 전환 - 시도 ]
2025-08-21 15:02:06,705 - INFO - --- ADB 모바일 연결 [진행]
2025-08-21 15:02:06,809 - INFO - --- USB테더링 리미트 해제 [진행]
2025-08-21 15:02:08,351 - INFO - --- USB테더링 활성화 - 성공
2025-08-21 15:02:08,351 - INFO - -----------------------------
2025-08-21 15:02:09,237 - INFO - --- 모바일 USB 어뎁터 - 활성화(시도 & 명령어 작동)
2025-08-21 15:02:09,618 - INFO - --- USB 어댑터 찾기 및 활성화 시도 [완료]
2025-08-21 15:02:09,619 - INFO - --- 이더넷(WI-FI, 랜선) 어뎁터 - 비활성화(시도 & 명령어 작동)
2025-08-21 15:02:12,756 - INFO - --- USB 어댑터 외의 모든 어댑터 비활성화 시도 [완료]
2025-08-21 15:02:15,323 - INFO - --- USB 어뎁터가 활성화 [확인]
2025-08-21 15:02:17,656 - INFO - --- 이더넷 어뎁터가 비활성화 [확인]
2025-08-21 15:02:17,657 - INFO - -----------------------------
2025-08-21 15:02:17,739 - INFO - --- WiFi off - 성공
2025-08-21 15:02:17,815 - INFO - --- '모바일 데이터' on - 성공
2025-08-21 15:02:18,923 - INFO - ★ 모바일IP 전환 - Success ★
2025-08-21 15:02:18,924 - INFO - [# USB테더링 전환 #] - 성공
2025-08-21 15:02:18,924 - INFO - [#1 mobile_ip 전환 - success ]
2025-08-21 15:02:18,925 - INFO - -----------------------------
2025-08-21 15:02:18,925 - INFO - [#2 before_ip 추출] - try
2025-08-21 15:02:18,926 - INFO - -- 'https://ipinfo.io/ip'에서 public IP를 추출합니다....
2025-08-21 15:02:19,248 - INFO - -- 'https://ipinfo.io/ip' : 118.235.14.192
2025-08-21 15:02:19,248 - INFO - [#2 before_ip 추출] - success : 118.235.14.192
2025-08-21 15:02:19,248 - INFO - -----------------------------
2025-08-21 15:02:19,627 - INFO - --- 모바일 데이터 off - 성공
2025-08-21 15:02:20,026 - INFO - --- 비행기 모드 on - 성공
2025-08-21 15:02:20,396 - INFO - --- 비행기 모드 off - 성공
2025-08-21 15:02:20,793 - INFO - --- 모바일 데이터 on - 성공
2025-08-21 15:02:20,793 - INFO - [#3 after_ip 추출] - try
2025-08-21 15:02:20,794 - INFO - -- 'https://ipinfo.io/ip'에서 public IP를 추출합니다....
2025-08-21 15:02:21,807 - INFO - - 추출 실패 1/3 재시도
2025-08-21 15:02:23,258 - INFO - -- 'https://ipinfo.io/ip' : 118.235.11.102
2025-08-21 15:02:23,259 - INFO - [#3 after_ip 추출] - success : 118.235.11.102
2025-08-21 15:02:23,259 - INFO - Success -IP 변경(성공): before 118.235.14.192 => after 118.235.11.102
2025-08-21 15:02:23,259 - INFO - ★★★ IP 변경 - Success ★★★
2025-08-21 15:02:23,260 - INFO - ==================================
2025-08-21 15:02:24,266 - INFO - C:\program_cookies 폴더 크기: 0.01 GB
2025-08-21 15:02:24,266 - INFO - 쿠키 기록을 남기도록 C:\program_cookies\PC_random 폴더를 지정합니다.
2025-08-21 15:02:24,267 - INFO - fixed UA가 없어서 랜덤으로 PC UA 생성합니다.
2025-08-21 15:02:24,267 - INFO - 랜덤으로 생성된 UA는 Mozilla/5.0 (Windows NT 10.0; Win64; x64) AppleWebKit/537.36 (KHTML, like Gecko) Chrome/131.0.6778.86 Safari/537.36입니다.
2025-08-21 15:02:24,606 - ERROR - C:\Users\user\Desktop\Bridzzi\src\naver\Cafe_Viral\cafe_viral_only_vewnum_nodriver_ver.py:45: RuntimeWarning: coroutine 'Tab.get' was never awaited
  self.nodriver.tab.get(url)
RuntimeWarning: Enable tracemalloc to get the object allocation traceback
2025-08-21 15:02:27,613 - ERROR - 1/10번째 [ cafe_viral_only_vewnum_nodriver_ver.py 프로그램 ] - < Exception 발생 >
~~ 1번째 에러 도달 ~~
Traceback (most recent call last):
  File "C:\Users\user\Desktop\Bridzzi\src\naver\Cafe_Viral\cafe_viral_only_vewnum_nodriver_ver.py", line 70, in _view_num_add
    await self._open_tabs_and_visit_url(link, count)
  File "C:\Users\user\Desktop\Bridzzi\src\naver\Cafe_Viral\cafe_viral_only_vewnum_nodriver_ver.py", line 45, in _open_tabs_and_visit_url
    self.nodriver.tab.get(url)
    ^^^^^^^^^^^^^^^^^^^^^
AttributeError: 'NoneType' object has no attribute 'get'

During handling of the above exception, another exception occurred:

Traceback (most recent call last):
  File "C:\Users\user\Desktop\Bridzzi\src\naver\Cafe_Viral\cafe_viral_only_vewnum_nodriver_ver.py", line 133, in <module>
    status = uc.loop().run_until_complete(naver_cafe_view_bot.manual_cafe_viewnum_process())
             ^^^^^^^^^^^^^^^^^^^^^^^^^^^^^^^^^^^^^^^^^^^^^^^^^^^^^^^^^^^^^^^^^^^^^^^^^^^^^^^
  File "c:\Users\user\anaconda3\envs\AutoPro\Lib\asyncio\base_events.py", line 686, in run_until_complete
    return future.result()
           ^^^^^^^^^^^^^^^
  File "C:\Users\user\Desktop\Bridzzi\src\naver\Cafe_Viral\cafe_viral_only_vewnum_nodriver_ver.py", line 101, in manual_cafe_viewnum_process
    await self._view_num_add(url, view_count)
  File "C:\Users\user\Desktop\Bridzzi\src\naver\Cafe_Viral\cafe_viral_only_vewnum_nodriver_ver.py", line 75, in _view_num_add
    await self.nodriver.quit()
  File "C:\Users\user\Desktop\Bridzzi\util\nodriver\nodriver_bot.py", line 1015, in quit
    if await self.tab:
       ^^^^^^^^^^^^^^
TypeError: object NoneType can't be used in 'await' expression


오류가 발생하였습니다. 확인 부탁드립니다
2025-08-21 15:02:27,614 - ERROR - Traceback (most recent call last):
2025-08-21 15:02:27,615 - ERROR - File "C:\Users\user\Desktop\Bridzzi\src\naver\Cafe_Viral\cafe_viral_only_vewnum_nodriver_ver.py", line 70, in _view_num_add
    await self._open_tabs_and_visit_url(link, count)
2025-08-21 15:02:27,615 - ERROR - File "C:\Users\user\Desktop\Bridzzi\src\naver\Cafe_Viral\cafe_viral_only_vewnum_nodriver_ver.py", line 45, in _open_tabs_and_visit_url
    self.nodriver.tab.get(url)
    ^^^^^^^^^^^^^^^^^^^^^
2025-08-21 15:02:27,615 - ERROR - AttributeError: 'NoneType' object has no attribute 'get'
2025-08-21 15:02:27,615 - ERROR - During handling of the above exception, another exception occurred:
2025-08-21 15:02:27,616 - ERROR - Traceback (most recent call last):
2025-08-21 15:02:27,616 - ERROR - File "C:\Users\user\Desktop\Bridzzi\src\naver\Cafe_Viral\cafe_viral_only_vewnum_nodriver_ver.py", line 133, in <module>
    status = uc.loop().run_until_complete(naver_cafe_view_bot.manual_cafe_viewnum_process())
             ^^^^^^^^^^^^^^^^^^^^^^^^^^^^^^^^^^^^^^^^^^^^^^^^^^^^^^^^^^^^^^^^^^^^^^^^^^^^^^^
2025-08-21 15:02:27,616 - ERROR - File "c:\Users\user\anaconda3\envs\AutoPro\Lib\asyncio\base_events.py", line 686, in run_until_complete
    return future.result()
           ^^^^^^^^^^^^^^^
2025-08-21 15:02:27,616 - ERROR - File "C:\Users\user\Desktop\Bridzzi\src\naver\Cafe_Viral\cafe_viral_only_vewnum_nodriver_ver.py", line 101, in manual_cafe_viewnum_process
    await self._view_num_add(url, view_count)
2025-08-21 15:02:27,617 - ERROR - File "C:\Users\user\Desktop\Bridzzi\src\naver\Cafe_Viral\cafe_viral_only_vewnum_nodriver_ver.py", line 75, in _view_num_add
    await self.nodriver.quit()
2025-08-21 15:02:27,617 - ERROR - File "C:\Users\user\Desktop\Bridzzi\util\nodriver\nodriver_bot.py", line 1015, in quit
    if await self.tab:
       ^^^^^^^^^^^^^^
2025-08-21 15:02:27,617 - ERROR - TypeError: object NoneType can't be used in 'await' expression
2025-08-21 15:02:27,755 - INFO - ✅ chromedriver 종료 결과: ChromeDriver 종료
2025-08-21 15:02:27,755 - INFO - ✅ Chrome 종료 결과: Chrome 종료
2025-08-21 15:02:28,756 - INFO - ==================================
2025-08-21 15:02:28,756 - INFO - ★ 크롬 브라우저 - 자동 업데이트 ★
2025-08-21 15:02:28,893 - INFO - ==================================
2025-08-21 15:02:28,893 - INFO - ★ 이더넷(유선 & Wi-Fi) 전환 - 시도 ★
2025-08-21 15:02:29,040 - INFO - -----------------------------
2025-08-21 15:02:29,040 - INFO - 모바일 USB 어뎁터 - 비활성화(시도 & 명령어 작동)
2025-08-21 15:02:29,378 - INFO - -----------------------------
2025-08-21 15:02:29,378 - INFO - 이더넷(WI-FI, 랜선) 어뎁터 - 활성화(시도 & 명령어 작동)
