2025-08-06 22:06:56,097 - INFO - ==================================
2025-08-06 22:06:56,097 - INFO - #1 바이럴 글쓰기 작업을 시작합니다.
2025-08-06 22:10:02,140 - INFO - APIError: [503]: The service is currently unavailable. - 네트워크 오류 발생. 5초 후 재시작. 재시도: 1/10
2025-08-06 22:11:50,356 - INFO - 바이럴대시보드TEST - Success 구글 시트에서 데이터를 성공적으로 가져왔습니다.
2025-08-06 22:11:50,356 - INFO - ==================================
2025-08-06 22:11:50,356 - INFO - ★★★ IP 변경 - START ★★★
2025-08-06 22:11:50,356 - INFO - [#1 mobile_ip 전환 - try ]
2025-08-06 22:11:50,593 - INFO - [ 모바일IP 전환 - 시도 ]
2025-08-06 22:11:50,676 - INFO - --- ADB 모바일 연결 [진행]
2025-08-06 22:11:50,831 - INFO - --- USB테더링 리미트 해제 [진행]
2025-08-06 22:11:52,019 - INFO - --- USB테더링 활성화 - 성공
2025-08-06 22:11:52,019 - INFO - -----------------------------
2025-08-06 22:11:52,912 - INFO - --- 모바일 USB 어뎁터 - 활성화(시도 & 명령어 작동)
2025-08-06 22:11:53,444 - INFO - --- USB 어댑터 찾기 및 활성화 시도 [완료]
2025-08-06 22:11:53,446 - INFO - --- 이더넷(WI-FI, 랜선) 어뎁터 - 비활성화(시도 & 명령어 작동)
2025-08-06 22:11:56,614 - INFO - --- USB 어댑터 외의 모든 어댑터 비활성화 시도 [완료]
2025-08-06 22:11:59,245 - INFO - --- USB 어뎁터가 활성화 [확인]
2025-08-06 22:12:01,590 - INFO - --- 이더넷 어뎁터가 비활성화 [확인]
2025-08-06 22:12:01,590 - INFO - -----------------------------
2025-08-06 22:12:01,709 - INFO - --- WiFi off - 성공
2025-08-06 22:12:01,845 - INFO - --- '모바일 데이터' on - 성공
2025-08-06 22:12:02,873 - INFO - ★ 모바일IP 전환 - Success ★
2025-08-06 22:12:02,873 - INFO - [# USB테더링 전환 #] - 성공
2025-08-06 22:12:02,873 - INFO - [#1 mobile_ip 전환 - success ]
2025-08-06 22:12:02,874 - INFO - -----------------------------
2025-08-06 22:12:02,874 - INFO - [#2 before_ip 추출] - try
2025-08-06 22:12:02,874 - INFO - -- 'https://ipinfo.io/ip'에서 public IP를 추출합니다....
2025-08-06 22:12:03,230 - INFO - -- 'https://ipinfo.io/ip' : 39.7.28.57
2025-08-06 22:12:03,231 - INFO - [#2 before_ip 추출] - success : 39.7.28.57
2025-08-06 22:12:03,231 - INFO - -----------------------------
2025-08-06 22:12:03,615 - INFO - --- 모바일 데이터 off - 성공
2025-08-06 22:12:04,028 - INFO - --- 비행기 모드 on - 성공
2025-08-06 22:12:04,375 - INFO - --- 비행기 모드 off - 성공
2025-08-06 22:12:04,764 - INFO - --- 모바일 데이터 on - 성공
2025-08-06 22:12:04,764 - INFO - [#3 after_ip 추출] - try
2025-08-06 22:12:04,764 - INFO - -- 'https://ipinfo.io/ip'에서 public IP를 추출합니다....
2025-08-06 22:12:05,766 - INFO - - 추출 실패 1/3 재시도
2025-08-06 22:12:06,749 - INFO - -- 'https://ipinfo.io/ip' : 39.7.28.142
2025-08-06 22:12:06,749 - INFO - [#3 after_ip 추출] - success : 39.7.28.142
2025-08-06 22:12:06,749 - INFO - Success -IP 변경(성공): before 39.7.28.57 => after 39.7.28.142
2025-08-06 22:12:06,749 - INFO - ★★★ IP 변경 - Success ★★★
2025-08-06 22:12:06,749 - INFO - ==================================
2025-08-06 22:12:07,901 - INFO - C:\program_cookies 폴더 크기: 0.50 GB
2025-08-06 22:12:07,915 - INFO - C:\program_cookies\Mobile_yz890cdefg 폴더 크기: 0.04 GB
2025-08-06 22:12:07,915 - INFO - 쿠키 기록을 남기도록 C:\program_cookies\Mobile_yz890cdefg 폴더를 지정합니다.
2025-08-06 22:12:07,915 - INFO - fixed UA가 있습니다.
2025-08-06 22:12:07,915 - INFO - fixed된 UA는 Mozilla/5.0 (Linux; Android 11; SM-A525F) AppleWebKit/537.36 (KHTML, like Gecko) Chrome/95.0.4621.1 Mobile Safari/537.36입니다.
2025-08-06 22:12:07,915 - INFO - 옵션 수동설정을 시작합니다.
2025-08-06 22:12:07,915 - INFO - 드라이브 옵션 기입 완료했습니다.
2025-08-06 22:12:13,857 - INFO - 크롬창을 열었습니다.
2025-08-06 22:12:13,866 - INFO - Android
2025-08-06 22:12:13,872 - INFO - geo 정보를 랜덤으로 변경합니다..
2025-08-06 22:12:13,872 - INFO - FIXED gps 정보를 적용합니다.
2025-08-06 22:12:13,873 - INFO - FIXED gps 정보는 {'latitude': 37.5491199, 'longitude': 127.167448, 'accuracy': 100} 입니다.
2025-08-06 22:12:14,219 - INFO - 모든 변경이 완료되었습니다...
2025-08-06 22:12:14,219 - INFO - ~~~~~~~~~~
2025-08-06 22:12:14,711 - INFO - [ NAVER_ID : yz890cdefg ]
2025-08-06 22:14:14,717 - INFO - HTTPConnectionPool(host='localhost', port=61360): Read timed out. (read timeout=120) - 네트워크 오류가 발생해서 10초 휴식하고 재시작합니다.
2025-08-06 22:14:24,945 - INFO - ✅ chromedriver 종료 결과: ChromeDriver 종료
2025-08-06 22:14:24,946 - INFO - ✅ Chrome 종료 결과: Chrome 종료
2025-08-06 22:14:25,948 - INFO - ==================================
2025-08-06 22:14:25,948 - INFO - ★ 크롬 브라우저 - 자동 업데이트 ★
2025-08-06 22:14:26,107 - INFO - ==================================
2025-08-06 22:14:26,107 - INFO - ★ 이더넷(유선 & Wi-Fi) 전환 - 시도 ★
2025-08-06 22:14:26,237 - INFO - -----------------------------
2025-08-06 22:14:26,237 - INFO - 모바일 USB 어뎁터 - 비활성화(시도 & 명령어 작동)
2025-08-06 22:14:26,616 - INFO - -----------------------------
2025-08-06 22:14:26,616 - INFO - 이더넷(WI-FI, 랜선) 어뎁터 - 활성화(시도 & 명령어 작동)
2025-08-06 22:14:31,462 - INFO - 모바일 USB 어뎁터가 비활성화 되었습니다.
2025-08-06 22:14:45,499 - INFO - 이더넷 어뎁터가 활성화 되었습니다.
2025-08-06 22:14:45,950 - INFO - ★ 이더넷(유선 & Wi-Fi) 전환 - Success ★
2025-08-06 22:14:45,950 - INFO - ==================================
2025-08-06 22:14:46,088 - INFO - [현재 크롬 버전] : 139.0.7258.67
2025-08-06 22:14:47,493 - INFO - Chrome 업데이트를 확인하는 중...
2025-08-06 22:14:49,498 - INFO - ==================================
2025-08-06 22:14:49,498 - INFO - Chrome 상태 : Chrome이 최신 버전임
2025-08-06 22:14:49,498 - INFO - -----------------------------
2025-08-06 22:14:49,498 - INFO - ✅ Chrome이 최신 버전입니다. 종료합니다.
2025-08-06 22:14:49,498 - INFO - ==================================
2025-08-06 22:14:53,145 - INFO - ==================================
2025-08-06 22:14:53,145 - INFO - ==================================
2025-08-06 22:14:53,146 - INFO - #1 바이럴 글쓰기 작업을 시작합니다.
2025-08-06 22:17:01,077 - INFO - 바이럴대시보드TEST - Success 구글 시트에서 데이터를 성공적으로 가져왔습니다.
2025-08-06 22:17:01,096 - INFO - ==================================
2025-08-06 22:17:01,096 - INFO - ★★★ IP 변경 - START ★★★
2025-08-06 22:17:01,096 - INFO - [#1 mobile_ip 전환 - try ]
2025-08-06 22:17:01,263 - INFO - [ 모바일IP 전환 - 시도 ]
2025-08-06 22:17:01,308 - INFO - --- ADB 모바일 연결 [진행]
2025-08-06 22:17:01,439 - INFO - --- USB테더링 리미트 해제 [진행]
2025-08-06 22:17:02,625 - INFO - --- USB테더링 활성화 - 성공
2025-08-06 22:17:02,625 - INFO - -----------------------------
2025-08-06 22:17:03,516 - INFO - --- 모바일 USB 어뎁터 - 활성화(시도 & 명령어 작동)
2025-08-06 22:17:03,919 - INFO - --- USB 어댑터 찾기 및 활성화 시도 [완료]
2025-08-06 22:17:03,919 - INFO - --- 이더넷(WI-FI, 랜선) 어뎁터 - 비활성화(시도 & 명령어 작동)
2025-08-06 22:17:07,175 - INFO - --- USB 어댑터 외의 모든 어댑터 비활성화 시도 [완료]
2025-08-06 22:17:09,717 - INFO - --- USB 어뎁터가 활성화 [확인]
2025-08-06 22:17:12,057 - INFO - --- 이더넷 어뎁터가 비활성화 [확인]
2025-08-06 22:17:12,057 - INFO - -----------------------------
2025-08-06 22:17:12,193 - INFO - --- WiFi off - 성공
2025-08-06 22:17:12,318 - INFO - --- '모바일 데이터' on - 성공
2025-08-06 22:17:13,421 - INFO - ★ 모바일IP 전환 - Success ★
2025-08-06 22:17:13,421 - INFO - [# USB테더링 전환 #] - 성공
2025-08-06 22:17:13,421 - INFO - [#1 mobile_ip 전환 - success ]
2025-08-06 22:17:13,421 - INFO - -----------------------------
2025-08-06 22:17:13,421 - INFO - [#2 before_ip 추출] - try
2025-08-06 22:17:13,421 - INFO - -- 'https://ipinfo.io/ip'에서 public IP를 추출합니다....
2025-08-06 22:17:13,775 - INFO - -- 'https://ipinfo.io/ip' : 39.7.28.142
2025-08-06 22:17:13,791 - INFO - [#2 before_ip 추출] - success : 39.7.28.142
2025-08-06 22:17:13,791 - INFO - -----------------------------
2025-08-06 22:17:14,180 - INFO - --- 모바일 데이터 off - 성공
2025-08-06 22:17:14,646 - INFO - --- 비행기 모드 on - 성공
2025-08-06 22:17:14,985 - INFO - --- 비행기 모드 off - 성공
2025-08-06 22:17:15,442 - INFO - --- 모바일 데이터 on - 성공
2025-08-06 22:17:15,442 - INFO - [#3 after_ip 추출] - try
2025-08-06 22:17:15,442 - INFO - -- 'https://ipinfo.io/ip'에서 public IP를 추출합니다....
2025-08-06 22:17:16,449 - INFO - - 추출 실패 1/3 재시도
2025-08-06 22:17:17,389 - INFO - -- 'https://ipinfo.io/ip' : 118.235.74.118
2025-08-06 22:17:17,389 - INFO - [#3 after_ip 추출] - success : 118.235.74.118
2025-08-06 22:17:17,389 - INFO - Success -IP 변경(성공): before 39.7.28.142 => after 118.235.74.118
2025-08-06 22:17:17,389 - INFO - ★★★ IP 변경 - Success ★★★
2025-08-06 22:17:17,389 - INFO - ==================================
2025-08-06 22:17:18,547 - INFO - C:\program_cookies 폴더 크기: 0.50 GB
2025-08-06 22:17:18,555 - INFO - C:\program_cookies\Mobile_yz890cdefg 폴더 크기: 0.05 GB
2025-08-06 22:17:18,555 - INFO - 쿠키 기록을 남기도록 C:\program_cookies\Mobile_yz890cdefg 폴더를 지정합니다.
2025-08-06 22:17:18,555 - INFO - fixed UA가 있습니다.
2025-08-06 22:17:18,555 - INFO - fixed된 UA는 Mozilla/5.0 (Linux; Android 11; SM-A525F) AppleWebKit/537.36 (KHTML, like Gecko) Chrome/95.0.4621.1 Mobile Safari/537.36입니다.
2025-08-06 22:17:18,555 - INFO - 옵션 수동설정을 시작합니다.
2025-08-06 22:17:18,565 - INFO - 드라이브 옵션 기입 완료했습니다.
2025-08-06 22:17:25,211 - INFO - 크롬창을 열었습니다.
2025-08-06 22:17:25,211 - INFO - Android
2025-08-06 22:17:25,219 - INFO - geo 정보를 랜덤으로 변경합니다..
2025-08-06 22:17:25,219 - INFO - FIXED gps 정보를 적용합니다.
2025-08-06 22:17:25,219 - INFO - FIXED gps 정보는 {'latitude': 37.5491199, 'longitude': 127.167448, 'accuracy': 100} 입니다.
2025-08-06 22:17:25,583 - INFO - 모든 변경이 완료되었습니다...
2025-08-06 22:17:25,583 - INFO - ~~~~~~~~~~
2025-08-06 22:17:26,170 - INFO - [ NAVER_ID : yz890cdefg ]
2025-08-06 22:17:27,725 - INFO - [완료] 1. 네이버 모바일 홈페이지 get
2025-08-06 22:17:30,055 - INFO - [완료] 2. 네이버 사이드 메뉴
2025-08-06 22:17:32,555 - INFO - [완료] 3. 네이버 로그인 화면 - 페이지 get
2025-08-06 22:17:40,221 - INFO - [완료] 4. 네이버 로그인
2025-08-06 22:17:40,485 - INFO - (모바일) 메일 로그인 인증 작업을 시작합니다
2025-08-06 22:17:42,286 - INFO - 메일 내용 : 새로운 환경에서 로그인 되었습니다.
2025-08-06 22:17:42,293 - INFO - 새로운 환경 로그인 예 버튼을 누르러 들어갑니다.
2025-08-06 22:17:43,835 - INFO - 예 버튼을 찾습니다.
2025-08-06 22:17:44,121 - INFO - 예 버튼을 찾았습니다. 예 버튼을 누릅니다.
2025-08-06 22:17:45,620 - INFO - 예버튼을 눌렀습니다
2025-08-06 22:17:48,063 - INFO - [완료] 5. 네이버 메일 - 계정 로그인 확인
2025-08-06 22:17:55,288 - INFO - 글쓰기를 시작합니다
2025-08-06 22:18:06,819 - INFO - 소녀 등급 이상의 멤버만
쓸 수 있는 게시판 입니다.
현재 어린이 등급입니다.
2025-08-06 22:18:06,832 - ERROR - 1/10번째 [ cafe_viral_viewnum_comment.py 프로그램 ] - < Exception 발생 >
~~ 1번째 에러 도달 ~~
Traceback (most recent call last):
  File "C:\Users\user\Desktop\Bridzzi\util\platform\naver\n_cafe_bot.py", line 506, in _write_contents
    selenium_util.wait_for_element(self.browser, 10, title_selector)
  File "C:\Users\user\Desktop\Bridzzi\util\selenium\helpers.py", line 2012, in wait_for_element
    element = wait.until(EC.presence_of_element_located((By.CSS_SELECTOR, css_selector)))
              ^^^^^^^^^^^^^^^^^^^^^^^^^^^^^^^^^^^^^^^^^^^^^^^^^^^^^^^^^^^^^^^^^^^^^^^^^^^
  File "c:\Users\user\anaconda3\envs\AutoPro\Lib\site-packages\selenium\webdriver\support\wait.py", line 138, in until
    raise TimeoutException(message, screen, stacktrace)
selenium.common.exceptions.TimeoutException: Message: 
Stacktrace:
	GetHandleVerifier [0x0x8efd23+62915]
	GetHandleVerifier [0x0x8efd64+62980]
	(No symbol) [0x0x723e13]
	(No symbol) [0x0x76c89e]
	(No symbol) [0x0x76cc3b]
	(No symbol) [0x0x7b4ec2]
	(No symbol) [0x0x791424]
	(No symbol) [0x0x7b26ea]
	(No symbol) [0x0x7911d6]
	(No symbol) [0x0x760833]
	(No symbol) [0x0x7616a4]
	GetHandleVerifier [0x0xb58d13+2590131]
	GetHandleVerifier [0x0xb53f5a+2570234]
	GetHandleVerifier [0x0x9159da+217722]
	GetHandleVerifier [0x0x906048+153832]
	GetHandleVerifier [0x0x90c4ad+179533]
	GetHandleVerifier [0x0x8f7728+94152]
	GetHandleVerifier [0x0x8f78b2+94546]
	GetHandleVerifier [0x0x8e2bca+9322]
	BaseThreadInitThunk [0x0x76965d49+25]
	RtlInitializeExceptionChain [0x0x77b8d2fb+107]
	RtlGetAppContainerNamedObjectPath [0x0x77b8d281+561]


During handling of the above exception, another exception occurred:

Traceback (most recent call last):
  File "C:\Users\user\Desktop\Bridzzi\src\naver\Cafe_Viral\cafe_viral_viewnum_comment.py", line 1081, in <module>
    if status := naver_cafe_bot.cafe_post_comment_start(googlesheet):
                 ^^^^^^^^^^^^^^^^^^^^^^^^^^^^^^^^^^^^^^^^^^^^^^^^^^^
  File "C:\Users\user\Desktop\Bridzzi\util\platform\naver\n_cafe_bot.py", line 837, in cafe_post_comment_start
    is_completd_cafe_viral = self.cafe_viral_contents_process()
                             ^^^^^^^^^^^^^^^^^^^^^^^^^^^^^^^^^^
  File "C:\Users\user\Desktop\Bridzzi\util\platform\naver\n_cafe_bot.py", line 654, in cafe_viral_contents_process
    if not self._cafe_viral_post(data):
           ^^^^^^^^^^^^^^^^^^^^^^^^^^^
  File "C:\Users\user\Desktop\Bridzzi\util\platform\naver\n_cafe_bot.py", line 595, in _cafe_viral_post
    write_content_url = self._write_contents(data)
            ^^^^^^^^^^^^^^^^^^^^^^^^^^
  File "C:\Users\user\Desktop\Bridzzi\util\platform\naver\n_cafe_bot.py", line 513, in _write_contents
    telegram_util.send_mesaage(message_text, "카페(바이럴)")
    ^^^^^^^^^^^^^^^^^^^^^^^^^^
AttributeError: module 'util.api.telegram' has no attribute 'send_mesaage'. Did you mean: 'send_message'?


오류가 발생하였습니다. 확인 부탁드립니다
2025-08-06 22:18:06,832 - ERROR - Traceback (most recent call last):
2025-08-06 22:18:06,832 - ERROR - File "C:\Users\user\Desktop\Bridzzi\util\platform\naver\n_cafe_bot.py", line 506, in _write_contents
    selenium_util.wait_for_element(self.browser, 10, title_selector)
2025-08-06 22:18:06,832 - ERROR - File "C:\Users\user\Desktop\Bridzzi\util\selenium\helpers.py", line 2012, in wait_for_element
    element = wait.until(EC.presence_of_element_located((By.CSS_SELECTOR, css_selector)))
              ^^^^^^^^^^^^^^^^^^^^^^^^^^^^^^^^^^^^^^^^^^^^^^^^^^^^^^^^^^^^^^^^^^^^^^^^^^^
2025-08-06 22:18:06,832 - ERROR - File "c:\Users\user\anaconda3\envs\AutoPro\Lib\site-packages\selenium\webdriver\support\wait.py", line 138, in until
    raise TimeoutException(message, screen, stacktrace)
2025-08-06 22:18:06,832 - ERROR - selenium.common.exceptions.TimeoutException: Message: 
Stacktrace:
	GetHandleVerifier [0x0x8efd23+62915]
	GetHandleVerifier [0x0x8efd64+62980]
	(No symbol) [0x0x723e13]
	(No symbol) [0x0x76c89e]
	(No symbol) [0x0x76cc3b]
	(No symbol) [0x0x7b4ec2]
	(No symbol) [0x0x791424]
	(No symbol) [0x0x7b26ea]
	(No symbol) [0x0x7911d6]
	(No symbol) [0x0x760833]
	(No symbol) [0x0x7616a4]
	GetHandleVerifier [0x0xb58d13+2590131]
	GetHandleVerifier [0x0xb53f5a+2570234]
	GetHandleVerifier [0x0x9159da+217722]
	GetHandleVerifier [0x0x906048+153832]
	GetHandleVerifier [0x0x90c4ad+179533]
	GetHandleVerifier [0x0x8f7728+94152]
	GetHandleVerifier [0x0x8f78b2+94546]
	GetHandleVerifier [0x0x8e2bca+9322]
	BaseThreadInitThunk [0x0x76965d49+25]
	RtlInitializeExceptionChain [0x0x77b8d2fb+107]
	RtlGetAppContainerNamedObjectPath [0x0x77b8d281+561]
2025-08-06 22:18:06,832 - ERROR - During handling of the above exception, another exception occurred:
2025-08-06 22:18:06,832 - ERROR - Traceback (most recent call last):
2025-08-06 22:18:06,832 - ERROR - File "C:\Users\user\Desktop\Bridzzi\src\naver\Cafe_Viral\cafe_viral_viewnum_comment.py", line 1081, in <module>
    if status := naver_cafe_bot.cafe_post_comment_start(googlesheet):
                 ^^^^^^^^^^^^^^^^^^^^^^^^^^^^^^^^^^^^^^^^^^^^^^^^^^^
2025-08-06 22:18:06,832 - ERROR - File "C:\Users\user\Desktop\Bridzzi\util\platform\naver\n_cafe_bot.py", line 837, in cafe_post_comment_start
    is_completd_cafe_viral = self.cafe_viral_contents_process()
                             ^^^^^^^^^^^^^^^^^^^^^^^^^^^^^^^^^^
2025-08-06 22:18:06,832 - ERROR - File "C:\Users\user\Desktop\Bridzzi\util\platform\naver\n_cafe_bot.py", line 654, in cafe_viral_contents_process
    if not self._cafe_viral_post(data):
           ^^^^^^^^^^^^^^^^^^^^^^^^^^^
2025-08-06 22:18:06,832 - ERROR - File "C:\Users\user\Desktop\Bridzzi\util\platform\naver\n_cafe_bot.py", line 595, in _cafe_viral_post
    write_content_url = self._write_contents(data)
            ^^^^^^^^^^^^^^^^^^^^^^^^^^
2025-08-06 22:18:06,832 - ERROR - File "C:\Users\user\Desktop\Bridzzi\util\platform\naver\n_cafe_bot.py", line 513, in _write_contents
    telegram_util.send_mesaage(message_text, "카페(바이럴)")
    ^^^^^^^^^^^^^^^^^^^^^^^^^^
2025-08-06 22:18:06,832 - ERROR - AttributeError: module 'util.api.telegram' has no attribute 'send_mesaage'. Did you mean: 'send_message'?
2025-08-06 22:18:06,985 - INFO - ✅ chromedriver 종료 결과: ChromeDriver 종료
2025-08-06 22:18:06,987 - INFO - ✅ Chrome 종료 결과: Chrome 종료
2025-08-06 22:18:07,989 - INFO - ==================================
2025-08-06 22:18:07,989 - INFO - ★ 크롬 브라우저 - 자동 업데이트 ★
2025-08-06 22:18:08,125 - INFO - ==================================
2025-08-06 22:18:08,125 - INFO - ★ 이더넷(유선 & Wi-Fi) 전환 - 시도 ★
2025-08-06 22:18:08,252 - INFO - -----------------------------
2025-08-06 22:18:08,252 - INFO - 모바일 USB 어뎁터 - 비활성화(시도 & 명령어 작동)
2025-08-06 22:18:08,665 - INFO - -----------------------------
2025-08-06 22:18:08,665 - INFO - 이더넷(WI-FI, 랜선) 어뎁터 - 활성화(시도 & 명령어 작동)
2025-08-06 22:18:13,523 - INFO - 모바일 USB 어뎁터가 비활성화 되었습니다.
2025-08-06 22:18:27,581 - INFO - 이더넷 어뎁터가 활성화 되었습니다.
2025-08-06 22:18:28,059 - INFO - ★ 이더넷(유선 & Wi-Fi) 전환 - Success ★
2025-08-06 22:18:28,059 - INFO - ==================================
2025-08-06 22:18:28,196 - INFO - [현재 크롬 버전] : 139.0.7258.67
2025-08-06 22:18:29,487 - INFO - Chrome 업데이트를 확인하는 중...
2025-08-06 22:18:31,497 - INFO - ==================================
2025-08-06 22:18:31,497 - INFO - Chrome 상태 : Chrome이 최신 버전임
2025-08-06 22:18:31,498 - INFO - -----------------------------
2025-08-06 22:18:31,498 - INFO - ✅ Chrome이 최신 버전입니다. 종료합니다.
2025-08-06 22:18:31,498 - INFO - ==================================
2025-08-06 22:18:35,190 - INFO - ==================================
2025-08-06 22:18:35,195 - ERROR - Uncaught exception
Traceback (most recent call last):
  File "C:\Users\user\Desktop\Bridzzi\util\platform\naver\n_cafe_bot.py", line 506, in _write_contents
    selenium_util.wait_for_element(self.browser, 10, title_selector)
  File "C:\Users\user\Desktop\Bridzzi\util\selenium\helpers.py", line 2012, in wait_for_element
    element = wait.until(EC.presence_of_element_located((By.CSS_SELECTOR, css_selector)))
              ^^^^^^^^^^^^^^^^^^^^^^^^^^^^^^^^^^^^^^^^^^^^^^^^^^^^^^^^^^^^^^^^^^^^^^^^^^^
  File "c:\Users\user\anaconda3\envs\AutoPro\Lib\site-packages\selenium\webdriver\support\wait.py", line 138, in until
    raise TimeoutException(message, screen, stacktrace)
selenium.common.exceptions.TimeoutException: Message: 
Stacktrace:
	GetHandleVerifier [0x0x8efd23+62915]
	GetHandleVerifier [0x0x8efd64+62980]
	(No symbol) [0x0x723e13]
	(No symbol) [0x0x76c89e]
	(No symbol) [0x0x76cc3b]
	(No symbol) [0x0x7b4ec2]
	(No symbol) [0x0x791424]
	(No symbol) [0x0x7b26ea]
	(No symbol) [0x0x7911d6]
	(No symbol) [0x0x760833]
	(No symbol) [0x0x7616a4]
	GetHandleVerifier [0x0xb58d13+2590131]
	GetHandleVerifier [0x0xb53f5a+2570234]
	GetHandleVerifier [0x0x9159da+217722]
	GetHandleVerifier [0x0x906048+153832]
	GetHandleVerifier [0x0x90c4ad+179533]
	GetHandleVerifier [0x0x8f7728+94152]
	GetHandleVerifier [0x0x8f78b2+94546]
	GetHandleVerifier [0x0x8e2bca+9322]
	BaseThreadInitThunk [0x0x76965d49+25]
	RtlInitializeExceptionChain [0x0x77b8d2fb+107]
	RtlGetAppContainerNamedObjectPath [0x0x77b8d281+561]


During handling of the above exception, another exception occurred:

Traceback (most recent call last):
  File "C:\Users\user\Desktop\Bridzzi\src\naver\Cafe_Viral\cafe_viral_viewnum_comment.py", line 1081, in <module>
    if status := naver_cafe_bot.cafe_post_comment_start(googlesheet):
                 ^^^^^^^^^^^^^^^^^^^^^^^^^^^^^^^^^^^^^^^^^^^^^^^^^^^
  File "C:\Users\user\Desktop\Bridzzi\util\platform\naver\n_cafe_bot.py", line 837, in cafe_post_comment_start
    is_completd_cafe_viral = self.cafe_viral_contents_process()
                             ^^^^^^^^^^^^^^^^^^^^^^^^^^^^^^^^^^
  File "C:\Users\user\Desktop\Bridzzi\util\platform\naver\n_cafe_bot.py", line 654, in cafe_viral_contents_process
    if not self._cafe_viral_post(data):
           ^^^^^^^^^^^^^^^^^^^^^^^^^^^
  File "C:\Users\user\Desktop\Bridzzi\util\platform\naver\n_cafe_bot.py", line 595, in _cafe_viral_post
    write_content_url = self._write_contents(data)
            ^^^^^^^^^^^^^^^^^^^^^^^^^^
  File "C:\Users\user\Desktop\Bridzzi\util\platform\naver\n_cafe_bot.py", line 513, in _write_contents
    telegram_util.send_mesaage(message_text, "카페(바이럴)")
    ^^^^^^^^^^^^^^^^^^^^^^^^^^
AttributeError: module 'util.api.telegram' has no attribute 'send_mesaage'. Did you mean: 'send_message'?

During handling of the above exception, another exception occurred:

Traceback (most recent call last):
  File "C:\Users\user\Desktop\Bridzzi\src\naver\Cafe_Viral\cafe_viral_viewnum_comment.py", line 1133, in <module>
    previous_length = len(previous_error) if previous_error is not None else 0
                                             ^^^^^^^^^^^^^^
NameError: name 'previous_error' is not defined
