2025-07-30 17:20:29,099 - INFO - ==================================
2025-07-30 17:20:29,099 - INFO - #1 바이럴 글쓰기 작업을 시작합니다.
2025-07-30 17:20:30,372 - INFO - Fail 구글 시트에서 데이터가 비어 있거나 함수오류로 #N/A가 데이터에 있습니다
2025-07-30 17:20:30,372 - INFO - 더이상 작업할 계정이 없어서 포스팅은 생략합니다
2025-07-30 17:20:33,373 - INFO - ==================================
2025-07-30 17:20:33,373 - INFO - #2 댓글 달기를 시작합니다.
2025-07-30 17:20:34,399 - INFO - 댓글대시보드 - Success 구글 시트에서 데이터를 성공적으로 가져왔습니다.
2025-07-30 17:20:34,403 - INFO - ~~ 바이럴 댓글 작업을 시작합니다. ~~
2025-07-30 17:20:34,403 - INFO - 자연스러운 작업을 위해 - 4 ~ 6분 휴식 후 댓글 작업을 시작합니다.
2025-07-30 17:20:34,448 - INFO - C:\program_cookies 폴더 크기: 0.06 GB
2025-07-30 17:20:34,449 - INFO - 쿠키 기록을 남기도록 C:\program_cookies\Mobile_dnghwhd8819 폴더를 지정합니다.
2025-07-30 17:20:34,449 - INFO - fixed UA가 있습니다.
2025-07-30 17:20:34,449 - INFO - fixed된 UA는 Mozilla/5.0 (Linux; Android 12; SM-G991U) AppleWebKit/537.36 (KHTML like Gecko) Chrome/95.0.4638.74 Mobile Safari/537.36입니다.
2025-07-30 17:20:34,449 - INFO - 옵션 수동설정을 시작합니다.
2025-07-30 17:20:34,449 - INFO - 드라이브 옵션 기입 완료했습니다.
2025-07-30 17:20:36,241 - INFO - 크롬창을 열었습니다.
2025-07-30 17:20:36,243 - INFO - Android
2025-07-30 17:20:36,250 - INFO - geo 정보를 랜덤으로 변경합니다..
2025-07-30 17:20:36,250 - INFO - FIXED gps 정보를 적용합니다.
2025-07-30 17:20:36,250 - INFO - FIXED gps 정보는 {'latitude': 38.3487074, 'longitude': 127.805154, 'accuracy': 100} 입니다.
2025-07-30 17:20:36,629 - INFO - 모든 변경이 완료되었습니다...
2025-07-30 17:20:36,630 - INFO - ~~~~~~~~~~
2025-07-30 17:20:36,656 - INFO - [ NAVER_ID : dnghwhd8819 ]
2025-07-30 17:20:37,773 - INFO - [완료] 1. 네이버 모바일 홈페이지 get
2025-07-30 17:20:39,966 - INFO - [완료] 2. 네이버 사이드 메뉴
2025-07-30 17:20:41,739 - INFO - [완료] 3. 네이버 로그인 화면 - 페이지 get
2025-07-30 17:20:48,533 - INFO - [완료] 4. 네이버 로그인
2025-07-30 17:20:48,851 - INFO - (모바일) 메일 로그인 인증 작업을 시작합니다
2025-07-30 17:20:49,883 - INFO - 이미 읽어 본 메일이라 스킵하고 넘어갑니다.
2025-07-30 17:20:50,264 - INFO - [완료] 5. 네이버 메일 - 계정 로그인 확인
2025-07-30 17:21:19,605 - ERROR - 1/10번째 [ cafe_viral_viewnum_comment.py 프로그램 ] - < Exception 발생 >
~~ 1번째 에러 도달 ~~
Traceback (most recent call last):
  File "C:\Users\user\Desktop\Bridzzi\src\naver\Cafe_Viral\cafe_viral_viewnum_comment.py", line 1143, in <module>
    if status := cafe_post_comment_start(googlesheet):
    ^^^^^^^^^^^^^^^^^^^^^^^^^^^^^^^^^^^^
  File "C:\Users\user\Desktop\Bridzzi\src\naver\Cafe_Viral\cafe_viral_viewnum_comment.py", line 1100, in cafe_post_comment_start
    is_completd_cafe_comment = start_cafe_comment(googlesheet)
                               ^^^^^^^^^^^^^^^^^^^^^^^^^^^^^^^
  File "C:\Users\user\Desktop\Bridzzi\src\naver\Cafe_Viral\cafe_viral_viewnum_comment.py", line 1060, in start_cafe_comment
    아이디변경 = cafe_comment_write(googlesheet, commentdata)
                 ^^^^^^^^^^^^^^^^^^^^^^^^^^^^^^^^^^^^^^^^^^^^
  File "C:\Users\user\Desktop\Bridzzi\src\naver\Cafe_Viral\cafe_viral_viewnum_comment.py", line 981, in cafe_comment_write
    write_comments(browser, data['댓글'][k], each_url)
  File "C:\Users\user\Desktop\Bridzzi\src\naver\Cafe_Viral\cafe_viral_viewnum_comment.py", line 954, in write_comments
    selenium_util.wait_for_element(browser, 20, 등록버튼)
  File "C:\Users\user\Desktop\Bridzzi\util\selenium\helpers.py", line 2011, in wait_for_element
    element = wait.until(EC.presence_of_element_located((By.CSS_SELECTOR, css_selector)))
              ^^^^^^^^^^^^^^^^^^^^^^^^^^^^^^^^^^^^^^^^^^^^^^^^^^^^^^^^^^^^^^^^^^^^^^^^^^^
  File "c:\Users\user\anaconda3\envs\AutoPro\Lib\site-packages\selenium\webdriver\support\wait.py", line 138, in until
    raise TimeoutException(message, screen, stacktrace)
selenium.common.exceptions.TimeoutException: Message: 
Stacktrace:
	GetHandleVerifier [0x0x28ba83+63395]
	GetHandleVerifier [0x0x28bac4+63460]
	(No symbol) [0x0xd2113]
	(No symbol) [0x0x11a85e]
	(No symbol) [0x0x11abfb]
	(No symbol) [0x0x162f92]
	(No symbol) [0x0x13f3f4]
	(No symbol) [0x0x1607ba]
	(No symbol) [0x0x13f1a6]
	(No symbol) [0x0x10e7b2]
	(No symbol) [0x0x10f654]
	GetHandleVerifier [0x0x508883+2672035]
	GetHandleVerifier [0x0x503cba+2652634]
	GetHandleVerifier [0x0x2b2bca+223466]
	GetHandleVerifier [0x0x2a2cb8+158168]
	GetHandleVerifier [0x0x2a978d+185517]
	GetHandleVerifier [0x0x293b78+96408]
	GetHandleVerifier [0x0x293d02+96802]
	GetHandleVerifier [0x0x27e90a+9770]
	BaseThreadInitThunk [0x0x76965d49+25]
	RtlInitializeExceptionChain [0x0x77b8d2fb+107]
	RtlGetAppContainerNamedObjectPath [0x0x77b8d281+561]
	(No symbol) [0x0]



오류가 발생하였습니다. 확인 부탁드립니다
2025-07-30 17:21:19,605 - ERROR - Traceback (most recent call last):
2025-07-30 17:21:19,605 - ERROR - File "C:\Users\user\Desktop\Bridzzi\src\naver\Cafe_Viral\cafe_viral_viewnum_comment.py", line 1143, in <module>
    if status := cafe_post_comment_start(googlesheet):
    ^^^^^^^^^^^^^^^^^^^^^^^^^^^^^^^^^^^^
2025-07-30 17:21:19,609 - ERROR - File "C:\Users\user\Desktop\Bridzzi\src\naver\Cafe_Viral\cafe_viral_viewnum_comment.py", line 1100, in cafe_post_comment_start
    is_completd_cafe_comment = start_cafe_comment(googlesheet)
                               ^^^^^^^^^^^^^^^^^^^^^^^^^^^^^^^
2025-07-30 17:21:19,609 - ERROR - File "C:\Users\user\Desktop\Bridzzi\src\naver\Cafe_Viral\cafe_viral_viewnum_comment.py", line 1060, in start_cafe_comment
    아이디변경 = cafe_comment_write(googlesheet, commentdata)
                 ^^^^^^^^^^^^^^^^^^^^^^^^^^^^^^^^^^^^^^^^^^^^
2025-07-30 17:21:19,609 - ERROR - File "C:\Users\user\Desktop\Bridzzi\src\naver\Cafe_Viral\cafe_viral_viewnum_comment.py", line 981, in cafe_comment_write
    write_comments(browser, data['댓글'][k], each_url)
2025-07-30 17:21:19,609 - ERROR - File "C:\Users\user\Desktop\Bridzzi\src\naver\Cafe_Viral\cafe_viral_viewnum_comment.py", line 954, in write_comments
    selenium_util.wait_for_element(browser, 20, 등록버튼)
2025-07-30 17:21:19,609 - ERROR - File "C:\Users\user\Desktop\Bridzzi\util\selenium\helpers.py", line 2011, in wait_for_element
    element = wait.until(EC.presence_of_element_located((By.CSS_SELECTOR, css_selector)))
              ^^^^^^^^^^^^^^^^^^^^^^^^^^^^^^^^^^^^^^^^^^^^^^^^^^^^^^^^^^^^^^^^^^^^^^^^^^^
2025-07-30 17:21:19,609 - ERROR - File "c:\Users\user\anaconda3\envs\AutoPro\Lib\site-packages\selenium\webdriver\support\wait.py", line 138, in until
    raise TimeoutException(message, screen, stacktrace)
2025-07-30 17:21:19,609 - ERROR - selenium.common.exceptions.TimeoutException: Message: 
Stacktrace:
	GetHandleVerifier [0x0x28ba83+63395]
	GetHandleVerifier [0x0x28bac4+63460]
	(No symbol) [0x0xd2113]
	(No symbol) [0x0x11a85e]
	(No symbol) [0x0x11abfb]
	(No symbol) [0x0x162f92]
	(No symbol) [0x0x13f3f4]
	(No symbol) [0x0x1607ba]
	(No symbol) [0x0x13f1a6]
	(No symbol) [0x0x10e7b2]
	(No symbol) [0x0x10f654]
	GetHandleVerifier [0x0x508883+2672035]
	GetHandleVerifier [0x0x503cba+2652634]
	GetHandleVerifier [0x0x2b2bca+223466]
	GetHandleVerifier [0x0x2a2cb8+158168]
	GetHandleVerifier [0x0x2a978d+185517]
	GetHandleVerifier [0x0x293b78+96408]
	GetHandleVerifier [0x0x293d02+96802]
	GetHandleVerifier [0x0x27e90a+9770]
	BaseThreadInitThunk [0x0x76965d49+25]
	RtlInitializeExceptionChain [0x0x77b8d2fb+107]
	RtlGetAppContainerNamedObjectPath [0x0x77b8d281+561]
	(No symbol) [0x0]
2025-07-30 17:21:19,778 - INFO - ✅ chromedriver 종료 결과: ChromeDriver 종료
2025-07-30 17:21:19,778 - INFO - ✅ Chrome 종료 결과: Chrome 종료
2025-07-30 17:21:19,778 - INFO - ==================================
2025-07-30 17:21:19,778 - INFO - #1 바이럴 글쓰기 작업을 시작합니다.
2025-07-30 17:21:22,175 - INFO - Fail 구글 시트에서 데이터가 비어 있거나 함수오류로 #N/A가 데이터에 있습니다
2025-07-30 17:21:22,175 - INFO - 더이상 작업할 계정이 없어서 포스팅은 생략합니다
2025-07-30 17:21:25,180 - INFO - ==================================
2025-07-30 17:21:25,180 - INFO - #2 댓글 달기를 시작합니다.
2025-07-30 17:21:26,418 - INFO - 댓글대시보드 - Success 구글 시트에서 데이터를 성공적으로 가져왔습니다.
2025-07-30 17:21:26,418 - INFO - ~~ 바이럴 댓글 작업을 시작합니다. ~~
2025-07-30 17:21:26,418 - INFO - 자연스러운 작업을 위해 - 4 ~ 6분 휴식 후 댓글 작업을 시작합니다.
2025-07-30 17:21:26,461 - INFO - C:\program_cookies 폴더 크기: 0.12 GB
2025-07-30 17:21:26,476 - INFO - C:\program_cookies\Mobile_dnghwhd8819 폴더 크기: 0.05 GB
2025-07-30 17:21:26,476 - INFO - 쿠키 기록을 남기도록 C:\program_cookies\Mobile_dnghwhd8819 폴더를 지정합니다.
2025-07-30 17:21:26,476 - INFO - fixed UA가 있습니다.
2025-07-30 17:21:26,477 - INFO - fixed된 UA는 Mozilla/5.0 (Linux; Android 12; SM-G991U) AppleWebKit/537.36 (KHTML like Gecko) Chrome/95.0.4638.74 Mobile Safari/537.36입니다.
2025-07-30 17:21:26,477 - INFO - 옵션 수동설정을 시작합니다.
2025-07-30 17:21:26,477 - INFO - 드라이브 옵션 기입 완료했습니다.
2025-07-30 17:21:28,248 - INFO - 크롬창을 열었습니다.
2025-07-30 17:21:28,248 - INFO - Android
2025-07-30 17:21:28,254 - INFO - geo 정보를 랜덤으로 변경합니다..
2025-07-30 17:21:28,254 - INFO - FIXED gps 정보를 적용합니다.
2025-07-30 17:21:28,254 - INFO - FIXED gps 정보는 {'latitude': 38.3487074, 'longitude': 127.805154, 'accuracy': 100} 입니다.
2025-07-30 17:21:28,620 - INFO - 모든 변경이 완료되었습니다...
2025-07-30 17:21:28,621 - INFO - ~~~~~~~~~~
2025-07-30 17:21:28,650 - INFO - [ NAVER_ID : dnghwhd8819 ]
2025-07-30 17:21:29,336 - INFO - [완료] 1. 네이버 모바일 홈페이지 get
2025-07-30 17:21:31,533 - INFO - [완료] 2. 네이버 사이드 메뉴
2025-07-30 17:21:33,355 - INFO - [완료] 3. 네이버 로그인 화면 - 페이지 get
2025-07-30 17:21:40,814 - INFO - [완료] 4. 네이버 로그인
2025-07-30 17:21:41,222 - INFO - (모바일) 메일 로그인 인증 작업을 시작합니다
2025-07-30 17:21:42,368 - INFO - 이미 읽어 본 메일이라 스킵하고 넘어갑니다.
2025-07-30 17:21:42,576 - INFO - [완료] 5. 네이버 메일 - 계정 로그인 확인
2025-07-30 17:22:12,619 - ERROR - 2/10번째 [ cafe_viral_viewnum_comment.py 프로그램 ] - < Exception 발생 >
~~ 2번째 에러 도달 ~~
Traceback (most recent call last):
  File "C:\Users\user\Desktop\Bridzzi\src\naver\Cafe_Viral\cafe_viral_viewnum_comment.py", line 1143, in <module>
    if status := cafe_post_comment_start(googlesheet):
    ^^^^^^^^^^^^^^^^^^^^^^^^^^^^^^^^^^^^
  File "C:\Users\user\Desktop\Bridzzi\src\naver\Cafe_Viral\cafe_viral_viewnum_comment.py", line 1100, in cafe_post_comment_start
    is_completd_cafe_comment = start_cafe_comment(googlesheet)
                               ^^^^^^^^^^^^^^^^^^^^^^^^^^^^^^^
  File "C:\Users\user\Desktop\Bridzzi\src\naver\Cafe_Viral\cafe_viral_viewnum_comment.py", line 1060, in start_cafe_comment
    아이디변경 = cafe_comment_write(googlesheet, commentdata)
                 ^^^^^^^^^^^^^^^^^^^^^^^^^^^^^^^^^^^^^^^^^^^^
  File "C:\Users\user\Desktop\Bridzzi\src\naver\Cafe_Viral\cafe_viral_viewnum_comment.py", line 981, in cafe_comment_write
    write_comments(browser, data['댓글'][k], each_url)
  File "C:\Users\user\Desktop\Bridzzi\src\naver\Cafe_Viral\cafe_viral_viewnum_comment.py", line 954, in write_comments
    selenium_util.wait_for_element(browser, 20, 등록버튼)
  File "C:\Users\user\Desktop\Bridzzi\util\selenium\helpers.py", line 2011, in wait_for_element
    element = wait.until(EC.presence_of_element_located((By.CSS_SELECTOR, css_selector)))
              ^^^^^^^^^^^^^^^^^^^^^^^^^^^^^^^^^^^^^^^^^^^^^^^^^^^^^^^^^^^^^^^^^^^^^^^^^^^
  File "c:\Users\user\anaconda3\envs\AutoPro\Lib\site-packages\selenium\webdriver\support\wait.py", line 138, in until
    raise TimeoutException(message, screen, stacktrace)
selenium.common.exceptions.TimeoutException: Message: 
Stacktrace:
	GetHandleVerifier [0x0x43ba83+63395]
	GetHandleVerifier [0x0x43bac4+63460]
	(No symbol) [0x0x282113]
	(No symbol) [0x0x2ca85e]
	(No symbol) [0x0x2cabfb]
	(No symbol) [0x0x312f92]
	(No symbol) [0x0x2ef3f4]
	(No symbol) [0x0x3107ba]
	(No symbol) [0x0x2ef1a6]
	(No symbol) [0x0x2be7b2]
	(No symbol) [0x0x2bf654]
	GetHandleVerifier [0x0x6b8883+2672035]
	GetHandleVerifier [0x0x6b3cba+2652634]
	GetHandleVerifier [0x0x462bca+223466]
	GetHandleVerifier [0x0x452cb8+158168]
	GetHandleVerifier [0x0x45978d+185517]
	GetHandleVerifier [0x0x443b78+96408]
	GetHandleVerifier [0x0x443d02+96802]
	GetHandleVerifier [0x0x42e90a+9770]
	BaseThreadInitThunk [0x0x76965d49+25]
	RtlInitializeExceptionChain [0x0x77b8d2fb+107]
	RtlGetAppContainerNamedObjectPath [0x0x77b8d281+561]



오류가 발생하였습니다. 확인 부탁드립니다
2025-07-30 17:22:12,635 - ERROR - Traceback (most recent call last):
2025-07-30 17:22:12,635 - ERROR - File "C:\Users\user\Desktop\Bridzzi\src\naver\Cafe_Viral\cafe_viral_viewnum_comment.py", line 1143, in <module>
    if status := cafe_post_comment_start(googlesheet):
    ^^^^^^^^^^^^^^^^^^^^^^^^^^^^^^^^^^^^
2025-07-30 17:22:12,635 - ERROR - File "C:\Users\user\Desktop\Bridzzi\src\naver\Cafe_Viral\cafe_viral_viewnum_comment.py", line 1100, in cafe_post_comment_start
    is_completd_cafe_comment = start_cafe_comment(googlesheet)
                               ^^^^^^^^^^^^^^^^^^^^^^^^^^^^^^^
2025-07-30 17:22:12,635 - ERROR - File "C:\Users\user\Desktop\Bridzzi\src\naver\Cafe_Viral\cafe_viral_viewnum_comment.py", line 1060, in start_cafe_comment
    아이디변경 = cafe_comment_write(googlesheet, commentdata)
                 ^^^^^^^^^^^^^^^^^^^^^^^^^^^^^^^^^^^^^^^^^^^^
2025-07-30 17:22:12,635 - ERROR - File "C:\Users\user\Desktop\Bridzzi\src\naver\Cafe_Viral\cafe_viral_viewnum_comment.py", line 981, in cafe_comment_write
    write_comments(browser, data['댓글'][k], each_url)
2025-07-30 17:22:12,635 - ERROR - File "C:\Users\user\Desktop\Bridzzi\src\naver\Cafe_Viral\cafe_viral_viewnum_comment.py", line 954, in write_comments
    selenium_util.wait_for_element(browser, 20, 등록버튼)
2025-07-30 17:22:12,635 - ERROR - File "C:\Users\user\Desktop\Bridzzi\util\selenium\helpers.py", line 2011, in wait_for_element
    element = wait.until(EC.presence_of_element_located((By.CSS_SELECTOR, css_selector)))
              ^^^^^^^^^^^^^^^^^^^^^^^^^^^^^^^^^^^^^^^^^^^^^^^^^^^^^^^^^^^^^^^^^^^^^^^^^^^
2025-07-30 17:22:12,641 - ERROR - File "c:\Users\user\anaconda3\envs\AutoPro\Lib\site-packages\selenium\webdriver\support\wait.py", line 138, in until
    raise TimeoutException(message, screen, stacktrace)
2025-07-30 17:22:12,641 - ERROR - selenium.common.exceptions.TimeoutException: Message: 
Stacktrace:
	GetHandleVerifier [0x0x43ba83+63395]
	GetHandleVerifier [0x0x43bac4+63460]
	(No symbol) [0x0x282113]
	(No symbol) [0x0x2ca85e]
	(No symbol) [0x0x2cabfb]
	(No symbol) [0x0x312f92]
	(No symbol) [0x0x2ef3f4]
	(No symbol) [0x0x3107ba]
	(No symbol) [0x0x2ef1a6]
	(No symbol) [0x0x2be7b2]
	(No symbol) [0x0x2bf654]
	GetHandleVerifier [0x0x6b8883+2672035]
	GetHandleVerifier [0x0x6b3cba+2652634]
	GetHandleVerifier [0x0x462bca+223466]
	GetHandleVerifier [0x0x452cb8+158168]
	GetHandleVerifier [0x0x45978d+185517]
	GetHandleVerifier [0x0x443b78+96408]
	GetHandleVerifier [0x0x443d02+96802]
	GetHandleVerifier [0x0x42e90a+9770]
	BaseThreadInitThunk [0x0x76965d49+25]
	RtlInitializeExceptionChain [0x0x77b8d2fb+107]
	RtlGetAppContainerNamedObjectPath [0x0x77b8d281+561]
2025-07-30 17:22:12,817 - INFO - ✅ chromedriver 종료 결과: ChromeDriver 종료
2025-07-30 17:22:12,817 - INFO - ✅ Chrome 종료 결과: Chrome 종료
2025-07-30 17:22:12,817 - INFO - ==================================
2025-07-30 17:22:12,819 - INFO - #1 바이럴 글쓰기 작업을 시작합니다.
2025-07-30 17:22:24,001 - INFO - Fail 구글 시트에서 데이터가 비어 있거나 함수오류로 #N/A가 데이터에 있습니다
2025-07-30 17:22:24,002 - INFO - 더이상 작업할 계정이 없어서 포스팅은 생략합니다
2025-07-30 17:22:27,003 - INFO - ==================================
2025-07-30 17:22:27,004 - INFO - #2 댓글 달기를 시작합니다.
2025-07-30 17:22:28,075 - INFO - 댓글대시보드 - Success 구글 시트에서 데이터를 성공적으로 가져왔습니다.
2025-07-30 17:22:28,075 - INFO - ~~ 바이럴 댓글 작업을 시작합니다. ~~
2025-07-30 17:22:28,075 - INFO - 자연스러운 작업을 위해 - 4 ~ 6분 휴식 후 댓글 작업을 시작합니다.
2025-07-30 17:22:28,114 - INFO - C:\program_cookies 폴더 크기: 0.12 GB
2025-07-30 17:22:28,131 - INFO - C:\program_cookies\Mobile_dnghwhd8819 폴더 크기: 0.06 GB
2025-07-30 17:22:28,132 - INFO - 쿠키 기록을 남기도록 C:\program_cookies\Mobile_dnghwhd8819 폴더를 지정합니다.
2025-07-30 17:22:28,132 - INFO - fixed UA가 있습니다.
2025-07-30 17:22:28,132 - INFO - fixed된 UA는 Mozilla/5.0 (Linux; Android 12; SM-G991U) AppleWebKit/537.36 (KHTML like Gecko) Chrome/95.0.4638.74 Mobile Safari/537.36입니다.
2025-07-30 17:22:28,132 - INFO - 옵션 수동설정을 시작합니다.
2025-07-30 17:22:28,132 - INFO - 드라이브 옵션 기입 완료했습니다.
2025-07-30 17:22:30,039 - INFO - 크롬창을 열었습니다.
2025-07-30 17:22:30,039 - INFO - Android
2025-07-30 17:22:30,048 - INFO - geo 정보를 랜덤으로 변경합니다..
2025-07-30 17:22:30,048 - INFO - FIXED gps 정보를 적용합니다.
2025-07-30 17:22:30,049 - INFO - FIXED gps 정보는 {'latitude': 38.3487074, 'longitude': 127.805154, 'accuracy': 100} 입니다.
2025-07-30 17:22:30,430 - INFO - 모든 변경이 완료되었습니다...
2025-07-30 17:22:30,430 - INFO - ~~~~~~~~~~
2025-07-30 17:22:30,458 - INFO - [ NAVER_ID : dnghwhd8819 ]
2025-07-30 17:22:31,248 - INFO - [완료] 1. 네이버 모바일 홈페이지 get
2025-07-30 17:22:33,414 - INFO - [완료] 2. 네이버 사이드 메뉴
2025-07-30 17:22:35,476 - INFO - [완료] 3. 네이버 로그인 화면 - 페이지 get
2025-07-30 17:22:43,616 - INFO - [완료] 4. 네이버 로그인
2025-07-30 17:22:43,956 - INFO - (모바일) 메일 로그인 인증 작업을 시작합니다
2025-07-30 17:22:45,006 - INFO - 이미 읽어 본 메일이라 스킵하고 넘어갑니다.
2025-07-30 17:22:45,509 - INFO - [완료] 5. 네이버 메일 - 계정 로그인 확인
2025-07-30 17:22:49,253 - ERROR - 3/10번째 [ cafe_viral_viewnum_comment.py 프로그램 ] - < Exception 발생 >
~~ 3번째 에러 도달 ~~
Traceback (most recent call last):
  File "C:\Users\user\Desktop\Bridzzi\src\naver\Cafe_Viral\cafe_viral_viewnum_comment.py", line 1143, in <module>
    if status := cafe_post_comment_start(googlesheet):
    ^^^^^^^^^^^^^^^^^^^^^^^^^^^^^^^^^^^^
  File "C:\Users\user\Desktop\Bridzzi\src\naver\Cafe_Viral\cafe_viral_viewnum_comment.py", line 1100, in cafe_post_comment_start
    is_completd_cafe_comment = start_cafe_comment(googlesheet)
                               ^^^^^^^^^^^^^^^^^^^^^^^^^^^^^^^
  File "C:\Users\user\Desktop\Bridzzi\src\naver\Cafe_Viral\cafe_viral_viewnum_comment.py", line 1060, in start_cafe_comment
    아이디변경 = cafe_comment_write(googlesheet, commentdata)
                 ^^^^^^^^^^^^^^^^^^^^^^^^^^^^^^^^^^^^^^^^^^^^
  File "C:\Users\user\Desktop\Bridzzi\src\naver\Cafe_Viral\cafe_viral_viewnum_comment.py", line 978, in cafe_comment_write
    browser.get(each_url)
  File "c:\Users\user\anaconda3\envs\AutoPro\Lib\site-packages\undetected_chromedriver\__init__.py", line 665, in get
    return super().get(url)
           ^^^^^^^^^^^^^^^^
  File "c:\Users\user\anaconda3\envs\AutoPro\Lib\site-packages\selenium\webdriver\remote\webdriver.py", line 472, in get
    self.execute(Command.GET, {"url": url})
  File "c:\Users\user\anaconda3\envs\AutoPro\Lib\site-packages\selenium\webdriver\remote\webdriver.py", line 447, in execute
    self.error_handler.check_response(response)
  File "c:\Users\user\anaconda3\envs\AutoPro\Lib\site-packages\selenium\webdriver\remote\errorhandler.py", line 232, in check_response
    raise exception_class(message, screen, stacktrace)
selenium.common.exceptions.InvalidSessionIdException: Message: invalid session id: session deleted as the browser has closed the connection
from disconnected: not connected to DevTools
  (Session info: chrome=138.0.7204.184)
Stacktrace:
	GetHandleVerifier [0x0x4cba83+63395]
	GetHandleVerifier [0x0x4cbac4+63460]
	(No symbol) [0x0x312113]
	(No symbol) [0x0x301b20]
	(No symbol) [0x0x31f922]
	(No symbol) [0x0x385c9c]
	(No symbol) [0x0x3a0099]
	(No symbol) [0x0x37f1a6]
	(No symbol) [0x0x34e7b2]
	(No symbol) [0x0x34f654]
	GetHandleVerifier [0x0x748883+2672035]
	GetHandleVerifier [0x0x743cba+2652634]
	GetHandleVerifier [0x0x4f2bca+223466]
	GetHandleVerifier [0x0x4e2cb8+158168]
	GetHandleVerifier [0x0x4e978d+185517]
	GetHandleVerifier [0x0x4d3b78+96408]
	GetHandleVerifier [0x0x4d3d02+96802]
	GetHandleVerifier [0x0x4be90a+9770]
	BaseThreadInitThunk [0x0x76965d49+25]
	RtlInitializeExceptionChain [0x0x77b8d2fb+107]
	RtlGetAppContainerNamedObjectPath [0x0x77b8d281+561]



오류가 발생하였습니다. 확인 부탁드립니다
2025-07-30 17:22:49,253 - ERROR - Traceback (most recent call last):
2025-07-30 17:22:49,253 - ERROR - File "C:\Users\user\Desktop\Bridzzi\src\naver\Cafe_Viral\cafe_viral_viewnum_comment.py", line 1143, in <module>
    if status := cafe_post_comment_start(googlesheet):
    ^^^^^^^^^^^^^^^^^^^^^^^^^^^^^^^^^^^^
2025-07-30 17:22:49,253 - ERROR - File "C:\Users\user\Desktop\Bridzzi\src\naver\Cafe_Viral\cafe_viral_viewnum_comment.py", line 1100, in cafe_post_comment_start
    is_completd_cafe_comment = start_cafe_comment(googlesheet)
                               ^^^^^^^^^^^^^^^^^^^^^^^^^^^^^^^
2025-07-30 17:22:49,253 - ERROR - File "C:\Users\user\Desktop\Bridzzi\src\naver\Cafe_Viral\cafe_viral_viewnum_comment.py", line 1060, in start_cafe_comment
    아이디변경 = cafe_comment_write(googlesheet, commentdata)
                 ^^^^^^^^^^^^^^^^^^^^^^^^^^^^^^^^^^^^^^^^^^^^
2025-07-30 17:22:49,253 - ERROR - File "C:\Users\user\Desktop\Bridzzi\src\naver\Cafe_Viral\cafe_viral_viewnum_comment.py", line 978, in cafe_comment_write
    browser.get(each_url)
2025-07-30 17:22:49,253 - ERROR - File "c:\Users\user\anaconda3\envs\AutoPro\Lib\site-packages\undetected_chromedriver\__init__.py", line 665, in get
    return super().get(url)
           ^^^^^^^^^^^^^^^^
2025-07-30 17:22:49,253 - ERROR - File "c:\Users\user\anaconda3\envs\AutoPro\Lib\site-packages\selenium\webdriver\remote\webdriver.py", line 472, in get
    self.execute(Command.GET, {"url": url})
2025-07-30 17:22:49,253 - ERROR - File "c:\Users\user\anaconda3\envs\AutoPro\Lib\site-packages\selenium\webdriver\remote\webdriver.py", line 447, in execute
    self.error_handler.check_response(response)
2025-07-30 17:22:49,253 - ERROR - File "c:\Users\user\anaconda3\envs\AutoPro\Lib\site-packages\selenium\webdriver\remote\errorhandler.py", line 232, in check_response
    raise exception_class(message, screen, stacktrace)
2025-07-30 17:22:49,253 - ERROR - selenium.common.exceptions.InvalidSessionIdException: Message: invalid session id: session deleted as the browser has closed the connection
from disconnected: not connected to DevTools
  (Session info: chrome=138.0.7204.184)
Stacktrace:
	GetHandleVerifier [0x0x4cba83+63395]
	GetHandleVerifier [0x0x4cbac4+63460]
	(No symbol) [0x0x312113]
	(No symbol) [0x0x301b20]
	(No symbol) [0x0x31f922]
	(No symbol) [0x0x385c9c]
	(No symbol) [0x0x3a0099]
	(No symbol) [0x0x37f1a6]
	(No symbol) [0x0x34e7b2]
	(No symbol) [0x0x34f654]
	GetHandleVerifier [0x0x748883+2672035]
	GetHandleVerifier [0x0x743cba+2652634]
	GetHandleVerifier [0x0x4f2bca+223466]
	GetHandleVerifier [0x0x4e2cb8+158168]
	GetHandleVerifier [0x0x4e978d+185517]
	GetHandleVerifier [0x0x4d3b78+96408]
	GetHandleVerifier [0x0x4d3d02+96802]
	GetHandleVerifier [0x0x4be90a+9770]
	BaseThreadInitThunk [0x0x76965d49+25]
	RtlInitializeExceptionChain [0x0x77b8d2fb+107]
	RtlGetAppContainerNamedObjectPath [0x0x77b8d281+561]
2025-07-30 17:22:49,392 - INFO - ✅ chromedriver 종료 결과: ChromeDriver 종료
2025-07-30 17:22:49,392 - INFO - ✅ Chrome 종료 결과: Chrome 종료
2025-07-30 17:22:49,392 - INFO - ==================================
2025-07-30 17:22:49,392 - INFO - #1 바이럴 글쓰기 작업을 시작합니다.
