2025-08-06 22:29:25,056 - INFO - ==================================
2025-08-06 22:29:25,056 - INFO - #1 바이럴 글쓰기 작업을 시작합니다.
2025-08-06 22:29:25,056 - INFO - 시트이름: 바이럴대시보드TEST
2025-08-06 22:29:25,057 - INFO - 구글 시트 로드 - 시도중....
2025-08-06 22:29:25,699 - INFO - 구글 시트 로드 - 완료
2025-08-06 22:30:22,903 - INFO - 바이럴대시보드TEST - Success 구글 시트에서 데이터를 성공적으로 가져왔습니다.
2025-08-06 22:30:22,905 - INFO - ==================================
2025-08-06 22:30:22,910 - INFO - ★★★ IP 변경 - START ★★★
2025-08-06 22:30:22,910 - INFO - [#1 mobile_ip 전환 - try ]
2025-08-06 22:30:23,215 - INFO - [ 모바일IP 전환 - 시도 ]
2025-08-06 22:30:23,383 - INFO - --- ADB 모바일 연결 [진행]
2025-08-06 22:30:23,547 - INFO - --- USB테더링 리미트 해제 [진행]
2025-08-06 22:30:24,851 - INFO - --- USB테더링 활성화 - 성공
2025-08-06 22:30:24,852 - INFO - -----------------------------
2025-08-06 22:30:25,783 - INFO - --- 모바일 USB 어뎁터 - 활성화(시도 & 명령어 작동)
2025-08-06 22:30:26,401 - INFO - --- USB 어댑터 찾기 및 활성화 시도 [완료]
2025-08-06 22:30:26,402 - INFO - --- 이더넷(WI-FI, 랜선) 어뎁터 - 비활성화(시도 & 명령어 작동)
2025-08-06 22:30:29,598 - INFO - --- USB 어댑터 외의 모든 어댑터 비활성화 시도 [완료]
2025-08-06 22:30:32,332 - INFO - --- USB 어뎁터가 활성화 [확인]
2025-08-06 22:30:34,742 - INFO - --- 이더넷 어뎁터가 비활성화 [확인]
2025-08-06 22:30:34,742 - INFO - -----------------------------
2025-08-06 22:30:34,882 - INFO - --- WiFi off - 성공
2025-08-06 22:30:35,025 - INFO - --- '모바일 데이터' on - 성공
2025-08-06 22:30:35,636 - INFO - ★ 모바일IP 전환 - Success ★
2025-08-06 22:30:35,637 - INFO - [# USB테더링 전환 #] - 성공
2025-08-06 22:30:35,637 - INFO - [#1 mobile_ip 전환 - success ]
2025-08-06 22:30:35,637 - INFO - -----------------------------
2025-08-06 22:30:35,638 - INFO - [#2 before_ip 추출] - try
2025-08-06 22:30:35,638 - INFO - -- 'https://ipinfo.io/ip'에서 public IP를 추출합니다....
2025-08-06 22:30:35,997 - INFO - -- 'https://ipinfo.io/ip' : 118.235.2.94
2025-08-06 22:30:35,998 - INFO - [#2 before_ip 추출] - success : 118.235.2.94
2025-08-06 22:30:35,999 - INFO - -----------------------------
2025-08-06 22:30:36,434 - INFO - --- 모바일 데이터 off - 성공
2025-08-06 22:30:36,931 - INFO - --- 비행기 모드 on - 성공
2025-08-06 22:30:37,279 - INFO - --- 비행기 모드 off - 성공
2025-08-06 22:30:37,676 - INFO - --- 모바일 데이터 on - 성공
2025-08-06 22:30:37,676 - INFO - [#3 after_ip 추출] - try
2025-08-06 22:30:37,676 - INFO - -- 'https://ipinfo.io/ip'에서 public IP를 추출합니다....
2025-08-06 22:30:38,679 - INFO - - 추출 실패 1/3 재시도
2025-08-06 22:30:39,933 - INFO - -- 'https://ipinfo.io/ip' : 118.235.6.114
2025-08-06 22:30:39,933 - INFO - [#3 after_ip 추출] - success : 118.235.6.114
2025-08-06 22:30:39,934 - INFO - Success -IP 변경(성공): before 118.235.2.94 => after 118.235.6.114
2025-08-06 22:30:39,934 - INFO - ★★★ IP 변경 - Success ★★★
2025-08-06 22:30:39,934 - INFO - ==================================
2025-08-06 22:30:41,125 - INFO - C:\program_cookies 폴더 크기: 0.52 GB
2025-08-06 22:30:41,147 - INFO - C:\program_cookies\Mobile_yz890cdefg 폴더 크기: 0.07 GB
2025-08-06 22:30:41,147 - INFO - 쿠키 기록을 남기도록 C:\program_cookies\Mobile_yz890cdefg 폴더를 지정합니다.
2025-08-06 22:30:41,147 - INFO - fixed UA가 있습니다.
2025-08-06 22:30:41,147 - INFO - fixed된 UA는 Mozilla/5.0 (Linux; Android 11; SM-A525F) AppleWebKit/537.36 (KHTML, like Gecko) Chrome/95.0.4621.1 Mobile Safari/537.36입니다.
2025-08-06 22:30:41,147 - INFO - 옵션 수동설정을 시작합니다.
2025-08-06 22:30:41,147 - INFO - 드라이브 옵션 기입 완료했습니다.
2025-08-06 22:30:47,492 - INFO - 크롬창을 열었습니다.
2025-08-06 22:30:47,492 - INFO - Android
2025-08-06 22:30:47,501 - INFO - geo 정보를 랜덤으로 변경합니다..
2025-08-06 22:30:47,501 - INFO - FIXED gps 정보를 적용합니다.
2025-08-06 22:30:47,502 - INFO - FIXED gps 정보는 {'latitude': 37.5491199, 'longitude': 127.167448, 'accuracy': 100} 입니다.
2025-08-06 22:30:47,880 - INFO - 모든 변경이 완료되었습니다...
2025-08-06 22:30:47,880 - INFO - ~~~~~~~~~~
2025-08-06 22:30:48,492 - INFO - [ NAVER_ID : yz890cdefg ]
2025-08-06 22:30:52,524 - INFO - [완료] 1. 네이버 모바일 홈페이지 get
2025-08-06 22:30:54,765 - INFO - [완료] 2. 네이버 사이드 메뉴
2025-08-06 22:30:57,267 - INFO - [완료] 3. 네이버 로그인 화면 - 페이지 get
2025-08-06 22:31:04,943 - INFO - [완료] 4. 네이버 로그인
2025-08-06 22:31:05,312 - INFO - (모바일) 메일 로그인 인증 작업을 시작합니다
2025-08-06 22:31:08,470 - INFO - 메일 내용 : 새로운 환경에서 로그인 되었습니다.
2025-08-06 22:31:08,484 - INFO - 새로운 환경 로그인 예 버튼을 누르러 들어갑니다.
2025-08-06 22:31:09,865 - INFO - 예 버튼을 찾습니다.
2025-08-06 22:31:10,337 - INFO - 예 버튼을 찾았습니다. 예 버튼을 누릅니다.
2025-08-06 22:31:11,839 - INFO - 예버튼을 눌렀습니다
2025-08-06 22:31:14,296 - INFO - [완료] 5. 네이버 메일 - 계정 로그인 확인
2025-08-06 22:31:18,586 - INFO - 글쓰기를 시작합니다
2025-08-06 22:31:30,004 - INFO - ID: yz890cdefg / 제목: 고양이가 너무 너무 좋아요!!
소녀 등급 이상의 멤버만
쓸 수 있는 게시판 입니다.
현재 어린이 등급입니다.
2025-08-06 22:31:30,004 - INFO - 텔레그램 에러 메시지 : ID: yz890cdefg / 제목: 고양이가 너무 너무 좋아요!!
소녀 등급 이상의 멤버만
쓸 수 있는 게시판 입니다.
현재 어린이 등급입니다.
2025-08-06 22:31:31,285 - INFO - 카페바이럴(글) :: 계정: yz890cdefg - 작업 실패 / 제목: 고양이가 너무 너무 좋아요!!
2025-08-06 22:31:32,601 - INFO - ==================================
2025-08-06 22:31:32,601 - INFO - ★★★ IP 변경 - START ★★★
2025-08-06 22:31:32,602 - INFO - [#1 mobile_ip 전환 - try ]
2025-08-06 22:31:32,753 - INFO - [# USB테더링 전환 #] - 성공
2025-08-06 22:31:32,753 - INFO - [#1 mobile_ip 전환 - success ]
2025-08-06 22:31:32,753 - INFO - -----------------------------
2025-08-06 22:31:32,753 - INFO - [#2 before_ip 추출] - try
2025-08-06 22:31:32,753 - INFO - -- 'https://ipinfo.io/ip'에서 public IP를 추출합니다....
2025-08-06 22:31:33,231 - INFO - -- 'https://ipinfo.io/ip' : 118.235.6.114
2025-08-06 22:31:33,233 - INFO - [#2 before_ip 추출] - success : 118.235.6.114
2025-08-06 22:31:33,233 - INFO - -----------------------------
2025-08-06 22:31:33,628 - INFO - --- 모바일 데이터 off - 성공
2025-08-06 22:31:34,065 - INFO - --- 비행기 모드 on - 성공
2025-08-06 22:31:34,451 - INFO - --- 비행기 모드 off - 성공
2025-08-06 22:31:34,830 - INFO - --- 모바일 데이터 on - 성공
2025-08-06 22:31:34,831 - INFO - [#3 after_ip 추출] - try
2025-08-06 22:31:34,832 - INFO - -- 'https://ipinfo.io/ip'에서 public IP를 추출합니다....
2025-08-06 22:31:35,841 - INFO - - 추출 실패 1/3 재시도
2025-08-06 22:31:36,752 - INFO - -- 'https://ipinfo.io/ip' : 211.246.68.146
2025-08-06 22:31:36,753 - INFO - [#3 after_ip 추출] - success : 211.246.68.146
2025-08-06 22:31:36,753 - INFO - Success -IP 변경(성공): before 118.235.6.114 => after 211.246.68.146
2025-08-06 22:31:36,753 - INFO - ★★★ IP 변경 - Success ★★★
2025-08-06 22:31:36,754 - INFO - ==================================
2025-08-06 22:31:37,908 - INFO - C:\program_cookies 폴더 크기: 0.53 GB
2025-08-06 22:31:37,909 - INFO - 쿠키 기록을 남기도록 C:\program_cookies\Mobile_defg456hij 폴더를 지정합니다.
2025-08-06 22:31:37,909 - INFO - fixed UA가 있습니다.
2025-08-06 22:31:37,909 - INFO - fixed된 UA는 Mozilla/5.0 (Linux; Android 11; SM-A525F) AppleWebKit/537.36 (KHTML, like Gecko) Chrome/95.0.4621.1 Mobile Safari/537.36입니다.
2025-08-06 22:31:37,910 - INFO - 옵션 수동설정을 시작합니다.
2025-08-06 22:31:37,910 - INFO - 드라이브 옵션 기입 완료했습니다.
2025-08-06 22:31:38,486 - INFO - 크롬창을 열었습니다.
2025-08-06 22:31:38,486 - INFO - Android
2025-08-06 22:31:38,493 - INFO - geo 정보를 랜덤으로 변경합니다..
2025-08-06 22:31:38,493 - INFO - FIXED gps 정보를 적용합니다.
2025-08-06 22:31:38,494 - INFO - FIXED gps 정보는 {'latitude': 37.5491199, 'longitude': 127.167448, 'accuracy': 100} 입니다.
2025-08-06 22:31:38,848 - INFO - 모든 변경이 완료되었습니다...
2025-08-06 22:31:38,848 - INFO - ~~~~~~~~~~
2025-08-06 22:31:39,098 - INFO - [ NAVER_ID : defg456hij ]
2025-08-06 22:31:43,242 - INFO - [완료] 1. 네이버 모바일 홈페이지 get
2025-08-06 22:31:45,657 - INFO - [완료] 2. 네이버 사이드 메뉴
2025-08-06 22:31:48,234 - INFO - [완료] 3. 네이버 로그인 화면 - 페이지 get
2025-08-06 22:31:54,965 - INFO - [완료] 4. 네이버 로그인
2025-08-06 22:31:55,910 - INFO - (모바일) 메일 로그인 인증 작업을 시작합니다
2025-08-06 22:31:59,595 - ERROR - 1/10번째 [ cafe_viral_viewnum_comment.py 프로그램 ] - < Exception 발생 >
~~ 1번째 에러 도달 ~~
Traceback (most recent call last):
  File "C:\Users\user\Desktop\Bridzzi\src\naver\Cafe_Viral\cafe_viral_viewnum_comment.py", line 1081, in <module>
    if status := naver_cafe_bot.cafe_post_comment_start(googlesheet):
                 ^^^^^^^^^^^^^^^^^^^^^^^^^^^^^^^^^^^^^^^^^^^^^^^^^^^
  File "C:\Users\user\Desktop\Bridzzi\util\platform\naver\n_cafe_bot.py", line 839, in cafe_post_comment_start
    is_completd_cafe_viral = self.cafe_viral_contents_process()
                             ^^^^^^^^^^^^^^^^^^^^^^^^^^^^^^^^^^
  File "C:\Users\user\Desktop\Bridzzi\util\platform\naver\n_cafe_bot.py", line 654, in cafe_viral_contents_process
    self._ID_inint_browser(data)
  File "C:\Users\user\Desktop\Bridzzi\util\platform\naver\n_cafe_bot.py", line 45, in _ID_inint_browser
    self.naver_login_mo(_id=data["ID"], _pw=data["PW"])
  File "C:\Users\user\Desktop\Bridzzi\util\platform\naver\base\naver_base.py", line 176, in naver_login_mo
    self._login_yes_button_mo()
  File "C:\Users\user\Desktop\Bridzzi\util\platform\naver\base\naver_base.py", line 247, in _login_yes_button_mo
    mail_title_element = first_mail_box.find_element(By.CSS_SELECTOR, mail_title_selector)
                 ^^^^^^^^^^^^^^^^^^^^^^^^^^^^^^^^^^^^^^^^^^^^^^^^^^^^^^^^^^^^^^^^^
  File "c:\Users\user\anaconda3\envs\AutoPro\Lib\site-packages\selenium\webdriver\remote\webelement.py", line 603, in find_element
    return self._execute(Command.FIND_CHILD_ELEMENT, {"using": by, "value": value})["value"]
           ^^^^^^^^^^^^^^^^^^^^^^^^^^^^^^^^^^^^^^^^^^^^^^^^^^^^^^^^^^^^^^^^^^^^^^^^
  File "c:\Users\user\anaconda3\envs\AutoPro\Lib\site-packages\selenium\webdriver\remote\webelement.py", line 574, in _execute
    return self._parent.execute(command, params)
           ^^^^^^^^^^^^^^^^^^^^^^^^^^^^^^^^^^^^^
  File "c:\Users\user\anaconda3\envs\AutoPro\Lib\site-packages\selenium\webdriver\remote\webdriver.py", line 447, in execute
    self.error_handler.check_response(response)
  File "c:\Users\user\anaconda3\envs\AutoPro\Lib\site-packages\selenium\webdriver\remote\errorhandler.py", line 232, in check_response
    raise exception_class(message, screen, stacktrace)
selenium.common.exceptions.NoSuchElementException: Message: no such element: Unable to locate element: {"method":"css selector","selector":"a.mail_title_link > span.text"}
  (Session info: chrome=139.0.7258.67); For documentation on this error, please visit: https://www.selenium.dev/documentation/webdriver/troubleshooting/errors#no-such-element-exception
Stacktrace:
	GetHandleVerifier [0x0x30fd23+62915]
	GetHandleVerifier [0x0x30fd64+62980]
	(No symbol) [0x0x143e13]
	(No symbol) [0x0x18c89e]
	(No symbol) [0x0x18cc3b]
	(No symbol) [0x0x1820d1]
	(No symbol) [0x0x1b1424]
	(No symbol) [0x0x181ff4]
	(No symbol) [0x0x1b1654]
	(No symbol) [0x0x1d26ea]
	(No symbol) [0x0x1b11d6]
	(No symbol) [0x0x180833]
	(No symbol) [0x0x1816a4]
	GetHandleVerifier [0x0x578d13+2590131]
	GetHandleVerifier [0x0x573f5a+2570234]
	GetHandleVerifier [0x0x3359da+217722]
	GetHandleVerifier [0x0x326048+153832]
	GetHandleVerifier [0x0x32c4ad+179533]
	GetHandleVerifier [0x0x317728+94152]
	GetHandleVerifier [0x0x3178b2+94546]
	GetHandleVerifier [0x0x302bca+9322]
	BaseThreadInitThunk [0x0x76965d49+25]
	RtlInitializeExceptionChain [0x0x77b8d2fb+107]
	RtlGetAppContainerNamedObjectPath [0x0x77b8d281+561]
	(No symbol) [0x0]



오류가 발생하였습니다. 확인 부탁드립니다
2025-08-06 22:31:59,596 - ERROR - Traceback (most recent call last):
2025-08-06 22:31:59,597 - ERROR - File "C:\Users\user\Desktop\Bridzzi\src\naver\Cafe_Viral\cafe_viral_viewnum_comment.py", line 1081, in <module>
    if status := naver_cafe_bot.cafe_post_comment_start(googlesheet):
                 ^^^^^^^^^^^^^^^^^^^^^^^^^^^^^^^^^^^^^^^^^^^^^^^^^^^
2025-08-06 22:31:59,597 - ERROR - File "C:\Users\user\Desktop\Bridzzi\util\platform\naver\n_cafe_bot.py", line 839, in cafe_post_comment_start
    is_completd_cafe_viral = self.cafe_viral_contents_process()
                             ^^^^^^^^^^^^^^^^^^^^^^^^^^^^^^^^^^
2025-08-06 22:31:59,597 - ERROR - File "C:\Users\user\Desktop\Bridzzi\util\platform\naver\n_cafe_bot.py", line 654, in cafe_viral_contents_process
    self._ID_inint_browser(data)
2025-08-06 22:31:59,597 - ERROR - File "C:\Users\user\Desktop\Bridzzi\util\platform\naver\n_cafe_bot.py", line 45, in _ID_inint_browser
    self.naver_login_mo(_id=data["ID"], _pw=data["PW"])
2025-08-06 22:31:59,597 - ERROR - File "C:\Users\user\Desktop\Bridzzi\util\platform\naver\base\naver_base.py", line 176, in naver_login_mo
    self._login_yes_button_mo()
2025-08-06 22:31:59,597 - ERROR - File "C:\Users\user\Desktop\Bridzzi\util\platform\naver\base\naver_base.py", line 247, in _login_yes_button_mo
    mail_title_element = first_mail_box.find_element(By.CSS_SELECTOR, mail_title_selector)
                 ^^^^^^^^^^^^^^^^^^^^^^^^^^^^^^^^^^^^^^^^^^^^^^^^^^^^^^^^^^^^^^^^^
2025-08-06 22:31:59,597 - ERROR - File "c:\Users\user\anaconda3\envs\AutoPro\Lib\site-packages\selenium\webdriver\remote\webelement.py", line 603, in find_element
    return self._execute(Command.FIND_CHILD_ELEMENT, {"using": by, "value": value})["value"]
           ^^^^^^^^^^^^^^^^^^^^^^^^^^^^^^^^^^^^^^^^^^^^^^^^^^^^^^^^^^^^^^^^^^^^^^^^
2025-08-06 22:31:59,597 - ERROR - File "c:\Users\user\anaconda3\envs\AutoPro\Lib\site-packages\selenium\webdriver\remote\webelement.py", line 574, in _execute
    return self._parent.execute(command, params)
           ^^^^^^^^^^^^^^^^^^^^^^^^^^^^^^^^^^^^^
2025-08-06 22:31:59,598 - ERROR - File "c:\Users\user\anaconda3\envs\AutoPro\Lib\site-packages\selenium\webdriver\remote\webdriver.py", line 447, in execute
    self.error_handler.check_response(response)
2025-08-06 22:31:59,598 - ERROR - File "c:\Users\user\anaconda3\envs\AutoPro\Lib\site-packages\selenium\webdriver\remote\errorhandler.py", line 232, in check_response
    raise exception_class(message, screen, stacktrace)
2025-08-06 22:31:59,598 - ERROR - selenium.common.exceptions.NoSuchElementException: Message: no such element: Unable to locate element: {"method":"css selector","selector":"a.mail_title_link > span.text"}
  (Session info: chrome=139.0.7258.67); For documentation on this error, please visit: https://www.selenium.dev/documentation/webdriver/troubleshooting/errors#no-such-element-exception
Stacktrace:
	GetHandleVerifier [0x0x30fd23+62915]
	GetHandleVerifier [0x0x30fd64+62980]
	(No symbol) [0x0x143e13]
	(No symbol) [0x0x18c89e]
	(No symbol) [0x0x18cc3b]
	(No symbol) [0x0x1820d1]
	(No symbol) [0x0x1b1424]
	(No symbol) [0x0x181ff4]
	(No symbol) [0x0x1b1654]
	(No symbol) [0x0x1d26ea]
	(No symbol) [0x0x1b11d6]
	(No symbol) [0x0x180833]
	(No symbol) [0x0x1816a4]
	GetHandleVerifier [0x0x578d13+2590131]
	GetHandleVerifier [0x0x573f5a+2570234]
	GetHandleVerifier [0x0x3359da+217722]
	GetHandleVerifier [0x0x326048+153832]
	GetHandleVerifier [0x0x32c4ad+179533]
	GetHandleVerifier [0x0x317728+94152]
	GetHandleVerifier [0x0x3178b2+94546]
	GetHandleVerifier [0x0x302bca+9322]
	BaseThreadInitThunk [0x0x76965d49+25]
	RtlInitializeExceptionChain [0x0x77b8d2fb+107]
	RtlGetAppContainerNamedObjectPath [0x0x77b8d281+561]
	(No symbol) [0x0]
2025-08-06 22:31:59,871 - INFO - ✅ chromedriver 종료 결과: ChromeDriver 종료
2025-08-06 22:31:59,872 - INFO - ✅ Chrome 종료 결과: Chrome 종료
2025-08-06 22:32:00,872 - INFO - ==================================
2025-08-06 22:32:00,872 - INFO - ★ 크롬 브라우저 - 자동 업데이트 ★
2025-08-06 22:32:01,026 - INFO - ==================================
2025-08-06 22:32:01,026 - INFO - ★ 이더넷(유선 & Wi-Fi) 전환 - 시도 ★
2025-08-06 22:32:01,152 - INFO - -----------------------------
2025-08-06 22:32:01,152 - INFO - 모바일 USB 어뎁터 - 비활성화(시도 & 명령어 작동)
2025-08-06 22:32:01,563 - INFO - -----------------------------
2025-08-06 22:32:01,563 - INFO - 이더넷(WI-FI, 랜선) 어뎁터 - 활성화(시도 & 명령어 작동)
2025-08-06 22:32:06,395 - INFO - 모바일 USB 어뎁터가 비활성화 되었습니다.
2025-08-06 22:32:20,480 - INFO - 이더넷 어뎁터가 활성화 되었습니다.
2025-08-06 22:32:20,916 - INFO - ★ 이더넷(유선 & Wi-Fi) 전환 - Success ★
2025-08-06 22:32:20,917 - INFO - ==================================
2025-08-06 22:32:21,068 - INFO - [현재 크롬 버전] : 139.0.7258.67
2025-08-06 22:32:22,716 - INFO - Chrome 업데이트를 확인하는 중...
2025-08-06 22:32:24,720 - INFO - ==================================
2025-08-06 22:32:24,720 - INFO - Chrome 상태 : Chrome이 최신 버전임
2025-08-06 22:32:24,720 - INFO - -----------------------------
2025-08-06 22:32:24,721 - INFO - ✅ Chrome이 최신 버전입니다. 종료합니다.
2025-08-06 22:32:24,721 - INFO - ==================================
2025-08-06 22:32:28,431 - INFO - ==================================
2025-08-06 22:32:28,431 - ERROR - Uncaught exception
Traceback (most recent call last):
  File "C:\Users\user\Desktop\Bridzzi\src\naver\Cafe_Viral\cafe_viral_viewnum_comment.py", line 1081, in <module>
    if status := naver_cafe_bot.cafe_post_comment_start(googlesheet):
                 ^^^^^^^^^^^^^^^^^^^^^^^^^^^^^^^^^^^^^^^^^^^^^^^^^^^
  File "C:\Users\user\Desktop\Bridzzi\util\platform\naver\n_cafe_bot.py", line 839, in cafe_post_comment_start
    is_completd_cafe_viral = self.cafe_viral_contents_process()
                             ^^^^^^^^^^^^^^^^^^^^^^^^^^^^^^^^^^
  File "C:\Users\user\Desktop\Bridzzi\util\platform\naver\n_cafe_bot.py", line 654, in cafe_viral_contents_process
    self._ID_inint_browser(data)
  File "C:\Users\user\Desktop\Bridzzi\util\platform\naver\n_cafe_bot.py", line 45, in _ID_inint_browser
    self.naver_login_mo(_id=data["ID"], _pw=data["PW"])
  File "C:\Users\user\Desktop\Bridzzi\util\platform\naver\base\naver_base.py", line 176, in naver_login_mo
    self._login_yes_button_mo()
  File "C:\Users\user\Desktop\Bridzzi\util\platform\naver\base\naver_base.py", line 247, in _login_yes_button_mo
    mail_title_element = first_mail_box.find_element(By.CSS_SELECTOR, mail_title_selector)
                 ^^^^^^^^^^^^^^^^^^^^^^^^^^^^^^^^^^^^^^^^^^^^^^^^^^^^^^^^^^^^^^^^^
  File "c:\Users\user\anaconda3\envs\AutoPro\Lib\site-packages\selenium\webdriver\remote\webelement.py", line 603, in find_element
    return self._execute(Command.FIND_CHILD_ELEMENT, {"using": by, "value": value})["value"]
           ^^^^^^^^^^^^^^^^^^^^^^^^^^^^^^^^^^^^^^^^^^^^^^^^^^^^^^^^^^^^^^^^^^^^^^^^
  File "c:\Users\user\anaconda3\envs\AutoPro\Lib\site-packages\selenium\webdriver\remote\webelement.py", line 574, in _execute
    return self._parent.execute(command, params)
           ^^^^^^^^^^^^^^^^^^^^^^^^^^^^^^^^^^^^^
  File "c:\Users\user\anaconda3\envs\AutoPro\Lib\site-packages\selenium\webdriver\remote\webdriver.py", line 447, in execute
    self.error_handler.check_response(response)
  File "c:\Users\user\anaconda3\envs\AutoPro\Lib\site-packages\selenium\webdriver\remote\errorhandler.py", line 232, in check_response
    raise exception_class(message, screen, stacktrace)
selenium.common.exceptions.NoSuchElementException: Message: no such element: Unable to locate element: {"method":"css selector","selector":"a.mail_title_link > span.text"}
  (Session info: chrome=139.0.7258.67); For documentation on this error, please visit: https://www.selenium.dev/documentation/webdriver/troubleshooting/errors#no-such-element-exception
Stacktrace:
	GetHandleVerifier [0x0x30fd23+62915]
	GetHandleVerifier [0x0x30fd64+62980]
	(No symbol) [0x0x143e13]
	(No symbol) [0x0x18c89e]
	(No symbol) [0x0x18cc3b]
	(No symbol) [0x0x1820d1]
	(No symbol) [0x0x1b1424]
	(No symbol) [0x0x181ff4]
	(No symbol) [0x0x1b1654]
	(No symbol) [0x0x1d26ea]
	(No symbol) [0x0x1b11d6]
	(No symbol) [0x0x180833]
	(No symbol) [0x0x1816a4]
	GetHandleVerifier [0x0x578d13+2590131]
	GetHandleVerifier [0x0x573f5a+2570234]
	GetHandleVerifier [0x0x3359da+217722]
	GetHandleVerifier [0x0x326048+153832]
	GetHandleVerifier [0x0x32c4ad+179533]
	GetHandleVerifier [0x0x317728+94152]
	GetHandleVerifier [0x0x3178b2+94546]
	GetHandleVerifier [0x0x302bca+9322]
	BaseThreadInitThunk [0x0x76965d49+25]
	RtlInitializeExceptionChain [0x0x77b8d2fb+107]
	RtlGetAppContainerNamedObjectPath [0x0x77b8d281+561]
	(No symbol) [0x0]


During handling of the above exception, another exception occurred:

Traceback (most recent call last):
  File "C:\Users\user\Desktop\Bridzzi\src\naver\Cafe_Viral\cafe_viral_viewnum_comment.py", line 1133, in <module>
    previous_length = len(previous_error) if previous_error is not None else 0
                                             ^^^^^^^^^^^^^^
NameError: name 'previous_error' is not defined
