2025-07-21 13:39:23,081 - INFO - CPC 광고클릭 작업 시작합니다.
2025-07-21 13:39:23,081 - INFO - -----------------------------
2025-07-21 13:39:23,081 - INFO - G마켓 키워드 - ['원룸냉장고추천', '뚜껑형삼성김치냉장고']
2025-07-21 13:39:23,081 - INFO - -----------------------------
2025-07-21 13:39:23,536 - INFO - C:\program_cookies 폴더 크기: 0.96 GB
2025-07-21 13:39:23,582 - INFO - random 폴더 초기화 - 'C:\program_cookies\PC_random'에서 폴더 삭제(완료)
2025-07-21 13:39:23,584 - INFO - 쿠키 기록을 남기도록 C:\program_cookies\PC_random 폴더를 지정합니다.
2025-07-21 13:39:23,584 - INFO - PC랜덤화면 크기를 불러옵니다.
2025-07-21 13:39:23,584 - INFO - fixed UA가 없어서 랜덤으로 PC UA 생성합니다.
2025-07-21 13:39:23,584 - INFO - 랜덤으로 생성된 UA는 Mozilla/5.0 (Windows NT 10.0; Win64; x64) AppleWebKit/537.36 (KHTML, like Gecko) Chrome/129.0.0.0 Safari/537.36입니다.
2025-07-21 13:39:23,585 - INFO - 쿠기를 불러옵니다 쿠키가 없으면 cookies 폴더 안에 새로 생성합니다.
2025-07-21 13:39:23,585 - INFO - 크롬 드라이브 옵션 부여 완료!
2025-07-21 13:39:26,264 - INFO - ==================================
2025-07-21 13:39:26,264 - INFO - devicemetrics를 override 합니다..
2025-07-21 13:39:26,273 - INFO - geo 정보를 랜덤으로 변경합니다..
2025-07-21 13:39:26,273 - INFO - FIXED gps 정보가 없어서 랜덤으로 생성합니다
2025-07-21 13:39:26,274 - INFO - RANDOM gps 정보는 {'latitude': 37.56179952720143, 'longitude': 127.05133858684769, 'accuracy': 100} 입니다.
2025-07-21 13:39:26,280 - INFO - 모든 변경이 완료되었습니다...
2025-07-21 13:39:26,281 - INFO - ~~~~~~~~~~
2025-07-21 13:39:26,314 - INFO - === gmarket 시작 ===
2025-07-21 13:39:35,421 - INFO - 상품명: 삼성전자 삼성 냉장고 RT53DB7A1CET 500리터 2도어 소형 에센셜베이지 원룸 중형 오피스텔 525L - 셀러명: 판매자/삼성공식현성/판매자평가정보/파워딜러 :: 클릭
2025-07-21 13:39:54,331 - INFO - 상품명: 삼성 김치냉장고 RP13C1022S9 뚜껑형 126L 소형 미니 김치플러스 - 셀러명: 판매자/삼성공식현성/판매자평가정보/파워딜러 :: 클릭
2025-07-21 13:40:03,269 - INFO - === gmarket 종료 ===
2025-07-21 13:40:03,270 - INFO - -----------------------------
2025-07-21 13:40:03,270 - INFO - 옥션 키워드 - ['삼성오븐레인지', '자동세척비데삼성']
2025-07-21 13:40:03,270 - INFO - -----------------------------
2025-07-21 13:40:03,450 - INFO - C:\program_cookies 폴더 크기: 0.98 GB
2025-07-21 13:40:03,450 - INFO - ===== 작업 중 에러 발생 - 크롬창 종류 및 업데이트(진행)
2025-07-21 13:40:03,450 - INFO - [WinError 32] 다른 프로세스가 파일을 사용 중이기 때문에 프로세스가 액세스 할 수 없습니다: 'C:\\program_cookies\\PC_random\\BrowserMetrics\\BrowserMetrics-687DC47D-4B7C.pma'
2025-07-21 13:40:03,625 - INFO - ✅ chromedriver 종료 결과: ChromeDriver 종료
2025-07-21 13:40:03,627 - INFO - ✅ Chrome 종료 결과: Chrome 종료
2025-07-21 13:40:04,629 - INFO - ==================================
2025-07-21 13:40:04,629 - INFO - ★ 크롬 브라우저 - 자동 업데이트 ★
2025-07-21 13:40:04,737 - INFO - [현재 크롬 버전] : 138.0.7204.158
2025-07-21 13:40:06,064 - INFO - Chrome 업데이트를 확인하는 중...
2025-07-21 13:40:08,065 - INFO - ==================================
2025-07-21 13:40:08,065 - INFO - Chrome 상태 : Chrome이 최신 버전임
2025-07-21 13:40:08,065 - INFO - -----------------------------
2025-07-21 13:40:08,065 - INFO - ✅ Chrome이 최신 버전입니다. 종료합니다.
2025-07-21 13:40:08,065 - INFO - ==================================
2025-07-21 13:40:11,659 - INFO - ==================================
2025-07-21 13:40:11,774 - INFO - ✅ chromedriver 종료 결과: ChromeDriver 종료
2025-07-21 13:40:11,774 - INFO - ✅ Chrome 종료 결과: Chrome 종료
2025-07-21 13:40:12,778 - INFO - ==================================
2025-07-21 13:40:12,778 - INFO - ★ 크롬 브라우저 - 자동 업데이트 ★
2025-07-21 13:40:12,878 - INFO - [현재 크롬 버전] : 138.0.7204.158
2025-07-21 13:40:14,101 - INFO - Chrome 업데이트를 확인하는 중...
2025-07-21 13:40:16,104 - ERROR - Uncaught exception
Traceback (most recent call last):
  File "C:\Users\user\Desktop\Bridzzi\src\naver\etc\cpc_click.py", line 467, in <module>
    pcdriver.update_chromedriver()
  File "C:\Users\user\Desktop\Bridzzi\util\selenium\pcdriver.py", line 82, in update_chromedriver
    update_chrome()
  File "C:\Users\user\Desktop\Bridzzi\util\selenium\pcdriver.py", line 40, in update_chrome
    status = get_chrome_update_status(driver)
             ^^^^^^^^^^^^^^^^^^^^^^^^^^^^^^^^
  File "C:\Users\user\Desktop\Bridzzi\util\selenium\pcdriver.py", line 29, in get_chrome_update_status
    return driver.execute_script(script)
           ^^^^^^^^^^^^^^^^^^^^^^^^^^^^^
  File "c:\Users\user\anaconda3\envs\AutoPro\Lib\site-packages\selenium\webdriver\remote\webdriver.py", line 544, in execute_script
    return self.execute(command, {"script": script, "args": converted_args})["value"]
           ^^^^^^^^^^^^^^^^^^^^^^^^^^^^^^^^^^^^^^^^^^^^^^^^^^^^^^^^^^^^^^^^^
  File "c:\Users\user\anaconda3\envs\AutoPro\Lib\site-packages\selenium\webdriver\remote\webdriver.py", line 447, in execute
    self.error_handler.check_response(response)
  File "c:\Users\user\anaconda3\envs\AutoPro\Lib\site-packages\selenium\webdriver\remote\errorhandler.py", line 232, in check_response
    raise exception_class(message, screen, stacktrace)
selenium.common.exceptions.InvalidSessionIdException: Message: invalid session id: session deleted as the browser has closed the connection
from disconnected: not connected to DevTools
  (Session info: chrome=138.0.7204.158)
Stacktrace:
	GetHandleVerifier [0x0x7ff7260ce925+77845]
	GetHandleVerifier [0x0x7ff7260ce980+77936]
	(No symbol) [0x0x7ff725e89cda]
	(No symbol) [0x0x7ff725e75f35]
	(No symbol) [0x0x7ff725e9aabe]
	(No symbol) [0x0x7ff725f0feb5]
	(No symbol) [0x0x7ff725f30432]
	(No symbol) [0x0x7ff725f086a3]
	(No symbol) [0x0x7ff725ed1791]
	(No symbol) [0x0x7ff725ed2523]
	GetHandleVerifier [0x0x7ff7263a683d+3059501]
	GetHandleVerifier [0x0x7ff7263a0bfd+3035885]
	GetHandleVerifier [0x0x7ff7263c03f0+3164896]
	GetHandleVerifier [0x0x7ff7260e8c2e+185118]
	GetHandleVerifier [0x0x7ff7260f053f+216111]
	GetHandleVerifier [0x0x7ff7260d72d4+113092]
	GetHandleVerifier [0x0x7ff7260d7489+113529]
	GetHandleVerifier [0x0x7ff7260be288+10616]
	BaseThreadInitThunk [0x0x7ff84706e8d7+23]
	RtlUserThreadStart [0x0x7ff8483bc34c+44]

