2025-08-12 10:18:58,361 - INFO - 시트이름: 게시글삭제/대시보드
2025-08-12 10:18:58,361 - INFO - 구글 시트 로드 - 시도중....
2025-08-12 10:18:58,945 - INFO - 구글 시트 로드 - 완료
2025-08-12 10:18:59,539 - INFO - 게시글삭제/대시보드 - Success 구글 시트에서 데이터를 성공적으로 가져왔습니다.
2025-08-12 10:18:59,727 - INFO - C:\program_cookies 폴더 크기: 1.23 GB
2025-08-12 10:18:59,743 - INFO - C:\program_cookies\Mobile_dlagkdud14 폴더 크기: 0.25 GB
2025-08-12 10:18:59,743 - INFO - 쿠키 기록을 남기도록 C:\program_cookies\Mobile_dlagkdud14 폴더를 지정합니다.
2025-08-12 10:18:59,756 - INFO - fixed UA가 있습니다.
2025-08-12 10:18:59,756 - INFO - fixed된 UA는 Mozilla/5.0 (Linux; Android 11; SM-A525F) AppleWebKit/537.36 (KHTML, like Gecko) Chrome/95.0.4621.1 Mobile Safari/537.36입니다.
2025-08-12 10:18:59,756 - INFO - 옵션 수동설정을 시작합니다.
2025-08-12 10:18:59,757 - INFO - 드라이브 옵션 기입 완료했습니다.
2025-08-12 10:19:07,369 - INFO - 크롬창을 열었습니다.
2025-08-12 10:19:07,371 - INFO - Android
2025-08-12 10:19:07,377 - INFO - geo 정보를 랜덤으로 변경합니다..
2025-08-12 10:19:07,378 - INFO - FIXED gps 정보를 적용합니다.
2025-08-12 10:19:07,378 - INFO - FIXED gps 정보는 {'latitude': 37.6011568, 'longitude': 126.928083, 'accuracy': 100} 입니다.
2025-08-12 10:19:07,723 - INFO - 모든 변경이 완료되었습니다...
2025-08-12 10:19:07,723 - INFO - ~~~~~~~~~~
2025-08-12 10:19:08,073 - INFO - [ NAVER_ID : dlagkdud14 ]
2025-08-12 10:19:08,560 - INFO - [완료] 1. 네이버 모바일 홈페이지 get
2025-08-12 10:19:10,274 - INFO - [완료] 2. 네이버 사이드 메뉴
2025-08-12 10:19:12,057 - INFO - [완료] 3. 네이버 로그인 화면 - 페이지 get
2025-08-12 10:19:19,122 - INFO - [완료] 4. 네이버 로그인
2025-08-12 10:19:19,521 - INFO - (모바일) 메일 로그인 인증 작업을 시작합니다
2025-08-12 10:19:21,227 - INFO - 이미 읽어 본 메일이라 스킵하고 넘어갑니다.
2025-08-12 10:19:21,771 - INFO - [완료] 5. 네이버 메일 - 계정 로그인 확인
2025-08-12 10:19:25,753 - INFO - delete-6707 - 게시글이 없는 글입니다. 다음 단계로 넘어갑니다.
2025-08-12 10:19:27,801 - INFO - 이 카페는 접근하실 수 없습니다. 이 카페는 네이버 이용약관 및 운영원칙에서 제한하고 있는 목적으로 개설되었거나 제한 대상 게시글을 다수 포함하고 있어 접근이 제한 되었습니다.
2025-08-12 10:19:27,808 - ERROR - 1/10번째 [ delete_viral_content.py 프로그램 ] - < Exception 발생 >
~~ 1번째 에러 도달 ~~
Traceback (most recent call last):
  File "C:\Users\user\Desktop\Bridzzi\src\naver\Cafe_Viral\delete_viral_content.py", line 248, in <module>
    start_delete_content()
  File "C:\Users\user\Desktop\Bridzzi\src\naver\Cafe_Viral\delete_viral_content.py", line 129, in start_delete_content
    browser.get(row['게시완료링크'])
  File "c:\Users\user\anaconda3\envs\AutoPro\Lib\site-packages\undetected_chromedriver\__init__.py", line 665, in get
    return super().get(url)
           ^^^^^^^^^^^^^^^^
  File "c:\Users\user\anaconda3\envs\AutoPro\Lib\site-packages\selenium\webdriver\remote\webdriver.py", line 472, in get
    self.execute(Command.GET, {"url": url})
  File "c:\Users\user\anaconda3\envs\AutoPro\Lib\site-packages\selenium\webdriver\remote\webdriver.py", line 447, in execute
    self.error_handler.check_response(response)
  File "c:\Users\user\anaconda3\envs\AutoPro\Lib\site-packages\selenium\webdriver\remote\errorhandler.py", line 231, in check_response
    raise exception_class(message, screen, stacktrace, alert_text)  # type: ignore[call-arg]  # mypy is not smart enough here
    ^^^^^^^^^^^^^^^^^^^^^^^^^^^^^^^^^^^^^^^^^^^^^^^^^^^^^^^^^^^^^^
selenium.common.exceptions.UnexpectedAlertPresentException: Alert Text: 이 카페는 접근하실 수 없습니다. 이 카페는 네이버 이용약관 및 운영원칙에서 제한하고 있는 목적으로 개설되었거나 제한 대상 게시글을 다수 포함하고 있어 접근이 제한 되었습니다.
Message: unexpected alert open: {Alert text : 이 카페는 접근하실 수 없습니다. 이 카페는 네이버 이용약관 및 운영원칙에서 제한하고 있는 목적으로 개설되었거나 제한 대상 게시글을 다수 포함하고 있어 접근이 제한 되었습니다.}
  (Session info: chrome=139.0.7258.67)
Stacktrace:
	GetHandleVerifier [0x0x29fd23+62915]
	GetHandleVerifier [0x0x29fd64+62980]
	(No symbol) [0x0xd3e13]
	(No symbol) [0x0x162fba]
	(No symbol) [0x0x1411d6]
	(No symbol) [0x0x110833]
	(No symbol) [0x0x1116a4]
	GetHandleVerifier [0x0x508d13+2590131]
	GetHandleVerifier [0x0x503f5a+2570234]
	GetHandleVerifier [0x0x2c59da+217722]
	GetHandleVerifier [0x0x2b6048+153832]
	GetHandleVerifier [0x0x2bc4ad+179533]
	GetHandleVerifier [0x0x2a7728+94152]
	GetHandleVerifier [0x0x2a78b2+94546]
	GetHandleVerifier [0x0x292bca+9322]
	BaseThreadInitThunk [0x0x76965d49+25]
	RtlInitializeExceptionChain [0x0x77b8d2fb+107]
	RtlGetAppContainerNamedObjectPath [0x0x77b8d281+561]
	(No symbol) [0x0]



오류가 발생하였습니다. 확인 부탁드립니다
2025-08-12 10:19:27,809 - ERROR - Traceback (most recent call last):
2025-08-12 10:19:27,809 - ERROR - File "C:\Users\user\Desktop\Bridzzi\src\naver\Cafe_Viral\delete_viral_content.py", line 248, in <module>
    start_delete_content()
2025-08-12 10:19:27,809 - ERROR - File "C:\Users\user\Desktop\Bridzzi\src\naver\Cafe_Viral\delete_viral_content.py", line 129, in start_delete_content
    browser.get(row['게시완료링크'])
2025-08-12 10:19:27,810 - ERROR - File "c:\Users\user\anaconda3\envs\AutoPro\Lib\site-packages\undetected_chromedriver\__init__.py", line 665, in get
    return super().get(url)
           ^^^^^^^^^^^^^^^^
2025-08-12 10:19:27,810 - ERROR - File "c:\Users\user\anaconda3\envs\AutoPro\Lib\site-packages\selenium\webdriver\remote\webdriver.py", line 472, in get
    self.execute(Command.GET, {"url": url})
2025-08-12 10:19:27,810 - ERROR - File "c:\Users\user\anaconda3\envs\AutoPro\Lib\site-packages\selenium\webdriver\remote\webdriver.py", line 447, in execute
    self.error_handler.check_response(response)
2025-08-12 10:19:27,810 - ERROR - File "c:\Users\user\anaconda3\envs\AutoPro\Lib\site-packages\selenium\webdriver\remote\errorhandler.py", line 231, in check_response
    raise exception_class(message, screen, stacktrace, alert_text)  # type: ignore[call-arg]  # mypy is not smart enough here
    ^^^^^^^^^^^^^^^^^^^^^^^^^^^^^^^^^^^^^^^^^^^^^^^^^^^^^^^^^^^^^^
2025-08-12 10:19:27,811 - ERROR - selenium.common.exceptions.UnexpectedAlertPresentException: Alert Text: 이 카페는 접근하실 수 없습니다. 이 카페는 네이버 이용약관 및 운영원칙에서 제한하고 있는 목적으로 개설되었거나 제한 대상 게시글을 다수 포함하고 있어 접근이 제한 되었습니다.
Message: unexpected alert open: {Alert text : 이 카페는 접근하실 수 없습니다. 이 카페는 네이버 이용약관 및 운영원칙에서 제한하고 있는 목적으로 개설되었거나 제한 대상 게시글을 다수 포함하고 있어 접근이 제한 되었습니다.}
  (Session info: chrome=139.0.7258.67)
Stacktrace:
	GetHandleVerifier [0x0x29fd23+62915]
	GetHandleVerifier [0x0x29fd64+62980]
	(No symbol) [0x0xd3e13]
	(No symbol) [0x0x162fba]
	(No symbol) [0x0x1411d6]
	(No symbol) [0x0x110833]
	(No symbol) [0x0x1116a4]
	GetHandleVerifier [0x0x508d13+2590131]
	GetHandleVerifier [0x0x503f5a+2570234]
	GetHandleVerifier [0x0x2c59da+217722]
	GetHandleVerifier [0x0x2b6048+153832]
	GetHandleVerifier [0x0x2bc4ad+179533]
	GetHandleVerifier [0x0x2a7728+94152]
	GetHandleVerifier [0x0x2a78b2+94546]
	GetHandleVerifier [0x0x292bca+9322]
	BaseThreadInitThunk [0x0x76965d49+25]
	RtlInitializeExceptionChain [0x0x77b8d2fb+107]
	RtlGetAppContainerNamedObjectPath [0x0x77b8d281+561]
	(No symbol) [0x0]
2025-08-12 10:19:27,964 - INFO - ✅ chromedriver 종료 결과: ChromeDriver 종료
2025-08-12 10:19:27,964 - INFO - ✅ Chrome 종료 결과: Chrome 종료
2025-08-12 10:19:28,470 - INFO - ==================================
2025-08-12 10:19:28,470 - INFO - ★ 크롬 브라우저 - 자동 업데이트 ★
2025-08-12 10:19:28,594 - INFO - [현재 크롬 버전] : 139.0.7258.67
2025-08-12 10:19:29,863 - INFO - Chrome 업데이트를 확인하는 중...
2025-08-12 10:19:31,864 - INFO - ==================================
2025-08-12 10:19:31,864 - INFO - Chrome 상태 : Chrome이 최신 버전임
2025-08-12 10:19:31,864 - INFO - -----------------------------
2025-08-12 10:19:31,864 - INFO - ✅ Chrome이 최신 버전입니다. 종료합니다.
2025-08-12 10:19:31,864 - INFO - ==================================
2025-08-12 10:19:35,479 - INFO - ==================================
2025-08-12 10:19:37,212 - INFO - 시트이름: 게시글삭제/대시보드
2025-08-12 10:19:37,213 - INFO - 구글 시트 로드 - 시도중....
2025-08-12 10:19:37,671 - INFO - 구글 시트 로드 - 완료
2025-08-12 10:19:38,273 - INFO - 게시글삭제/대시보드 - Success 구글 시트에서 데이터를 성공적으로 가져왔습니다.
2025-08-12 10:19:38,459 - INFO - C:\program_cookies 폴더 크기: 1.33 GB
2025-08-12 10:19:38,471 - INFO - C:\program_cookies\Mobile_dlagkdud14 폴더 크기: 0.35 GB
2025-08-12 10:19:38,471 - INFO - 쿠키 기록을 남기도록 C:\program_cookies\Mobile_dlagkdud14 폴더를 지정합니다.
2025-08-12 10:19:38,471 - INFO - fixed UA가 있습니다.
2025-08-12 10:19:38,481 - INFO - fixed된 UA는 Mozilla/5.0 (Linux; Android 11; SM-A525F) AppleWebKit/537.36 (KHTML, like Gecko) Chrome/95.0.4621.1 Mobile Safari/537.36입니다.
2025-08-12 10:19:38,481 - INFO - 옵션 수동설정을 시작합니다.
2025-08-12 10:19:38,481 - INFO - 드라이브 옵션 기입 완료했습니다.
2025-08-12 10:19:51,385 - INFO - 크롬창을 열었습니다.
2025-08-12 10:19:51,385 - INFO - Android
2025-08-12 10:19:51,392 - INFO - geo 정보를 랜덤으로 변경합니다..
2025-08-12 10:19:51,392 - INFO - FIXED gps 정보를 적용합니다.
2025-08-12 10:19:51,392 - INFO - FIXED gps 정보는 {'latitude': 37.6011568, 'longitude': 126.928083, 'accuracy': 100} 입니다.
2025-08-12 10:19:51,737 - INFO - 모든 변경이 완료되었습니다...
2025-08-12 10:19:51,737 - INFO - ~~~~~~~~~~
2025-08-12 10:19:51,987 - INFO - [ NAVER_ID : dlagkdud14 ]
2025-08-12 10:19:52,508 - INFO - [완료] 1. 네이버 모바일 홈페이지 get
2025-08-12 10:19:54,252 - INFO - [완료] 2. 네이버 사이드 메뉴
2025-08-12 10:19:56,179 - INFO - [완료] 3. 네이버 로그인 화면 - 페이지 get
2025-08-12 10:20:03,384 - INFO - [완료] 4. 네이버 로그인
2025-08-12 10:20:04,004 - INFO - (모바일) 메일 로그인 인증 작업을 시작합니다
2025-08-12 10:20:05,311 - INFO - 이미 읽어 본 메일이라 스킵하고 넘어갑니다.
2025-08-12 10:20:05,568 - INFO - [완료] 5. 네이버 메일 - 계정 로그인 확인
2025-08-12 10:20:09,107 - INFO - delete-6707 - 게시글이 없는 글입니다. 다음 단계로 넘어갑니다.
2025-08-12 10:20:11,028 - INFO - 이 카페는 접근하실 수 없습니다. 이 카페는 네이버 이용약관 및 운영원칙에서 제한하고 있는 목적으로 개설되었거나 제한 대상 게시글을 다수 포함하고 있어 접근이 제한 되었습니다.
2025-08-12 10:20:11,039 - ERROR - 2/10번째 [ delete_viral_content.py 프로그램 ] - < Exception 발생 >
~~ 2번째 에러 도달 ~~
Traceback (most recent call last):
  File "C:\Users\user\Desktop\Bridzzi\src\naver\Cafe_Viral\delete_viral_content.py", line 248, in <module>
    start_delete_content()
  File "C:\Users\user\Desktop\Bridzzi\src\naver\Cafe_Viral\delete_viral_content.py", line 129, in start_delete_content
    browser.get(row['게시완료링크'])
  File "c:\Users\user\anaconda3\envs\AutoPro\Lib\site-packages\undetected_chromedriver\__init__.py", line 665, in get
    return super().get(url)
           ^^^^^^^^^^^^^^^^
  File "c:\Users\user\anaconda3\envs\AutoPro\Lib\site-packages\selenium\webdriver\remote\webdriver.py", line 472, in get
    self.execute(Command.GET, {"url": url})
  File "c:\Users\user\anaconda3\envs\AutoPro\Lib\site-packages\selenium\webdriver\remote\webdriver.py", line 447, in execute
    self.error_handler.check_response(response)
  File "c:\Users\user\anaconda3\envs\AutoPro\Lib\site-packages\selenium\webdriver\remote\errorhandler.py", line 231, in check_response
    raise exception_class(message, screen, stacktrace, alert_text)  # type: ignore[call-arg]  # mypy is not smart enough here
    ^^^^^^^^^^^^^^^^^^^^^^^^^^^^^^^^^^^^^^^^^^^^^^^^^^^^^^^^^^^^^^
selenium.common.exceptions.UnexpectedAlertPresentException: Alert Text: 이 카페는 접근하실 수 없습니다. 이 카페는 네이버 이용약관 및 운영원칙에서 제한하고 있는 목적으로 개설되었거나 제한 대상 게시글을 다수 포함하고 있어 접근이 제한 되었습니다.
Message: unexpected alert open: {Alert text : 이 카페는 접근하실 수 없습니다. 이 카페는 네이버 이용약관 및 운영원칙에서 제한하고 있는 목적으로 개설되었거나 제한 대상 게시글을 다수 포함하고 있어 접근이 제한 되었습니다.}
  (Session info: chrome=139.0.7258.67)
Stacktrace:
	GetHandleVerifier [0x0xdffd23+62915]
	GetHandleVerifier [0x0xdffd64+62980]
	(No symbol) [0x0xc33e13]
	(No symbol) [0x0xcc2fba]
	(No symbol) [0x0xca11d6]
	(No symbol) [0x0xc70833]
	(No symbol) [0x0xc716a4]
	GetHandleVerifier [0x0x1068d13+2590131]
	GetHandleVerifier [0x0x1063f5a+2570234]
	GetHandleVerifier [0x0xe259da+217722]
	GetHandleVerifier [0x0xe16048+153832]
	GetHandleVerifier [0x0xe1c4ad+179533]
	GetHandleVerifier [0x0xe07728+94152]
	GetHandleVerifier [0x0xe078b2+94546]
	GetHandleVerifier [0x0xdf2bca+9322]
	BaseThreadInitThunk [0x0x76965d49+25]
	RtlInitializeExceptionChain [0x0x77b8d2fb+107]
	RtlGetAppContainerNamedObjectPath [0x0x77b8d281+561]



오류가 발생하였습니다. 확인 부탁드립니다
2025-08-12 10:20:11,042 - ERROR - Traceback (most recent call last):
2025-08-12 10:20:11,042 - ERROR - File "C:\Users\user\Desktop\Bridzzi\src\naver\Cafe_Viral\delete_viral_content.py", line 248, in <module>
    start_delete_content()
2025-08-12 10:20:11,043 - ERROR - File "C:\Users\user\Desktop\Bridzzi\src\naver\Cafe_Viral\delete_viral_content.py", line 129, in start_delete_content
    browser.get(row['게시완료링크'])
2025-08-12 10:20:11,044 - ERROR - File "c:\Users\user\anaconda3\envs\AutoPro\Lib\site-packages\undetected_chromedriver\__init__.py", line 665, in get
    return super().get(url)
           ^^^^^^^^^^^^^^^^
2025-08-12 10:20:11,045 - ERROR - File "c:\Users\user\anaconda3\envs\AutoPro\Lib\site-packages\selenium\webdriver\remote\webdriver.py", line 472, in get
    self.execute(Command.GET, {"url": url})
2025-08-12 10:20:11,047 - ERROR - File "c:\Users\user\anaconda3\envs\AutoPro\Lib\site-packages\selenium\webdriver\remote\webdriver.py", line 447, in execute
    self.error_handler.check_response(response)
2025-08-12 10:20:11,048 - ERROR - File "c:\Users\user\anaconda3\envs\AutoPro\Lib\site-packages\selenium\webdriver\remote\errorhandler.py", line 231, in check_response
    raise exception_class(message, screen, stacktrace, alert_text)  # type: ignore[call-arg]  # mypy is not smart enough here
    ^^^^^^^^^^^^^^^^^^^^^^^^^^^^^^^^^^^^^^^^^^^^^^^^^^^^^^^^^^^^^^
2025-08-12 10:20:11,049 - ERROR - selenium.common.exceptions.UnexpectedAlertPresentException: Alert Text: 이 카페는 접근하실 수 없습니다. 이 카페는 네이버 이용약관 및 운영원칙에서 제한하고 있는 목적으로 개설되었거나 제한 대상 게시글을 다수 포함하고 있어 접근이 제한 되었습니다.
Message: unexpected alert open: {Alert text : 이 카페는 접근하실 수 없습니다. 이 카페는 네이버 이용약관 및 운영원칙에서 제한하고 있는 목적으로 개설되었거나 제한 대상 게시글을 다수 포함하고 있어 접근이 제한 되었습니다.}
  (Session info: chrome=139.0.7258.67)
Stacktrace:
	GetHandleVerifier [0x0xdffd23+62915]
	GetHandleVerifier [0x0xdffd64+62980]
	(No symbol) [0x0xc33e13]
	(No symbol) [0x0xcc2fba]
	(No symbol) [0x0xca11d6]
	(No symbol) [0x0xc70833]
	(No symbol) [0x0xc716a4]
	GetHandleVerifier [0x0x1068d13+2590131]
	GetHandleVerifier [0x0x1063f5a+2570234]
	GetHandleVerifier [0x0xe259da+217722]
	GetHandleVerifier [0x0xe16048+153832]
	GetHandleVerifier [0x0xe1c4ad+179533]
	GetHandleVerifier [0x0xe07728+94152]
	GetHandleVerifier [0x0xe078b2+94546]
	GetHandleVerifier [0x0xdf2bca+9322]
	BaseThreadInitThunk [0x0x76965d49+25]
	RtlInitializeExceptionChain [0x0x77b8d2fb+107]
	RtlGetAppContainerNamedObjectPath [0x0x77b8d281+561]
2025-08-12 10:20:11,051 - INFO - 텔레그램 에러 메시지 : [ delete_viral_content.py 프로그램 ] - < Exception 발생 >
~~ 2번째 에러 도달 ~~
Traceback (most recent call last):
  File "C:\Users\user\Desktop\Bridzzi\src\naver\Cafe_Viral\delete_viral_content.py", line 248, in <module>
    start_delete_content()
  File "C:\Users\user\Desktop\Bridzzi\src\naver\Cafe_Viral\delete_viral_content.py", line 129, in start_delete_content
    browser.get(row['게시완료링크'])
  File "c:\Users\user\anaconda3\envs\AutoPro\Lib\site-packages\undetected_chromedriver\__init__.py", line 665, in get
    return super().get(url)
           ^^^^^^^^^^^^^^^^
  File "c:\Users\user\anaconda3\envs\AutoPro\Lib\site-packages\selenium\webdriver\remote\webdriver.py", line 472, in get
    self.execute(Command.GET, {"url": url})
  File "c:\Users\user\anaconda3\envs\AutoPro\Lib\site-packages\selenium\webdriver\remote\webdriver.py", line 447, in execute
    self.error_handler.check_response(response)
  File "c:\Users\user\anaconda3\envs\AutoPro\Lib\site-packages\selenium\webdriver\remote\errorhandler.py", line 231, in check_response
    raise exception_class(message, screen, stacktrace, alert_text)  # type: ignore[call-arg]  # mypy is not smart enough here
    ^^^^^^^^^^^^^^^^^^^^^^^^^^^^^^^^^^^^^^^^^^^^^^^^^^^^^^^^^^^^^^
selenium.common.exceptions.UnexpectedAlertPresentException: Alert Text: 이 카페는 접근하실 수 없습니다. 이 카페는 네이버 이용약관 및 운영원칙에서 제한하고 있는 목적으로 개설되었거나 제한 대상 게시글을 다수 포함하고 있어 접근이 제한 되었습니다.
Message: unexpected alert open: {Alert text : 이 카페는 접근하실 수 없습니다. 이 카페는 네이버 이용약관 및 운영원칙에서 제한하고 있는 목적으로 개설되었거나 제한 대상 게시글을 다수 포함하고 있어 접근이 제한 되었습니다.}
  (Session info: chrome=139.0.7258.67)
Stacktrace:
	GetHandleVerifier [0x0xdffd23+62915]
	GetHandleVerifier [0x0xdffd64+62980]
	(No symbol) [0x0xc33e13]
	(No symbol) [0x0xcc2fba]
	(No symbol) [0x0xca11d6]
	(No symbol) [0x0xc70833]
	(No symbol) [0x0xc716a4]
	GetHandleVerifier [0x0x1068d13+2590131]
	GetHandleVerifier [0x0x1063f5a+2570234]
	GetHandleVerifier [0x0xe259da+217722]
	GetHandleVerifier [0x0xe16048+153832]
	GetHandleVerifier [0x0xe1c4ad+179533]
	GetHandleVerifier [0x0xe07728+94152]
	GetHandleVerifier [0x0xe078b2+94546]
	GetHandleVerifier [0x0xdf2bca+9322]
	BaseThreadInitThunk [0x0x76965d49+25]
	RtlInitializeExceptionChain [0x0x77b8d2fb+107]
	RtlGetAppContainerNamedObjectPath [0x0x77b8d281+561]
2025-08-12 10:20:12,128 - INFO - ✅ chromedriver 종료 결과: ChromeDriver 종료
2025-08-12 10:20:12,128 - INFO - ✅ Chrome 종료 결과: Chrome 종료
2025-08-12 10:20:12,632 - INFO - ==================================
2025-08-12 10:20:12,632 - INFO - ★ 크롬 브라우저 - 자동 업데이트 ★
2025-08-12 10:20:12,789 - INFO - [현재 크롬 버전] : 139.0.7258.67
2025-08-12 10:20:13,995 - INFO - Chrome 업데이트를 확인하는 중...
2025-08-12 10:20:16,008 - INFO - ==================================
2025-08-12 10:20:16,008 - INFO - Chrome 상태 : Chrome이 최신 버전임
2025-08-12 10:20:16,008 - INFO - -----------------------------
2025-08-12 10:20:16,008 - INFO - ✅ Chrome이 최신 버전입니다. 종료합니다.
2025-08-12 10:20:16,008 - INFO - ==================================
2025-08-12 10:20:19,663 - INFO - ==================================
2025-08-12 10:20:21,509 - INFO - 시트이름: 게시글삭제/대시보드
2025-08-12 10:20:21,509 - INFO - 구글 시트 로드 - 시도중....
2025-08-12 10:20:22,097 - INFO - 구글 시트 로드 - 완료
2025-08-12 10:20:22,590 - INFO - 게시글삭제/대시보드 - Success 구글 시트에서 데이터를 성공적으로 가져왔습니다.
2025-08-12 10:20:22,766 - INFO - C:\program_cookies 폴더 크기: 1.52 GB
2025-08-12 10:20:22,777 - INFO - C:\program_cookies\Mobile_dlagkdud14 폴더 크기: 0.54 GB
2025-08-12 10:20:22,778 - INFO - 폴더 크기가 0.5GB를 초과했습니다. 삭제합니다...
2025-08-12 10:20:22,897 - INFO - 폴더 'C:\program_cookies\Mobile_dlagkdud14' 삭제 완료
2025-08-12 10:20:22,897 - INFO - 쿠키 기록을 남기도록 C:\program_cookies\Mobile_dlagkdud14 폴더를 지정합니다.
2025-08-12 10:20:22,897 - INFO - fixed UA가 있습니다.
2025-08-12 10:20:22,897 - INFO - fixed된 UA는 Mozilla/5.0 (Linux; Android 11; SM-A525F) AppleWebKit/537.36 (KHTML, like Gecko) Chrome/95.0.4621.1 Mobile Safari/537.36입니다.
2025-08-12 10:20:22,897 - INFO - 옵션 수동설정을 시작합니다.
2025-08-12 10:20:22,897 - INFO - 드라이브 옵션 기입 완료했습니다.
2025-08-12 10:20:26,254 - INFO - 크롬창을 열었습니다.
2025-08-12 10:20:26,255 - INFO - Android
2025-08-12 10:20:26,260 - INFO - geo 정보를 랜덤으로 변경합니다..
2025-08-12 10:20:26,261 - INFO - FIXED gps 정보를 적용합니다.
2025-08-12 10:20:26,261 - INFO - FIXED gps 정보는 {'latitude': 37.6011568, 'longitude': 126.928083, 'accuracy': 100} 입니다.
2025-08-12 10:20:26,605 - INFO - 모든 변경이 완료되었습니다...
2025-08-12 10:20:26,605 - INFO - ~~~~~~~~~~
2025-08-12 10:20:27,188 - INFO - [ NAVER_ID : dlagkdud14 ]
2025-08-12 10:20:27,395 - INFO - [완료] 1. 네이버 모바일 홈페이지 get
2025-08-12 10:20:27,837 - ERROR - 3/10번째 [ delete_viral_content.py 프로그램 ] - < Exception 발생 >
~~ 3번째 에러 도달 ~~
Traceback (most recent call last):
  File "C:\Users\user\Desktop\Bridzzi\src\naver\Cafe_Viral\delete_viral_content.py", line 248, in <module>
    start_delete_content()
  File "C:\Users\user\Desktop\Bridzzi\src\naver\Cafe_Viral\delete_viral_content.py", line 91, in start_delete_content
    browser = browser_load(row)
    ^^^^^^^^^^^^^^^^^
  File "C:\Users\user\Desktop\Bridzzi\src\naver\Cafe_Viral\delete_viral_content.py", line 68, in browser_load
    naver_bot.naver_login_mo(ID, PW)
  File "C:\Users\user\Desktop\Bridzzi\util\platform\naver\base\naver_base.py", line 66, in naver_login_mo
    if selenium_util.is_element_present(self.browser, popup_list_select):
       ^^^^^^^^^^^^^^^^^^^^^^^^^^^^^^^^^^^^^^^^^^^^^^^^^^^^^^^^^^^^^^^^^
  File "C:\Users\user\Desktop\Bridzzi\util\selenium\helpers.py", line 125, in is_element_present
    temp = browser.find_element(By.CSS_SELECTOR, css_selector)
           ^^^^^^^^^^^^^^^^^^^^^^^^^^^^^^^^^^^^^^^^^^^^^^^^^^^
  File "c:\Users\user\anaconda3\envs\AutoPro\Lib\site-packages\selenium\webdriver\remote\webdriver.py", line 914, in find_element
    return self.execute(Command.FIND_ELEMENT, {"using": by, "value": value})["value"]
           ^^^^^^^^^^^^^^^^^^^^^^^^^^^^^^^^^^^^^^^^^^^^^^^^^^^^^^^^^^^^^^^^^
  File "c:\Users\user\anaconda3\envs\AutoPro\Lib\site-packages\selenium\webdriver\remote\webdriver.py", line 447, in execute
    self.error_handler.check_response(response)
  File "c:\Users\user\anaconda3\envs\AutoPro\Lib\site-packages\selenium\webdriver\remote\errorhandler.py", line 232, in check_response
    raise exception_class(message, screen, stacktrace)
selenium.common.exceptions.NoSuchWindowException: Message: no such window: target window already closed
from unknown error: web view not found
  (Session info: chrome=139.0.7258.67)
Stacktrace:
	GetHandleVerifier [0x0x125fd23+62915]
	GetHandleVerifier [0x0x125fd64+62980]
	(No symbol) [0x0x1093e13]
	(No symbol) [0x0x1072c29]
	(No symbol) [0x0x1107ade]
	(No symbol) [0x0x1121fc9]
	(No symbol) [0x0x11011d6]
	(No symbol) [0x0x10d0833]
	(No symbol) [0x0x10d16a4]
	GetHandleVerifier [0x0x14c8d13+2590131]
	GetHandleVerifier [0x0x14c3f5a+2570234]
	GetHandleVerifier [0x0x12859da+217722]
	GetHandleVerifier [0x0x1276048+153832]
	GetHandleVerifier [0x0x127c4ad+179533]
	GetHandleVerifier [0x0x1267728+94152]
	GetHandleVerifier [0x0x12678b2+94546]
	GetHandleVerifier [0x0x1252bca+9322]
	BaseThreadInitThunk [0x0x76965d49+25]
	RtlInitializeExceptionChain [0x0x77b8d2fb+107]
	RtlGetAppContainerNamedObjectPath [0x0x77b8d281+561]



오류가 발생하였습니다. 확인 부탁드립니다
2025-08-12 10:20:27,840 - ERROR - Traceback (most recent call last):
2025-08-12 10:20:27,840 - ERROR - File "C:\Users\user\Desktop\Bridzzi\src\naver\Cafe_Viral\delete_viral_content.py", line 248, in <module>
    start_delete_content()
2025-08-12 10:20:27,840 - ERROR - File "C:\Users\user\Desktop\Bridzzi\src\naver\Cafe_Viral\delete_viral_content.py", line 91, in start_delete_content
    browser = browser_load(row)
    ^^^^^^^^^^^^^^^^^
2025-08-12 10:20:27,841 - ERROR - File "C:\Users\user\Desktop\Bridzzi\src\naver\Cafe_Viral\delete_viral_content.py", line 68, in browser_load
    naver_bot.naver_login_mo(ID, PW)
2025-08-12 10:20:27,841 - ERROR - File "C:\Users\user\Desktop\Bridzzi\util\platform\naver\base\naver_base.py", line 66, in naver_login_mo
    if selenium_util.is_element_present(self.browser, popup_list_select):
       ^^^^^^^^^^^^^^^^^^^^^^^^^^^^^^^^^^^^^^^^^^^^^^^^^^^^^^^^^^^^^^^^^
2025-08-12 10:20:27,841 - ERROR - File "C:\Users\user\Desktop\Bridzzi\util\selenium\helpers.py", line 125, in is_element_present
    temp = browser.find_element(By.CSS_SELECTOR, css_selector)
           ^^^^^^^^^^^^^^^^^^^^^^^^^^^^^^^^^^^^^^^^^^^^^^^^^^^
2025-08-12 10:20:27,841 - ERROR - File "c:\Users\user\anaconda3\envs\AutoPro\Lib\site-packages\selenium\webdriver\remote\webdriver.py", line 914, in find_element
    return self.execute(Command.FIND_ELEMENT, {"using": by, "value": value})["value"]
           ^^^^^^^^^^^^^^^^^^^^^^^^^^^^^^^^^^^^^^^^^^^^^^^^^^^^^^^^^^^^^^^^^
2025-08-12 10:20:27,841 - ERROR - File "c:\Users\user\anaconda3\envs\AutoPro\Lib\site-packages\selenium\webdriver\remote\webdriver.py", line 447, in execute
    self.error_handler.check_response(response)
2025-08-12 10:20:27,841 - ERROR - File "c:\Users\user\anaconda3\envs\AutoPro\Lib\site-packages\selenium\webdriver\remote\errorhandler.py", line 232, in check_response
    raise exception_class(message, screen, stacktrace)
2025-08-12 10:20:27,841 - ERROR - selenium.common.exceptions.NoSuchWindowException: Message: no such window: target window already closed
from unknown error: web view not found
  (Session info: chrome=139.0.7258.67)
Stacktrace:
	GetHandleVerifier [0x0x125fd23+62915]
	GetHandleVerifier [0x0x125fd64+62980]
	(No symbol) [0x0x1093e13]
	(No symbol) [0x0x1072c29]
	(No symbol) [0x0x1107ade]
	(No symbol) [0x0x1121fc9]
	(No symbol) [0x0x11011d6]
	(No symbol) [0x0x10d0833]
	(No symbol) [0x0x10d16a4]
	GetHandleVerifier [0x0x14c8d13+2590131]
	GetHandleVerifier [0x0x14c3f5a+2570234]
	GetHandleVerifier [0x0x12859da+217722]
	GetHandleVerifier [0x0x1276048+153832]
	GetHandleVerifier [0x0x127c4ad+179533]
	GetHandleVerifier [0x0x1267728+94152]
	GetHandleVerifier [0x0x12678b2+94546]
	GetHandleVerifier [0x0x1252bca+9322]
	BaseThreadInitThunk [0x0x76965d49+25]
	RtlInitializeExceptionChain [0x0x77b8d2fb+107]
	RtlGetAppContainerNamedObjectPath [0x0x77b8d281+561]
2025-08-12 10:20:27,974 - INFO - ✅ chromedriver 종료 결과: ChromeDriver 종료
2025-08-12 10:20:27,974 - INFO - ✅ Chrome 종료 결과: Chrome 종료
2025-08-12 10:20:28,475 - INFO - ==================================
2025-08-12 10:20:28,476 - INFO - ★ 크롬 브라우저 - 자동 업데이트 ★
2025-08-12 10:20:28,606 - INFO - [현재 크롬 버전] : 139.0.7258.67
2025-08-12 10:20:29,856 - INFO - Chrome 업데이트를 확인하는 중...
2025-08-12 10:20:31,857 - ERROR - Uncaught exception
Traceback (most recent call last):
  File "C:\Users\user\Desktop\Bridzzi\src\naver\Cafe_Viral\delete_viral_content.py", line 320, in <module>
    pcdriver.update_chromedriver()
  File "C:\Users\user\Desktop\Bridzzi\util\selenium\pcdriver.py", line 82, in update_chromedriver
    update_chrome()
  File "C:\Users\user\Desktop\Bridzzi\util\selenium\pcdriver.py", line 40, in update_chrome
    status = get_chrome_update_status(driver)
             ^^^^^^^^^^^^^^^^^^^^^^^^^^^^^^^^
  File "C:\Users\user\Desktop\Bridzzi\util\selenium\pcdriver.py", line 29, in get_chrome_update_status
    return driver.execute_script(script)
           ^^^^^^^^^^^^^^^^^^^^^^^^^^^^^
  File "c:\Users\user\anaconda3\envs\AutoPro\Lib\site-packages\selenium\webdriver\remote\webdriver.py", line 544, in execute_script
    return self.execute(command, {"script": script, "args": converted_args})["value"]
           ^^^^^^^^^^^^^^^^^^^^^^^^^^^^^^^^^^^^^^^^^^^^^^^^^^^^^^^^^^^^^^^^^
  File "c:\Users\user\anaconda3\envs\AutoPro\Lib\site-packages\selenium\webdriver\remote\webdriver.py", line 447, in execute
    self.error_handler.check_response(response)
  File "c:\Users\user\anaconda3\envs\AutoPro\Lib\site-packages\selenium\webdriver\remote\errorhandler.py", line 232, in check_response
    raise exception_class(message, screen, stacktrace)
selenium.common.exceptions.InvalidSessionIdException: Message: invalid session id: session deleted as the browser has closed the connection
from disconnected: not connected to DevTools
  (Session info: chrome=139.0.7258.67)
Stacktrace:
	GetHandleVerifier [0x0x7ff7222d6b55+79621]
	GetHandleVerifier [0x0x7ff7222d6bb0+79712]
	(No symbol) [0x0x7ff72206c0ea]
	(No symbol) [0x0x7ff722058355]
	(No symbol) [0x0x7ff72207cefa]
	(No symbol) [0x0x7ff7220f2845]
	(No symbol) [0x0x7ff722112d02]
	(No symbol) [0x0x7ff7220eaf13]
	(No symbol) [0x0x7ff7220b4151]
	(No symbol) [0x0x7ff7220b4ee3]
	GetHandleVerifier [0x0x7ff72259686d+2962461]
	GetHandleVerifier [0x0x7ff722590b8d+2938685]
	GetHandleVerifier [0x0x7ff7225af74d+3064573]
	GetHandleVerifier [0x0x7ff7222f0c9e+186446]
	GetHandleVerifier [0x0x7ff7222f8a6f+218655]
	GetHandleVerifier [0x0x7ff7222df944+115956]
	GetHandleVerifier [0x0x7ff7222dfaf9+116393]
	GetHandleVerifier [0x0x7ff7222c5f28+10968]
	BaseThreadInitThunk [0x0x7ff9559ee8d7+23]
	RtlUserThreadStart [0x0x7ff95643c34c+44]

