2025-08-12 09:58:47,992 - INFO - 시트이름: 게시글삭제/대시보드
2025-08-12 09:58:47,994 - INFO - 구글 시트 로드 - 시도중....
2025-08-12 09:58:48,444 - INFO - 구글 시트 로드 - 완료
2025-08-12 09:58:49,051 - INFO - 게시글삭제/대시보드 - Success 구글 시트에서 데이터를 성공적으로 가져왔습니다.
2025-08-12 09:58:49,235 - INFO - C:\program_cookies 폴더 크기: 1.17 GB
2025-08-12 09:58:49,258 - INFO - C:\program_cookies\Mobile_dlagkdud14 폴더 크기: 0.19 GB
2025-08-12 09:58:49,259 - INFO - 쿠키 기록을 남기도록 C:\program_cookies\Mobile_dlagkdud14 폴더를 지정합니다.
2025-08-12 09:58:49,259 - INFO - fixed UA가 있습니다.
2025-08-12 09:58:49,259 - INFO - fixed된 UA는 Mozilla/5.0 (Linux; Android 11; SM-A525F) AppleWebKit/537.36 (KHTML, like Gecko) Chrome/95.0.4621.1 Mobile Safari/537.36입니다.
2025-08-12 09:58:49,259 - INFO - 옵션 수동설정을 시작합니다.
2025-08-12 09:58:49,260 - INFO - 드라이브 옵션 기입 완료했습니다.
2025-08-12 09:58:52,769 - INFO - 크롬창을 열었습니다.
2025-08-12 09:58:52,771 - INFO - Android
2025-08-12 09:58:52,779 - INFO - geo 정보를 랜덤으로 변경합니다..
2025-08-12 09:58:52,779 - INFO - FIXED gps 정보를 적용합니다.
2025-08-12 09:58:52,779 - INFO - FIXED gps 정보는 {'latitude': 37.6011568, 'longitude': 126.928083, 'accuracy': 100} 입니다.
2025-08-12 09:58:53,159 - INFO - 모든 변경이 완료되었습니다...
2025-08-12 09:58:53,159 - INFO - ~~~~~~~~~~
2025-08-12 09:58:53,656 - INFO - [ NAVER_ID : dlagkdud14 ]
2025-08-12 09:58:54,221 - INFO - [완료] 1. 네이버 모바일 홈페이지 get
2025-08-12 09:58:56,195 - INFO - [완료] 2. 네이버 사이드 메뉴
2025-08-12 09:58:57,992 - INFO - [완료] 3. 네이버 로그인 화면 - 페이지 get
2025-08-12 09:59:05,750 - INFO - [완료] 4. 네이버 로그인
2025-08-12 09:59:06,088 - INFO - (모바일) 메일 로그인 인증 작업을 시작합니다
2025-08-12 09:59:07,470 - INFO - 메일 내용 : ❨광고❩무료 가족사진 촬영! 선착순 30팀 한정!
2025-08-12 09:59:07,482 - INFO - [완료] 5. 네이버 메일 - 계정 로그인 확인
2025-08-12 09:59:11,917 - INFO - ✅ chromedriver 종료 결과: ChromeDriver 종료
2025-08-12 09:59:11,917 - INFO - ✅ Chrome 종료 결과: Chrome 종료
2025-08-12 09:59:11,921 - INFO - 삭제되었거나 없는 게시글입니다.
2025-08-12 09:59:28,175 - ERROR - 1/10번째 [ delete_viral_content.py 프로그램 ] - < Exception 발생 >
~~ 1번째 에러 도달 ~~
Traceback (most recent call last):
  File "c:\Users\user\anaconda3\envs\AutoPro\Lib\site-packages\urllib3\connection.py", line 198, in _new_conn
    sock = connection.create_connection(
           ^^^^^^^^^^^^^^^^^^^^^^^^^^^^^
  File "c:\Users\user\anaconda3\envs\AutoPro\Lib\site-packages\urllib3\util\connection.py", line 85, in create_connection
    raise err
  File "c:\Users\user\anaconda3\envs\AutoPro\Lib\site-packages\urllib3\util\connection.py", line 73, in create_connection
    sock.connect(sa)
ConnectionRefusedError: [WinError 10061] 대상 컴퓨터에서 연결을 거부했으므로 연결하지 못했습니다

The above exception was the direct cause of the following exception:

Traceback (most recent call last):
  File "c:\Users\user\anaconda3\envs\AutoPro\Lib\site-packages\urllib3\connectionpool.py", line 787, in urlopen
    response = self._make_request(
               ^^^^^^^^^^^^^^^^^^^
  File "c:\Users\user\anaconda3\envs\AutoPro\Lib\site-packages\urllib3\connectionpool.py", line 493, in _make_request
    conn.request(
  File "c:\Users\user\anaconda3\envs\AutoPro\Lib\site-packages\urllib3\connection.py", line 445, in request
    self.endheaders()
  File "c:\Users\user\anaconda3\envs\AutoPro\Lib\http\client.py", line 1331, in endheaders
    self._send_output(message_body, encode_chunked=encode_chunked)
  File "c:\Users\user\anaconda3\envs\AutoPro\Lib\http\client.py", line 1091, in _send_output
    self.send(msg)
  File "c:\Users\user\anaconda3\envs\AutoPro\Lib\http\client.py", line 1035, in send
    self.connect()
  File "c:\Users\user\anaconda3\envs\AutoPro\Lib\site-packages\urllib3\connection.py", line 276, in connect
    self.sock = self._new_conn()
                ^^^^^^^^^^^^^^^^
  File "c:\Users\user\anaconda3\envs\AutoPro\Lib\site-packages\urllib3\connection.py", line 213, in _new_conn
    raise NewConnectionError(
urllib3.exceptions.NewConnectionError: <urllib3.connection.HTTPConnection object at 0x000001159AEFF9E0>: Failed to establish a new connection: [WinError 10061] 대상 컴퓨터에서 연결을 거부했으므로 연결하지 못했습니다

The above exception was the direct cause of the following exception:

Traceback (most recent call last):
  File "C:\Users\user\Desktop\Bridzzi\src\naver\Cafe_Viral\delete_viral_content.py", line 249, in <module>
    start_delete_content()
  File "C:\Users\user\Desktop\Bridzzi\src\naver\Cafe_Viral\delete_viral_content.py", line 129, in start_delete_content
    browser.get(row['게시완료링크'])
  File "c:\Users\user\anaconda3\envs\AutoPro\Lib\site-packages\undetected_chromedriver\__init__.py", line 665, in get
    return super().get(url)
           ^^^^^^^^^^^^^^^^
  File "c:\Users\user\anaconda3\envs\AutoPro\Lib\site-packages\selenium\webdriver\remote\webdriver.py", line 472, in get
    self.execute(Command.GET, {"url": url})
  File "c:\Users\user\anaconda3\envs\AutoPro\Lib\site-packages\selenium\webdriver\remote\webdriver.py", line 445, in execute
    response = self.command_executor.execute(driver_command, params)
               ^^^^^^^^^^^^^^^^^^^^^^^^^^^^^^^^^^^^^^^^^^^^^^^^^^^^^
  File "c:\Users\user\anaconda3\envs\AutoPro\Lib\site-packages\selenium\webdriver\remote\remote_connection.py", line 404, in execute
    return self._request(command_info[0], url, body=data)
           ^^^^^^^^^^^^^^^^^^^^^^^^^^^^^^^^^^^^^^^^^^^^^^
  File "c:\Users\user\anaconda3\envs\AutoPro\Lib\site-packages\selenium\webdriver\remote\remote_connection.py", line 428, in _request
    response = self._conn.request(method, url, body=body, headers=headers, timeout=self._client_config.timeout)
               ^^^^^^^^^^^^^^^^^^^^^^^^^^^^^^^^^^^^^^^^^^^^^^^^^^^^^^^^^^^^^^^^^^^^^^^^^^^^^^^^^^^^^^^^^^^^^^^^
  File "c:\Users\user\anaconda3\envs\AutoPro\Lib\site-packages\urllib3\_request_methods.py", line 143, in request
    return self.request_encode_body(
           ^^^^^^^^^^^^^^^^^^^^^^^^^
  File "c:\Users\user\anaconda3\envs\AutoPro\Lib\site-packages\urllib3\_request_methods.py", line 278, in request_encode_body
    return self.urlopen(method, url, **extra_kw)
           ^^^^^^^^^^^^^^^^^^^^^^^^^^^^^^^^^^^^^
  File "c:\Users\user\anaconda3\envs\AutoPro\Lib\site-packages\urllib3\poolmanager.py", line 443, in urlopen
    response = conn.urlopen(method, u.request_uri, **kw)
               ^^^^^^^^^^^^^^^^^^^^^^^^^^^^^^^^^^^^^^^^^
  File "c:\Users\user\anaconda3\envs\AutoPro\Lib\site-packages\urllib3\connectionpool.py", line 871, in urlopen
    return self.urlopen(
           ^^^^^^^^^^^^^
  File "c:\Users\user\anaconda3\envs\AutoPro\Lib\site-packages\urllib3\connectionpool.py", line 871, in urlopen
    return self.urlopen(
           ^^^^^^^^^^^^^
  File "c:\Users\user\anaconda3\envs\AutoPro\Lib\site-packages\urllib3\connectionpool.py", line 871, in urlopen
    return self.urlopen(
           ^^^^^^^^^^^^^
  File "c:\Users\user\anaconda3\envs\AutoPro\Lib\site-packages\urllib3\connectionpool.py", line 841, in urlopen
    retries = retries.increment(
              ^^^^^^^^^^^^^^^^^^
  File "c:\Users\user\anaconda3\envs\AutoPro\Lib\site-packages\urllib3\util\retry.py", line 519, in increment
    raise MaxRetryError(_pool, url, reason) from reason  # type: ignore[arg-type]
    ^^^^^^^^^^^^^^^^^^^^^^^^^^^^^^^^^^^^^^^^^^^^^^^^^^^
urllib3.exceptions.MaxRetryError: HTTPConnectionPool(host='localhost', port=60653): Max retries exceeded with url: /session/405689b74e527eb3fc1dc4a9dcd14c52/url (Caused by NewConnectionError('<urllib3.connection.HTTPConnection object at 0x000001159AEFF9E0>: Failed to establish a new connection: [WinError 10061] 대상 컴퓨터에서 연결을 거부했으므로 연결하지 못했습니다'))


오류가 발생하였습니다. 확인 부탁드립니다
2025-08-12 09:59:28,178 - ERROR - Traceback (most recent call last):
2025-08-12 09:59:28,178 - ERROR - File "c:\Users\user\anaconda3\envs\AutoPro\Lib\site-packages\urllib3\connection.py", line 198, in _new_conn
    sock = connection.create_connection(
           ^^^^^^^^^^^^^^^^^^^^^^^^^^^^^
2025-08-12 09:59:28,178 - ERROR - File "c:\Users\user\anaconda3\envs\AutoPro\Lib\site-packages\urllib3\util\connection.py", line 85, in create_connection
    raise err
2025-08-12 09:59:28,178 - ERROR - File "c:\Users\user\anaconda3\envs\AutoPro\Lib\site-packages\urllib3\util\connection.py", line 73, in create_connection
    sock.connect(sa)
2025-08-12 09:59:28,178 - ERROR - ConnectionRefusedError: [WinError 10061] 대상 컴퓨터에서 연결을 거부했으므로 연결하지 못했습니다
2025-08-12 09:59:28,178 - ERROR - The above exception was the direct cause of the following exception:
2025-08-12 09:59:28,178 - ERROR - Traceback (most recent call last):
2025-08-12 09:59:28,178 - ERROR - File "c:\Users\user\anaconda3\envs\AutoPro\Lib\site-packages\urllib3\connectionpool.py", line 787, in urlopen
    response = self._make_request(
               ^^^^^^^^^^^^^^^^^^^
2025-08-12 09:59:28,178 - ERROR - File "c:\Users\user\anaconda3\envs\AutoPro\Lib\site-packages\urllib3\connectionpool.py", line 493, in _make_request
    conn.request(
2025-08-12 09:59:28,178 - ERROR - File "c:\Users\user\anaconda3\envs\AutoPro\Lib\site-packages\urllib3\connection.py", line 445, in request
    self.endheaders()
2025-08-12 09:59:28,178 - ERROR - File "c:\Users\user\anaconda3\envs\AutoPro\Lib\http\client.py", line 1331, in endheaders
    self._send_output(message_body, encode_chunked=encode_chunked)
2025-08-12 09:59:28,178 - ERROR - File "c:\Users\user\anaconda3\envs\AutoPro\Lib\http\client.py", line 1091, in _send_output
    self.send(msg)
2025-08-12 09:59:28,178 - ERROR - File "c:\Users\user\anaconda3\envs\AutoPro\Lib\http\client.py", line 1035, in send
    self.connect()
2025-08-12 09:59:28,178 - ERROR - File "c:\Users\user\anaconda3\envs\AutoPro\Lib\site-packages\urllib3\connection.py", line 276, in connect
    self.sock = self._new_conn()
                ^^^^^^^^^^^^^^^^
2025-08-12 09:59:28,178 - ERROR - File "c:\Users\user\anaconda3\envs\AutoPro\Lib\site-packages\urllib3\connection.py", line 213, in _new_conn
    raise NewConnectionError(
2025-08-12 09:59:28,178 - ERROR - urllib3.exceptions.NewConnectionError: <urllib3.connection.HTTPConnection object at 0x000001159AEFF9E0>: Failed to establish a new connection: [WinError 10061] 대상 컴퓨터에서 연결을 거부했으므로 연결하지 못했습니다
2025-08-12 09:59:28,178 - ERROR - The above exception was the direct cause of the following exception:
2025-08-12 09:59:28,178 - ERROR - Traceback (most recent call last):
2025-08-12 09:59:28,178 - ERROR - File "C:\Users\user\Desktop\Bridzzi\src\naver\Cafe_Viral\delete_viral_content.py", line 249, in <module>
    start_delete_content()
2025-08-12 09:59:28,182 - ERROR - File "C:\Users\user\Desktop\Bridzzi\src\naver\Cafe_Viral\delete_viral_content.py", line 129, in start_delete_content
    browser.get(row['게시완료링크'])
2025-08-12 09:59:28,182 - ERROR - File "c:\Users\user\anaconda3\envs\AutoPro\Lib\site-packages\undetected_chromedriver\__init__.py", line 665, in get
    return super().get(url)
           ^^^^^^^^^^^^^^^^
2025-08-12 09:59:28,182 - ERROR - File "c:\Users\user\anaconda3\envs\AutoPro\Lib\site-packages\selenium\webdriver\remote\webdriver.py", line 472, in get
    self.execute(Command.GET, {"url": url})
2025-08-12 09:59:28,182 - ERROR - File "c:\Users\user\anaconda3\envs\AutoPro\Lib\site-packages\selenium\webdriver\remote\webdriver.py", line 445, in execute
    response = self.command_executor.execute(driver_command, params)
               ^^^^^^^^^^^^^^^^^^^^^^^^^^^^^^^^^^^^^^^^^^^^^^^^^^^^^
2025-08-12 09:59:28,182 - ERROR - File "c:\Users\user\anaconda3\envs\AutoPro\Lib\site-packages\selenium\webdriver\remote\remote_connection.py", line 404, in execute
    return self._request(command_info[0], url, body=data)
           ^^^^^^^^^^^^^^^^^^^^^^^^^^^^^^^^^^^^^^^^^^^^^^
2025-08-12 09:59:28,183 - ERROR - File "c:\Users\user\anaconda3\envs\AutoPro\Lib\site-packages\selenium\webdriver\remote\remote_connection.py", line 428, in _request
    response = self._conn.request(method, url, body=body, headers=headers, timeout=self._client_config.timeout)
               ^^^^^^^^^^^^^^^^^^^^^^^^^^^^^^^^^^^^^^^^^^^^^^^^^^^^^^^^^^^^^^^^^^^^^^^^^^^^^^^^^^^^^^^^^^^^^^^^
2025-08-12 09:59:28,183 - ERROR - File "c:\Users\user\anaconda3\envs\AutoPro\Lib\site-packages\urllib3\_request_methods.py", line 143, in request
    return self.request_encode_body(
           ^^^^^^^^^^^^^^^^^^^^^^^^^
2025-08-12 09:59:28,183 - ERROR - File "c:\Users\user\anaconda3\envs\AutoPro\Lib\site-packages\urllib3\_request_methods.py", line 278, in request_encode_body
    return self.urlopen(method, url, **extra_kw)
           ^^^^^^^^^^^^^^^^^^^^^^^^^^^^^^^^^^^^^
2025-08-12 09:59:28,183 - ERROR - File "c:\Users\user\anaconda3\envs\AutoPro\Lib\site-packages\urllib3\poolmanager.py", line 443, in urlopen
    response = conn.urlopen(method, u.request_uri, **kw)
               ^^^^^^^^^^^^^^^^^^^^^^^^^^^^^^^^^^^^^^^^^
2025-08-12 09:59:28,183 - ERROR - File "c:\Users\user\anaconda3\envs\AutoPro\Lib\site-packages\urllib3\connectionpool.py", line 871, in urlopen
    return self.urlopen(
           ^^^^^^^^^^^^^
2025-08-12 09:59:28,183 - ERROR - File "c:\Users\user\anaconda3\envs\AutoPro\Lib\site-packages\urllib3\connectionpool.py", line 871, in urlopen
    return self.urlopen(
           ^^^^^^^^^^^^^
2025-08-12 09:59:28,183 - ERROR - File "c:\Users\user\anaconda3\envs\AutoPro\Lib\site-packages\urllib3\connectionpool.py", line 871, in urlopen
    return self.urlopen(
           ^^^^^^^^^^^^^
2025-08-12 09:59:28,184 - ERROR - File "c:\Users\user\anaconda3\envs\AutoPro\Lib\site-packages\urllib3\connectionpool.py", line 841, in urlopen
    retries = retries.increment(
              ^^^^^^^^^^^^^^^^^^
2025-08-12 09:59:28,184 - ERROR - File "c:\Users\user\anaconda3\envs\AutoPro\Lib\site-packages\urllib3\util\retry.py", line 519, in increment
    raise MaxRetryError(_pool, url, reason) from reason  # type: ignore[arg-type]
    ^^^^^^^^^^^^^^^^^^^^^^^^^^^^^^^^^^^^^^^^^^^^^^^^^^^
2025-08-12 09:59:28,184 - ERROR - urllib3.exceptions.MaxRetryError: HTTPConnectionPool(host='localhost', port=60653): Max retries exceeded with url: /session/405689b74e527eb3fc1dc4a9dcd14c52/url (Caused by NewConnectionError('<urllib3.connection.HTTPConnection object at 0x000001159AEFF9E0>: Failed to establish a new connection: [WinError 10061] 대상 컴퓨터에서 연결을 거부했으므로 연결하지 못했습니다'))
2025-08-12 09:59:28,308 - INFO - ✅ chromedriver 종료 결과: ChromeDriver 종료
2025-08-12 09:59:28,308 - INFO - ✅ Chrome 종료 결과: Chrome 종료
2025-08-12 09:59:28,812 - INFO - ==================================
2025-08-12 09:59:28,812 - INFO - ★ 크롬 브라우저 - 자동 업데이트 ★
2025-08-12 09:59:28,941 - INFO - [현재 크롬 버전] : 139.0.7258.67
2025-08-12 09:59:30,162 - INFO - Chrome 업데이트를 확인하는 중...
2025-08-12 09:59:32,167 - INFO - ==================================
2025-08-12 09:59:32,167 - INFO - Chrome 상태 : Chrome이 최신 버전임
2025-08-12 09:59:32,167 - INFO - -----------------------------
2025-08-12 09:59:32,167 - INFO - ✅ Chrome이 최신 버전입니다. 종료합니다.
2025-08-12 09:59:32,167 - INFO - ==================================
2025-08-12 09:59:35,798 - INFO - ==================================
2025-08-12 09:59:37,493 - INFO - 시트이름: 게시글삭제/대시보드
2025-08-12 09:59:37,493 - INFO - 구글 시트 로드 - 시도중....
2025-08-12 09:59:38,087 - INFO - 구글 시트 로드 - 완료
2025-08-12 09:59:38,690 - INFO - 게시글삭제/대시보드 - Success 구글 시트에서 데이터를 성공적으로 가져왔습니다.
2025-08-12 09:59:38,896 - INFO - C:\program_cookies 폴더 크기: 1.17 GB
2025-08-12 09:59:38,916 - INFO - C:\program_cookies\Mobile_dlagkdud14 폴더 크기: 0.19 GB
2025-08-12 09:59:38,917 - INFO - 쿠키 기록을 남기도록 C:\program_cookies\Mobile_dlagkdud14 폴더를 지정합니다.
2025-08-12 09:59:38,917 - INFO - fixed UA가 있습니다.
2025-08-12 09:59:38,917 - INFO - fixed된 UA는 Mozilla/5.0 (Linux; Android 11; SM-A525F) AppleWebKit/537.36 (KHTML, like Gecko) Chrome/95.0.4621.1 Mobile Safari/537.36입니다.
2025-08-12 09:59:38,917 - INFO - 옵션 수동설정을 시작합니다.
2025-08-12 09:59:38,917 - INFO - 드라이브 옵션 기입 완료했습니다.
2025-08-12 09:59:42,440 - INFO - 크롬창을 열었습니다.
2025-08-12 09:59:42,440 - INFO - Android
2025-08-12 09:59:42,449 - INFO - geo 정보를 랜덤으로 변경합니다..
2025-08-12 09:59:42,449 - INFO - FIXED gps 정보를 적용합니다.
2025-08-12 09:59:42,449 - INFO - FIXED gps 정보는 {'latitude': 37.6011568, 'longitude': 126.928083, 'accuracy': 100} 입니다.
2025-08-12 09:59:42,793 - INFO - 모든 변경이 완료되었습니다...
2025-08-12 09:59:42,793 - INFO - ~~~~~~~~~~
2025-08-12 09:59:43,205 - INFO - [ NAVER_ID : dlagkdud14 ]
2025-08-12 09:59:43,866 - INFO - [완료] 1. 네이버 모바일 홈페이지 get
2025-08-12 09:59:45,580 - INFO - [완료] 2. 네이버 사이드 메뉴
2025-08-12 09:59:47,702 - INFO - [완료] 3. 네이버 로그인 화면 - 페이지 get
2025-08-12 09:59:55,119 - INFO - [완료] 4. 네이버 로그인
2025-08-12 09:59:55,520 - INFO - (모바일) 메일 로그인 인증 작업을 시작합니다
2025-08-12 09:59:56,854 - INFO - 메일 내용 : ❨광고❩무료 가족사진 촬영! 선착순 30팀 한정!
2025-08-12 09:59:56,871 - INFO - [완료] 5. 네이버 메일 - 계정 로그인 확인
2025-08-12 09:59:59,360 - ERROR - 2/10번째 [ delete_viral_content.py 프로그램 ] - < Exception 발생 >
~~ 2번째 에러 도달 ~~
Traceback (most recent call last):
  File "C:\Users\user\Desktop\Bridzzi\src\naver\Cafe_Viral\delete_viral_content.py", line 249, in <module>
    start_delete_content()
  File "C:\Users\user\Desktop\Bridzzi\src\naver\Cafe_Viral\delete_viral_content.py", line 129, in start_delete_content
    browser.get(row['게시완료링크'])
  File "c:\Users\user\anaconda3\envs\AutoPro\Lib\site-packages\undetected_chromedriver\__init__.py", line 665, in get
    return super().get(url)
           ^^^^^^^^^^^^^^^^
  File "c:\Users\user\anaconda3\envs\AutoPro\Lib\site-packages\selenium\webdriver\remote\webdriver.py", line 472, in get
    self.execute(Command.GET, {"url": url})
  File "c:\Users\user\anaconda3\envs\AutoPro\Lib\site-packages\selenium\webdriver\remote\webdriver.py", line 447, in execute
    self.error_handler.check_response(response)
  File "c:\Users\user\anaconda3\envs\AutoPro\Lib\site-packages\selenium\webdriver\remote\errorhandler.py", line 232, in check_response
    raise exception_class(message, screen, stacktrace)
selenium.common.exceptions.InvalidSessionIdException: Message: invalid session id: session deleted as the browser has closed the connection
from disconnected: not connected to DevTools
  (Session info: chrome=139.0.7258.67)
Stacktrace:
	GetHandleVerifier [0x0x10ffd23+62915]
	GetHandleVerifier [0x0x10ffd64+62980]
	(No symbol) [0x0xf33e13]
	(No symbol) [0x0xf23760]
	(No symbol) [0x0xf415d2]
	(No symbol) [0x0xfa7cac]
	(No symbol) [0x0xfc1fc9]
	(No symbol) [0x0xfa11d6]
	(No symbol) [0x0xf70833]
	(No symbol) [0x0xf716a4]
	GetHandleVerifier [0x0x1368d13+2590131]
	GetHandleVerifier [0x0x1363f5a+2570234]
	GetHandleVerifier [0x0x11259da+217722]
	GetHandleVerifier [0x0x1116048+153832]
	GetHandleVerifier [0x0x111c4ad+179533]
	GetHandleVerifier [0x0x1107728+94152]
	GetHandleVerifier [0x0x11078b2+94546]
	GetHandleVerifier [0x0x10f2bca+9322]
	BaseThreadInitThunk [0x0x76965d49+25]
	RtlInitializeExceptionChain [0x0x77b8d2fb+107]
	RtlGetAppContainerNamedObjectPath [0x0x77b8d281+561]



오류가 발생하였습니다. 확인 부탁드립니다
2025-08-12 09:59:59,362 - ERROR - Traceback (most recent call last):
2025-08-12 09:59:59,362 - ERROR - File "C:\Users\user\Desktop\Bridzzi\src\naver\Cafe_Viral\delete_viral_content.py", line 249, in <module>
    start_delete_content()
2025-08-12 09:59:59,362 - ERROR - File "C:\Users\user\Desktop\Bridzzi\src\naver\Cafe_Viral\delete_viral_content.py", line 129, in start_delete_content
    browser.get(row['게시완료링크'])
2025-08-12 09:59:59,362 - ERROR - File "c:\Users\user\anaconda3\envs\AutoPro\Lib\site-packages\undetected_chromedriver\__init__.py", line 665, in get
    return super().get(url)
           ^^^^^^^^^^^^^^^^
2025-08-12 09:59:59,362 - ERROR - File "c:\Users\user\anaconda3\envs\AutoPro\Lib\site-packages\selenium\webdriver\remote\webdriver.py", line 472, in get
    self.execute(Command.GET, {"url": url})
2025-08-12 09:59:59,362 - ERROR - File "c:\Users\user\anaconda3\envs\AutoPro\Lib\site-packages\selenium\webdriver\remote\webdriver.py", line 447, in execute
    self.error_handler.check_response(response)
2025-08-12 09:59:59,362 - ERROR - File "c:\Users\user\anaconda3\envs\AutoPro\Lib\site-packages\selenium\webdriver\remote\errorhandler.py", line 232, in check_response
    raise exception_class(message, screen, stacktrace)
2025-08-12 09:59:59,362 - ERROR - selenium.common.exceptions.InvalidSessionIdException: Message: invalid session id: session deleted as the browser has closed the connection
from disconnected: not connected to DevTools
  (Session info: chrome=139.0.7258.67)
Stacktrace:
	GetHandleVerifier [0x0x10ffd23+62915]
	GetHandleVerifier [0x0x10ffd64+62980]
	(No symbol) [0x0xf33e13]
	(No symbol) [0x0xf23760]
	(No symbol) [0x0xf415d2]
	(No symbol) [0x0xfa7cac]
	(No symbol) [0x0xfc1fc9]
	(No symbol) [0x0xfa11d6]
	(No symbol) [0x0xf70833]
	(No symbol) [0x0xf716a4]
	GetHandleVerifier [0x0x1368d13+2590131]
	GetHandleVerifier [0x0x1363f5a+2570234]
	GetHandleVerifier [0x0x11259da+217722]
	GetHandleVerifier [0x0x1116048+153832]
	GetHandleVerifier [0x0x111c4ad+179533]
	GetHandleVerifier [0x0x1107728+94152]
	GetHandleVerifier [0x0x11078b2+94546]
	GetHandleVerifier [0x0x10f2bca+9322]
	BaseThreadInitThunk [0x0x76965d49+25]
	RtlInitializeExceptionChain [0x0x77b8d2fb+107]
	RtlGetAppContainerNamedObjectPath [0x0x77b8d281+561]
2025-08-12 09:59:59,488 - INFO - ✅ chromedriver 종료 결과: ChromeDriver 종료
2025-08-12 09:59:59,489 - INFO - ✅ Chrome 종료 결과: Chrome 종료
