2025-08-12 09:18:25,485 - INFO - 시트이름: 게시글삭제/대시보드
2025-08-12 09:18:25,485 - INFO - 구글 시트 로드 - 시도중....
2025-08-12 09:18:26,071 - INFO - 구글 시트 로드 - 완료
2025-08-12 09:18:26,667 - INFO - 게시글삭제/대시보드 - Success 구글 시트에서 데이터를 성공적으로 가져왔습니다.
2025-08-12 09:18:26,883 - INFO - C:\program_cookies 폴더 크기: 0.92 GB
2025-08-12 09:18:26,896 - INFO - C:\program_cookies\Mobile_3362nisb 폴더 크기: 0.06 GB
2025-08-12 09:18:26,896 - INFO - 쿠키 기록을 남기도록 C:\program_cookies\Mobile_3362nisb 폴더를 지정합니다.
2025-08-12 09:18:26,900 - INFO - fixed UA가 있습니다.
2025-08-12 09:18:26,900 - INFO - fixed된 UA는 Mozilla/5.0 (Linux; Android 10; SM-N950) AppleWebKit/537.36 (KHTML, like Gecko) Chrome/104.0.4280.141 Mobile Safari/537.36입니다.
2025-08-12 09:18:26,900 - INFO - 옵션 수동설정을 시작합니다.
2025-08-12 09:18:26,900 - INFO - 드라이브 옵션 기입 완료했습니다.
2025-08-12 09:18:30,375 - INFO - 크롬창을 열었습니다.
2025-08-12 09:18:30,375 - INFO - Android
2025-08-12 09:18:30,382 - INFO - geo 정보를 랜덤으로 변경합니다..
2025-08-12 09:18:30,382 - INFO - FIXED gps 정보를 적용합니다.
2025-08-12 09:18:30,382 - INFO - FIXED gps 정보는 {'latitude': 37.5346764, 'longitude': 126.994424, 'accuracy': 100} 입니다.
2025-08-12 09:18:30,747 - INFO - 모든 변경이 완료되었습니다...
2025-08-12 09:18:30,747 - INFO - ~~~~~~~~~~
2025-08-12 09:18:31,079 - INFO - [ NAVER_ID : 3362nisb ]
2025-08-12 09:18:31,621 - INFO - [완료] 1. 네이버 모바일 홈페이지 get
2025-08-12 09:18:33,696 - INFO - [완료] 2. 네이버 사이드 메뉴
2025-08-12 09:18:35,606 - INFO - [완료] 3. 네이버 로그인 화면 - 페이지 get
2025-08-12 09:18:42,226 - INFO - [완료] 4. 네이버 로그인
2025-08-12 09:18:42,549 - INFO - (모바일) 메일 로그인 인증 작업을 시작합니다
2025-08-12 09:18:44,073 - INFO - 이미 읽어 본 메일이라 스킵하고 넘어갑니다.
2025-08-12 09:18:44,370 - INFO - [완료] 5. 네이버 메일 - 계정 로그인 확인
2025-08-12 09:18:48,062 - INFO - delete-6587 - 게시글이 없는 글입니다. 다음 단계로 넘어갑니다.
2025-08-12 09:18:50,283 - INFO - delete-6910 - 게시글이 없는 글입니다. 다음 단계로 넘어갑니다.
2025-08-12 09:18:51,418 - INFO - delete-6583 - 새로운 아이디 데이터를 가지고 왔습니다. 새로 브라우저를 엽니다
2025-08-12 09:18:52,141 - INFO - C:\program_cookies 폴더 크기: 0.93 GB
2025-08-12 09:18:52,173 - INFO - C:\program_cookies\Mobile_cd456efg 폴더 크기: 0.11 GB
2025-08-12 09:18:52,173 - INFO - 쿠키 기록을 남기도록 C:\program_cookies\Mobile_cd456efg 폴더를 지정합니다.
2025-08-12 09:18:52,173 - INFO - fixed UA가 있습니다.
2025-08-12 09:18:52,173 - INFO - fixed된 UA는 Mozilla/5.0 (Linux; Android 10; SM-N950) AppleWebKit/537.36 (KHTML, like Gecko) Chrome/104.0.4280.141 Mobile Safari/537.36입니다.
2025-08-12 09:18:52,173 - INFO - 옵션 수동설정을 시작합니다.
2025-08-12 09:18:52,173 - INFO - 드라이브 옵션 기입 완료했습니다.
2025-08-12 09:18:55,529 - INFO - 크롬창을 열었습니다.
2025-08-12 09:18:55,529 - INFO - Android
2025-08-12 09:18:55,549 - INFO - geo 정보를 랜덤으로 변경합니다..
2025-08-12 09:18:55,549 - INFO - FIXED gps 정보를 적용합니다.
2025-08-12 09:18:55,549 - INFO - FIXED gps 정보는 {'latitude': 37.5389049, 'longitude': 127.044366, 'accuracy': 100} 입니다.
2025-08-12 09:18:55,916 - INFO - 모든 변경이 완료되었습니다...
2025-08-12 09:18:55,916 - INFO - ~~~~~~~~~~
2025-08-12 09:18:56,311 - INFO - [ NAVER_ID : cd456efg ]
2025-08-12 09:18:56,823 - INFO - [완료] 1. 네이버 모바일 홈페이지 get
2025-08-12 09:18:58,805 - INFO - [완료] 2. 네이버 사이드 메뉴
2025-08-12 09:19:00,526 - INFO - [완료] 3. 네이버 로그인 화면 - 페이지 get
2025-08-12 09:19:07,822 - INFO - [완료] 4. 네이버 로그인
2025-08-12 09:19:08,259 - INFO - ==================================
2025-08-12 09:19:15,920 - INFO - ID: cd456efg - 로그인 실패
2025-08-12 09:19:15,920 - INFO - delete-6585 - 새로운 아이디 데이터를 가지고 왔습니다. 새로 브라우저를 엽니다
2025-08-12 09:19:32,232 - ERROR - 1/10번째 [ delete_viral_content.py 프로그램 ] - < Exception 발생 >
~~ 1번째 에러 도달 ~~
Traceback (most recent call last):
  File "c:\Users\user\anaconda3\envs\AutoPro\Lib\site-packages\urllib3\connection.py", line 198, in _new_conn
    sock = connection.create_connection(
           ^^^^^^^^^^^^^^^^^^^^^^^^^^^^^
  File "c:\Users\user\anaconda3\envs\AutoPro\Lib\site-packages\urllib3\util\connection.py", line 85, in create_connection
    raise err
  File "c:\Users\user\anaconda3\envs\AutoPro\Lib\site-packages\urllib3\util\connection.py", line 73, in create_connection
    sock.connect(sa)
ConnectionRefusedError: [WinError 10061] 대상 컴퓨터에서 연결을 거부했으므로 연결하지 못했습니다

The above exception was the direct cause of the following exception:

Traceback (most recent call last):
  File "c:\Users\user\anaconda3\envs\AutoPro\Lib\site-packages\urllib3\connectionpool.py", line 787, in urlopen
    response = self._make_request(
               ^^^^^^^^^^^^^^^^^^^
  File "c:\Users\user\anaconda3\envs\AutoPro\Lib\site-packages\urllib3\connectionpool.py", line 493, in _make_request
    conn.request(
  File "c:\Users\user\anaconda3\envs\AutoPro\Lib\site-packages\urllib3\connection.py", line 445, in request
    self.endheaders()
  File "c:\Users\user\anaconda3\envs\AutoPro\Lib\http\client.py", line 1331, in endheaders
    self._send_output(message_body, encode_chunked=encode_chunked)
  File "c:\Users\user\anaconda3\envs\AutoPro\Lib\http\client.py", line 1091, in _send_output
    self.send(msg)
  File "c:\Users\user\anaconda3\envs\AutoPro\Lib\http\client.py", line 1035, in send
    self.connect()
  File "c:\Users\user\anaconda3\envs\AutoPro\Lib\site-packages\urllib3\connection.py", line 276, in connect
    self.sock = self._new_conn()
                ^^^^^^^^^^^^^^^^
  File "c:\Users\user\anaconda3\envs\AutoPro\Lib\site-packages\urllib3\connection.py", line 213, in _new_conn
    raise NewConnectionError(
urllib3.exceptions.NewConnectionError: <urllib3.connection.HTTPConnection object at 0x000001BAC2560170>: Failed to establish a new connection: [WinError 10061] 대상 컴퓨터에서 연결을 거부했으므로 연결하지 못했습니다

The above exception was the direct cause of the following exception:

Traceback (most recent call last):
  File "C:\Users\user\Desktop\Bridzzi\src\naver\Cafe_Viral\delete_viral_content.py", line 236, in <module>
    start_delete_content()
  File "C:\Users\user\Desktop\Bridzzi\src\naver\Cafe_Viral\delete_viral_content.py", line 97, in start_delete_content
    selenium_util.browser_close_and_quit(browser)
  File "C:\Users\user\Desktop\Bridzzi\util\selenium\helpers.py", line 2062, in browser_close_and_quit
    browser.close()
  File "c:\Users\user\anaconda3\envs\AutoPro\Lib\site-packages\selenium\webdriver\remote\webdriver.py", line 595, in close
    self.execute(Command.CLOSE)
  File "c:\Users\user\anaconda3\envs\AutoPro\Lib\site-packages\selenium\webdriver\remote\webdriver.py", line 445, in execute
    response = self.command_executor.execute(driver_command, params)
               ^^^^^^^^^^^^^^^^^^^^^^^^^^^^^^^^^^^^^^^^^^^^^^^^^^^^^
  File "c:\Users\user\anaconda3\envs\AutoPro\Lib\site-packages\selenium\webdriver\remote\remote_connection.py", line 404, in execute
    return self._request(command_info[0], url, body=data)
           ^^^^^^^^^^^^^^^^^^^^^^^^^^^^^^^^^^^^^^^^^^^^^^
  File "c:\Users\user\anaconda3\envs\AutoPro\Lib\site-packages\selenium\webdriver\remote\remote_connection.py", line 428, in _request
    response = self._conn.request(method, url, body=body, headers=headers, timeout=self._client_config.timeout)
               ^^^^^^^^^^^^^^^^^^^^^^^^^^^^^^^^^^^^^^^^^^^^^^^^^^^^^^^^^^^^^^^^^^^^^^^^^^^^^^^^^^^^^^^^^^^^^^^^
  File "c:\Users\user\anaconda3\envs\AutoPro\Lib\site-packages\urllib3\_request_methods.py", line 135, in request
    return self.request_encode_url(
           ^^^^^^^^^^^^^^^^^^^^^^^^
  File "c:\Users\user\anaconda3\envs\AutoPro\Lib\site-packages\urllib3\_request_methods.py", line 182, in request_encode_url
    return self.urlopen(method, url, **extra_kw)
           ^^^^^^^^^^^^^^^^^^^^^^^^^^^^^^^^^^^^^
  File "c:\Users\user\anaconda3\envs\AutoPro\Lib\site-packages\urllib3\poolmanager.py", line 443, in urlopen
    response = conn.urlopen(method, u.request_uri, **kw)
               ^^^^^^^^^^^^^^^^^^^^^^^^^^^^^^^^^^^^^^^^^
  File "c:\Users\user\anaconda3\envs\AutoPro\Lib\site-packages\urllib3\connectionpool.py", line 871, in urlopen
    return self.urlopen(
           ^^^^^^^^^^^^^
  File "c:\Users\user\anaconda3\envs\AutoPro\Lib\site-packages\urllib3\connectionpool.py", line 871, in urlopen
    return self.urlopen(
           ^^^^^^^^^^^^^
  File "c:\Users\user\anaconda3\envs\AutoPro\Lib\site-packages\urllib3\connectionpool.py", line 871, in urlopen
    return self.urlopen(
           ^^^^^^^^^^^^^
  File "c:\Users\user\anaconda3\envs\AutoPro\Lib\site-packages\urllib3\connectionpool.py", line 841, in urlopen
    retries = retries.increment(
              ^^^^^^^^^^^^^^^^^^
  File "c:\Users\user\anaconda3\envs\AutoPro\Lib\site-packages\urllib3\util\retry.py", line 519, in increment
    raise MaxRetryError(_pool, url, reason) from reason  # type: ignore[arg-type]
    ^^^^^^^^^^^^^^^^^^^^^^^^^^^^^^^^^^^^^^^^^^^^^^^^^^^
urllib3.exceptions.MaxRetryError: HTTPConnectionPool(host='localhost', port=49577): Max retries exceeded with url: /session/3cc1496d309be1fe071c647729e9beb1/window (Caused by NewConnectionError('<urllib3.connection.HTTPConnection object at 0x000001BAC2560170>: Failed to establish a new connection: [WinError 10061] 대상 컴퓨터에서 연결을 거부했으므로 연결하지 못했습니다'))


오류가 발생하였습니다. 확인 부탁드립니다
2025-08-12 09:19:32,239 - ERROR - Traceback (most recent call last):
2025-08-12 09:19:32,239 - ERROR - File "c:\Users\user\anaconda3\envs\AutoPro\Lib\site-packages\urllib3\connection.py", line 198, in _new_conn
    sock = connection.create_connection(
           ^^^^^^^^^^^^^^^^^^^^^^^^^^^^^
2025-08-12 09:19:32,239 - ERROR - File "c:\Users\user\anaconda3\envs\AutoPro\Lib\site-packages\urllib3\util\connection.py", line 85, in create_connection
    raise err
2025-08-12 09:19:32,239 - ERROR - File "c:\Users\user\anaconda3\envs\AutoPro\Lib\site-packages\urllib3\util\connection.py", line 73, in create_connection
    sock.connect(sa)
2025-08-12 09:19:32,239 - ERROR - ConnectionRefusedError: [WinError 10061] 대상 컴퓨터에서 연결을 거부했으므로 연결하지 못했습니다
2025-08-12 09:19:32,239 - ERROR - The above exception was the direct cause of the following exception:
2025-08-12 09:19:32,240 - ERROR - Traceback (most recent call last):
2025-08-12 09:19:32,240 - ERROR - File "c:\Users\user\anaconda3\envs\AutoPro\Lib\site-packages\urllib3\connectionpool.py", line 787, in urlopen
    response = self._make_request(
               ^^^^^^^^^^^^^^^^^^^
2025-08-12 09:19:32,240 - ERROR - File "c:\Users\user\anaconda3\envs\AutoPro\Lib\site-packages\urllib3\connectionpool.py", line 493, in _make_request
    conn.request(
2025-08-12 09:19:32,240 - ERROR - File "c:\Users\user\anaconda3\envs\AutoPro\Lib\site-packages\urllib3\connection.py", line 445, in request
    self.endheaders()
2025-08-12 09:19:32,240 - ERROR - File "c:\Users\user\anaconda3\envs\AutoPro\Lib\http\client.py", line 1331, in endheaders
    self._send_output(message_body, encode_chunked=encode_chunked)
2025-08-12 09:19:32,240 - ERROR - File "c:\Users\user\anaconda3\envs\AutoPro\Lib\http\client.py", line 1091, in _send_output
    self.send(msg)
2025-08-12 09:19:32,240 - ERROR - File "c:\Users\user\anaconda3\envs\AutoPro\Lib\http\client.py", line 1035, in send
    self.connect()
2025-08-12 09:19:32,240 - ERROR - File "c:\Users\user\anaconda3\envs\AutoPro\Lib\site-packages\urllib3\connection.py", line 276, in connect
    self.sock = self._new_conn()
                ^^^^^^^^^^^^^^^^
2025-08-12 09:19:32,240 - ERROR - File "c:\Users\user\anaconda3\envs\AutoPro\Lib\site-packages\urllib3\connection.py", line 213, in _new_conn
    raise NewConnectionError(
2025-08-12 09:19:32,240 - ERROR - urllib3.exceptions.NewConnectionError: <urllib3.connection.HTTPConnection object at 0x000001BAC2560170>: Failed to establish a new connection: [WinError 10061] 대상 컴퓨터에서 연결을 거부했으므로 연결하지 못했습니다
2025-08-12 09:19:32,240 - ERROR - The above exception was the direct cause of the following exception:
2025-08-12 09:19:32,240 - ERROR - Traceback (most recent call last):
2025-08-12 09:19:32,240 - ERROR - File "C:\Users\user\Desktop\Bridzzi\src\naver\Cafe_Viral\delete_viral_content.py", line 236, in <module>
    start_delete_content()
2025-08-12 09:19:32,240 - ERROR - File "C:\Users\user\Desktop\Bridzzi\src\naver\Cafe_Viral\delete_viral_content.py", line 97, in start_delete_content
    selenium_util.browser_close_and_quit(browser)
2025-08-12 09:19:32,240 - ERROR - File "C:\Users\user\Desktop\Bridzzi\util\selenium\helpers.py", line 2062, in browser_close_and_quit
    browser.close()
2025-08-12 09:19:32,240 - ERROR - File "c:\Users\user\anaconda3\envs\AutoPro\Lib\site-packages\selenium\webdriver\remote\webdriver.py", line 595, in close
    self.execute(Command.CLOSE)
2025-08-12 09:19:32,240 - ERROR - File "c:\Users\user\anaconda3\envs\AutoPro\Lib\site-packages\selenium\webdriver\remote\webdriver.py", line 445, in execute
    response = self.command_executor.execute(driver_command, params)
               ^^^^^^^^^^^^^^^^^^^^^^^^^^^^^^^^^^^^^^^^^^^^^^^^^^^^^
2025-08-12 09:19:32,240 - ERROR - File "c:\Users\user\anaconda3\envs\AutoPro\Lib\site-packages\selenium\webdriver\remote\remote_connection.py", line 404, in execute
    return self._request(command_info[0], url, body=data)
           ^^^^^^^^^^^^^^^^^^^^^^^^^^^^^^^^^^^^^^^^^^^^^^
2025-08-12 09:19:32,240 - ERROR - File "c:\Users\user\anaconda3\envs\AutoPro\Lib\site-packages\selenium\webdriver\remote\remote_connection.py", line 428, in _request
    response = self._conn.request(method, url, body=body, headers=headers, timeout=self._client_config.timeout)
               ^^^^^^^^^^^^^^^^^^^^^^^^^^^^^^^^^^^^^^^^^^^^^^^^^^^^^^^^^^^^^^^^^^^^^^^^^^^^^^^^^^^^^^^^^^^^^^^^
2025-08-12 09:19:32,240 - ERROR - File "c:\Users\user\anaconda3\envs\AutoPro\Lib\site-packages\urllib3\_request_methods.py", line 135, in request
    return self.request_encode_url(
           ^^^^^^^^^^^^^^^^^^^^^^^^
2025-08-12 09:19:32,240 - ERROR - File "c:\Users\user\anaconda3\envs\AutoPro\Lib\site-packages\urllib3\_request_methods.py", line 182, in request_encode_url
    return self.urlopen(method, url, **extra_kw)
           ^^^^^^^^^^^^^^^^^^^^^^^^^^^^^^^^^^^^^
2025-08-12 09:19:32,240 - ERROR - File "c:\Users\user\anaconda3\envs\AutoPro\Lib\site-packages\urllib3\poolmanager.py", line 443, in urlopen
    response = conn.urlopen(method, u.request_uri, **kw)
               ^^^^^^^^^^^^^^^^^^^^^^^^^^^^^^^^^^^^^^^^^
2025-08-12 09:19:32,240 - ERROR - File "c:\Users\user\anaconda3\envs\AutoPro\Lib\site-packages\urllib3\connectionpool.py", line 871, in urlopen
    return self.urlopen(
           ^^^^^^^^^^^^^
2025-08-12 09:19:32,240 - ERROR - File "c:\Users\user\anaconda3\envs\AutoPro\Lib\site-packages\urllib3\connectionpool.py", line 871, in urlopen
    return self.urlopen(
           ^^^^^^^^^^^^^
2025-08-12 09:19:32,240 - ERROR - File "c:\Users\user\anaconda3\envs\AutoPro\Lib\site-packages\urllib3\connectionpool.py", line 871, in urlopen
    return self.urlopen(
           ^^^^^^^^^^^^^
2025-08-12 09:19:32,240 - ERROR - File "c:\Users\user\anaconda3\envs\AutoPro\Lib\site-packages\urllib3\connectionpool.py", line 841, in urlopen
    retries = retries.increment(
              ^^^^^^^^^^^^^^^^^^
2025-08-12 09:19:32,240 - ERROR - File "c:\Users\user\anaconda3\envs\AutoPro\Lib\site-packages\urllib3\util\retry.py", line 519, in increment
    raise MaxRetryError(_pool, url, reason) from reason  # type: ignore[arg-type]
    ^^^^^^^^^^^^^^^^^^^^^^^^^^^^^^^^^^^^^^^^^^^^^^^^^^^
2025-08-12 09:19:32,245 - ERROR - urllib3.exceptions.MaxRetryError: HTTPConnectionPool(host='localhost', port=49577): Max retries exceeded with url: /session/3cc1496d309be1fe071c647729e9beb1/window (Caused by NewConnectionError('<urllib3.connection.HTTPConnection object at 0x000001BAC2560170>: Failed to establish a new connection: [WinError 10061] 대상 컴퓨터에서 연결을 거부했으므로 연결하지 못했습니다'))
2025-08-12 09:19:32,404 - INFO - ✅ chromedriver 종료 결과: ChromeDriver 종료
2025-08-12 09:19:32,404 - INFO - ✅ Chrome 종료 결과: Chrome 종료
2025-08-12 09:19:32,906 - INFO - ==================================
2025-08-12 09:19:32,906 - INFO - ★ 크롬 브라우저 - 자동 업데이트 ★
2025-08-12 09:19:33,036 - INFO - [현재 크롬 버전] : 139.0.7258.67
2025-08-12 09:19:34,209 - INFO - Chrome 업데이트를 확인하는 중...
2025-08-12 09:19:36,215 - INFO - ==================================
2025-08-12 09:19:36,215 - INFO - Chrome 상태 : Chrome이 최신 버전임
2025-08-12 09:19:36,215 - INFO - -----------------------------
2025-08-12 09:19:36,215 - INFO - ✅ Chrome이 최신 버전입니다. 종료합니다.
2025-08-12 09:19:36,215 - INFO - ==================================
2025-08-12 09:19:39,809 - INFO - ==================================
2025-08-12 09:19:41,816 - INFO - 시트이름: 게시글삭제/대시보드
2025-08-12 09:19:41,816 - INFO - 구글 시트 로드 - 시도중....
2025-08-12 09:19:42,366 - INFO - 구글 시트 로드 - 완료
2025-08-12 09:19:42,950 - INFO - 게시글삭제/대시보드 - Success 구글 시트에서 데이터를 성공적으로 가져왔습니다.
2025-08-12 09:19:43,129 - INFO - C:\program_cookies 폴더 크기: 0.94 GB
2025-08-12 09:19:43,142 - INFO - C:\program_cookies\Mobile_3362nisb 폴더 크기: 0.07 GB
2025-08-12 09:19:43,142 - INFO - 쿠키 기록을 남기도록 C:\program_cookies\Mobile_3362nisb 폴더를 지정합니다.
2025-08-12 09:19:43,142 - INFO - fixed UA가 있습니다.
2025-08-12 09:19:43,142 - INFO - fixed된 UA는 Mozilla/5.0 (Linux; Android 10; SM-N950) AppleWebKit/537.36 (KHTML, like Gecko) Chrome/104.0.4280.141 Mobile Safari/537.36입니다.
2025-08-12 09:19:43,142 - INFO - 옵션 수동설정을 시작합니다.
2025-08-12 09:19:43,142 - INFO - 드라이브 옵션 기입 완료했습니다.
2025-08-12 09:19:46,609 - INFO - 크롬창을 열었습니다.
2025-08-12 09:19:46,609 - INFO - Android
2025-08-12 09:19:46,615 - INFO - geo 정보를 랜덤으로 변경합니다..
2025-08-12 09:19:46,615 - INFO - FIXED gps 정보를 적용합니다.
2025-08-12 09:19:46,615 - INFO - FIXED gps 정보는 {'latitude': 37.5346764, 'longitude': 126.994424, 'accuracy': 100} 입니다.
2025-08-12 09:19:46,987 - INFO - 모든 변경이 완료되었습니다...
2025-08-12 09:19:46,987 - INFO - ~~~~~~~~~~
2025-08-12 09:19:47,555 - INFO - [ NAVER_ID : 3362nisb ]
2025-08-12 09:19:48,092 - INFO - [완료] 1. 네이버 모바일 홈페이지 get
2025-08-12 09:19:49,935 - INFO - [완료] 2. 네이버 사이드 메뉴
2025-08-12 09:19:51,992 - INFO - [완료] 3. 네이버 로그인 화면 - 페이지 get
2025-08-12 09:19:59,331 - INFO - [완료] 4. 네이버 로그인
2025-08-12 09:19:59,815 - INFO - (모바일) 메일 로그인 인증 작업을 시작합니다
2025-08-12 09:20:01,144 - INFO - 이미 읽어 본 메일이라 스킵하고 넘어갑니다.
2025-08-12 09:20:01,717 - INFO - [완료] 5. 네이버 메일 - 계정 로그인 확인
2025-08-12 09:20:05,002 - INFO - delete-6587 - 게시글이 없는 글입니다. 다음 단계로 넘어갑니다.
2025-08-12 09:20:07,215 - INFO - delete-6910 - 게시글이 없는 글입니다. 다음 단계로 넘어갑니다.
2025-08-12 09:20:08,383 - INFO - delete-6583 - 새로운 아이디 데이터를 가지고 왔습니다. 새로 브라우저를 엽니다
2025-08-12 09:20:09,137 - INFO - C:\program_cookies 폴더 크기: 0.94 GB
2025-08-12 09:20:09,155 - INFO - C:\program_cookies\Mobile_cd456efg 폴더 크기: 0.12 GB
2025-08-12 09:20:09,155 - INFO - 쿠키 기록을 남기도록 C:\program_cookies\Mobile_cd456efg 폴더를 지정합니다.
2025-08-12 09:20:09,155 - INFO - fixed UA가 있습니다.
2025-08-12 09:20:09,155 - INFO - fixed된 UA는 Mozilla/5.0 (Linux; Android 10; SM-N950) AppleWebKit/537.36 (KHTML, like Gecko) Chrome/104.0.4280.141 Mobile Safari/537.36입니다.
2025-08-12 09:20:09,156 - INFO - 옵션 수동설정을 시작합니다.
2025-08-12 09:20:09,156 - INFO - 드라이브 옵션 기입 완료했습니다.
2025-08-12 09:20:12,556 - INFO - 크롬창을 열었습니다.
2025-08-12 09:20:12,556 - INFO - Android
2025-08-12 09:20:12,569 - INFO - geo 정보를 랜덤으로 변경합니다..
2025-08-12 09:20:12,570 - INFO - FIXED gps 정보를 적용합니다.
2025-08-12 09:20:12,570 - INFO - FIXED gps 정보는 {'latitude': 37.5389049, 'longitude': 127.044366, 'accuracy': 100} 입니다.
2025-08-12 09:20:12,921 - INFO - 모든 변경이 완료되었습니다...
2025-08-12 09:20:12,921 - INFO - ~~~~~~~~~~
2025-08-12 09:20:13,470 - INFO - [ NAVER_ID : cd456efg ]
2025-08-12 09:20:13,985 - INFO - [완료] 1. 네이버 모바일 홈페이지 get
2025-08-12 09:20:16,033 - INFO - [완료] 2. 네이버 사이드 메뉴
2025-08-12 09:20:18,123 - INFO - [완료] 3. 네이버 로그인 화면 - 페이지 get
2025-08-12 09:20:25,028 - INFO - [완료] 4. 네이버 로그인
2025-08-12 09:20:25,261 - INFO - ==================================
2025-08-12 09:20:32,891 - INFO - ID: cd456efg - 로그인 실패
2025-08-12 09:20:32,891 - INFO - delete-6585 - 새로운 아이디 데이터를 가지고 왔습니다. 새로 브라우저를 엽니다
2025-08-12 09:20:49,128 - ERROR - 2/10번째 [ delete_viral_content.py 프로그램 ] - < Exception 발생 >
~~ 2번째 에러 도달 ~~
Traceback (most recent call last):
  File "c:\Users\user\anaconda3\envs\AutoPro\Lib\site-packages\urllib3\connection.py", line 198, in _new_conn
    sock = connection.create_connection(
           ^^^^^^^^^^^^^^^^^^^^^^^^^^^^^
  File "c:\Users\user\anaconda3\envs\AutoPro\Lib\site-packages\urllib3\util\connection.py", line 85, in create_connection
    raise err
  File "c:\Users\user\anaconda3\envs\AutoPro\Lib\site-packages\urllib3\util\connection.py", line 73, in create_connection
    sock.connect(sa)
ConnectionRefusedError: [WinError 10061] 대상 컴퓨터에서 연결을 거부했으므로 연결하지 못했습니다

The above exception was the direct cause of the following exception:

Traceback (most recent call last):
  File "c:\Users\user\anaconda3\envs\AutoPro\Lib\site-packages\urllib3\connectionpool.py", line 787, in urlopen
    response = self._make_request(
               ^^^^^^^^^^^^^^^^^^^
  File "c:\Users\user\anaconda3\envs\AutoPro\Lib\site-packages\urllib3\connectionpool.py", line 493, in _make_request
    conn.request(
  File "c:\Users\user\anaconda3\envs\AutoPro\Lib\site-packages\urllib3\connection.py", line 445, in request
    self.endheaders()
  File "c:\Users\user\anaconda3\envs\AutoPro\Lib\http\client.py", line 1331, in endheaders
    self._send_output(message_body, encode_chunked=encode_chunked)
  File "c:\Users\user\anaconda3\envs\AutoPro\Lib\http\client.py", line 1091, in _send_output
    self.send(msg)
  File "c:\Users\user\anaconda3\envs\AutoPro\Lib\http\client.py", line 1035, in send
    self.connect()
  File "c:\Users\user\anaconda3\envs\AutoPro\Lib\site-packages\urllib3\connection.py", line 276, in connect
    self.sock = self._new_conn()
                ^^^^^^^^^^^^^^^^
  File "c:\Users\user\anaconda3\envs\AutoPro\Lib\site-packages\urllib3\connection.py", line 213, in _new_conn
    raise NewConnectionError(
urllib3.exceptions.NewConnectionError: <urllib3.connection.HTTPConnection object at 0x000001BAC253B320>: Failed to establish a new connection: [WinError 10061] 대상 컴퓨터에서 연결을 거부했으므로 연결하지 못했습니다

The above exception was the direct cause of the following exception:

Traceback (most recent call last):
  File "C:\Users\user\Desktop\Bridzzi\src\naver\Cafe_Viral\delete_viral_content.py", line 236, in <module>
    start_delete_content()
  File "C:\Users\user\Desktop\Bridzzi\src\naver\Cafe_Viral\delete_viral_content.py", line 97, in start_delete_content
    selenium_util.browser_close_and_quit(browser)
  File "C:\Users\user\Desktop\Bridzzi\util\selenium\helpers.py", line 2062, in browser_close_and_quit
    browser.close()
  File "c:\Users\user\anaconda3\envs\AutoPro\Lib\site-packages\selenium\webdriver\remote\webdriver.py", line 595, in close
    self.execute(Command.CLOSE)
  File "c:\Users\user\anaconda3\envs\AutoPro\Lib\site-packages\selenium\webdriver\remote\webdriver.py", line 445, in execute
    response = self.command_executor.execute(driver_command, params)
               ^^^^^^^^^^^^^^^^^^^^^^^^^^^^^^^^^^^^^^^^^^^^^^^^^^^^^
  File "c:\Users\user\anaconda3\envs\AutoPro\Lib\site-packages\selenium\webdriver\remote\remote_connection.py", line 404, in execute
    return self._request(command_info[0], url, body=data)
           ^^^^^^^^^^^^^^^^^^^^^^^^^^^^^^^^^^^^^^^^^^^^^^
  File "c:\Users\user\anaconda3\envs\AutoPro\Lib\site-packages\selenium\webdriver\remote\remote_connection.py", line 428, in _request
    response = self._conn.request(method, url, body=body, headers=headers, timeout=self._client_config.timeout)
               ^^^^^^^^^^^^^^^^^^^^^^^^^^^^^^^^^^^^^^^^^^^^^^^^^^^^^^^^^^^^^^^^^^^^^^^^^^^^^^^^^^^^^^^^^^^^^^^^
  File "c:\Users\user\anaconda3\envs\AutoPro\Lib\site-packages\urllib3\_request_methods.py", line 135, in request
    return self.request_encode_url(
           ^^^^^^^^^^^^^^^^^^^^^^^^
  File "c:\Users\user\anaconda3\envs\AutoPro\Lib\site-packages\urllib3\_request_methods.py", line 182, in request_encode_url
    return self.urlopen(method, url, **extra_kw)
           ^^^^^^^^^^^^^^^^^^^^^^^^^^^^^^^^^^^^^
  File "c:\Users\user\anaconda3\envs\AutoPro\Lib\site-packages\urllib3\poolmanager.py", line 443, in urlopen
    response = conn.urlopen(method, u.request_uri, **kw)
               ^^^^^^^^^^^^^^^^^^^^^^^^^^^^^^^^^^^^^^^^^
  File "c:\Users\user\anaconda3\envs\AutoPro\Lib\site-packages\urllib3\connectionpool.py", line 871, in urlopen
    return self.urlopen(
           ^^^^^^^^^^^^^
  File "c:\Users\user\anaconda3\envs\AutoPro\Lib\site-packages\urllib3\connectionpool.py", line 871, in urlopen
    return self.urlopen(
           ^^^^^^^^^^^^^
  File "c:\Users\user\anaconda3\envs\AutoPro\Lib\site-packages\urllib3\connectionpool.py", line 871, in urlopen
    return self.urlopen(
           ^^^^^^^^^^^^^
  File "c:\Users\user\anaconda3\envs\AutoPro\Lib\site-packages\urllib3\connectionpool.py", line 841, in urlopen
    retries = retries.increment(
              ^^^^^^^^^^^^^^^^^^
  File "c:\Users\user\anaconda3\envs\AutoPro\Lib\site-packages\urllib3\util\retry.py", line 519, in increment
    raise MaxRetryError(_pool, url, reason) from reason  # type: ignore[arg-type]
    ^^^^^^^^^^^^^^^^^^^^^^^^^^^^^^^^^^^^^^^^^^^^^^^^^^^
urllib3.exceptions.MaxRetryError: HTTPConnectionPool(host='localhost', port=53139): Max retries exceeded with url: /session/08816c47c746bc14e180877b4cd2fe61/window (Caused by NewConnectionError('<urllib3.connection.HTTPConnection object at 0x000001BAC253B320>: Failed to establish a new connection: [WinError 10061] 대상 컴퓨터에서 연결을 거부했으므로 연결하지 못했습니다'))


오류가 발생하였습니다. 확인 부탁드립니다
2025-08-12 09:20:49,128 - ERROR - Traceback (most recent call last):
2025-08-12 09:20:49,128 - ERROR - File "c:\Users\user\anaconda3\envs\AutoPro\Lib\site-packages\urllib3\connection.py", line 198, in _new_conn
    sock = connection.create_connection(
           ^^^^^^^^^^^^^^^^^^^^^^^^^^^^^
2025-08-12 09:20:49,128 - ERROR - File "c:\Users\user\anaconda3\envs\AutoPro\Lib\site-packages\urllib3\util\connection.py", line 85, in create_connection
    raise err
2025-08-12 09:20:49,128 - ERROR - File "c:\Users\user\anaconda3\envs\AutoPro\Lib\site-packages\urllib3\util\connection.py", line 73, in create_connection
    sock.connect(sa)
2025-08-12 09:20:49,128 - ERROR - ConnectionRefusedError: [WinError 10061] 대상 컴퓨터에서 연결을 거부했으므로 연결하지 못했습니다
2025-08-12 09:20:49,128 - ERROR - The above exception was the direct cause of the following exception:
2025-08-12 09:20:49,128 - ERROR - Traceback (most recent call last):
2025-08-12 09:20:49,128 - ERROR - File "c:\Users\user\anaconda3\envs\AutoPro\Lib\site-packages\urllib3\connectionpool.py", line 787, in urlopen
    response = self._make_request(
               ^^^^^^^^^^^^^^^^^^^
2025-08-12 09:20:49,128 - ERROR - File "c:\Users\user\anaconda3\envs\AutoPro\Lib\site-packages\urllib3\connectionpool.py", line 493, in _make_request
    conn.request(
2025-08-12 09:20:49,128 - ERROR - File "c:\Users\user\anaconda3\envs\AutoPro\Lib\site-packages\urllib3\connection.py", line 445, in request
    self.endheaders()
2025-08-12 09:20:49,128 - ERROR - File "c:\Users\user\anaconda3\envs\AutoPro\Lib\http\client.py", line 1331, in endheaders
    self._send_output(message_body, encode_chunked=encode_chunked)
2025-08-12 09:20:49,128 - ERROR - File "c:\Users\user\anaconda3\envs\AutoPro\Lib\http\client.py", line 1091, in _send_output
    self.send(msg)
2025-08-12 09:20:49,128 - ERROR - File "c:\Users\user\anaconda3\envs\AutoPro\Lib\http\client.py", line 1035, in send
    self.connect()
2025-08-12 09:20:49,128 - ERROR - File "c:\Users\user\anaconda3\envs\AutoPro\Lib\site-packages\urllib3\connection.py", line 276, in connect
    self.sock = self._new_conn()
                ^^^^^^^^^^^^^^^^
2025-08-12 09:20:49,128 - ERROR - File "c:\Users\user\anaconda3\envs\AutoPro\Lib\site-packages\urllib3\connection.py", line 213, in _new_conn
    raise NewConnectionError(
2025-08-12 09:20:49,128 - ERROR - urllib3.exceptions.NewConnectionError: <urllib3.connection.HTTPConnection object at 0x000001BAC253B320>: Failed to establish a new connection: [WinError 10061] 대상 컴퓨터에서 연결을 거부했으므로 연결하지 못했습니다
2025-08-12 09:20:49,128 - ERROR - The above exception was the direct cause of the following exception:
2025-08-12 09:20:49,128 - ERROR - Traceback (most recent call last):
2025-08-12 09:20:49,128 - ERROR - File "C:\Users\user\Desktop\Bridzzi\src\naver\Cafe_Viral\delete_viral_content.py", line 236, in <module>
    start_delete_content()
2025-08-12 09:20:49,128 - ERROR - File "C:\Users\user\Desktop\Bridzzi\src\naver\Cafe_Viral\delete_viral_content.py", line 97, in start_delete_content
    selenium_util.browser_close_and_quit(browser)
2025-08-12 09:20:49,128 - ERROR - File "C:\Users\user\Desktop\Bridzzi\util\selenium\helpers.py", line 2062, in browser_close_and_quit
    browser.close()
2025-08-12 09:20:49,128 - ERROR - File "c:\Users\user\anaconda3\envs\AutoPro\Lib\site-packages\selenium\webdriver\remote\webdriver.py", line 595, in close
    self.execute(Command.CLOSE)
2025-08-12 09:20:49,128 - ERROR - File "c:\Users\user\anaconda3\envs\AutoPro\Lib\site-packages\selenium\webdriver\remote\webdriver.py", line 445, in execute
    response = self.command_executor.execute(driver_command, params)
               ^^^^^^^^^^^^^^^^^^^^^^^^^^^^^^^^^^^^^^^^^^^^^^^^^^^^^
2025-08-12 09:20:49,128 - ERROR - File "c:\Users\user\anaconda3\envs\AutoPro\Lib\site-packages\selenium\webdriver\remote\remote_connection.py", line 404, in execute
    return self._request(command_info[0], url, body=data)
           ^^^^^^^^^^^^^^^^^^^^^^^^^^^^^^^^^^^^^^^^^^^^^^
2025-08-12 09:20:49,128 - ERROR - File "c:\Users\user\anaconda3\envs\AutoPro\Lib\site-packages\selenium\webdriver\remote\remote_connection.py", line 428, in _request
    response = self._conn.request(method, url, body=body, headers=headers, timeout=self._client_config.timeout)
               ^^^^^^^^^^^^^^^^^^^^^^^^^^^^^^^^^^^^^^^^^^^^^^^^^^^^^^^^^^^^^^^^^^^^^^^^^^^^^^^^^^^^^^^^^^^^^^^^
2025-08-12 09:20:49,128 - ERROR - File "c:\Users\user\anaconda3\envs\AutoPro\Lib\site-packages\urllib3\_request_methods.py", line 135, in request
    return self.request_encode_url(
           ^^^^^^^^^^^^^^^^^^^^^^^^
2025-08-12 09:20:49,128 - ERROR - File "c:\Users\user\anaconda3\envs\AutoPro\Lib\site-packages\urllib3\_request_methods.py", line 182, in request_encode_url
    return self.urlopen(method, url, **extra_kw)
           ^^^^^^^^^^^^^^^^^^^^^^^^^^^^^^^^^^^^^
2025-08-12 09:20:49,135 - ERROR - File "c:\Users\user\anaconda3\envs\AutoPro\Lib\site-packages\urllib3\poolmanager.py", line 443, in urlopen
    response = conn.urlopen(method, u.request_uri, **kw)
               ^^^^^^^^^^^^^^^^^^^^^^^^^^^^^^^^^^^^^^^^^
2025-08-12 09:20:49,135 - ERROR - File "c:\Users\user\anaconda3\envs\AutoPro\Lib\site-packages\urllib3\connectionpool.py", line 871, in urlopen
    return self.urlopen(
           ^^^^^^^^^^^^^
2025-08-12 09:20:49,135 - ERROR - File "c:\Users\user\anaconda3\envs\AutoPro\Lib\site-packages\urllib3\connectionpool.py", line 871, in urlopen
    return self.urlopen(
           ^^^^^^^^^^^^^
2025-08-12 09:20:49,135 - ERROR - File "c:\Users\user\anaconda3\envs\AutoPro\Lib\site-packages\urllib3\connectionpool.py", line 871, in urlopen
    return self.urlopen(
           ^^^^^^^^^^^^^
2025-08-12 09:20:49,135 - ERROR - File "c:\Users\user\anaconda3\envs\AutoPro\Lib\site-packages\urllib3\connectionpool.py", line 841, in urlopen
    retries = retries.increment(
              ^^^^^^^^^^^^^^^^^^
2025-08-12 09:20:49,136 - ERROR - File "c:\Users\user\anaconda3\envs\AutoPro\Lib\site-packages\urllib3\util\retry.py", line 519, in increment
    raise MaxRetryError(_pool, url, reason) from reason  # type: ignore[arg-type]
    ^^^^^^^^^^^^^^^^^^^^^^^^^^^^^^^^^^^^^^^^^^^^^^^^^^^
2025-08-12 09:20:49,136 - ERROR - urllib3.exceptions.MaxRetryError: HTTPConnectionPool(host='localhost', port=53139): Max retries exceeded with url: /session/08816c47c746bc14e180877b4cd2fe61/window (Caused by NewConnectionError('<urllib3.connection.HTTPConnection object at 0x000001BAC253B320>: Failed to establish a new connection: [WinError 10061] 대상 컴퓨터에서 연결을 거부했으므로 연결하지 못했습니다'))
2025-08-12 09:20:49,136 - INFO - 텔레그램 에러 메시지 : [ delete_viral_content.py 프로그램 ] - < Exception 발생 >
~~ 2번째 에러 도달 ~~
Traceback (most recent call last):
  File "c:\Users\user\anaconda3\envs\AutoPro\Lib\site-packages\urllib3\connection.py", line 198, in _new_conn
    sock = connection.create_connection(
           ^^^^^^^^^^^^^^^^^^^^^^^^^^^^^
  File "c:\Users\user\anaconda3\envs\AutoPro\Lib\site-packages\urllib3\util\connection.py", line 85, in create_connection
    raise err
  File "c:\Users\user\anaconda3\envs\AutoPro\Lib\site-packages\urllib3\util\connection.py", line 73, in create_connection
    sock.connect(sa)
ConnectionRefusedError: [WinError 10061] 대상 컴퓨터에서 연결을 거부했으므로 연결하지 못했습니다

The above exception was the direct cause of the following exception:

Traceback (most recent call last):
  File "c:\Users\user\anaconda3\envs\AutoPro\Lib\site-packages\urllib3\connectionpool.py", line 787, in urlopen
    response = self._make_request(
               ^^^^^^^^^^^^^^^^^^^
  File "c:\Users\user\anaconda3\envs\AutoPro\Lib\site-packages\urllib3\connectionpool.py", line 493, in _make_request
    conn.request(
  File "c:\Users\user\anaconda3\envs\AutoPro\Lib\site-packages\urllib3\connection.py", line 445, in request
    self.endheaders()
  File "c:\Users\user\anaconda3\envs\AutoPro\Lib\http\client.py", line 1331, in endheaders
    self._send_output(message_body, encode_chunked=encode_chunked)
  File "c:\Users\user\anaconda3\envs\AutoPro\Lib\http\client.py", line 1091, in _send_output
    self.send(msg)
  File "c:\Users\user\anaconda3\envs\AutoPro\Lib\http\client.py", line 1035, in send
    self.connect()
  File "c:\Users\user\anaconda3\envs\AutoPro\Lib\site-packages\urllib3\connection.py", line 276, in connect
    self.sock = self._new_conn()
                ^^^^^^^^^^^^^^^^
  File "c:\Users\user\anaconda3\envs\AutoPro\Lib\site-packages\urllib3\connection.py", line 213, in _new_conn
    raise NewConnectionError(
urllib3.exceptions.NewConnectionError: <urllib3.connection.HTTPConnection object at 0x000001BAC253B320>: Failed to establish a new connection: [WinError 10061] 대상 컴퓨터에서 연결을 거부했으므로 연결하지 못했습니다

The above exception was the direct cause of the following exception:

Traceback (most recent call last):
  File "C:\Users\user\Desktop\Bridzzi\src\naver\Cafe_Viral\delete_viral_content.py", line 236, in <module>
    start_delete_content()
  File "C:\Users\user\Desktop\Bridzzi\src\naver\Cafe_Viral\delete_viral_content.py", line 97, in start_delete_content
    selenium_util.browser_close_and_quit(browser)
  File "C:\Users\user\Desktop\Bridzzi\util\selenium\helpers.py", line 2062, in browser_close_and_quit
    browser.close()
  File "c:\Users\user\anaconda3\envs\AutoPro\Lib\site-packages\selenium\webdriver\remote\webdriver.py", line 595, in close
    self.execute(Command.CLOSE)
  File "c:\Users\user\anaconda3\envs\AutoPro\Lib\site-packages\selenium\webdriver\remote\webdriver.py", line 445, in execute
    response = self.command_executor.execute(driver_command, params)
               ^^^^^^^^^^^^^^^^^^^^^^^^^^^^^^^^^^^^^^^^^^^^^^^^^^^^^
  File "c:\Users\user\anaconda3\envs\AutoPro\Lib\site-packages\selenium\webdriver\remote\remote_connection.py", line 404, in execute
    return self._request(command_info[0], url, body=data)
           ^^^^^^^^^^^^^^^^^^^^^^^^^^^^^^^^^^^^^^^^^^^^^^
  File "c:\Users\user\anaconda3\envs\AutoPro\Lib\site-packages\selenium\webdriver\remote\remote_connection.py", line 428, in _request
    response = self._conn.request(method, url, body=body, headers=headers, timeout=self._client_config.timeout)
               ^^^^^^^^^^^^^^^^^^^^^^^^^^^^^^^^^^^^^^^^^^^^^^^^^^^^^^^^^^^^^^^^^^^^^^^^^^^^^^^^^^^^^^^^^^^^^^^^
  File "c:\Users\user\anaconda3\envs\AutoPro\Lib\site-packages\urllib3\_request_methods.py", line 135, in request
    return self.request_encode_url(
           ^^^^^^^^^^^^^^^^^^^^^^^^
  File "c:\Users\user\anaconda3\envs\AutoPro\Lib\site-packages\urllib3\_request_methods.py", line 182, in request_encode_url
    return self.urlopen(method, url, **extra_kw)
           ^^^^^^^^^^^^^^^^^^^^^^^^^^^^^^^^^^^^^
  File "c:\Users\user\anaconda3\envs\AutoPro\Lib\site-packages\urllib3\poolmanager.py", line 443, in urlopen
    response = conn.urlopen(method, u.request_uri, **kw)
               ^^^^^^^^^^^^^^^^^^^^^^^^^^^^^^^^^^^^^^^^^
  File "c:\Users\user\anaconda3\envs\AutoPro\Lib\site-packages\urllib3\connectionpool.py", line 871, in urlopen
    return self.urlopen(
           ^^^^^^^^^^^^^
  File "c:\Users\user\anaconda3\envs\AutoPro\Lib\site-packages\urllib3\connectionpool.py", line 871, in urlopen
    return self.urlopen(
           ^^^^^^^^^^^^^
  File "c:\Users\user\anaconda3\envs\AutoPro\Lib\site-packages\urllib3\connectionpool.py", line 871, in urlopen
    return self.urlopen(
           ^^^^^^^^^^^^^
  File "c:\Users\user\anaconda3\envs\AutoPro\Lib\site-packages\urllib3\connectionpool.py", line 841, in urlopen
    retries = retries.increment(
              ^^^^^^^^^^^^^^^^^^
  File "c:\Users\user\anaconda3\envs\AutoPro\Lib\site-packages\urllib3\util\retry.py", line 519, in increment
    raise MaxRetryError(_pool, url, reason) from reason  # type: ignore[arg-type]
    ^^^^^^^^^^^^^^^^^^^^^^^^^^^^^^^^^^^^^^^^^^^^^^^^^^^
urllib3.exceptions.MaxRetryError: HTTPConnectionPool(host='localhost', port=53139): Max retries exceeded with url: /session/08816c47c746bc14e180877b4cd2fe61/window (Caused by NewConnectionError('<urllib3.connection.HTTPConnection object at 0x000001BAC253B320>: Failed to establish a new connection: [WinError 10061] 대상 컴퓨터에서 연결을 거부했으므로 연결하지 못했습니다'))
2025-08-12 09:20:50,032 - INFO - ✅ chromedriver 종료 결과: ChromeDriver 종료
2025-08-12 09:20:50,032 - INFO - ✅ Chrome 종료 결과: Chrome 종료
2025-08-12 09:20:50,535 - INFO - ==================================
2025-08-12 09:20:50,535 - INFO - ★ 크롬 브라우저 - 자동 업데이트 ★
2025-08-12 09:20:50,689 - INFO - [현재 크롬 버전] : 139.0.7258.67
2025-08-12 09:20:52,015 - INFO - Chrome 업데이트를 확인하는 중...
2025-08-12 09:20:54,016 - ERROR - Uncaught exception
Traceback (most recent call last):
  File "C:\Users\user\Desktop\Bridzzi\src\naver\Cafe_Viral\delete_viral_content.py", line 308, in <module>
    pcdriver.update_chromedriver()
  File "C:\Users\user\Desktop\Bridzzi\util\selenium\pcdriver.py", line 82, in update_chromedriver
    update_chrome()
  File "C:\Users\user\Desktop\Bridzzi\util\selenium\pcdriver.py", line 40, in update_chrome
    status = get_chrome_update_status(driver)
             ^^^^^^^^^^^^^^^^^^^^^^^^^^^^^^^^
  File "C:\Users\user\Desktop\Bridzzi\util\selenium\pcdriver.py", line 29, in get_chrome_update_status
    return driver.execute_script(script)
           ^^^^^^^^^^^^^^^^^^^^^^^^^^^^^
  File "c:\Users\user\anaconda3\envs\AutoPro\Lib\site-packages\selenium\webdriver\remote\webdriver.py", line 544, in execute_script
    return self.execute(command, {"script": script, "args": converted_args})["value"]
           ^^^^^^^^^^^^^^^^^^^^^^^^^^^^^^^^^^^^^^^^^^^^^^^^^^^^^^^^^^^^^^^^^
  File "c:\Users\user\anaconda3\envs\AutoPro\Lib\site-packages\selenium\webdriver\remote\webdriver.py", line 447, in execute
    self.error_handler.check_response(response)
  File "c:\Users\user\anaconda3\envs\AutoPro\Lib\site-packages\selenium\webdriver\remote\errorhandler.py", line 232, in check_response
    raise exception_class(message, screen, stacktrace)
selenium.common.exceptions.InvalidSessionIdException: Message: invalid session id: session deleted as the browser has closed the connection
from disconnected: not connected to DevTools
  (Session info: chrome=139.0.7258.67)
Stacktrace:
	GetHandleVerifier [0x0x7ff7222d6b55+79621]
	GetHandleVerifier [0x0x7ff7222d6bb0+79712]
	(No symbol) [0x0x7ff72206c0ea]
	(No symbol) [0x0x7ff722058355]
	(No symbol) [0x0x7ff72207cefa]
	(No symbol) [0x0x7ff7220f2845]
	(No symbol) [0x0x7ff722112d02]
	(No symbol) [0x0x7ff7220eaf13]
	(No symbol) [0x0x7ff7220b4151]
	(No symbol) [0x0x7ff7220b4ee3]
	GetHandleVerifier [0x0x7ff72259686d+2962461]
	GetHandleVerifier [0x0x7ff722590b8d+2938685]
	GetHandleVerifier [0x0x7ff7225af74d+3064573]
	GetHandleVerifier [0x0x7ff7222f0c9e+186446]
	GetHandleVerifier [0x0x7ff7222f8a6f+218655]
	GetHandleVerifier [0x0x7ff7222df944+115956]
	GetHandleVerifier [0x0x7ff7222dfaf9+116393]
	GetHandleVerifier [0x0x7ff7222c5f28+10968]
	BaseThreadInitThunk [0x0x7ff9559ee8d7+23]
	RtlUserThreadStart [0x0x7ff95643c34c+44]

