2025-09-04 15:06:23,342 - INFO - C:\program_cookies 폴더 크기: 0.56 GB
2025-09-04 15:06:23,342 - INFO - random 폴더 초기화 - 'C:\program_cookies\PC_random'에서 폴더 삭제(완료)
2025-09-04 15:06:23,342 - INFO - 쿠키 기록을 남기도록 C:\program_cookies\PC_random 폴더를 지정합니다.
2025-09-04 15:06:23,342 - INFO - fixed UA가 없어서 랜덤으로 PC UA 생성합니다.
2025-09-04 15:06:23,342 - INFO - 랜덤으로 생성된 UA는 Mozilla/5.0 (Windows NT 10.0; Win64; x64) AppleWebKit/537.36 (KHTML, like Gecko) Chrome/133.0.6833.84 Safari/537.36입니다.
2025-09-04 15:06:36,404 - ERROR - 1/10번째 [ google_search_traffic.py 프로그램 ] - < Exception 발생 >
~~ 1번째 에러 도달 ~~
Traceback (most recent call last):
  File "C:\Users\user\Desktop\Bridzzi\src\google\google_search_traffic.py", line 137, in <module>
    uc.loop().run_until_complete(google_view_bot.run())
  File "c:\Users\user\anaconda3\envs\AutoPro\Lib\asyncio\base_events.py", line 686, in run_until_complete
    return future.result()
           ^^^^^^^^^^^^^^^
  File "C:\Users\user\Desktop\Bridzzi\src\google\google_search_traffic.py", line 96, in run
    await self._init_google_usa()
  File "C:\Users\user\Desktop\Bridzzi\src\google\google_search_traffic.py", line 71, in _init_google_usa
    await self.nodriver.start()
  File "C:\Users\user\Desktop\Bridzzi\util\nodriver\nodriver_bot.py", line 202, in start
    self.browser = await uc.start(config=self.config)
                   ^^^^^^^^^^^^^^^^^^^^^^^^^^^^^^^^^^
  File "c:\Users\user\anaconda3\envs\AutoPro\Lib\site-packages\nodriver\core\util.py", line 101, in start
    return await Browser.create(config)
           ^^^^^^^^^^^^^^^^^^^^^^^^^^^^
  File "c:\Users\user\anaconda3\envs\AutoPro\Lib\site-packages\nodriver\core\browser.py", line 95, in create
    await instance.start()
  File "c:\Users\user\anaconda3\envs\AutoPro\Lib\site-packages\nodriver\core\browser.py", line 425, in start
    raise Exception(
Exception: 
                ---------------------
                Failed to connect to browser
                ---------------------
                One of the causes could be when you are running as root.
                In that case you need to pass no_sandbox=True 
                


오류가 발생하였습니다. 확인 부탁드립니다
2025-09-04 15:06:36,405 - ERROR - Traceback (most recent call last):
2025-09-04 15:06:36,406 - ERROR - File "C:\Users\user\Desktop\Bridzzi\src\google\google_search_traffic.py", line 137, in <module>
    uc.loop().run_until_complete(google_view_bot.run())
2025-09-04 15:06:36,406 - ERROR - File "c:\Users\user\anaconda3\envs\AutoPro\Lib\asyncio\base_events.py", line 686, in run_until_complete
    return future.result()
           ^^^^^^^^^^^^^^^
2025-09-04 15:06:36,406 - ERROR - File "C:\Users\user\Desktop\Bridzzi\src\google\google_search_traffic.py", line 96, in run
    await self._init_google_usa()
2025-09-04 15:06:36,406 - ERROR - File "C:\Users\user\Desktop\Bridzzi\src\google\google_search_traffic.py", line 71, in _init_google_usa
    await self.nodriver.start()
2025-09-04 15:06:36,406 - ERROR - File "C:\Users\user\Desktop\Bridzzi\util\nodriver\nodriver_bot.py", line 202, in start
    self.browser = await uc.start(config=self.config)
                   ^^^^^^^^^^^^^^^^^^^^^^^^^^^^^^^^^^
2025-09-04 15:06:36,407 - ERROR - File "c:\Users\user\anaconda3\envs\AutoPro\Lib\site-packages\nodriver\core\util.py", line 101, in start
    return await Browser.create(config)
           ^^^^^^^^^^^^^^^^^^^^^^^^^^^^
2025-09-04 15:06:36,407 - ERROR - File "c:\Users\user\anaconda3\envs\AutoPro\Lib\site-packages\nodriver\core\browser.py", line 95, in create
    await instance.start()
2025-09-04 15:06:36,407 - ERROR - File "c:\Users\user\anaconda3\envs\AutoPro\Lib\site-packages\nodriver\core\browser.py", line 425, in start
    raise Exception(
2025-09-04 15:06:36,407 - ERROR - Exception: 
                ---------------------
                Failed to connect to browser
                ---------------------
                One of the causes could be when you are running as root.
                In that case you need to pass no_sandbox=True
2025-09-04 15:06:36,582 - INFO - ✅ chromedriver 종료 결과: ChromeDriver 종료
2025-09-04 15:06:36,585 - INFO - ✅ Chrome 종료 결과: Chrome 종료
2025-09-04 15:06:37,587 - INFO - ==================================
2025-09-04 15:06:37,587 - INFO - ★ 크롬 브라우저 - 자동 업데이트 ★
2025-09-04 15:06:37,727 - INFO - [현재 크롬 버전] : 140.0.7339.81
2025-09-04 15:06:38,988 - INFO - Chrome 업데이트를 확인하는 중...
2025-09-04 15:06:40,989 - INFO - ==================================
2025-09-04 15:06:40,989 - INFO - Chrome 상태 : Chrome이 최신 버전임
2025-09-04 15:06:40,989 - INFO - -----------------------------
2025-09-04 15:06:40,989 - INFO - ✅ Chrome이 최신 버전입니다. 종료합니다.
2025-09-04 15:06:40,989 - INFO - ==================================
2025-09-04 15:06:41,117 - INFO - ✅ chromedriver 종료 결과: ChromeDriver 종료
2025-09-04 15:06:41,118 - INFO - ✅ Chrome 종료 결과: Chrome 종료
2025-09-04 15:06:42,119 - INFO - ==================================
2025-09-04 15:06:42,211 - INFO - C:\program_cookies 폴더 크기: 0.56 GB
2025-09-04 15:06:42,211 - INFO - random 폴더 초기화 - 'C:\program_cookies\PC_random'에서 폴더 삭제(완료)
2025-09-04 15:06:42,211 - INFO - 쿠키 기록을 남기도록 C:\program_cookies\PC_random 폴더를 지정합니다.
2025-09-04 15:06:42,211 - INFO - fixed UA가 없어서 랜덤으로 PC UA 생성합니다.
2025-09-04 15:06:42,211 - INFO - 랜덤으로 생성된 UA는 Mozilla/5.0 (Windows NT 10.0; Win64; x64) AppleWebKit/537.36 (KHTML, like Gecko) Chrome/136.0.7103.48 Safari/537.36입니다.
2025-09-04 15:06:45,827 - INFO - Stay signed out 버튼이 없습니다 - 'NoneType' object has no attribute 'get_position'
2025-09-04 15:06:49,063 - INFO - 검색 결과 URL: https://www.speedtest.net/
2025-09-04 15:06:49,063 - INFO - 검색 결과 URL: https://www.merriam-webster.com/dictionary/test
2025-09-04 15:06:49,070 - INFO - 검색 결과 URL: https://implicit.harvard.edu/implicit/takeatest.html
2025-09-04 15:06:49,070 - INFO - 검색 결과 URL: https://www.dictionary.com/browse/test
2025-09-04 15:06:49,070 - INFO - 검색 결과 URL: https://englishtest.duolingo.com/applicants
2025-09-04 15:06:49,070 - INFO - 검색 결과 URL: https://zoom.us/test
2025-09-04 15:06:49,070 - INFO - 검색 결과 URL: https://fast.com/
2025-09-04 15:06:49,070 - INFO - 검색 결과 URL: https://dictionary.cambridge.org/us/dictionary/english/test
2025-09-04 15:06:49,070 - INFO - 검색 결과 URL: https://link.springer.com/journal/11749
