2025-09-04 16:02:48,710 - INFO - 시트이름: 대시보드
2025-09-04 16:02:48,711 - INFO - 구글 시트 로드 - 시도중....
2025-09-04 16:02:49,157 - INFO - 구글 시트 로드 - 완료
2025-09-04 16:02:49,467 - INFO - 대시보드 - Success 구글 시트에서 데이터를 성공적으로 가져왔습니다.
2025-09-04 16:02:49,583 - INFO - C:\program_cookies 폴더 크기: 0.58 GB
2025-09-04 16:02:49,584 - INFO - random 폴더 초기화 - 'C:\program_cookies\PC_random'에서 폴더 삭제(완료)
2025-09-04 16:02:49,584 - INFO - 쿠키 기록을 남기도록 C:\program_cookies\PC_random 폴더를 지정합니다.
2025-09-04 16:02:49,585 - INFO - fixed UA가 없어서 랜덤으로 PC UA 생성합니다.
2025-09-04 16:02:49,585 - INFO - 랜덤으로 생성된 UA는 Mozilla/5.0 (Windows NT 10.0; Win64; x64) AppleWebKit/537.36 (KHTML, like Gecko) Chrome/132.0.6805.69 Safari/537.36입니다.
2025-09-04 16:02:53,844 - INFO - Stay signed out 버튼이 없습니다 - 'NoneType' object has no attribute 'get_position'
2025-09-04 16:02:57,460 - ERROR - 1/10번째 [ google_search_traffic.py 프로그램 ] - < Exception 발생 >
~~ 1번째 에러 도달 ~~
Traceback (most recent call last):
  File "C:\Users\user\Desktop\Bridzzi\src\google\google_search_traffic.py", line 164, in <module>
    uc.loop().run_until_complete(google_view_bot.run())
  File "c:\Users\user\anaconda3\envs\AutoPro\Lib\asyncio\base_events.py", line 686, in run_until_complete
    return future.result()
           ^^^^^^^^^^^^^^^
  File "C:\Users\user\Desktop\Bridzzi\src\google\google_search_traffic.py", line 126, in run
    await self._search_keyword(row["검색어"], int(row["페이지"]))
  File "C:\Users\user\Desktop\Bridzzi\src\google\google_search_traffic.py", line 92, in _search_keyword
    await self._go_to_page(page)
  File "C:\Users\user\Desktop\Bridzzi\src\google\google_search_traffic.py", line 98, in _go_to_page
    if await self.nodriver.tab.scroll_bottom_reached():
       ^^^^^^^^^^^^^^^^^^^^^^^^^^^^^^^^^^^^^^^^^^^^^^^
  File "c:\Users\user\anaconda3\envs\AutoPro\Lib\site-packages\nodriver\core\tab.py", line 1806, in scroll_bottom_reached
    return res[0].value
           ~~~^^^
TypeError: 'ExceptionDetails' object is not subscriptable


오류가 발생하였습니다. 확인 부탁드립니다
2025-09-04 16:02:57,461 - ERROR - Traceback (most recent call last):
2025-09-04 16:02:57,461 - ERROR - File "C:\Users\user\Desktop\Bridzzi\src\google\google_search_traffic.py", line 164, in <module>
    uc.loop().run_until_complete(google_view_bot.run())
2025-09-04 16:02:57,461 - ERROR - File "c:\Users\user\anaconda3\envs\AutoPro\Lib\asyncio\base_events.py", line 686, in run_until_complete
    return future.result()
           ^^^^^^^^^^^^^^^
2025-09-04 16:02:57,462 - ERROR - File "C:\Users\user\Desktop\Bridzzi\src\google\google_search_traffic.py", line 126, in run
    await self._search_keyword(row["검색어"], int(row["페이지"]))
2025-09-04 16:02:57,462 - ERROR - File "C:\Users\user\Desktop\Bridzzi\src\google\google_search_traffic.py", line 92, in _search_keyword
    await self._go_to_page(page)
2025-09-04 16:02:57,463 - ERROR - File "C:\Users\user\Desktop\Bridzzi\src\google\google_search_traffic.py", line 98, in _go_to_page
    if await self.nodriver.tab.scroll_bottom_reached():
       ^^^^^^^^^^^^^^^^^^^^^^^^^^^^^^^^^^^^^^^^^^^^^^^
2025-09-04 16:02:57,463 - ERROR - File "c:\Users\user\anaconda3\envs\AutoPro\Lib\site-packages\nodriver\core\tab.py", line 1806, in scroll_bottom_reached
    return res[0].value
           ~~~^^^
2025-09-04 16:02:57,463 - ERROR - TypeError: 'ExceptionDetails' object is not subscriptable
2025-09-04 16:02:57,659 - INFO - ✅ chromedriver 종료 결과: ChromeDriver 종료
2025-09-04 16:02:57,659 - INFO - ✅ Chrome 종료 결과: Chrome 종료
2025-09-04 16:02:58,664 - INFO - ==================================
2025-09-04 16:02:58,664 - INFO - ★ 크롬 브라우저 - 자동 업데이트 ★
2025-09-04 16:02:58,813 - INFO - [현재 크롬 버전] : 140.0.7339.81
2025-09-04 16:03:00,108 - INFO - Chrome 업데이트를 확인하는 중...
