2025-09-04 16:30:45,754 - INFO - 시트이름: 대시보드
2025-09-04 16:30:45,754 - INFO - 구글 시트 로드 - 시도중....
2025-09-04 16:30:46,204 - INFO - 구글 시트 로드 - 완료
2025-09-04 16:30:46,663 - INFO - 대시보드 - Success 구글 시트에서 데이터를 성공적으로 가져왔습니다.
2025-09-04 16:30:46,791 - INFO - C:\program_cookies 폴더 크기: 0.63 GB
2025-09-04 16:30:46,791 - INFO - random 폴더 초기화 - 'C:\program_cookies\PC_random'에서 폴더 삭제(완료)
2025-09-04 16:30:46,791 - INFO - 쿠키 기록을 남기도록 C:\program_cookies\PC_random 폴더를 지정합니다.
2025-09-04 16:30:46,795 - INFO - fixed UA가 없어서 랜덤으로 PC UA 생성합니다.
2025-09-04 16:30:46,795 - INFO - 랜덤으로 생성된 UA는 Mozilla/5.0 (Windows NT 10.0; WOW64; x64) AppleWebKit/537.36 (KHTML, like Gecko) Chrome/132.0.6812.76 Safari/537.36입니다.
2025-09-04 16:30:50,851 - INFO - Stay signed out 버튼이 없습니다 - 'NoneType' object has no attribute 'get_position'
2025-09-04 16:30:50,856 - ERROR - 1/10번째 [ google_search_traffic.py 프로그램 ] - < Exception 발생 >
~~ 1번째 에러 도달 ~~
Traceback (most recent call last):
  File "C:\Users\user\Desktop\Bridzzi\src\google\google_search_traffic.py", line 185, in <module>
    uc.loop().run_until_complete(google_view_bot.run())
  File "c:\Users\user\anaconda3\envs\AutoPro\Lib\asyncio\base_events.py", line 686, in run_until_complete
    return future.result()
           ^^^^^^^^^^^^^^^
  File "C:\Users\user\Desktop\Bridzzi\src\google\google_search_traffic.py", line 147, in run
    await self._search_keyword(row["검색어"], int(row["페이지"]))
          ^^^^^^^^^^^^^^^^^^^^^^^^^^^^^^^^^^^^^^^^^^^^^^^^^^^^^^^
TypeError: GoogleSearchTraffic._search_keyword() takes 2 positional arguments but 3 were given


오류가 발생하였습니다. 확인 부탁드립니다
2025-09-04 16:30:50,856 - ERROR - Traceback (most recent call last):
2025-09-04 16:30:50,856 - ERROR - File "C:\Users\user\Desktop\Bridzzi\src\google\google_search_traffic.py", line 185, in <module>
    uc.loop().run_until_complete(google_view_bot.run())
2025-09-04 16:30:50,856 - ERROR - File "c:\Users\user\anaconda3\envs\AutoPro\Lib\asyncio\base_events.py", line 686, in run_until_complete
    return future.result()
           ^^^^^^^^^^^^^^^
2025-09-04 16:30:50,856 - ERROR - File "C:\Users\user\Desktop\Bridzzi\src\google\google_search_traffic.py", line 147, in run
    await self._search_keyword(row["검색어"], int(row["페이지"]))
          ^^^^^^^^^^^^^^^^^^^^^^^^^^^^^^^^^^^^^^^^^^^^^^^^^^^^^^^
2025-09-04 16:30:50,856 - ERROR - TypeError: GoogleSearchTraffic._search_keyword() takes 2 positional arguments but 3 were given
2025-09-04 16:30:51,021 - INFO - ✅ chromedriver 종료 결과: ChromeDriver 종료
2025-09-04 16:30:51,021 - INFO - ✅ Chrome 종료 결과: Chrome 종료
2025-09-04 16:30:52,024 - INFO - ==================================
2025-09-04 16:30:52,024 - INFO - ★ 크롬 브라우저 - 자동 업데이트 ★
2025-09-04 16:30:52,166 - INFO - [현재 크롬 버전] : 140.0.7339.81
2025-09-04 16:30:53,401 - INFO - Chrome 업데이트를 확인하는 중...
2025-09-04 16:30:55,402 - INFO - ==================================
2025-09-04 16:30:55,402 - INFO - Chrome 상태 : Chrome이 최신 버전임
2025-09-04 16:30:55,402 - INFO - -----------------------------
2025-09-04 16:30:55,402 - INFO - ✅ Chrome이 최신 버전입니다. 종료합니다.
2025-09-04 16:30:55,402 - INFO - ==================================
2025-09-04 16:30:55,537 - INFO - ✅ chromedriver 종료 결과: ChromeDriver 종료
2025-09-04 16:30:55,537 - INFO - ✅ Chrome 종료 결과: Chrome 종료
2025-09-04 16:30:56,538 - INFO - ==================================
2025-09-04 16:30:56,540 - INFO - 시트이름: 대시보드
2025-09-04 16:30:56,540 - INFO - 구글 시트 로드 - 시도중....
2025-09-04 16:30:56,990 - INFO - 구글 시트 로드 - 완료
2025-09-04 16:30:57,440 - INFO - 대시보드 - Success 구글 시트에서 데이터를 성공적으로 가져왔습니다.
2025-09-04 16:30:57,557 - INFO - C:\program_cookies 폴더 크기: 0.63 GB
2025-09-04 16:30:57,557 - INFO - random 폴더 초기화 - 'C:\program_cookies\PC_random'에서 폴더 삭제(완료)
2025-09-04 16:30:57,558 - INFO - 쿠키 기록을 남기도록 C:\program_cookies\PC_random 폴더를 지정합니다.
2025-09-04 16:30:57,558 - INFO - fixed UA가 없어서 랜덤으로 PC UA 생성합니다.
2025-09-04 16:30:57,558 - INFO - 랜덤으로 생성된 UA는 Mozilla/5.0 (Windows NT 10.0; Win64; x64) AppleWebKit/537.36 (KHTML, like Gecko) Chrome/129.0.0.0 Safari/537.36입니다.
2025-09-04 16:31:01,489 - INFO - Stay signed out 버튼이 없습니다 - 'NoneType' object has no attribute 'get_position'
2025-09-04 16:31:01,490 - ERROR - 2/10번째 [ google_search_traffic.py 프로그램 ] - < Exception 발생 >
~~ 2번째 에러 도달 ~~
Traceback (most recent call last):
  File "C:\Users\user\Desktop\Bridzzi\src\google\google_search_traffic.py", line 185, in <module>
    uc.loop().run_until_complete(google_view_bot.run())
  File "c:\Users\user\anaconda3\envs\AutoPro\Lib\asyncio\base_events.py", line 686, in run_until_complete
    return future.result()
           ^^^^^^^^^^^^^^^
  File "C:\Users\user\Desktop\Bridzzi\src\google\google_search_traffic.py", line 147, in run
    await self._search_keyword(row["검색어"], int(row["페이지"]))
          ^^^^^^^^^^^^^^^^^^^^^^^^^^^^^^^^^^^^^^^^^^^^^^^^^^^^^^^
TypeError: GoogleSearchTraffic._search_keyword() takes 2 positional arguments but 3 were given


오류가 발생하였습니다. 확인 부탁드립니다
2025-09-04 16:31:01,490 - ERROR - Traceback (most recent call last):
2025-09-04 16:31:01,490 - ERROR - File "C:\Users\user\Desktop\Bridzzi\src\google\google_search_traffic.py", line 185, in <module>
    uc.loop().run_until_complete(google_view_bot.run())
2025-09-04 16:31:01,490 - ERROR - File "c:\Users\user\anaconda3\envs\AutoPro\Lib\asyncio\base_events.py", line 686, in run_until_complete
    return future.result()
           ^^^^^^^^^^^^^^^
2025-09-04 16:31:01,490 - ERROR - File "C:\Users\user\Desktop\Bridzzi\src\google\google_search_traffic.py", line 147, in run
    await self._search_keyword(row["검색어"], int(row["페이지"]))
          ^^^^^^^^^^^^^^^^^^^^^^^^^^^^^^^^^^^^^^^^^^^^^^^^^^^^^^^
2025-09-04 16:31:01,490 - ERROR - TypeError: GoogleSearchTraffic._search_keyword() takes 2 positional arguments but 3 were given
2025-09-04 16:31:01,490 - INFO - 텔레그램 에러 메시지 : [ google_search_traffic.py 프로그램 ] - < Exception 발생 >
~~ 2번째 에러 도달 ~~
Traceback (most recent call last):
  File "C:\Users\user\Desktop\Bridzzi\src\google\google_search_traffic.py", line 185, in <module>
    uc.loop().run_until_complete(google_view_bot.run())
  File "c:\Users\user\anaconda3\envs\AutoPro\Lib\asyncio\base_events.py", line 686, in run_until_complete
    return future.result()
           ^^^^^^^^^^^^^^^
  File "C:\Users\user\Desktop\Bridzzi\src\google\google_search_traffic.py", line 147, in run
    await self._search_keyword(row["검색어"], int(row["페이지"]))
          ^^^^^^^^^^^^^^^^^^^^^^^^^^^^^^^^^^^^^^^^^^^^^^^^^^^^^^^
TypeError: GoogleSearchTraffic._search_keyword() takes 2 positional arguments but 3 were given
