2025-09-04 16:29:27,709 - INFO - 시트이름: 대시보드
2025-09-04 16:29:27,709 - INFO - 구글 시트 로드 - 시도중....
2025-09-04 16:29:27,983 - INFO - 구글 시트 로드 - 완료
2025-09-04 16:29:28,484 - INFO - 대시보드 - Success 구글 시트에서 데이터를 성공적으로 가져왔습니다.
2025-09-04 16:29:28,582 - INFO - C:\program_cookies 폴더 크기: 0.60 GB
2025-09-04 16:29:28,598 - INFO - random 폴더 초기화 - 'C:\program_cookies\PC_random'에서 폴더 삭제(완료)
2025-09-04 16:29:28,598 - INFO - 쿠키 기록을 남기도록 C:\program_cookies\PC_random 폴더를 지정합니다.
2025-09-04 16:29:28,598 - INFO - fixed UA가 없어서 랜덤으로 PC UA 생성합니다.
2025-09-04 16:29:28,598 - INFO - 랜덤으로 생성된 UA는 Mozilla/5.0 (Windows NT 10.0; Win64; x64) AppleWebKit/537.36 (KHTML, like Gecko) Chrome/136.0.7103.48 Safari/537.36입니다.
2025-09-04 16:29:32,793 - INFO - Stay signed out 버튼이 없습니다 - 'NoneType' object has no attribute 'get_position'
2025-09-04 16:29:32,796 - ERROR - 1/10번째 [ google_search_traffic.py 프로그램 ] - < Exception 발생 >
~~ 1번째 에러 도달 ~~
Traceback (most recent call last):
  File "C:\Users\user\Desktop\Bridzzi\src\google\google_search_traffic.py", line 185, in <module>
    uc.loop().run_until_complete(google_view_bot.run())
  File "c:\Users\user\anaconda3\envs\AutoPro\Lib\asyncio\base_events.py", line 686, in run_until_complete
    return future.result()
           ^^^^^^^^^^^^^^^
  File "C:\Users\user\Desktop\Bridzzi\src\google\google_search_traffic.py", line 147, in run
    await self._search_keyword(row["검색어"], int(row["페이지"]))
          ^^^^^^^^^^^^^^^^^^^^^^^^^^^^^^^^^^^^^^^^^^^^^^^^^^^^^^^
TypeError: GoogleSearchTraffic._search_keyword() takes 2 positional arguments but 3 were given


오류가 발생하였습니다. 확인 부탁드립니다
2025-09-04 16:29:32,796 - ERROR - Traceback (most recent call last):
2025-09-04 16:29:32,796 - ERROR - File "C:\Users\user\Desktop\Bridzzi\src\google\google_search_traffic.py", line 185, in <module>
    uc.loop().run_until_complete(google_view_bot.run())
2025-09-04 16:29:32,796 - ERROR - File "c:\Users\user\anaconda3\envs\AutoPro\Lib\asyncio\base_events.py", line 686, in run_until_complete
    return future.result()
           ^^^^^^^^^^^^^^^
2025-09-04 16:29:32,796 - ERROR - File "C:\Users\user\Desktop\Bridzzi\src\google\google_search_traffic.py", line 147, in run
    await self._search_keyword(row["검색어"], int(row["페이지"]))
          ^^^^^^^^^^^^^^^^^^^^^^^^^^^^^^^^^^^^^^^^^^^^^^^^^^^^^^^
2025-09-04 16:29:32,796 - ERROR - TypeError: GoogleSearchTraffic._search_keyword() takes 2 positional arguments but 3 were given
2025-09-04 16:29:32,986 - INFO - ✅ chromedriver 종료 결과: ChromeDriver 종료
2025-09-04 16:29:32,986 - INFO - ✅ Chrome 종료 결과: Chrome 종료
2025-09-04 16:29:33,988 - INFO - ==================================
2025-09-04 16:29:33,988 - INFO - ★ 크롬 브라우저 - 자동 업데이트 ★
2025-09-04 16:29:34,139 - INFO - [현재 크롬 버전] : 140.0.7339.81
2025-09-04 16:29:35,412 - INFO - Chrome 업데이트를 확인하는 중...
2025-09-04 16:29:37,414 - INFO - ==================================
2025-09-04 16:29:37,414 - INFO - Chrome 상태 : Chrome이 최신 버전임
2025-09-04 16:29:37,414 - INFO - -----------------------------
2025-09-04 16:29:37,414 - INFO - ✅ Chrome이 최신 버전입니다. 종료합니다.
2025-09-04 16:29:37,414 - INFO - ==================================
2025-09-04 16:29:37,554 - INFO - ✅ chromedriver 종료 결과: ChromeDriver 종료
2025-09-04 16:29:37,554 - INFO - ✅ Chrome 종료 결과: Chrome 종료
2025-09-04 16:29:38,556 - INFO - ==================================
2025-09-04 16:29:38,556 - INFO - 시트이름: 대시보드
2025-09-04 16:29:38,556 - INFO - 구글 시트 로드 - 시도중....
2025-09-04 16:29:39,111 - INFO - 구글 시트 로드 - 완료
2025-09-04 16:29:39,403 - INFO - 대시보드 - Success 구글 시트에서 데이터를 성공적으로 가져왔습니다.
2025-09-04 16:29:39,524 - INFO - C:\program_cookies 폴더 크기: 0.61 GB
2025-09-04 16:29:39,524 - INFO - random 폴더 초기화 - 'C:\program_cookies\PC_random'에서 폴더 삭제(완료)
2025-09-04 16:29:39,524 - INFO - 쿠키 기록을 남기도록 C:\program_cookies\PC_random 폴더를 지정합니다.
2025-09-04 16:29:39,524 - INFO - fixed UA가 없어서 랜덤으로 PC UA 생성합니다.
2025-09-04 16:29:39,524 - INFO - 랜덤으로 생성된 UA는 Mozilla/5.0 (Windows NT 10.0; Win64; x64) AppleWebKit/537.36 (KHTML, like Gecko) Chrome/133.0.6831.68 Safari/537.36입니다.
2025-09-04 16:29:43,654 - INFO - Stay signed out 버튼이 없습니다 - 'NoneType' object has no attribute 'get_position'
2025-09-04 16:29:43,658 - ERROR - 2/10번째 [ google_search_traffic.py 프로그램 ] - < Exception 발생 >
~~ 2번째 에러 도달 ~~
Traceback (most recent call last):
  File "C:\Users\user\Desktop\Bridzzi\src\google\google_search_traffic.py", line 185, in <module>
    uc.loop().run_until_complete(google_view_bot.run())
  File "c:\Users\user\anaconda3\envs\AutoPro\Lib\asyncio\base_events.py", line 686, in run_until_complete
    return future.result()
           ^^^^^^^^^^^^^^^
  File "C:\Users\user\Desktop\Bridzzi\src\google\google_search_traffic.py", line 147, in run
    await self._search_keyword(row["검색어"], int(row["페이지"]))
          ^^^^^^^^^^^^^^^^^^^^^^^^^^^^^^^^^^^^^^^^^^^^^^^^^^^^^^^
TypeError: GoogleSearchTraffic._search_keyword() takes 2 positional arguments but 3 were given


오류가 발생하였습니다. 확인 부탁드립니다
2025-09-04 16:29:43,659 - ERROR - Traceback (most recent call last):
2025-09-04 16:29:43,659 - ERROR - File "C:\Users\user\Desktop\Bridzzi\src\google\google_search_traffic.py", line 185, in <module>
    uc.loop().run_until_complete(google_view_bot.run())
2025-09-04 16:29:43,659 - ERROR - File "c:\Users\user\anaconda3\envs\AutoPro\Lib\asyncio\base_events.py", line 686, in run_until_complete
    return future.result()
           ^^^^^^^^^^^^^^^
2025-09-04 16:29:43,659 - ERROR - File "C:\Users\user\Desktop\Bridzzi\src\google\google_search_traffic.py", line 147, in run
    await self._search_keyword(row["검색어"], int(row["페이지"]))
          ^^^^^^^^^^^^^^^^^^^^^^^^^^^^^^^^^^^^^^^^^^^^^^^^^^^^^^^
2025-09-04 16:29:43,659 - ERROR - TypeError: GoogleSearchTraffic._search_keyword() takes 2 positional arguments but 3 were given
2025-09-04 16:29:43,659 - INFO - 텔레그램 에러 메시지 : [ google_search_traffic.py 프로그램 ] - < Exception 발생 >
~~ 2번째 에러 도달 ~~
Traceback (most recent call last):
  File "C:\Users\user\Desktop\Bridzzi\src\google\google_search_traffic.py", line 185, in <module>
    uc.loop().run_until_complete(google_view_bot.run())
  File "c:\Users\user\anaconda3\envs\AutoPro\Lib\asyncio\base_events.py", line 686, in run_until_complete
    return future.result()
           ^^^^^^^^^^^^^^^
  File "C:\Users\user\Desktop\Bridzzi\src\google\google_search_traffic.py", line 147, in run
    await self._search_keyword(row["검색어"], int(row["페이지"]))
          ^^^^^^^^^^^^^^^^^^^^^^^^^^^^^^^^^^^^^^^^^^^^^^^^^^^^^^^
TypeError: GoogleSearchTraffic._search_keyword() takes 2 positional arguments but 3 were given
2025-09-04 16:29:44,936 - INFO - ✅ chromedriver 종료 결과: ChromeDriver 종료
2025-09-04 16:29:44,936 - INFO - ✅ Chrome 종료 결과: Chrome 종료
2025-09-04 16:29:45,937 - INFO - ==================================
2025-09-04 16:29:45,937 - INFO - ★ 크롬 브라우저 - 자동 업데이트 ★
2025-09-04 16:29:46,078 - INFO - [현재 크롬 버전] : 140.0.7339.81
2025-09-04 16:29:47,350 - INFO - Chrome 업데이트를 확인하는 중...
2025-09-04 16:29:49,351 - INFO - ==================================
2025-09-04 16:29:49,351 - INFO - Chrome 상태 : Chrome이 최신 버전임
2025-09-04 16:29:49,351 - INFO - -----------------------------
2025-09-04 16:29:49,351 - INFO - ✅ Chrome이 최신 버전입니다. 종료합니다.
2025-09-04 16:29:49,351 - INFO - ==================================
2025-09-04 16:29:49,487 - INFO - ✅ chromedriver 종료 결과: ChromeDriver 종료
2025-09-04 16:29:49,487 - INFO - ✅ Chrome 종료 결과: Chrome 종료
2025-09-04 16:29:50,488 - INFO - ==================================
2025-09-04 16:29:50,490 - INFO - 시트이름: 대시보드
2025-09-04 16:29:50,490 - INFO - 구글 시트 로드 - 시도중....
2025-09-04 16:29:51,088 - INFO - 구글 시트 로드 - 완료
2025-09-04 16:29:51,384 - INFO - 대시보드 - Success 구글 시트에서 데이터를 성공적으로 가져왔습니다.
2025-09-04 16:29:51,494 - INFO - C:\program_cookies 폴더 크기: 0.62 GB
2025-09-04 16:29:51,495 - INFO - random 폴더 초기화 - 'C:\program_cookies\PC_random'에서 폴더 삭제(완료)
2025-09-04 16:29:51,495 - INFO - 쿠키 기록을 남기도록 C:\program_cookies\PC_random 폴더를 지정합니다.
2025-09-04 16:29:51,495 - INFO - fixed UA가 없어서 랜덤으로 PC UA 생성합니다.
2025-09-04 16:29:51,495 - INFO - 랜덤으로 생성된 UA는 Mozilla/5.0 (Windows NT 10.0; Win64; x64) AppleWebKit/537.36 (KHTML, like Gecko) Chrome/131.0.6780.64 Safari/537.36입니다.
2025-09-04 16:29:56,173 - INFO - Stay signed out 버튼이 없습니다 - 'NoneType' object has no attribute 'get_position'
2025-09-04 16:29:56,173 - ERROR - 3/10번째 [ google_search_traffic.py 프로그램 ] - < Exception 발생 >
~~ 3번째 에러 도달 ~~
Traceback (most recent call last):
  File "C:\Users\user\Desktop\Bridzzi\src\google\google_search_traffic.py", line 185, in <module>
    uc.loop().run_until_complete(google_view_bot.run())
  File "c:\Users\user\anaconda3\envs\AutoPro\Lib\asyncio\base_events.py", line 686, in run_until_complete
    return future.result()
           ^^^^^^^^^^^^^^^
  File "C:\Users\user\Desktop\Bridzzi\src\google\google_search_traffic.py", line 147, in run
    await self._search_keyword(row["검색어"], int(row["페이지"]))
          ^^^^^^^^^^^^^^^^^^^^^^^^^^^^^^^^^^^^^^^^^^^^^^^^^^^^^^^
TypeError: GoogleSearchTraffic._search_keyword() takes 2 positional arguments but 3 were given


오류가 발생하였습니다. 확인 부탁드립니다
2025-09-04 16:29:56,173 - ERROR - Traceback (most recent call last):
2025-09-04 16:29:56,173 - ERROR - File "C:\Users\user\Desktop\Bridzzi\src\google\google_search_traffic.py", line 185, in <module>
    uc.loop().run_until_complete(google_view_bot.run())
2025-09-04 16:29:56,173 - ERROR - File "c:\Users\user\anaconda3\envs\AutoPro\Lib\asyncio\base_events.py", line 686, in run_until_complete
    return future.result()
           ^^^^^^^^^^^^^^^
2025-09-04 16:29:56,173 - ERROR - File "C:\Users\user\Desktop\Bridzzi\src\google\google_search_traffic.py", line 147, in run
    await self._search_keyword(row["검색어"], int(row["페이지"]))
          ^^^^^^^^^^^^^^^^^^^^^^^^^^^^^^^^^^^^^^^^^^^^^^^^^^^^^^^
2025-09-04 16:29:56,173 - ERROR - TypeError: GoogleSearchTraffic._search_keyword() takes 2 positional arguments but 3 were given
2025-09-04 16:29:56,173 - INFO - 텔레그램 에러 메시지 : [ google_search_traffic.py 프로그램 ] - < Exception 발생 >
~~ 3번째 에러 도달 ~~
Traceback (most recent call last):
  File "C:\Users\user\Desktop\Bridzzi\src\google\google_search_traffic.py", line 185, in <module>
    uc.loop().run_until_complete(google_view_bot.run())
  File "c:\Users\user\anaconda3\envs\AutoPro\Lib\asyncio\base_events.py", line 686, in run_until_complete
    return future.result()
           ^^^^^^^^^^^^^^^
  File "C:\Users\user\Desktop\Bridzzi\src\google\google_search_traffic.py", line 147, in run
    await self._search_keyword(row["검색어"], int(row["페이지"]))
          ^^^^^^^^^^^^^^^^^^^^^^^^^^^^^^^^^^^^^^^^^^^^^^^^^^^^^^^
TypeError: GoogleSearchTraffic._search_keyword() takes 2 positional arguments but 3 were given
2025-09-04 16:29:57,278 - INFO - ✅ chromedriver 종료 결과: ChromeDriver 종료
2025-09-04 16:29:57,278 - INFO - ✅ Chrome 종료 결과: Chrome 종료
2025-09-04 16:29:58,279 - INFO - ==================================
2025-09-04 16:29:58,279 - INFO - ★ 크롬 브라우저 - 자동 업데이트 ★
2025-09-04 16:29:58,427 - INFO - [현재 크롬 버전] : 140.0.7339.81
2025-09-04 16:29:59,669 - INFO - Chrome 업데이트를 확인하는 중...
