2025-08-12 13:14:01,919 - INFO - 이미지 다운로드 - 시작
2025-08-12 13:14:01,919 - INFO - -----------------------------
2025-08-12 13:14:01,919 - INFO - 프롬프트 텍스트 파일 경로: C:\image_downloader\image_prompt.txt
2025-08-12 13:14:01,919 - INFO - 텍스트 파일 각 행마다 몇 개의 이미지를 생성할까요?
2025-08-12 13:14:01,919 - INFO - 이미지 생성할 횟수를 입력하세요 (1~10):
2025-08-12 13:14:20,189 - INFO - C:\program_cookies 폴더 크기: 1.31 GB
2025-08-12 13:14:20,258 - INFO - random 폴더 초기화 - 'C:\program_cookies\PC_random'에서 폴더 삭제(완료)
2025-08-12 13:14:20,258 - INFO - 쿠키 기록을 남기도록 C:\program_cookies\PC_random 폴더를 지정합니다.
2025-08-12 13:14:20,259 - INFO - PC랜덤화면 크기를 불러옵니다.
2025-08-12 13:14:20,259 - INFO - fixed UA가 없어서 랜덤으로 PC UA 생성합니다.
2025-08-12 13:14:20,259 - INFO - 랜덤으로 생성된 UA는 Mozilla/5.0 (Windows NT 10.0; WOW64; x64) AppleWebKit/537.36 (KHTML, like Gecko) Chrome/132.0.6812.76 Safari/537.36입니다.
2025-08-12 13:14:20,259 - INFO - 쿠기를 불러옵니다 쿠키가 없으면 cookies 폴더 안에 새로 생성합니다.
2025-08-12 13:14:23,757 - INFO - ==================================
2025-08-12 13:14:23,757 - INFO - devicemetrics를 override 합니다..
2025-08-12 13:14:23,762 - INFO - geo 정보를 랜덤으로 변경합니다..
2025-08-12 13:14:23,762 - INFO - FIXED gps 정보가 없어서 랜덤으로 생성합니다
2025-08-12 13:14:23,763 - INFO - RANDOM gps 정보는 {'latitude': 37.55304777647812, 'longitude': 126.92406908062381, 'accuracy': 100} 입니다.
2025-08-12 13:14:23,769 - INFO - 모든 변경이 완료되었습니다...
2025-08-12 13:14:23,769 - INFO - ~~~~~~~~~~
2025-08-12 13:14:23,769 - INFO - -----------------------------
2025-08-12 13:14:39,286 - INFO - > reCAPTCHA가 감지되지 않음, 비밀번호 입력 단계로 진행
2025-08-12 13:15:16,508 - INFO - 구글 로그인 완료
2025-08-12 13:15:21,131 - INFO - 팝업 닫기 버튼 클릭
2025-08-12 13:15:33,467 - INFO - 1번째 행 처리 시작
2025-08-12 13:15:33,467 - INFO - 입력창 클릭
2025-08-12 13:15:45,348 - INFO - 프롬프트 입력
2025-08-12 13:15:46,305 - INFO - 생성 1/5 시작
2025-08-12 13:15:46,309 - INFO - 이미지 생성 중... (4~6초 대기)
2025-08-12 13:15:51,672 - INFO - 생성 2/5 시작
2025-08-12 13:15:51,677 - INFO - 이미지 생성 중... (4~6초 대기)
2025-08-12 13:15:55,885 - INFO - 생성 3/5 시작
2025-08-12 13:15:55,889 - INFO - 이미지 생성 중... (4~6초 대기)
2025-08-12 13:16:01,782 - INFO - 생성 4/5 시작
2025-08-12 13:16:01,786 - INFO - 이미지 생성 중... (4~6초 대기)
2025-08-12 13:16:06,203 - INFO - 생성 5/5 시작
2025-08-12 13:16:06,207 - INFO - 이미지 생성 중... (4~6초 대기)
2025-08-12 13:16:14,504 - INFO - 2번째 행 처리 시작
2025-08-12 13:16:14,504 - INFO - 입력창 클릭
2025-08-12 13:16:16,545 - INFO - 프롬프트 입력
2025-08-12 13:16:18,008 - INFO - 생성 1/5 시작
2025-08-12 13:16:18,041 - INFO - 이미지 생성 중... (4~6초 대기)
2025-08-12 13:16:22,802 - INFO - 생성 2/5 시작
2025-08-12 13:16:22,838 - INFO - 이미지 생성 중... (4~6초 대기)
2025-08-12 13:16:28,092 - INFO - 이미지 다운로드 가능
2025-08-12 13:16:29,098 - INFO - 이미지 다운로드 가능
2025-08-12 13:16:30,106 - INFO - 이미지 다운로드 가능
2025-08-12 13:16:31,113 - INFO - 이미지 다운로드 가능
2025-08-12 13:16:33,909 - INFO - 이미지 다운로드 - 가능
2025-08-12 13:16:35,569 - INFO - 이미지 다운로드 - 가능
2025-08-12 13:16:37,265 - INFO - 이미지 다운로드 - 가능
2025-08-12 13:16:39,142 - INFO - 이미지 다운로드 - 가능
2025-08-12 13:16:39,151 - INFO - 생성 3/5 시작
2025-08-12 13:16:39,192 - INFO - 이미지 생성 중... (4~6초 대기)
2025-08-12 13:16:45,140 - INFO - 생성 4/5 시작
2025-08-12 13:16:45,181 - INFO - 이미지 생성 중... (4~6초 대기)
2025-08-12 13:16:52,876 - INFO - 이미지 다운로드 - 가능
2025-08-12 13:16:54,721 - INFO - 이미지 다운로드 - 가능
2025-08-12 13:16:54,735 - INFO - 이미지 다운로드 가능
2025-08-12 13:16:57,265 - INFO - 이미지 다운로드 - 가능
2025-08-12 13:16:58,967 - INFO - 이미지 다운로드 - 가능
2025-08-12 13:16:58,975 - INFO - 생성 5/5 시작
2025-08-12 13:16:59,023 - INFO - 이미지 생성 중... (4~6초 대기)
2025-08-12 13:17:04,685 - INFO - 이미지 다운로드 가능
2025-08-12 13:17:05,693 - INFO - 이미지 다운로드 가능
2025-08-12 13:17:06,700 - INFO - 이미지 다운로드 가능
2025-08-12 13:17:09,501 - INFO - 이미지 다운로드 - 가능
2025-08-12 13:17:09,527 - INFO - 이미지 다운로드 가능
2025-08-12 13:17:12,310 - INFO - 이미지 다운로드 - 가능
2025-08-12 13:17:15,370 - ERROR - c:\Users\user\anaconda3\envs\AutoPro\Lib\site-packages\selenium\webdriver\remote\webelement.py:509: UserWarning: name used for saved screenshot does not match file type. It should end with a `.png` extension
  warnings.warn(
2025-08-12 13:17:15,730 - INFO - 이미지 다운로드 - 완료: C:\image_downloader\1.jpg
2025-08-12 13:17:15,747 - INFO - 원래 탭으로 복귀 완료
2025-08-12 13:17:20,027 - ERROR - c:\Users\user\anaconda3\envs\AutoPro\Lib\site-packages\selenium\webdriver\remote\webelement.py:509: UserWarning: name used for saved screenshot does not match file type. It should end with a `.png` extension
  warnings.warn(
2025-08-12 13:17:20,406 - INFO - 이미지 다운로드 - 완료: C:\image_downloader\2.jpg
2025-08-12 13:17:20,463 - INFO - 원래 탭으로 복귀 완료
2025-08-12 13:17:24,812 - ERROR - c:\Users\user\anaconda3\envs\AutoPro\Lib\site-packages\selenium\webdriver\remote\webelement.py:509: UserWarning: name used for saved screenshot does not match file type. It should end with a `.png` extension
  warnings.warn(
2025-08-12 13:17:25,159 - INFO - 이미지 다운로드 - 완료: C:\image_downloader\3.jpg
2025-08-12 13:17:25,175 - INFO - 원래 탭으로 복귀 완료
2025-08-12 13:17:29,340 - ERROR - c:\Users\user\anaconda3\envs\AutoPro\Lib\site-packages\selenium\webdriver\remote\webelement.py:509: UserWarning: name used for saved screenshot does not match file type. It should end with a `.png` extension
  warnings.warn(
2025-08-12 13:17:29,704 - INFO - 이미지 다운로드 - 완료: C:\image_downloader\4.jpg
2025-08-12 13:17:29,720 - INFO - 원래 탭으로 복귀 완료
2025-08-12 13:17:33,812 - ERROR - c:\Users\user\anaconda3\envs\AutoPro\Lib\site-packages\selenium\webdriver\remote\webelement.py:509: UserWarning: name used for saved screenshot does not match file type. It should end with a `.png` extension
  warnings.warn(
2025-08-12 13:17:34,182 - INFO - 이미지 다운로드 - 완료: C:\image_downloader\5.jpg
2025-08-12 13:17:34,199 - INFO - 원래 탭으로 복귀 완료
2025-08-12 13:17:38,340 - ERROR - c:\Users\user\anaconda3\envs\AutoPro\Lib\site-packages\selenium\webdriver\remote\webelement.py:509: UserWarning: name used for saved screenshot does not match file type. It should end with a `.png` extension
  warnings.warn(
2025-08-12 13:17:38,704 - INFO - 이미지 다운로드 - 완료: C:\image_downloader\6.jpg
2025-08-12 13:17:38,774 - INFO - 원래 탭으로 복귀 완료
2025-08-12 13:17:43,057 - ERROR - c:\Users\user\anaconda3\envs\AutoPro\Lib\site-packages\selenium\webdriver\remote\webelement.py:509: UserWarning: name used for saved screenshot does not match file type. It should end with a `.png` extension
  warnings.warn(
2025-08-12 13:17:43,440 - INFO - 이미지 다운로드 - 완료: C:\image_downloader\7.jpg
2025-08-12 13:17:43,459 - INFO - 원래 탭으로 복귀 완료
2025-08-12 13:17:47,584 - ERROR - c:\Users\user\anaconda3\envs\AutoPro\Lib\site-packages\selenium\webdriver\remote\webelement.py:509: UserWarning: name used for saved screenshot does not match file type. It should end with a `.png` extension
  warnings.warn(
2025-08-12 13:17:47,946 - INFO - 이미지 다운로드 - 완료: C:\image_downloader\8.jpg
2025-08-12 13:17:48,001 - INFO - 원래 탭으로 복귀 완료
2025-08-12 13:17:52,432 - ERROR - c:\Users\user\anaconda3\envs\AutoPro\Lib\site-packages\selenium\webdriver\remote\webelement.py:509: UserWarning: name used for saved screenshot does not match file type. It should end with a `.png` extension
  warnings.warn(
2025-08-12 13:17:52,795 - INFO - 이미지 다운로드 - 완료: C:\image_downloader\9.jpg
2025-08-12 13:17:52,814 - INFO - 원래 탭으로 복귀 완료
2025-08-12 13:17:57,307 - ERROR - c:\Users\user\anaconda3\envs\AutoPro\Lib\site-packages\selenium\webdriver\remote\webelement.py:509: UserWarning: name used for saved screenshot does not match file type. It should end with a `.png` extension
  warnings.warn(
2025-08-12 13:17:57,689 - INFO - 이미지 다운로드 - 완료: C:\image_downloader\10.jpg
2025-08-12 13:17:57,706 - INFO - 원래 탭으로 복귀 완료
2025-08-12 13:18:01,745 - INFO - 3번째 행 처리 시작
2025-08-12 13:18:01,745 - INFO - 입력창 클릭
2025-08-12 13:18:04,158 - INFO - 프롬프트 입력
2025-08-12 13:18:05,410 - INFO - 생성 1/5 시작
2025-08-12 13:18:05,431 - INFO - 이미지 생성 중... (4~6초 대기)
2025-08-12 13:18:11,375 - INFO - 생성 2/5 시작
2025-08-12 13:18:11,406 - INFO - 이미지 생성 중... (4~6초 대기)
2025-08-12 13:18:19,035 - INFO - 이미지 다운로드 - 가능
2025-08-12 13:18:21,045 - INFO - 이미지 다운로드 - 가능
2025-08-12 13:18:22,853 - INFO - 이미지 다운로드 - 가능
2025-08-12 13:18:22,870 - INFO - 이미지 다운로드 가능
2025-08-12 13:18:25,524 - INFO - 이미지 다운로드 - 가능
2025-08-12 13:18:25,534 - INFO - 생성 3/5 시작
2025-08-12 13:18:25,569 - INFO - 이미지 생성 중... (4~6초 대기)
2025-08-12 13:18:30,380 - INFO - 생성 4/5 시작
2025-08-12 13:18:30,413 - INFO - 이미지 생성 중... (4~6초 대기)
2025-08-12 13:18:37,741 - INFO - 이미지 다운로드 - 가능
2025-08-12 13:18:39,664 - INFO - 이미지 다운로드 - 가능
2025-08-12 13:18:39,678 - INFO - 이미지 다운로드 가능
2025-08-12 13:18:42,386 - INFO - 이미지 다운로드 - 가능
2025-08-12 13:18:44,125 - INFO - 이미지 다운로드 - 가능
2025-08-12 13:18:44,133 - INFO - 생성 5/5 시작
2025-08-12 13:18:44,167 - INFO - 이미지 생성 중... (4~6초 대기)
2025-08-12 13:18:50,156 - INFO - 이미지 다운로드 가능
2025-08-12 13:18:51,174 - INFO - 이미지 다운로드 가능
2025-08-12 13:18:52,182 - INFO - 이미지 다운로드 가능
2025-08-12 13:18:55,129 - INFO - 이미지 다운로드 - 가능
2025-08-12 13:18:56,674 - INFO - 이미지 다운로드 - 가능
2025-08-12 13:18:59,733 - ERROR - c:\Users\user\anaconda3\envs\AutoPro\Lib\site-packages\selenium\webdriver\remote\webelement.py:509: UserWarning: name used for saved screenshot does not match file type. It should end with a `.png` extension
  warnings.warn(
2025-08-12 13:19:00,100 - INFO - 이미지 다운로드 - 완료: C:\image_downloader\11.jpg
2025-08-12 13:19:00,168 - INFO - 원래 탭으로 복귀 완료
2025-08-12 13:19:04,345 - ERROR - c:\Users\user\anaconda3\envs\AutoPro\Lib\site-packages\selenium\webdriver\remote\webelement.py:509: UserWarning: name used for saved screenshot does not match file type. It should end with a `.png` extension
  warnings.warn(
2025-08-12 13:19:04,684 - INFO - 이미지 다운로드 - 완료: C:\image_downloader\12.jpg
2025-08-12 13:19:04,752 - INFO - 원래 탭으로 복귀 완료
2025-08-12 13:19:09,099 - ERROR - c:\Users\user\anaconda3\envs\AutoPro\Lib\site-packages\selenium\webdriver\remote\webelement.py:509: UserWarning: name used for saved screenshot does not match file type. It should end with a `.png` extension
  warnings.warn(
2025-08-12 13:19:09,443 - INFO - 이미지 다운로드 - 완료: C:\image_downloader\13.jpg
2025-08-12 13:19:09,462 - INFO - 원래 탭으로 복귀 완료
2025-08-12 13:19:13,848 - ERROR - c:\Users\user\anaconda3\envs\AutoPro\Lib\site-packages\selenium\webdriver\remote\webelement.py:509: UserWarning: name used for saved screenshot does not match file type. It should end with a `.png` extension
  warnings.warn(
2025-08-12 13:19:14,168 - INFO - 이미지 다운로드 - 완료: C:\image_downloader\14.jpg
2025-08-12 13:19:14,229 - INFO - 원래 탭으로 복귀 완료
2025-08-12 13:19:18,681 - ERROR - c:\Users\user\anaconda3\envs\AutoPro\Lib\site-packages\selenium\webdriver\remote\webelement.py:509: UserWarning: name used for saved screenshot does not match file type. It should end with a `.png` extension
  warnings.warn(
2025-08-12 13:19:19,019 - INFO - 이미지 다운로드 - 완료: C:\image_downloader\15.jpg
2025-08-12 13:19:19,041 - INFO - 원래 탭으로 복귀 완료
2025-08-12 13:19:23,418 - ERROR - c:\Users\user\anaconda3\envs\AutoPro\Lib\site-packages\selenium\webdriver\remote\webelement.py:509: UserWarning: name used for saved screenshot does not match file type. It should end with a `.png` extension
  warnings.warn(
2025-08-12 13:19:23,737 - INFO - 이미지 다운로드 - 완료: C:\image_downloader\16.jpg
2025-08-12 13:19:23,764 - INFO - 원래 탭으로 복귀 완료
2025-08-12 13:19:28,128 - ERROR - c:\Users\user\anaconda3\envs\AutoPro\Lib\site-packages\selenium\webdriver\remote\webelement.py:509: UserWarning: name used for saved screenshot does not match file type. It should end with a `.png` extension
  warnings.warn(
2025-08-12 13:19:28,470 - INFO - 이미지 다운로드 - 완료: C:\image_downloader\17.jpg
2025-08-12 13:19:28,539 - INFO - 원래 탭으로 복귀 완료
2025-08-12 13:19:32,762 - ERROR - c:\Users\user\anaconda3\envs\AutoPro\Lib\site-packages\selenium\webdriver\remote\webelement.py:509: UserWarning: name used for saved screenshot does not match file type. It should end with a `.png` extension
  warnings.warn(
2025-08-12 13:19:33,098 - INFO - 이미지 다운로드 - 완료: C:\image_downloader\18.jpg
2025-08-12 13:19:33,116 - INFO - 원래 탭으로 복귀 완료
2025-08-12 13:19:37,603 - ERROR - c:\Users\user\anaconda3\envs\AutoPro\Lib\site-packages\selenium\webdriver\remote\webelement.py:509: UserWarning: name used for saved screenshot does not match file type. It should end with a `.png` extension
  warnings.warn(
2025-08-12 13:19:37,906 - INFO - 이미지 다운로드 - 완료: C:\image_downloader\19.jpg
2025-08-12 13:19:37,983 - INFO - 원래 탭으로 복귀 완료
2025-08-12 13:19:42,316 - ERROR - c:\Users\user\anaconda3\envs\AutoPro\Lib\site-packages\selenium\webdriver\remote\webelement.py:509: UserWarning: name used for saved screenshot does not match file type. It should end with a `.png` extension
  warnings.warn(
2025-08-12 13:19:42,635 - INFO - 이미지 다운로드 - 완료: C:\image_downloader\20.jpg
2025-08-12 13:19:42,655 - INFO - 원래 탭으로 복귀 완료
2025-08-12 13:19:46,938 - INFO - 4번째 행 처리 시작
2025-08-12 13:19:46,938 - INFO - 입력창 클릭
2025-08-12 13:19:49,081 - INFO - 프롬프트 입력
2025-08-12 13:19:50,400 - INFO - 생성 1/5 시작
2025-08-12 13:19:50,418 - INFO - 이미지 생성 중... (4~6초 대기)
2025-08-12 13:19:55,826 - INFO - 생성 2/5 시작
2025-08-12 13:19:55,855 - INFO - 이미지 생성 중... (4~6초 대기)
2025-08-12 13:20:02,534 - INFO - 이미지 다운로드 - 가능
2025-08-12 13:20:04,174 - INFO - 이미지 다운로드 - 가능
2025-08-12 13:20:05,919 - INFO - 이미지 다운로드 - 가능
2025-08-12 13:20:07,895 - INFO - 이미지 다운로드 - 가능
2025-08-12 13:20:07,895 - INFO - 생성 3/5 시작
2025-08-12 13:20:07,938 - INFO - 이미지 생성 중... (4~6초 대기)
2025-08-12 13:20:12,614 - INFO - 생성 4/5 시작
2025-08-12 13:20:12,648 - INFO - 이미지 생성 중... (4~6초 대기)
2025-08-12 13:20:18,622 - INFO - 이미지 다운로드 - 가능
2025-08-12 13:20:18,637 - INFO - 이미지 다운로드 가능
2025-08-12 13:20:21,554 - INFO - 이미지 다운로드 - 가능
2025-08-12 13:20:21,580 - INFO - 이미지 다운로드 가능
2025-08-12 13:20:22,588 - INFO - 이미지 다운로드 가능
2025-08-12 13:20:23,597 - INFO - 이미지 다운로드 가능
2025-08-12 13:20:24,605 - INFO - 이미지 다운로드 가능
2025-08-12 13:20:27,548 - INFO - 이미지 다운로드 - 가능
2025-08-12 13:20:29,120 - INFO - 이미지 다운로드 - 가능
2025-08-12 13:20:29,129 - INFO - 생성 5/5 시작
2025-08-12 13:20:29,164 - INFO - 이미지 생성 중... (4~6초 대기)
2025-08-12 13:20:34,290 - INFO - 이미지 다운로드 가능
2025-08-12 13:20:35,308 - INFO - 이미지 다운로드 가능
2025-08-12 13:20:36,310 - INFO - 이미지 다운로드 가능
2025-08-12 13:20:37,324 - INFO - 이미지 다운로드 가능
2025-08-12 13:20:40,121 - INFO - 이미지 다운로드 - 가능
2025-08-12 13:20:42,062 - INFO - 이미지 다운로드 - 가능
2025-08-12 13:20:45,115 - ERROR - c:\Users\user\anaconda3\envs\AutoPro\Lib\site-packages\selenium\webdriver\remote\webelement.py:509: UserWarning: name used for saved screenshot does not match file type. It should end with a `.png` extension
  warnings.warn(
2025-08-12 13:20:45,477 - INFO - 이미지 다운로드 - 완료: C:\image_downloader\21.jpg
2025-08-12 13:20:45,497 - INFO - 원래 탭으로 복귀 완료
2025-08-12 13:20:49,934 - ERROR - c:\Users\user\anaconda3\envs\AutoPro\Lib\site-packages\selenium\webdriver\remote\webelement.py:509: UserWarning: name used for saved screenshot does not match file type. It should end with a `.png` extension
  warnings.warn(
2025-08-12 13:20:50,291 - INFO - 이미지 다운로드 - 완료: C:\image_downloader\22.jpg
2025-08-12 13:20:50,353 - INFO - 원래 탭으로 복귀 완료
2025-08-12 13:20:51,593 - ERROR - Traceback (most recent call last):
2025-08-12 13:20:51,593 - ERROR - File "C:\Users\user\Desktop\Bridzzi\src\window_progrm\image_downloader_app.py", line 283, in <module>
    app.start_process()
2025-08-12 13:20:51,593 - ERROR - File "C:\Users\user\Desktop\Bridzzi\src\window_progrm\image_downloader_app.py", line 85, in start_process
    self.automate_process(iterations)
2025-08-12 13:20:51,593 - ERROR - File "C:\Users\user\Desktop\Bridzzi\src\window_progrm\image_downloader_app.py", line 146, in automate_process
    self.process_keyword(content, iterations)
2025-08-12 13:20:51,593 - ERROR - File "C:\Users\user\Desktop\Bridzzi\src\window_progrm\image_downloader_app.py", line 237, in process_keyword
    self.browser.execute_script("window.open('');")
2025-08-12 13:20:51,593 - ERROR - File "c:\Users\user\anaconda3\envs\AutoPro\Lib\site-packages\selenium\webdriver\remote\webdriver.py", line 544, in execute_script
    return self.execute(command, {"script": script, "args": converted_args})["value"]
           ^^^^^^^^^^^^^^^^^^^^^^^^^^^^^^^^^^^^^^^^^^^^^^^^^^^^^^^^^^^^^^^^^
2025-08-12 13:20:51,594 - ERROR - File "c:\Users\user\anaconda3\envs\AutoPro\Lib\site-packages\selenium\webdriver\remote\webdriver.py", line 447, in execute
    self.error_handler.check_response(response)
2025-08-12 13:20:51,594 - ERROR - File "c:\Users\user\anaconda3\envs\AutoPro\Lib\site-packages\selenium\webdriver\remote\errorhandler.py", line 232, in check_response
    raise exception_class(message, screen, stacktrace)
2025-08-12 13:20:51,594 - ERROR - selenium.common.exceptions.InvalidSessionIdException: Message: invalid session id: session deleted as the browser has closed the connection
from disconnected: not connected to DevTools
  (Session info: chrome=139.0.7258.67)
Stacktrace:
	GetHandleVerifier [0x0x9efd23+62915]
	GetHandleVerifier [0x0x9efd64+62980]
	(No symbol) [0x0x823e13]
	(No symbol) [0x0x813760]
	(No symbol) [0x0x8315d2]
	(No symbol) [0x0x897cac]
	(No symbol) [0x0x8b1fc9]
	(No symbol) [0x0x8911d6]
	(No symbol) [0x0x860833]
	(No symbol) [0x0x8616a4]
	GetHandleVerifier [0x0xc58d13+2590131]
	GetHandleVerifier [0x0xc53f5a+2570234]
	GetHandleVerifier [0x0xa159da+217722]
	GetHandleVerifier [0x0xa06048+153832]
	GetHandleVerifier [0x0xa0c4ad+179533]
	GetHandleVerifier [0x0x9f7728+94152]
	GetHandleVerifier [0x0x9f78b2+94546]
	GetHandleVerifier [0x0x9e2bca+9322]
	BaseThreadInitThunk [0x0x75d05d49+25]
	RtlInitializeExceptionChain [0x0x77b8d2fb+107]
	RtlGetAppContainerNamedObjectPath [0x0x77b8d281+561]
2025-08-12 13:20:51,775 - INFO - ✅ chromedriver 종료 결과: ChromeDriver 종료
2025-08-12 13:20:51,775 - INFO - ✅ Chrome 종료 결과: Chrome 종료
2025-08-12 13:20:52,777 - INFO - ==================================
2025-08-12 13:20:52,777 - INFO - ★ 크롬 브라우저 - 자동 업데이트 ★
2025-08-12 13:20:52,960 - INFO - [현재 크롬 버전] : 139.0.7258.67
2025-08-12 13:20:54,394 - ERROR - Uncaught exception
Traceback (most recent call last):
  File "c:\Users\user\anaconda3\envs\AutoPro\Lib\socket.py", line 850, in create_connection
    sock.connect(sa)
TimeoutError: timed out

During handling of the above exception, another exception occurred:

Traceback (most recent call last):
  File "C:\Users\user\Desktop\Bridzzi\src\window_progrm\image_downloader_app.py", line 355, in <module>
    pcdriver.update_chromedriver()
  File "C:\Users\user\Desktop\Bridzzi\util\selenium\pcdriver.py", line 82, in update_chromedriver
    update_chrome()
  File "C:\Users\user\Desktop\Bridzzi\util\selenium\pcdriver.py", line 35, in update_chrome
    driver = webdriver.Chrome(options=options)
             ^^^^^^^^^^^^^^^^^^^^^^^^^^^^^^^^^
  File "c:\Users\user\anaconda3\envs\AutoPro\Lib\site-packages\selenium\webdriver\chrome\webdriver.py", line 47, in __init__
    super().__init__(
  File "c:\Users\user\anaconda3\envs\AutoPro\Lib\site-packages\selenium\webdriver\chromium\webdriver.py", line 58, in __init__
    self.service.start()
  File "c:\Users\user\anaconda3\envs\AutoPro\Lib\site-packages\selenium\webdriver\common\service.py", line 107, in start
    if self.is_connectable():
       ^^^^^^^^^^^^^^^^^^^^^
  File "c:\Users\user\anaconda3\envs\AutoPro\Lib\site-packages\selenium\webdriver\common\service.py", line 124, in is_connectable
    return utils.is_connectable(self.port)
           ^^^^^^^^^^^^^^^^^^^^^^^^^^^^^^^
  File "c:\Users\user\anaconda3\envs\AutoPro\Lib\site-packages\selenium\webdriver\common\utils.py", line 98, in is_connectable
    socket_ = socket.create_connection((host, port), 1)
              ^^^^^^^^^^^^^^^^^^^^^^^^^^^^^^^^^^^^^^^^^
  File "c:\Users\user\anaconda3\envs\AutoPro\Lib\socket.py", line 857, in create_connection
    exceptions.clear()  # raise only the last error
    ^^^^^^^^^^^^^^^^^^
KeyboardInterrupt
