2025-08-12 11:24:56,310 - INFO - 이미지 다운로드 - 시작
2025-08-12 11:24:56,310 - INFO - -----------------------------
2025-08-12 11:24:56,310 - INFO - 프롬프트 텍스트 파일 경로: C:\image_downloader\image_prompt.txt
2025-08-12 11:24:56,310 - INFO - 텍스트 파일 각 행마다 몇 개의 이미지를 생성할까요?
2025-08-12 11:24:56,310 - INFO - 이미지 생성할 횟수를 입력하세요 (1~10):
2025-08-12 11:25:02,130 - INFO - C:\program_cookies 폴더 크기: 1.31 GB
2025-08-12 11:25:02,210 - INFO - random 폴더 초기화 - 'C:\program_cookies\PC_random'에서 폴더 삭제(완료)
2025-08-12 11:25:02,210 - INFO - 쿠키 기록을 남기도록 C:\program_cookies\PC_random 폴더를 지정합니다.
2025-08-12 11:25:02,210 - INFO - PC랜덤화면 크기를 불러옵니다.
2025-08-12 11:25:02,210 - INFO - fixed UA가 없어서 랜덤으로 PC UA 생성합니다.
2025-08-12 11:25:02,210 - INFO - 랜덤으로 생성된 UA는 Mozilla/5.0 (Windows NT 10.0; Win64; x64) AppleWebKit/537.36 (KHTML, like Gecko) Chrome/134.0.6828.70 Safari/537.36입니다.
2025-08-12 11:25:02,210 - INFO - 쿠기를 불러옵니다 쿠키가 없으면 cookies 폴더 안에 새로 생성합니다.
2025-08-12 11:25:05,496 - INFO - ==================================
2025-08-12 11:25:05,496 - INFO - devicemetrics를 override 합니다..
2025-08-12 11:25:05,501 - INFO - geo 정보를 랜덤으로 변경합니다..
2025-08-12 11:25:05,501 - INFO - FIXED gps 정보가 없어서 랜덤으로 생성합니다
2025-08-12 11:25:05,501 - INFO - RANDOM gps 정보는 {'latitude': 37.573134850983685, 'longitude': 127.05882010262204, 'accuracy': 100} 입니다.
2025-08-12 11:25:05,508 - INFO - 모든 변경이 완료되었습니다...
2025-08-12 11:25:05,509 - INFO - ~~~~~~~~~~
2025-08-12 11:25:05,509 - INFO - -----------------------------
2025-08-12 11:25:19,924 - INFO - > reCAPTCHA가 감지되지 않음, 비밀번호 입력 단계로 진행
2025-08-12 11:25:37,052 - INFO - 구글 로그인 완료
2025-08-12 11:25:41,416 - INFO - 팝업 닫기 버튼 클릭
2025-08-12 11:25:43,623 - INFO - 1번째 행 처리 시작
2025-08-12 11:25:43,623 - INFO - 입력창 클릭
2025-08-12 11:25:45,991 - INFO - 프롬프트 입력
2025-08-12 11:25:47,409 - INFO - 생성 1/4 시작
2025-08-12 11:25:47,443 - INFO - 이미지 생성 중... (5~7초 대기)
2025-08-12 11:25:54,249 - INFO - 생성 2/4 시작
2025-08-12 11:25:54,288 - INFO - 이미지 생성 중... (5~7초 대기)
2025-08-12 11:26:01,117 - INFO - 생성 3/4 시작
2025-08-12 11:26:01,157 - INFO - 이미지 생성 중... (5~7초 대기)
2025-08-12 11:26:08,073 - INFO - 생성 4/4 시작
2025-08-12 11:26:08,112 - INFO - 이미지 생성 중... (5~7초 대기)
2025-08-12 11:26:13,122 - INFO - 이미지 생성 중... 최종 7초 대기
2025-08-12 11:26:22,078 - INFO - 이미지 다운로드 - 가능
2025-08-12 11:26:23,561 - INFO - 이미지 요소를 찾는 중 오류 발생 - 다음 이미지로 넘어갑니다
2025-08-12 11:26:25,323 - INFO - 이미지 다운로드 - 가능
2025-08-12 11:26:26,468 - INFO - 이미지 요소를 찾는 중 오류 발생 - 다음 이미지로 넘어갑니다
2025-08-12 11:26:28,396 - INFO - 이미지 다운로드 - 가능
2025-08-12 11:26:29,483 - INFO - 이미지 요소를 찾는 중 오류 발생 - 다음 이미지로 넘어갑니다
2025-08-12 11:26:31,248 - INFO - 이미지 다운로드 - 가능
2025-08-12 11:26:32,675 - INFO - 이미지 요소를 찾는 중 오류 발생 - 다음 이미지로 넘어갑니다
2025-08-12 11:26:34,592 - INFO - 이미지 다운로드 - 가능
2025-08-12 11:26:39,080 - ERROR - c:\Users\user\anaconda3\envs\AutoPro\Lib\site-packages\selenium\webdriver\remote\webelement.py:509: UserWarning: name used for saved screenshot does not match file type. It should end with a `.png` extension
  warnings.warn(
2025-08-12 11:26:39,473 - INFO - 이미지 다운로드 - 완료: C:\image_downloader\1.jpg
2025-08-12 11:26:39,534 - INFO - 원래 탭으로 복귀 완료
2025-08-12 11:26:41,190 - INFO - 이미지 다운로드 - 가능
2025-08-12 11:26:45,569 - ERROR - Traceback (most recent call last):
2025-08-12 11:26:45,569 - ERROR - File "C:\Users\user\Desktop\Bridzzi\src\window_progrm\image_downloader_app.py", line 253, in <module>
    app.start_process()
2025-08-12 11:26:45,569 - ERROR - File "C:\Users\user\Desktop\Bridzzi\src\window_progrm\image_downloader_app.py", line 85, in start_process
    self.automate_process(iterations)
2025-08-12 11:26:45,569 - ERROR - File "C:\Users\user\Desktop\Bridzzi\src\window_progrm\image_downloader_app.py", line 146, in automate_process
    self.process_keyword(content, iterations)
2025-08-12 11:26:45,569 - ERROR - File "C:\Users\user\Desktop\Bridzzi\src\window_progrm\image_downloader_app.py", line 222, in process_keyword
    img_element.screenshot(save_path)
    ^^^^^^^^^^^^^^^^^^^^^^
2025-08-12 11:26:45,569 - ERROR - AttributeError: 'NoneType' object has no attribute 'screenshot'
2025-08-12 11:26:45,721 - INFO - ✅ chromedriver 종료 결과: ChromeDriver 종료
2025-08-12 11:26:45,722 - INFO - ✅ Chrome 종료 결과: Chrome 종료
2025-08-12 11:26:46,723 - INFO - ==================================
2025-08-12 11:26:46,723 - INFO - ★ 크롬 브라우저 - 자동 업데이트 ★
2025-08-12 11:26:46,994 - INFO - [현재 크롬 버전] : 139.0.7258.67
2025-08-12 11:26:48,282 - INFO - Chrome 업데이트를 확인하는 중...
2025-08-12 11:26:50,283 - ERROR - Uncaught exception
Traceback (most recent call last):
  File "C:\Users\user\Desktop\Bridzzi\src\window_progrm\image_downloader_app.py", line 325, in <module>
    pcdriver.update_chromedriver()
  File "C:\Users\user\Desktop\Bridzzi\util\selenium\pcdriver.py", line 82, in update_chromedriver
    update_chrome()
  File "C:\Users\user\Desktop\Bridzzi\util\selenium\pcdriver.py", line 40, in update_chrome
    status = get_chrome_update_status(driver)
             ^^^^^^^^^^^^^^^^^^^^^^^^^^^^^^^^
  File "C:\Users\user\Desktop\Bridzzi\util\selenium\pcdriver.py", line 29, in get_chrome_update_status
    return driver.execute_script(script)
           ^^^^^^^^^^^^^^^^^^^^^^^^^^^^^
  File "c:\Users\user\anaconda3\envs\AutoPro\Lib\site-packages\selenium\webdriver\remote\webdriver.py", line 544, in execute_script
    return self.execute(command, {"script": script, "args": converted_args})["value"]
           ^^^^^^^^^^^^^^^^^^^^^^^^^^^^^^^^^^^^^^^^^^^^^^^^^^^^^^^^^^^^^^^^^
  File "c:\Users\user\anaconda3\envs\AutoPro\Lib\site-packages\selenium\webdriver\remote\webdriver.py", line 447, in execute
    self.error_handler.check_response(response)
  File "c:\Users\user\anaconda3\envs\AutoPro\Lib\site-packages\selenium\webdriver\remote\errorhandler.py", line 232, in check_response
    raise exception_class(message, screen, stacktrace)
selenium.common.exceptions.InvalidSessionIdException: Message: invalid session id: session deleted as the browser has closed the connection
from disconnected: not connected to DevTools
  (Session info: chrome=139.0.7258.67)
Stacktrace:
	GetHandleVerifier [0x0x7ff7c8ea6b55+79621]
	GetHandleVerifier [0x0x7ff7c8ea6bb0+79712]
	(No symbol) [0x0x7ff7c8c3c0ea]
	(No symbol) [0x0x7ff7c8c28355]
	(No symbol) [0x0x7ff7c8c4cefa]
	(No symbol) [0x0x7ff7c8cc2845]
	(No symbol) [0x0x7ff7c8ce2d02]
	(No symbol) [0x0x7ff7c8cbaf13]
	(No symbol) [0x0x7ff7c8c84151]
	(No symbol) [0x0x7ff7c8c84ee3]
	GetHandleVerifier [0x0x7ff7c916686d+2962461]
	GetHandleVerifier [0x0x7ff7c9160b8d+2938685]
	GetHandleVerifier [0x0x7ff7c917f74d+3064573]
	GetHandleVerifier [0x0x7ff7c8ec0c9e+186446]
	GetHandleVerifier [0x0x7ff7c8ec8a6f+218655]
	GetHandleVerifier [0x0x7ff7c8eaf944+115956]
	GetHandleVerifier [0x0x7ff7c8eafaf9+116393]
	GetHandleVerifier [0x0x7ff7c8e95f28+10968]
	BaseThreadInitThunk [0x0x7ffb20dfe8d7+23]
	RtlUserThreadStart [0x0x7ffb22fbc34c+44]

