2025-07-24 10:39:58,674 - INFO - 조회수 작성 시: 시트명=조회수 작업
2025-07-24 10:40:00,246 - INFO - [컴퓨터 내부 번호] - Success 구글 시트에서 데이터를 성공적으로 가져왔습니다.
2025-07-24 10:40:01,265 - ERROR - Uncaught exception
Traceback (most recent call last):
  File "c:\Users\user\anaconda3\envs\AutoPro\Lib\site-packages\gspread\spreadsheet.py", line 327, in worksheet
    item = finditem(
           ^^^^^^^^^
  File "c:\Users\user\anaconda3\envs\AutoPro\Lib\site-packages\gspread\utils.py", line 218, in finditem
    return next(item for item in seq if func(item))
           ^^^^^^^^^^^^^^^^^^^^^^^^^^^^^^^^^^^^^^^^
StopIteration

During handling of the above exception, another exception occurred:

Traceback (most recent call last):
  File "C:\Users\user\Desktop\Bridzzi\src\naver\Blog\N_blog_views.py", line 350, in <module>
    uc.loop().run_until_complete(main())
  File "c:\Users\user\anaconda3\envs\AutoPro\Lib\asyncio\base_events.py", line 686, in run_until_complete
    return future.result()
           ^^^^^^^^^^^^^^^
  File "C:\Users\user\Desktop\Bridzzi\src\naver\Blog\N_blog_views.py", line 340, in main
    await nodriver.run()
  File "C:\Users\user\Desktop\Bridzzi\src\naver\Blog\N_blog_views.py", line 217, in run
    self._init_data()
  File "C:\Users\user\Desktop\Bridzzi\src\naver\Blog\N_blog_views.py", line 274, in _init_data
    self._get_work_computer_name()
  File "C:\Users\user\Desktop\Bridzzi\src\naver\Blog\N_blog_views.py", line 299, in _get_work_computer_name
    self.googlesheet.update_oneline("[데이터 컴퓨터]", [computer_number], "C")
  File "C:\Users\user\Desktop\Bridzzi\util\data_load\google_sheet.py", line 83, in wrapper
    return method(*args, **kwargs)  # 원래 메서드 실행
           ^^^^^^^^^^^^^^^^^^^^^^^
  File "C:\Users\user\Desktop\Bridzzi\util\data_load\google_sheet.py", line 539, in update_oneline
    if(sheet := self.load_sheet(sheet_name)) is None:
                ^^^^^^^^^^^^^^^^^^^^^^^^^^^
  File "C:\Users\user\Desktop\Bridzzi\util\data_load\google_sheet.py", line 83, in wrapper
    return method(*args, **kwargs)  # 원래 메서드 실행
           ^^^^^^^^^^^^^^^^^^^^^^^
  File "C:\Users\user\Desktop\Bridzzi\util\data_load\google_sheet.py", line 148, in load_sheet
    return self.spreadsheet.worksheet(sheet_name)
       ^^^^^^^^^^^^^^^^^^^^^^^^^^^^^^^^^^^^^^
  File "c:\Users\user\anaconda3\envs\AutoPro\Lib\site-packages\gspread\spreadsheet.py", line 333, in worksheet
    raise WorksheetNotFound(title)
gspread.exceptions.WorksheetNotFound: [데이터 컴퓨터]
