2025-08-11 10:27:24,077 - INFO - 블로그 작성 시작: 시트명=브리찌블로그, 예약작성 여부=False
2025-08-11 10:27:24,077 - INFO - 사용 시트 : 브리찌블로그
2025-08-11 10:27:24,077 - INFO - ==================================
2025-08-11 10:27:26,277 - INFO - 시트이름: 대시보드_TEST
2025-08-11 10:27:26,277 - INFO - 구글 시트 로드 - 시도중....
2025-08-11 10:27:27,175 - INFO - 구글 시트 로드 - 완료
2025-08-11 10:27:27,852 - INFO - 대시보드_TEST - Success 구글 시트에서 데이터를 성공적으로 가져왔습니다.
2025-08-11 10:27:27,852 - INFO - [현재 시각] 10:27:26.277244
2025-08-11 10:27:27,856 - INFO - 5
2025-08-11 10:27:29,554 - INFO - C:\program_cookies 폴더 크기: 0.80 GB
2025-08-11 10:27:29,568 - INFO - C:\program_cookies\PC_tq27lb80 폴더 크기: 0.10 GB
2025-08-11 10:27:29,568 - INFO - 쿠키 기록을 남기도록 C:\program_cookies\PC_tq27lb80 폴더를 지정합니다.
2025-08-11 10:27:29,568 - INFO - PC랜덤화면 크기를 불러옵니다.
2025-08-11 10:27:29,568 - INFO - fixed UA가 있습니다.
2025-08-11 10:27:29,575 - INFO - fixed된 UA는 Mozilla/5.0 (Windows NT 10.0; Win64; x64) AppleWebKit/537.36 (KHTML, like Gecko) Chrome/129.0.0.0 Safari/537.36입니다.
2025-08-11 10:27:29,575 - INFO - 쿠기를 불러옵니다 쿠키가 없으면 cookies 폴더 안에 새로 생성합니다.
2025-08-11 10:27:29,575 - INFO - 크롬 드라이브 옵션 부여 완료!
2025-08-11 10:27:34,086 - INFO - ==================================
2025-08-11 10:27:34,086 - INFO - devicemetrics를 override 합니다..
2025-08-11 10:27:34,092 - INFO - geo 정보를 랜덤으로 변경합니다..
2025-08-11 10:27:34,092 - INFO - FIXED gps 정보를 적용합니다.
2025-08-11 10:27:34,093 - INFO - FIXED gps 정보는 {'latitude': 37.6653341, 'longitude': 127.075382, 'accuracy': 100} 입니다.
2025-08-11 10:27:34,101 - INFO - 모든 변경이 완료되었습니다...
2025-08-11 10:27:34,102 - INFO - ~~~~~~~~~~
2025-08-11 10:27:34,985 - INFO - # Mobile 네이버 로그인 시작 --- [ NAVER__id : tq27lb80 ] #
2025-08-11 10:27:35,138 - INFO - [완료] 1. 네이버 PC 홈페이지 get
2025-08-11 10:27:35,651 - INFO - [완료] 2. 네이버 계정 로그인 박스 - 확인
2025-08-11 10:27:49,004 - INFO - [완료] 3. 네이버 로그인
2025-08-11 10:27:49,005 - INFO - (PC) 메일 로그인 인증 작업을 시작합니다
2025-08-11 10:27:50,250 - INFO - 메일 내용 : 새로운 환경에서 로그인 되었습니다.
2025-08-11 10:27:50,250 - INFO - 새로운 환경 로그인 예 버튼을 누르러 들어갑니다.
2025-08-11 10:27:52,587 - INFO - '예' 버튼을 찾습니다.
2025-08-11 10:27:53,442 - INFO - 예 버튼을 찾았습니다. 예 버튼을 누릅니다.
2025-08-11 10:27:56,309 - INFO - [완료] 4. 네이버 메일 - 계정 로그인 확인
2025-08-11 10:27:56,406 - INFO - [완료] 5. 네이버 로그인이 정상적으로 완료되었습니다
2025-08-11 10:27:57,893 - INFO - stop_check: False
2025-08-11 10:27:57,893 - INFO - 랜덤이미지 경로를 찾고 있습니다
2025-08-11 10:27:57,893 - INFO - 전체 랜덤이미지 개수는 3개입니다.
2025-08-11 10:28:03,925 - INFO - 지난 글쓰기 이력이 불려와져 취소 버튼을 눌렀습니다.
2025-08-11 10:28:10,997 - INFO - 도움말 닫기 버튼이 없어 다음 단계로 넘어갑니다.
2025-08-11 10:28:12,910 - INFO - 지난 글쓰기 이력이 없기에 바로 작성을 시작합니다.
2025-08-11 10:28:16,958 - INFO - [선택사진]: 고양이.png(하이퍼링크:www.naver.com)
2025-08-11 10:28:16,958 - INFO - 파일 삭제: C:\브리찌\sysuk0307_브리찌 소개\선택사진\Output\고양이와함께하는즐거운시간_82652.jpeg
2025-08-11 10:28:18,380 - INFO - C:\브리찌\sysuk0307_브리찌 소개\선택사진\Output\고양이와 여의도공원 즐기기_42969.png
2025-08-11 10:28:19,914 - INFO - 변경 전 메타데이터
2025-08-11 10:28:19,914 - INFO - {'0th': {}, 'Exif': {}, 'GPS': {}, 'Interop': {}, '1st': {}, 'thumbnail': None}
2025-08-11 10:28:19,917 - INFO - 변경 후 메타데이터
2025-08-11 10:28:19,932 - INFO - {'0th': {}, 'Exif': {}, 'GPS': {}, 'Interop': {}, '1st': {}, 'thumbnail': None}
2025-08-11 10:28:19,932 - INFO - 메타데이터가 추가되었습니다.
2025-08-11 10:28:19,932 - INFO - 추가된 메타데이터:
2025-08-11 10:28:19,932 - INFO - {'0th': {306: b'2025:07:16 10:28:19', 34665: 58}, 'Exif': {36867: b'2025:07:16 10:28:19', 36868: b'2025:07:16 10:28:19'}, 'GPS': {}, 'Interop': {}, '1st': {}, 'thumbnail': None}
2025-08-11 10:28:28,496 - INFO - ✅ 패턴 합성 완료: C:\브리찌\sysuk0307_브리찌 소개\선택사진\고양이.jpg
2025-08-11 10:28:29,173 - INFO - ✅ 이미지 합치기 방식 적용 완료: C:\브리찌\sysuk0307_브리찌 소개\선택사진\고양이.jpg
2025-08-11 10:28:32,182 - ERROR - C:\Users\user\Desktop\Bridzzi\util\platform\naver\base\naver_base.py:756: DeprecationWarning: Method .SetEditText() is deprecated, use .set_edit_text() instead.
  edit.SetText(fr"{file_path}")
2025-08-11 10:28:32,443 - ERROR - C:\Users\user\Desktop\Bridzzi\util\platform\naver\base\naver_base.py:759: DeprecationWarning: Method .SetEditText() is deprecated, use .set_edit_text() instead.
  edit.SetText(file_name)
2025-08-11 10:28:52,329 - ERROR - 1/3번째 [ N_blog_Bridzzi copy.py 프로그램 ] - < Exception 발생 >
~~ 1번째 에러 도달 ~~
Traceback (most recent call last):
  File "C:\Users\user\Desktop\Bridzzi\src\naver\Blog\N_blog_Bridzzi copy.py", line 113, in <module>
    write_blog_post(sheet_name="브리찌블로그", is_reservation=False)
  File "C:\Users\user\Desktop\Bridzzi\src\naver\Blog\N_blog_Bridzzi copy.py", line 70, in write_blog_post
    naver_blog.post_article()
  File "C:\Users\user\Desktop\Bridzzi\util\platform\naver\n_blog_bot.py", line 1587, in post_article
    self.onebyonetext(text_line)
  File "C:\Users\user\Desktop\Bridzzi\util\platform\naver\n_blog_bot.py", line 397, in onebyonetext
    self.specialfunction(specialword)
  File "C:\Users\user\Desktop\Bridzzi\util\platform\naver\n_blog_bot.py", line 891, in specialfunction
    selenium_util.wait_for_element(self.browser, 10, images_selector)
  File "C:\Users\user\Desktop\Bridzzi\util\selenium\helpers.py", line 2012, in wait_for_element
    element = wait.until(EC.presence_of_element_located((By.CSS_SELECTOR, css_selector)))
              ^^^^^^^^^^^^^^^^^^^^^^^^^^^^^^^^^^^^^^^^^^^^^^^^^^^^^^^^^^^^^^^^^^^^^^^^^^^
  File "c:\Users\user\anaconda3\envs\AutoPro\Lib\site-packages\selenium\webdriver\support\wait.py", line 138, in until
    raise TimeoutException(message, screen, stacktrace)
selenium.common.exceptions.TimeoutException: Message: 
Stacktrace:
	GetHandleVerifier [0x0xf3fd23+62915]
	GetHandleVerifier [0x0xf3fd64+62980]
	(No symbol) [0x0xd73e13]
	(No symbol) [0x0xdbc89e]
	(No symbol) [0x0xdbcc3b]
	(No symbol) [0x0xe04ec2]
	(No symbol) [0x0xde1424]
	(No symbol) [0x0xe026ea]
	(No symbol) [0x0xde11d6]
	(No symbol) [0x0xdb0833]
	(No symbol) [0x0xdb16a4]
	GetHandleVerifier [0x0x11a8d13+2590131]
	GetHandleVerifier [0x0x11a3f5a+2570234]
	GetHandleVerifier [0x0xf659da+217722]
	GetHandleVerifier [0x0xf56048+153832]
	GetHandleVerifier [0x0xf5c4ad+179533]
	GetHandleVerifier [0x0xf47728+94152]
	GetHandleVerifier [0x0xf478b2+94546]
	GetHandleVerifier [0x0xf32bca+9322]
	BaseThreadInitThunk [0x0x76965d49+25]
	RtlInitializeExceptionChain [0x0x77b8d2fb+107]
	RtlGetAppContainerNamedObjectPath [0x0x77b8d281+561]



오류가 발생하였습니다. 확인 부탁드립니다
2025-08-11 10:28:52,345 - ERROR - Traceback (most recent call last):
2025-08-11 10:28:52,345 - ERROR - File "C:\Users\user\Desktop\Bridzzi\src\naver\Blog\N_blog_Bridzzi copy.py", line 113, in <module>
    write_blog_post(sheet_name="브리찌블로그", is_reservation=False)
2025-08-11 10:28:52,345 - ERROR - File "C:\Users\user\Desktop\Bridzzi\src\naver\Blog\N_blog_Bridzzi copy.py", line 70, in write_blog_post
    naver_blog.post_article()
2025-08-11 10:28:52,345 - ERROR - File "C:\Users\user\Desktop\Bridzzi\util\platform\naver\n_blog_bot.py", line 1587, in post_article
    self.onebyonetext(text_line)
2025-08-11 10:28:52,345 - ERROR - File "C:\Users\user\Desktop\Bridzzi\util\platform\naver\n_blog_bot.py", line 397, in onebyonetext
    self.specialfunction(specialword)
2025-08-11 10:28:52,345 - ERROR - File "C:\Users\user\Desktop\Bridzzi\util\platform\naver\n_blog_bot.py", line 891, in specialfunction
    selenium_util.wait_for_element(self.browser, 10, images_selector)
2025-08-11 10:28:52,345 - ERROR - File "C:\Users\user\Desktop\Bridzzi\util\selenium\helpers.py", line 2012, in wait_for_element
    element = wait.until(EC.presence_of_element_located((By.CSS_SELECTOR, css_selector)))
              ^^^^^^^^^^^^^^^^^^^^^^^^^^^^^^^^^^^^^^^^^^^^^^^^^^^^^^^^^^^^^^^^^^^^^^^^^^^
2025-08-11 10:28:52,345 - ERROR - File "c:\Users\user\anaconda3\envs\AutoPro\Lib\site-packages\selenium\webdriver\support\wait.py", line 138, in until
    raise TimeoutException(message, screen, stacktrace)
2025-08-11 10:28:52,345 - ERROR - selenium.common.exceptions.TimeoutException: Message: 
Stacktrace:
	GetHandleVerifier [0x0xf3fd23+62915]
	GetHandleVerifier [0x0xf3fd64+62980]
	(No symbol) [0x0xd73e13]
	(No symbol) [0x0xdbc89e]
	(No symbol) [0x0xdbcc3b]
	(No symbol) [0x0xe04ec2]
	(No symbol) [0x0xde1424]
	(No symbol) [0x0xe026ea]
	(No symbol) [0x0xde11d6]
	(No symbol) [0x0xdb0833]
	(No symbol) [0x0xdb16a4]
	GetHandleVerifier [0x0x11a8d13+2590131]
	GetHandleVerifier [0x0x11a3f5a+2570234]
	GetHandleVerifier [0x0xf659da+217722]
	GetHandleVerifier [0x0xf56048+153832]
	GetHandleVerifier [0x0xf5c4ad+179533]
	GetHandleVerifier [0x0xf47728+94152]
	GetHandleVerifier [0x0xf478b2+94546]
	GetHandleVerifier [0x0xf32bca+9322]
	BaseThreadInitThunk [0x0x76965d49+25]
	RtlInitializeExceptionChain [0x0x77b8d2fb+107]
	RtlGetAppContainerNamedObjectPath [0x0x77b8d281+561]
2025-08-11 10:28:52,526 - INFO - ✅ chromedriver 종료 결과: ChromeDriver 종료
2025-08-11 10:28:52,528 - INFO - ✅ Chrome 종료 결과: Chrome 종료
2025-08-11 10:28:53,529 - INFO - ==================================
2025-08-11 10:28:53,529 - INFO - ★ 크롬 브라우저 - 자동 업데이트 ★
2025-08-11 10:28:53,662 - INFO - [현재 크롬 버전] : 139.0.7258.67
2025-08-11 10:28:55,020 - INFO - Chrome 업데이트를 확인하는 중...
