2025-10-29 13:14:43,914 - INFO - 블로그 작성 시작: 시트명=의뢰블로그_배포바이럴, 예약작성 여부=False
2025-10-29 13:14:45,722 - INFO - 사용 시트 : 의뢰블로그_배포바이럴
2025-10-29 13:14:45,722 - INFO - ======================
2025-10-29 13:14:45,722 - INFO - 시트이름: 대시보드
2025-10-29 13:14:45,722 - INFO - 구글 시트 로드 - 시도중....
2025-10-29 13:14:46,512 - INFO - 구글 시트 로드 - 완료
2025-10-29 13:14:47,085 - INFO - 대시보드 - Success 구글 시트에서 데이터를 성공적으로 가져왔습니다.
2025-10-29 13:14:47,085 - INFO - [현재 시각] 13:14:45.722292
2025-10-29 13:14:47,085 - INFO - 30
2025-10-29 13:14:49,443 - INFO - C:\program_cookies 폴더 크기: 2.17 GB
2025-10-29 13:14:49,469 - INFO - C:\program_cookies\PC_hs51987 폴더 크기: 0.12 GB
2025-10-29 13:14:49,469 - INFO - 쿠키 기록을 남기도록 C:\program_cookies\PC_hs51987 폴더를 지정합니다.
2025-10-29 13:14:49,469 - INFO - PC랜덤화면 크기를 불러옵니다.
2025-10-29 13:14:49,469 - INFO - fixed UA가 있습니다.
2025-10-29 13:14:49,469 - INFO - fixed된 UA는 Mozilla/5.0 (Windows NT 10.0; Win64; x64) AppleWebKit/537.36 (KHTML, like Gecko) Chrome/131.0.6778.205 Safari/537.36입니다.
2025-10-29 13:14:49,469 - INFO - 쿠기를 불러옵니다 쿠키가 없으면 cookies 폴더 안에 새로 생성합니다.
2025-10-29 13:14:49,469 - INFO - 크롬 드라이브 옵션 부여 완료!
2025-10-29 13:14:57,149 - ERROR - 1/10번째 [ N_blog_commission.py 프로그램 ] - < Exception 발생 >
~~ 1번째 에러 도달 ~~
Traceback (most recent call last):
  File "C:\Users\user\Desktop\Bridzzi\src\naver\Blog\N_blog_commission.py", line 1250, in <module>
    write_blog_start("의뢰블로그_배포바이럴", 예약여부=False)
  File "C:\Users\user\Desktop\Bridzzi\src\naver\Blog\N_blog_commission.py", line 1184, in write_blog_start
    browser = pcdriver.make_uc_driver(account_id=data['ID'], fixed_ua=UA, fixed_gps=GEO_data)
              ^^^^^^^^^^^^^^^^^^^^^^^^^^^^^^^^^^^^^^^^^^^^^^^^^^^^^^^^^^^^^^^^^^^^^^^^^^^^^^^
  File "C:\Users\user\Desktop\Bridzzi\util\selenium\pcdriver.py", line 792, in make_uc_driver
    driver = uc.Chrome(options=options, user_data_dir=user_data_dir)
             ^^^^^^^^^^^^^^^^^^^^^^^^^^^^^^^^^^^^^^^^^^^^^^^^^^^^^^^
  File "c:\Users\user\anaconda3\envs\AutoPro\Lib\site-packages\undetected_chromedriver\__init__.py", line 466, in __init__
    super(Chrome, self).__init__(
  File "c:\Users\user\anaconda3\envs\AutoPro\Lib\site-packages\selenium\webdriver\chrome\webdriver.py", line 47, in __init__
    super().__init__(
  File "c:\Users\user\anaconda3\envs\AutoPro\Lib\site-packages\selenium\webdriver\chromium\webdriver.py", line 69, in __init__
    super().__init__(command_executor=executor, options=options)
  File "c:\Users\user\anaconda3\envs\AutoPro\Lib\site-packages\selenium\webdriver\remote\webdriver.py", line 257, in __init__
    self.start_session(capabilities)
  File "c:\Users\user\anaconda3\envs\AutoPro\Lib\site-packages\undetected_chromedriver\__init__.py", line 724, in start_session
    super(selenium.webdriver.chrome.webdriver.WebDriver, self).start_session(
  File "c:\Users\user\anaconda3\envs\AutoPro\Lib\site-packages\selenium\webdriver\remote\webdriver.py", line 356, in start_session
    response = self.execute(Command.NEW_SESSION, caps)["value"]
               ^^^^^^^^^^^^^^^^^^^^^^^^^^^^^^^^^^^^^^^
  File "c:\Users\user\anaconda3\envs\AutoPro\Lib\site-packages\selenium\webdriver\remote\webdriver.py", line 447, in execute
    self.error_handler.check_response(response)
  File "c:\Users\user\anaconda3\envs\AutoPro\Lib\site-packages\selenium\webdriver\remote\errorhandler.py", line 232, in check_response
    raise exception_class(message, screen, stacktrace)
selenium.common.exceptions.SessionNotCreatedException: Message: session not created: cannot connect to chrome at 127.0.0.1:50064
from session not created: This version of ChromeDriver only supports Chrome version 142
Current browser version is 141.0.7390.123
Stacktrace:
Symbols not available. Dumping unresolved backtrace:
	0xfd58c3
	0xfd5904
	0xdee76d
	0xe2b20d
	0xe2a159
	0xe2008f
	0xe1feb6
	0xe68993
	0xe6830a
	0xe5c766
	0xe2dac0
	0xe2ede4
	0x1257974
	0x1252bea
	0xffe5b4
	0xfedd28
	0xff4d8d
	0xfdded8
	0xfde09c
	0xfc7d1a
	0x76095d49
	0x774ed6db
	0x774ed661



오류가 발생하였습니다. 확인 부탁드립니다
2025-10-29 13:14:57,150 - ERROR - Traceback (most recent call last):
2025-10-29 13:14:57,150 - ERROR - File "C:\Users\user\Desktop\Bridzzi\src\naver\Blog\N_blog_commission.py", line 1250, in <module>
    write_blog_start("의뢰블로그_배포바이럴", 예약여부=False)
2025-10-29 13:14:57,152 - ERROR - File "C:\Users\user\Desktop\Bridzzi\src\naver\Blog\N_blog_commission.py", line 1184, in write_blog_start
    browser = pcdriver.make_uc_driver(account_id=data['ID'], fixed_ua=UA, fixed_gps=GEO_data)
              ^^^^^^^^^^^^^^^^^^^^^^^^^^^^^^^^^^^^^^^^^^^^^^^^^^^^^^^^^^^^^^^^^^^^^^^^^^^^^^^
2025-10-29 13:14:57,152 - ERROR - File "C:\Users\user\Desktop\Bridzzi\util\selenium\pcdriver.py", line 792, in make_uc_driver
    driver = uc.Chrome(options=options, user_data_dir=user_data_dir)
             ^^^^^^^^^^^^^^^^^^^^^^^^^^^^^^^^^^^^^^^^^^^^^^^^^^^^^^^
2025-10-29 13:14:57,152 - ERROR - File "c:\Users\user\anaconda3\envs\AutoPro\Lib\site-packages\undetected_chromedriver\__init__.py", line 466, in __init__
    super(Chrome, self).__init__(
2025-10-29 13:14:57,152 - ERROR - File "c:\Users\user\anaconda3\envs\AutoPro\Lib\site-packages\selenium\webdriver\chrome\webdriver.py", line 47, in __init__
    super().__init__(
2025-10-29 13:14:57,152 - ERROR - File "c:\Users\user\anaconda3\envs\AutoPro\Lib\site-packages\selenium\webdriver\chromium\webdriver.py", line 69, in __init__
    super().__init__(command_executor=executor, options=options)
2025-10-29 13:14:57,152 - ERROR - File "c:\Users\user\anaconda3\envs\AutoPro\Lib\site-packages\selenium\webdriver\remote\webdriver.py", line 257, in __init__
    self.start_session(capabilities)
2025-10-29 13:14:57,152 - ERROR - File "c:\Users\user\anaconda3\envs\AutoPro\Lib\site-packages\undetected_chromedriver\__init__.py", line 724, in start_session
    super(selenium.webdriver.chrome.webdriver.WebDriver, self).start_session(
2025-10-29 13:14:57,153 - ERROR - File "c:\Users\user\anaconda3\envs\AutoPro\Lib\site-packages\selenium\webdriver\remote\webdriver.py", line 356, in start_session
    response = self.execute(Command.NEW_SESSION, caps)["value"]
               ^^^^^^^^^^^^^^^^^^^^^^^^^^^^^^^^^^^^^^^
2025-10-29 13:14:57,153 - ERROR - File "c:\Users\user\anaconda3\envs\AutoPro\Lib\site-packages\selenium\webdriver\remote\webdriver.py", line 447, in execute
    self.error_handler.check_response(response)
2025-10-29 13:14:57,153 - ERROR - File "c:\Users\user\anaconda3\envs\AutoPro\Lib\site-packages\selenium\webdriver\remote\errorhandler.py", line 232, in check_response
    raise exception_class(message, screen, stacktrace)
2025-10-29 13:14:57,153 - ERROR - selenium.common.exceptions.SessionNotCreatedException: Message: session not created: cannot connect to chrome at 127.0.0.1:50064
from session not created: This version of ChromeDriver only supports Chrome version 142
Current browser version is 141.0.7390.123
Stacktrace:
Symbols not available. Dumping unresolved backtrace:
	0xfd58c3
	0xfd5904
	0xdee76d
	0xe2b20d
	0xe2a159
	0xe2008f
	0xe1feb6
	0xe68993
	0xe6830a
	0xe5c766
	0xe2dac0
	0xe2ede4
	0x1257974
	0x1252bea
	0xffe5b4
	0xfedd28
	0xff4d8d
	0xfdded8
	0xfde09c
	0xfc7d1a
	0x76095d49
	0x774ed6db
	0x774ed661
2025-10-29 13:14:57,394 - INFO - ✅ chromedriver 종료 결과: ChromeDriver 종료
2025-10-29 13:14:57,394 - INFO - ✅ Chrome 종료 결과: Chrome 종료
2025-10-29 13:14:58,395 - INFO - ==================================
2025-10-29 13:14:58,395 - INFO - ★ 크롬 브라우저 - 자동 업데이트 ★
