2025-09-10 14:38:15,545 - ERROR - Uncaught exception
Traceback (most recent call last):
  File "c:\Users\user\anaconda3\envs\AutoPro\Lib\site-packages\urllib3\connection.py", line 198, in _new_conn
    sock = connection.create_connection(
           ^^^^^^^^^^^^^^^^^^^^^^^^^^^^^
  File "c:\Users\user\anaconda3\envs\AutoPro\Lib\site-packages\urllib3\util\connection.py", line 60, in create_connection
    for res in socket.getaddrinfo(host, port, family, socket.SOCK_STREAM):
               ^^^^^^^^^^^^^^^^^^^^^^^^^^^^^^^^^^^^^^^^^^^^^^^^^^^^^^^^^^
  File "c:\Users\user\anaconda3\envs\AutoPro\Lib\socket.py", line 976, in getaddrinfo
    for res in _socket.getaddrinfo(host, port, family, type, proto, flags):
               ^^^^^^^^^^^^^^^^^^^^^^^^^^^^^^^^^^^^^^^^^^^^^^^^^^^^^^^^^^^
socket.gaierror: [Errno 11001] getaddrinfo failed

The above exception was the direct cause of the following exception:

Traceback (most recent call last):
  File "c:\Users\user\anaconda3\envs\AutoPro\Lib\site-packages\urllib3\connectionpool.py", line 787, in urlopen
    response = self._make_request(
               ^^^^^^^^^^^^^^^^^^^
  File "c:\Users\user\anaconda3\envs\AutoPro\Lib\site-packages\urllib3\connectionpool.py", line 488, in _make_request
    raise new_e
  File "c:\Users\user\anaconda3\envs\AutoPro\Lib\site-packages\urllib3\connectionpool.py", line 464, in _make_request
    self._validate_conn(conn)
  File "c:\Users\user\anaconda3\envs\AutoPro\Lib\site-packages\urllib3\connectionpool.py", line 1093, in _validate_conn
    conn.connect()
  File "c:\Users\user\anaconda3\envs\AutoPro\Lib\site-packages\urllib3\connection.py", line 704, in connect
    self.sock = sock = self._new_conn()
                       ^^^^^^^^^^^^^^^^
  File "c:\Users\user\anaconda3\envs\AutoPro\Lib\site-packages\urllib3\connection.py", line 205, in _new_conn
    raise NameResolutionError(self.host, self, e) from e
urllib3.exceptions.NameResolutionError: <urllib3.connection.HTTPSConnection object at 0x0000027ACC75E8A0>: Failed to resolve 'oauth2.googleapis.com' ([Errno 11001] getaddrinfo failed)

The above exception was the direct cause of the following exception:

Traceback (most recent call last):
  File "c:\Users\user\anaconda3\envs\AutoPro\Lib\site-packages\requests\adapters.py", line 667, in send
    resp = conn.urlopen(
           ^^^^^^^^^^^^^
  File "c:\Users\user\anaconda3\envs\AutoPro\Lib\site-packages\urllib3\connectionpool.py", line 871, in urlopen
    return self.urlopen(
           ^^^^^^^^^^^^^
  File "c:\Users\user\anaconda3\envs\AutoPro\Lib\site-packages\urllib3\connectionpool.py", line 871, in urlopen
    return self.urlopen(
           ^^^^^^^^^^^^^
  File "c:\Users\user\anaconda3\envs\AutoPro\Lib\site-packages\urllib3\connectionpool.py", line 871, in urlopen
    return self.urlopen(
           ^^^^^^^^^^^^^
  File "c:\Users\user\anaconda3\envs\AutoPro\Lib\site-packages\urllib3\connectionpool.py", line 841, in urlopen
    retries = retries.increment(
              ^^^^^^^^^^^^^^^^^^
  File "c:\Users\user\anaconda3\envs\AutoPro\Lib\site-packages\urllib3\util\retry.py", line 519, in increment
    raise MaxRetryError(_pool, url, reason) from reason  # type: ignore[arg-type]
    ^^^^^^^^^^^^^^^^^^^^^^^^^^^^^^^^^^^^^^^^^^^^^^^^^^^
urllib3.exceptions.MaxRetryError: HTTPSConnectionPool(host='oauth2.googleapis.com', port=443): Max retries exceeded with url: /token (Caused by NameResolutionError("<urllib3.connection.HTTPSConnection object at 0x0000027ACC75E8A0>: Failed to resolve 'oauth2.googleapis.com' ([Errno 11001] getaddrinfo failed)"))

During handling of the above exception, another exception occurred:

Traceback (most recent call last):
  File "c:\Users\user\anaconda3\envs\AutoPro\Lib\site-packages\google\auth\transport\requests.py", line 186, in __call__
    response = self.session.request(
               ^^^^^^^^^^^^^^^^^^^^^
  File "c:\Users\user\anaconda3\envs\AutoPro\Lib\site-packages\requests\sessions.py", line 589, in request
    resp = self.send(prep, **send_kwargs)
           ^^^^^^^^^^^^^^^^^^^^^^^^^^^^^^
  File "c:\Users\user\anaconda3\envs\AutoPro\Lib\site-packages\requests\sessions.py", line 703, in send
    r = adapter.send(request, **kwargs)
        ^^^^^^^^^^^^^^^^^^^^^^^^^^^^^^^
  File "c:\Users\user\anaconda3\envs\AutoPro\Lib\site-packages\requests\adapters.py", line 700, in send
    raise ConnectionError(e, request=request)
requests.exceptions.ConnectionError: HTTPSConnectionPool(host='oauth2.googleapis.com', port=443): Max retries exceeded with url: /token (Caused by NameResolutionError("<urllib3.connection.HTTPSConnection object at 0x0000027ACC75E8A0>: Failed to resolve 'oauth2.googleapis.com' ([Errno 11001] getaddrinfo failed)"))

The above exception was the direct cause of the following exception:

Traceback (most recent call last):
  File "C:\Users\user\Desktop\Bridzzi\src\naver\Kin\naver_kin_id_levelup.py", line 1360, in <module>
    googlesheet = GoogleSheet("bridzzi.json", "지식인바이럴")
                  ^^^^^^^^^^^^^^^^^^^^^^^^^^^^^^^^^^^^^^^^^^^
  File "C:\Users\user\Desktop\Bridzzi\util\data_load\google_sheet.py", line 135, in __init__
    self.spreadsheet = self.client.open(spreadsheet_name)
                       ^^^^^^^^^^^^^^^^^^^^^^^^^^^^^^^^^^
  File "c:\Users\user\anaconda3\envs\AutoPro\Lib\site-packages\gspread\client.py", line 132, in open
    spreadsheet_files, response = self._list_spreadsheet_files(title, folder_id)
                                  ^^^^^^^^^^^^^^^^^^^^^^^^^^^^^^^^^^^^^^^^^^^^^^
  File "c:\Users\user\anaconda3\envs\AutoPro\Lib\site-packages\gspread\client.py", line 105, in _list_spreadsheet_files
    response = self.http_client.request("get", url, params=params)
               ^^^^^^^^^^^^^^^^^^^^^^^^^^^^^^^^^^^^^^^^^^^^^^^^^^^
  File "c:\Users\user\anaconda3\envs\AutoPro\Lib\site-packages\gspread\http_client.py", line 114, in request
    response = self.session.request(
               ^^^^^^^^^^^^^^^^^^^^^
  File "c:\Users\user\anaconda3\envs\AutoPro\Lib\site-packages\google\auth\transport\requests.py", line 533, in request
    self.credentials.before_request(auth_request, method, url, request_headers)
  File "c:\Users\user\anaconda3\envs\AutoPro\Lib\site-packages\google\auth\credentials.py", line 230, in before_request
    self._blocking_refresh(request)
  File "c:\Users\user\anaconda3\envs\AutoPro\Lib\site-packages\google\auth\credentials.py", line 193, in _blocking_refresh
    self.refresh(request)
  File "c:\Users\user\anaconda3\envs\AutoPro\Lib\site-packages\google\oauth2\service_account.py", line 446, in refresh
    access_token, expiry, _ = _client.jwt_grant(
                              ^^^^^^^^^^^^^^^^^^
  File "c:\Users\user\anaconda3\envs\AutoPro\Lib\site-packages\google\oauth2\_client.py", line 304, in jwt_grant
    response_data = _token_endpoint_request(
                    ^^^^^^^^^^^^^^^^^^^^^^^^
  File "c:\Users\user\anaconda3\envs\AutoPro\Lib\site-packages\google\oauth2\_client.py", line 264, in _token_endpoint_request
    response_status_ok, response_data, retryable_error = _token_endpoint_request_no_throw(
                                                         ^^^^^^^^^^^^^^^^^^^^^^^^^^^^^^^^^
  File "c:\Users\user\anaconda3\envs\AutoPro\Lib\site-packages\google\oauth2\_client.py", line 211, in _token_endpoint_request_no_throw
    request_succeeded, response_data, retryable_error = _perform_request()
                                                        ^^^^^^^^^^^^^^^^^^
  File "c:\Users\user\anaconda3\envs\AutoPro\Lib\site-packages\google\oauth2\_client.py", line 187, in _perform_request
    response = request(
               ^^^^^^^^
  File "c:\Users\user\anaconda3\envs\AutoPro\Lib\site-packages\google\auth\transport\requests.py", line 192, in __call__
    raise new_exc from caught_exc
google.auth.exceptions.TransportError: HTTPSConnectionPool(host='oauth2.googleapis.com', port=443): Max retries exceeded with url: /token (Caused by NameResolutionError("<urllib3.connection.HTTPSConnection object at 0x0000027ACC75E8A0>: Failed to resolve 'oauth2.googleapis.com' ([Errno 11001] getaddrinfo failed)"))
