2025-09-01 13:49:31,782 - INFO - ==================================
2025-09-01 13:49:31,783 - INFO - # 1단계 : N지식인 질문하기 #
2025-09-01 13:49:31,783 - INFO - 시트이름: [자문자답]질문/대시보드
2025-09-01 13:49:31,783 - INFO - 구글 시트 로드 - 시도중....
2025-09-01 13:49:34,027 - INFO - 구글 시트 로드 - 완료
2025-09-01 13:49:34,694 - INFO - [자문자답]질문/대시보드 - Success 구글 시트에서 데이터를 성공적으로 가져왔습니다.
2025-09-01 13:49:34,943 - INFO - ✅ chromedriver 종료 결과: ChromeDriver 종료
2025-09-01 13:49:34,945 - INFO - ✅ Chrome 종료 결과: Chrome 종료
2025-09-01 13:49:34,946 - INFO - ==================================
2025-09-01 13:49:34,946 - INFO - ★★★ IP 변경 - START ★★★
2025-09-01 13:49:34,946 - INFO - [#1 mobile_ip 전환 - try ]
2025-09-01 13:49:35,269 - INFO - [ 모바일IP 전환 - 시도 ]
2025-09-01 13:49:40,419 - INFO - --- ADB 모바일 연결 [진행]
2025-09-01 13:49:40,514 - INFO - --- USB테더링 리미트 해제 [진행]
2025-09-01 13:49:41,867 - INFO - --- USB테더링 활성화 - 성공
2025-09-01 13:49:41,867 - INFO - -----------------------------
2025-09-01 13:49:42,776 - INFO - --- 모바일 USB 어뎁터가 이미 활성화 되어 있습니다.
2025-09-01 13:49:42,776 - INFO - --- USB 어댑터 찾기 및 활성화 시도 [완료]
2025-09-01 13:49:42,776 - INFO - --- 이더넷(WI-FI, 랜선) 어뎁터 - 비활성화(시도 & 명령어 작동)
2025-09-01 13:49:43,197 - INFO - --- USB 어댑터 외의 모든 어댑터 비활성화 시도 [완료]
2025-09-01 13:49:45,739 - INFO - --- USB 어뎁터가 활성화 [확인]
2025-09-01 13:49:48,089 - INFO - --- 이더넷 어뎁터가 비활성화 [확인]
2025-09-01 13:49:48,089 - INFO - -----------------------------
2025-09-01 13:49:48,160 - INFO - --- WiFi off - 성공
2025-09-01 13:49:48,233 - INFO - --- '모바일 데이터' on - 성공
2025-09-01 13:49:48,835 - INFO - ★ 모바일IP 전환 - Success ★
2025-09-01 13:49:48,835 - INFO - [# USB테더링 전환 #] - 성공
2025-09-01 13:49:48,835 - INFO - [#1 mobile_ip 전환 - success ]
2025-09-01 13:49:48,835 - INFO - -----------------------------
2025-09-01 13:49:48,835 - INFO - [#2 before_ip 추출] - try
2025-09-01 13:49:48,835 - INFO - -- 'https://ipinfo.io/ip'에서 public IP를 추출합니다....
2025-09-01 13:49:49,381 - INFO - -- 'https://ipinfo.io/ip' : 39.7.230.211
2025-09-01 13:49:49,382 - INFO - [#2 before_ip 추출] - success : 39.7.230.211
2025-09-01 13:49:49,382 - INFO - -----------------------------
2025-09-01 13:49:49,778 - INFO - --- 모바일 데이터 off - 성공
2025-09-01 13:49:50,221 - INFO - --- 비행기 모드 on - 성공
2025-09-01 13:49:50,649 - INFO - --- 비행기 모드 off - 성공
2025-09-01 13:49:51,056 - INFO - --- 모바일 데이터 on - 성공
2025-09-01 13:49:51,056 - INFO - [#3 after_ip 추출] - try
2025-09-01 13:49:51,056 - INFO - -- 'https://ipinfo.io/ip'에서 public IP를 추출합니다....
2025-09-01 13:49:52,067 - INFO - - 추출 실패 1/3 재시도
2025-09-01 13:49:53,099 - INFO - -- 'https://ipinfo.io/ip' : 118.235.10.186
2025-09-01 13:49:53,099 - INFO - [#3 after_ip 추출] - success : 118.235.10.186
2025-09-01 13:49:53,099 - INFO - Success -IP 변경(성공): before 39.7.230.211 => after 118.235.10.186
2025-09-01 13:49:53,099 - INFO - ★★★ IP 변경 - Success ★★★
2025-09-01 13:49:53,099 - INFO - ==================================
2025-09-01 13:49:54,149 - INFO - C:\program_cookies 폴더 크기: 0.09 GB
2025-09-01 13:49:54,149 - INFO - 쿠키 기록을 남기도록 C:\program_cookies\PC_nzfcd22238 폴더를 지정합니다.
2025-09-01 13:49:54,149 - INFO - PC랜덤화면 크기를 불러옵니다.
2025-09-01 13:49:54,149 - INFO - fixed UA가 있습니다.
2025-09-01 13:49:54,149 - INFO - fixed된 UA는 Mozilla/5.0 (Windows NT 10.0; Win64; x64) AppleWebKit/537.36 (KHTML, like Gecko) Chrome/131.0.6778.205 Safari/537.36입니다.
2025-09-01 13:49:54,149 - INFO - 쿠기를 불러옵니다 쿠키가 없으면 cookies 폴더 안에 새로 생성합니다.
2025-09-01 13:49:54,149 - INFO - 크롬 드라이브 옵션 부여 완료!
2025-09-01 13:50:05,229 - INFO - ==================================
2025-09-01 13:50:05,229 - INFO - devicemetrics를 override 합니다..
2025-09-01 13:50:05,229 - INFO - geo 정보를 랜덤으로 변경합니다..
2025-09-01 13:50:05,229 - INFO - FIXED gps 정보를 적용합니다.
2025-09-01 13:50:05,238 - INFO - FIXED gps 정보는 {'latitude': 37.66533413, 'longitude': 127.0753824, 'accuracy': 100} 입니다.
2025-09-01 13:50:05,244 - INFO - 모든 변경이 완료되었습니다...
2025-09-01 13:50:05,244 - INFO - ~~~~~~~~~~
2025-09-01 13:50:05,867 - INFO - # Mobile 네이버 로그인 시작 --- [ NAVER__id : nzfcd22238 ] #
2025-09-01 13:50:07,281 - INFO - [완료] 1. 네이버 PC 홈페이지 get
2025-09-01 13:50:07,290 - INFO - [완료] 2. 네이버 계정 로그인 박스 - 확인
2025-09-01 13:50:24,368 - INFO - [완료] 3. 네이버 로그인
2025-09-01 13:50:24,368 - INFO - (PC) 메일 로그인 인증 작업을 시작합니다
2025-09-01 13:50:27,375 - INFO - 메일 내용 : 새로운 환경에서 로그인 되었습니다.
2025-09-01 13:50:27,375 - INFO - 새로운 환경 로그인 예 버튼을 누르러 들어갑니다.
2025-09-01 13:50:28,686 - INFO - '예' 버튼을 찾습니다.
2025-09-01 13:50:29,905 - INFO - 예 버튼을 찾았습니다. 예 버튼을 누릅니다.
2025-09-01 13:50:32,502 - INFO - [완료] 4. 네이버 메일 - 계정 로그인 확인
2025-09-01 13:50:32,646 - INFO - [완료] 5. 네이버 로그인이 정상적으로 완료되었습니다
2025-09-01 13:50:42,641 - INFO - 답변채택하라는 멘트가 없어서 다음으로 넘어갑니다.
2025-09-01 13:50:56,535 - INFO - Q&A > 건강 > 약학 > 약 효능, 성분
2025-09-01 13:51:06,017 - INFO - -----------------------------
2025-09-01 13:51:06,017 - INFO - -- 'https://ipinfo.io/ip'에서 public IP를 추출합니다....
2025-09-01 13:51:06,559 - INFO - -- 'https://ipinfo.io/ip' : 118.235.10.17
2025-09-01 13:51:06,559 - INFO - [('N_Kin_QA-8757', '2025-09-01 13:51:06.017164', 'https://kin.naver.com/qna/detail.naver?d1id=7&dirId=70404&docId=488493442', 'nzfcd22238', '비공개', '밥약 장소 추천해 주세요?', '가볍게 식사할 만한 장소요.', '', '', '118.235.10.17')]
2025-09-01 13:51:06,559 - INFO - -----------------------------
2025-09-01 13:51:06,559 - INFO - [경고!] 구글 시트 '지식인' 작업 내역을 기입 중입니다 끄지마세요
2025-09-01 13:51:06,559 - INFO - 시트이름: [자문자답]작성내역
2025-09-01 13:51:06,559 - INFO - 구글 시트 로드 - 시도중....
2025-09-01 13:51:25,817 - INFO - ('Connection aborted.', RemoteDisconnected('Remote end closed connection without response')) - 네트워크 오류 발생. 5초 후 재시작. 재시도: 1/10
2025-09-01 13:51:30,818 - INFO - 시트이름: [자문자답]작성내역
2025-09-01 13:51:30,818 - INFO - 구글 시트 로드 - 시도중....
2025-09-01 13:51:33,190 - INFO - 구글 시트 로드 - 완료
2025-09-01 13:51:35,294 - INFO - Success 구글 시트에 작성이 완료되었습니다
2025-09-01 13:51:36,296 - INFO - 지식인(질문) :: 계정: nzfcd22238 - 작업 성공 / 제목: 밥약 장소 추천해 주세요?
2025-09-01 13:53:04,468 - INFO - ✅ chromedriver 종료 결과: ChromeDriver 종료
2025-09-01 13:53:04,470 - INFO - ✅ Chrome 종료 결과: Chrome 종료
2025-09-01 13:53:04,470 - INFO - ==================================
2025-09-01 13:53:04,470 - INFO - ★★★ IP 변경 - START ★★★
2025-09-01 13:53:04,470 - INFO - [#1 mobile_ip 전환 - try ]
2025-09-01 13:53:04,634 - INFO - [# USB테더링 전환 #] - 성공
2025-09-01 13:53:04,634 - INFO - [#1 mobile_ip 전환 - success ]
2025-09-01 13:53:04,634 - INFO - -----------------------------
2025-09-01 13:53:04,634 - INFO - [#2 before_ip 추출] - try
2025-09-01 13:53:04,634 - INFO - -- 'https://ipinfo.io/ip'에서 public IP를 추출합니다....
2025-09-01 13:53:05,208 - INFO - -- 'https://ipinfo.io/ip' : 118.235.10.17
2025-09-01 13:53:05,208 - INFO - [#2 before_ip 추출] - success : 118.235.10.17
2025-09-01 13:53:05,208 - INFO - -----------------------------
2025-09-01 13:53:05,575 - INFO - --- 모바일 데이터 off - 성공
2025-09-01 13:53:05,919 - INFO - --- 비행기 모드 on - 성공
2025-09-01 13:53:06,255 - INFO - --- 비행기 모드 off - 성공
2025-09-01 13:53:06,617 - INFO - --- 모바일 데이터 on - 성공
2025-09-01 13:53:06,617 - INFO - [#3 after_ip 추출] - try
2025-09-01 13:53:06,617 - INFO - -- 'https://ipinfo.io/ip'에서 public IP를 추출합니다....
2025-09-01 13:53:07,621 - INFO - - 추출 실패 1/3 재시도
2025-09-01 13:53:08,537 - INFO - -- 'https://ipinfo.io/ip' : 118.235.12.67
2025-09-01 13:53:08,537 - INFO - [#3 after_ip 추출] - success : 118.235.12.67
2025-09-01 13:53:08,537 - INFO - Success -IP 변경(성공): before 118.235.10.17 => after 118.235.12.67
2025-09-01 13:53:08,537 - INFO - ★★★ IP 변경 - Success ★★★
2025-09-01 13:53:08,537 - INFO - ==================================
2025-09-01 13:53:09,571 - INFO - C:\program_cookies 폴더 크기: 0.15 GB
2025-09-01 13:53:09,571 - INFO - 쿠키 기록을 남기도록 C:\program_cookies\PC_tf90il32 폴더를 지정합니다.
2025-09-01 13:53:09,571 - INFO - PC랜덤화면 크기를 불러옵니다.
2025-09-01 13:53:09,571 - INFO - fixed UA가 있습니다.
2025-09-01 13:53:09,571 - INFO - fixed된 UA는 Mozilla/5.0 (Windows NT 10.0; Win64; x64) AppleWebKit/537.36 (KHTML, like Gecko) Chrome/131.0.6778.205 Safari/537.36입니다.
2025-09-01 13:53:09,571 - INFO - 쿠기를 불러옵니다 쿠키가 없으면 cookies 폴더 안에 새로 생성합니다.
2025-09-01 13:53:09,571 - INFO - 크롬 드라이브 옵션 부여 완료!
2025-09-01 13:53:25,812 - INFO - ==================================
2025-09-01 13:53:25,812 - INFO - devicemetrics를 override 합니다..
2025-09-01 13:53:25,821 - INFO - geo 정보를 랜덤으로 변경합니다..
2025-09-01 13:53:25,821 - INFO - FIXED gps 정보를 적용합니다.
2025-09-01 13:53:25,821 - INFO - FIXED gps 정보는 {'latitude': 37.51984438, 'longitude': 126.9706907, 'accuracy': 100} 입니다.
2025-09-01 13:53:25,826 - INFO - 모든 변경이 완료되었습니다...
2025-09-01 13:53:25,827 - INFO - ~~~~~~~~~~
2025-09-01 13:53:26,206 - INFO - # Mobile 네이버 로그인 시작 --- [ NAVER__id : tf90il32 ] #
2025-09-01 13:53:28,093 - INFO - [완료] 1. 네이버 PC 홈페이지 get
2025-09-01 13:53:28,606 - INFO - [완료] 2. 네이버 계정 로그인 박스 - 확인
2025-09-01 13:53:47,915 - INFO - [완료] 3. 네이버 로그인
2025-09-01 13:53:47,915 - INFO - (PC) 메일 로그인 인증 작업을 시작합니다
2025-09-01 13:53:51,328 - INFO - 메일 내용 : 새로운 환경에서 로그인 되었습니다.
2025-09-01 13:53:51,333 - INFO - 새로운 환경 로그인 예 버튼을 누르러 들어갑니다.
2025-09-01 13:53:52,872 - INFO - '예' 버튼을 찾습니다.
2025-09-01 13:53:53,706 - INFO - 예 버튼을 찾았습니다. 예 버튼을 누릅니다.
2025-09-01 13:53:56,886 - INFO - [완료] 4. 네이버 메일 - 계정 로그인 확인
2025-09-01 13:53:57,078 - INFO - [완료] 5. 네이버 로그인이 정상적으로 완료되었습니다
2025-09-01 13:54:08,845 - INFO - 답변채택하라는 멘트가 없어서 다음으로 넘어갑니다.
2025-09-01 13:54:26,510 - INFO - Q&A > 경제 > 창업 > 서비스업
2025-09-01 13:54:41,690 - INFO - -----------------------------
2025-09-01 13:54:41,690 - INFO - -- 'https://ipinfo.io/ip'에서 public IP를 추출합니다....
2025-09-01 13:54:42,606 - INFO - -- 'https://ipinfo.io/ip' : 118.235.12.67
2025-09-01 13:54:42,606 - INFO - [('N_Kin_Viral-1837', '2025-09-01 13:54:41.690954', 'https://kin.naver.com/qna/detail.naver?d1id=4&dirId=40703&docId=488493509', 'tf90il32', '비공개', '냉온수기 렌탈 추천되나요?', '냉온수기 렌탈 알아보고 있는데 약정도 있고 렌탈료도 부담돼요. 유지비까지 생각하면 정말 괜찮은 건가 싶네요. 혹시 더 나은 선택이 있을까요?', '', '', '118.235.12.67')]
2025-09-01 13:54:42,606 - INFO - -----------------------------
2025-09-01 13:54:42,606 - INFO - [경고!] 구글 시트 '지식인' 작업 내역을 기입 중입니다 끄지마세요
2025-09-01 13:54:42,606 - INFO - 시트이름: [자문자답]작성내역
2025-09-01 13:54:42,606 - INFO - 구글 시트 로드 - 시도중....
2025-09-01 13:55:01,872 - INFO - ('Connection aborted.', RemoteDisconnected('Remote end closed connection without response')) - 네트워크 오류 발생. 5초 후 재시작. 재시도: 1/10
2025-09-01 13:55:06,873 - INFO - 시트이름: [자문자답]작성내역
2025-09-01 13:55:06,873 - INFO - 구글 시트 로드 - 시도중....
2025-09-01 13:55:09,410 - INFO - 구글 시트 로드 - 완료
2025-09-01 13:55:12,262 - INFO - Success 구글 시트에 작성이 완료되었습니다
2025-09-01 13:55:13,270 - INFO - 지식인(질문) :: 계정: tf90il32 - 작업 성공 / 제목: 냉온수기 렌탈 추천되나요?
2025-09-01 13:56:14,234 - INFO - 질문 작업 -  완료
2025-09-01 13:56:14,234 - INFO - ==================================
2025-09-01 13:56:14,430 - INFO - ✅ chromedriver 종료 결과: ChromeDriver 종료
2025-09-01 13:56:14,430 - INFO - ✅ Chrome 종료 결과: Chrome 종료
2025-09-01 13:56:14,432 - INFO - [휴식] 질문 완료 - 10 ~ 20초 휴식 후 댓글 작업을 시작합니다.
2025-09-01 13:56:25,752 - INFO - ==================================
2025-09-01 13:56:25,752 - INFO - # 2단계 : 답변을 시작합니다.
2025-09-01 13:56:25,752 - INFO - 시트이름: [자문자답]답변/대시보드
2025-09-01 13:56:25,752 - INFO - 구글 시트 로드 - 시도중....
2025-09-01 13:56:27,674 - INFO - 구글 시트 로드 - 완료
2025-09-01 13:56:28,371 - INFO - [자문자답]답변/대시보드 - Success 구글 시트에서 데이터를 성공적으로 가져왔습니다.
2025-09-01 13:56:28,387 - ERROR - 1/10번째 [ naver_kin_id_levelup.py 프로그램 ] - < Exception 발생 >
~~ 1번째 에러 도달 ~~
Traceback (most recent call last):
  File "c:\Users\user\anaconda3\envs\AutoPro\Lib\site-packages\pandas\core\indexes\base.py", line 3805, in get_loc
    return self._engine.get_loc(casted_key)
           ^^^^^^^^^^^^^^^^^^^^^^^^^^^^^^^^
  File "index.pyx", line 167, in pandas._libs.index.IndexEngine.get_loc
  File "index.pyx", line 196, in pandas._libs.index.IndexEngine.get_loc
  File "pandas\\_libs\\hashtable_class_helper.pxi", line 7081, in pandas._libs.hashtable.PyObjectHashTable.get_item
  File "pandas\\_libs\\hashtable_class_helper.pxi", line 7089, in pandas._libs.hashtable.PyObjectHashTable.get_item
KeyError: '제목'

The above exception was the direct cause of the following exception:

Traceback (most recent call last):
  File "C:\Users\user\Desktop\Bridzzi\src\naver\Kin\naver_kin_id_levelup.py", line 1374, in <module>
    if status := naver_kin_bot.kin_levelup_start():
                 ^^^^^^^^^^^^^^^^^^^^^^^^^^^^^^^^^
  File "C:\Users\user\Desktop\Bridzzi\util\platform\naver\n_kin_bot.py", line 1375, in kin_levelup_start
    success_answer = self.answer_process(count=3, delay_second=30)
                     ^^^^^^^^^^^^^^^^^^^^^^^^^^^^^^^^^^^^^^^^^^^^^
  File "C:\Users\user\Desktop\Bridzzi\util\platform\naver\n_kin_bot.py", line 1203, in answer_process
    error_message = f"관리번호: {data["내부관리번호"]} / ID: {data["ID"]} / 제목: {data["제목"]}\n"
                                                                                   ~~~~^^^^^^^^
  File "c:\Users\user\anaconda3\envs\AutoPro\Lib\site-packages\pandas\core\series.py", line 1121, in __getitem__
    return self._get_value(key)
           ^^^^^^^^^^^^^^^^^^^^
  File "c:\Users\user\anaconda3\envs\AutoPro\Lib\site-packages\pandas\core\series.py", line 1237, in _get_value
    loc = self.index.get_loc(label)
          ^^^^^^^^^^^^^^^^^^^^^^^^^
  File "c:\Users\user\anaconda3\envs\AutoPro\Lib\site-packages\pandas\core\indexes\base.py", line 3812, in get_loc
    raise KeyError(key) from err
KeyError: '제목'


오류가 발생하였습니다. 확인 부탁드립니다
2025-09-01 13:56:28,387 - ERROR - Traceback (most recent call last):
2025-09-01 13:56:28,387 - ERROR - File "c:\Users\user\anaconda3\envs\AutoPro\Lib\site-packages\pandas\core\indexes\base.py", line 3805, in get_loc
    return self._engine.get_loc(casted_key)
           ^^^^^^^^^^^^^^^^^^^^^^^^^^^^^^^^
2025-09-01 13:56:28,387 - ERROR - File "index.pyx", line 167, in pandas._libs.index.IndexEngine.get_loc
2025-09-01 13:56:28,387 - ERROR - File "index.pyx", line 196, in pandas._libs.index.IndexEngine.get_loc
2025-09-01 13:56:28,394 - ERROR - File "pandas\\_libs\\hashtable_class_helper.pxi", line 7081, in pandas._libs.hashtable.PyObjectHashTable.get_item
2025-09-01 13:56:28,394 - ERROR - File "pandas\\_libs\\hashtable_class_helper.pxi", line 7089, in pandas._libs.hashtable.PyObjectHashTable.get_item
2025-09-01 13:56:28,394 - ERROR - KeyError: '제목'
2025-09-01 13:56:28,394 - ERROR - The above exception was the direct cause of the following exception:
2025-09-01 13:56:28,394 - ERROR - Traceback (most recent call last):
2025-09-01 13:56:28,394 - ERROR - File "C:\Users\user\Desktop\Bridzzi\src\naver\Kin\naver_kin_id_levelup.py", line 1374, in <module>
    if status := naver_kin_bot.kin_levelup_start():
                 ^^^^^^^^^^^^^^^^^^^^^^^^^^^^^^^^^
2025-09-01 13:56:28,394 - ERROR - File "C:\Users\user\Desktop\Bridzzi\util\platform\naver\n_kin_bot.py", line 1375, in kin_levelup_start
    success_answer = self.answer_process(count=3, delay_second=30)
                     ^^^^^^^^^^^^^^^^^^^^^^^^^^^^^^^^^^^^^^^^^^^^^
2025-09-01 13:56:28,394 - ERROR - File "C:\Users\user\Desktop\Bridzzi\util\platform\naver\n_kin_bot.py", line 1203, in answer_process
    error_message = f"관리번호: {data["내부관리번호"]} / ID: {data["ID"]} / 제목: {data["제목"]}\n"
                                                                                   ~~~~^^^^^^^^
2025-09-01 13:56:28,394 - ERROR - File "c:\Users\user\anaconda3\envs\AutoPro\Lib\site-packages\pandas\core\series.py", line 1121, in __getitem__
    return self._get_value(key)
           ^^^^^^^^^^^^^^^^^^^^
2025-09-01 13:56:28,394 - ERROR - File "c:\Users\user\anaconda3\envs\AutoPro\Lib\site-packages\pandas\core\series.py", line 1237, in _get_value
    loc = self.index.get_loc(label)
          ^^^^^^^^^^^^^^^^^^^^^^^^^
2025-09-01 13:56:28,394 - ERROR - File "c:\Users\user\anaconda3\envs\AutoPro\Lib\site-packages\pandas\core\indexes\base.py", line 3812, in get_loc
    raise KeyError(key) from err
2025-09-01 13:56:28,394 - ERROR - KeyError: '제목'
2025-09-01 13:56:28,511 - INFO - ✅ chromedriver 종료 결과: ChromeDriver 종료
2025-09-01 13:56:28,511 - INFO - ✅ Chrome 종료 결과: Chrome 종료
2025-09-01 13:56:29,514 - INFO - ==================================
2025-09-01 13:56:29,514 - INFO - ★ 크롬 브라우저 - 자동 업데이트 ★
2025-09-01 13:56:29,652 - INFO - ==================================
2025-09-01 13:56:29,652 - INFO - ★ 이더넷(유선 & Wi-Fi) 전환 - 시도 ★
2025-09-01 13:56:29,807 - INFO - -----------------------------
2025-09-01 13:56:29,807 - INFO - 모바일 USB 어뎁터 - 비활성화(시도 & 명령어 작동)
2025-09-01 13:56:30,187 - INFO - -----------------------------
2025-09-01 13:56:30,187 - INFO - 이더넷(WI-FI, 랜선) 어뎁터 - 활성화(시도 & 명령어 작동)
2025-09-01 13:56:35,018 - INFO - 모바일 USB 어뎁터가 비활성화 되었습니다.
2025-09-01 13:56:41,934 - INFO - 이더넷 어뎁터가 활성화 되었습니다.
2025-09-01 13:56:42,390 - INFO - ★ 이더넷(유선 & Wi-Fi) 전환 - Success ★
2025-09-01 13:56:42,390 - INFO - ==================================
2025-09-01 13:56:42,532 - INFO - [현재 크롬 버전] : 139.0.7258.155
2025-09-01 13:56:43,901 - INFO - Chrome 업데이트를 확인하는 중...
2025-09-01 13:56:45,905 - INFO - ==================================
2025-09-01 13:56:45,905 - INFO - Chrome 상태 : Chrome이 최신 버전임
2025-09-01 13:56:45,905 - INFO - -----------------------------
2025-09-01 13:56:45,905 - INFO - ✅ Chrome이 최신 버전입니다. 종료합니다.
2025-09-01 13:56:45,905 - INFO - ==================================
2025-09-01 13:56:46,054 - INFO - ✅ chromedriver 종료 결과: ChromeDriver 종료
2025-09-01 13:56:46,054 - INFO - ✅ Chrome 종료 결과: Chrome 종료
2025-09-01 13:56:47,057 - INFO - ==================================
2025-09-01 13:56:47,057 - INFO - ==================================
2025-09-01 13:56:47,057 - INFO - # 1단계 : N지식인 질문하기 #
2025-09-01 13:56:47,057 - INFO - 시트이름: [자문자답]질문/대시보드
2025-09-01 13:56:47,057 - INFO - 구글 시트 로드 - 시도중....
2025-09-01 13:56:49,307 - INFO - 구글 시트 로드 - 완료
2025-09-01 13:56:49,987 - INFO - [자문자답]질문/대시보드 - Success 구글 시트에서 데이터를 성공적으로 가져왔습니다.
2025-09-01 13:56:50,098 - INFO - ✅ chromedriver 종료 결과: ChromeDriver 종료
2025-09-01 13:56:50,098 - INFO - ✅ Chrome 종료 결과: Chrome 종료
2025-09-01 13:56:50,098 - INFO - ==================================
2025-09-01 13:56:50,098 - INFO - ★★★ IP 변경 - START ★★★
2025-09-01 13:56:50,098 - INFO - [#1 mobile_ip 전환 - try ]
2025-09-01 13:56:50,243 - INFO - [ 모바일IP 전환 - 시도 ]
2025-09-01 13:56:50,272 - INFO - --- ADB 모바일 연결 [진행]
2025-09-01 13:56:50,350 - INFO - --- USB테더링 리미트 해제 [진행]
2025-09-01 13:56:51,910 - INFO - --- USB테더링 활성화 - 성공
2025-09-01 13:56:51,910 - INFO - -----------------------------
2025-09-01 13:56:52,798 - INFO - --- 모바일 USB 어뎁터 - 활성화(시도 & 명령어 작동)
2025-09-01 13:56:53,165 - INFO - --- USB 어댑터 찾기 및 활성화 시도 [완료]
2025-09-01 13:56:53,165 - INFO - --- 이더넷(WI-FI, 랜선) 어뎁터 - 비활성화(시도 & 명령어 작동)
2025-09-01 13:56:56,314 - INFO - --- USB 어댑터 외의 모든 어댑터 비활성화 시도 [완료]
2025-09-01 13:56:58,842 - INFO - --- USB 어뎁터가 활성화 [확인]
2025-09-01 13:57:01,171 - INFO - --- 이더넷 어뎁터가 비활성화 [확인]
2025-09-01 13:57:01,171 - INFO - -----------------------------
2025-09-01 13:57:01,229 - INFO - --- WiFi off - 성공
2025-09-01 13:57:01,301 - INFO - --- '모바일 데이터' on - 성공
2025-09-01 13:57:02,322 - INFO - ★ 모바일IP 전환 - Success ★
2025-09-01 13:57:02,322 - INFO - [# USB테더링 전환 #] - 성공
2025-09-01 13:57:02,322 - INFO - [#1 mobile_ip 전환 - success ]
2025-09-01 13:57:02,322 - INFO - -----------------------------
2025-09-01 13:57:02,338 - INFO - [#2 before_ip 추출] - try
2025-09-01 13:57:02,338 - INFO - -- 'https://ipinfo.io/ip'에서 public IP를 추출합니다....
2025-09-01 13:57:02,681 - INFO - -- 'https://ipinfo.io/ip' : 118.235.12.110
2025-09-01 13:57:02,681 - INFO - [#2 before_ip 추출] - success : 118.235.12.110
2025-09-01 13:57:02,681 - INFO - -----------------------------
2025-09-01 13:57:03,051 - INFO - --- 모바일 데이터 off - 성공
2025-09-01 13:57:03,400 - INFO - --- 비행기 모드 on - 성공
2025-09-01 13:57:03,755 - INFO - --- 비행기 모드 off - 성공
2025-09-01 13:57:04,127 - INFO - --- 모바일 데이터 on - 성공
2025-09-01 13:57:04,127 - INFO - [#3 after_ip 추출] - try
2025-09-01 13:57:04,127 - INFO - -- 'https://ipinfo.io/ip'에서 public IP를 추출합니다....
2025-09-01 13:57:05,129 - INFO - - 추출 실패 1/3 재시도
2025-09-01 13:57:06,079 - INFO - -- 'https://ipinfo.io/ip' : 39.7.28.130
2025-09-01 13:57:06,079 - INFO - [#3 after_ip 추출] - success : 39.7.28.130
2025-09-01 13:57:06,079 - INFO - Success -IP 변경(성공): before 118.235.12.110 => after 39.7.28.130
2025-09-01 13:57:06,079 - INFO - ★★★ IP 변경 - Success ★★★
2025-09-01 13:57:06,079 - INFO - ==================================
2025-09-01 13:57:07,129 - INFO - C:\program_cookies 폴더 크기: 0.22 GB
2025-09-01 13:57:07,129 - INFO - 쿠키 기록을 남기도록 C:\program_cookies\PC_codb90093 폴더를 지정합니다.
2025-09-01 13:57:07,129 - INFO - PC랜덤화면 크기를 불러옵니다.
2025-09-01 13:57:07,129 - INFO - fixed UA가 있습니다.
2025-09-01 13:57:07,129 - INFO - fixed된 UA는 Mozilla/5.0 (Windows NT 10.0; Win64; x64) AppleWebKit/537.36 (KHTML, like Gecko) Chrome/131.0.6778.205 Safari/537.36입니다.
2025-09-01 13:57:07,129 - INFO - 쿠기를 불러옵니다 쿠키가 없으면 cookies 폴더 안에 새로 생성합니다.
2025-09-01 13:57:07,129 - INFO - 크롬 드라이브 옵션 부여 완료!
