2025-09-01 13:59:30,238 - INFO - ==================================
2025-09-01 13:59:30,238 - INFO - # 2단계 : 답변을 시작합니다.
2025-09-01 13:59:30,238 - INFO - 시트이름: [자문자답]답변/대시보드
2025-09-01 13:59:30,238 - INFO - 구글 시트 로드 - 시도중....
2025-09-01 13:59:32,456 - INFO - 구글 시트 로드 - 완료
2025-09-01 13:59:33,311 - INFO - [자문자답]답변/대시보드 - Success 구글 시트에서 데이터를 성공적으로 가져왔습니다.
2025-09-01 13:59:33,311 - ERROR - 1/10번째 [ naver_kin_id_levelup.py 프로그램 ] - < Exception 발생 >
~~ 1번째 에러 도달 ~~
Traceback (most recent call last):
  File "C:\Users\user\Desktop\Bridzzi\src\naver\Kin\naver_kin_id_levelup.py", line 1374, in <module>
    if status := naver_kin_bot.kin_levelup_start():
                 ^^^^^^^^^^^^^^^^^^^^^^^^^^^^^^^^^
  File "C:\Users\user\Desktop\Bridzzi\util\platform\naver\n_kin_bot.py", line 1375, in kin_levelup_start
    success_answer = self.answer_process(count=3, delay_second=30)
                     ^^^^^^^^^^^^^^^^^^^^^^^^^^^^^^^^^^^^^^^^^^^^^
  File "C:\Users\user\Desktop\Bridzzi\util\platform\naver\n_kin_bot.py", line 1222, in answer_process
    if not self._ID_inint_browser02(data, comparison_ip=data['질문IP']):
           ^^^^^^^^^^^^^^^^^^^^^^^^^^^^^^^^^^^^^^^^^^^^^^^^^^^^^^^^^^^^
  File "C:\Users\user\Desktop\Bridzzi\util\platform\naver\n_kin_bot.py", line 1113, in _ID_inint_browser02
    if self.before_id != data['ID']:
       ^^^^^^^^^^^^^^
AttributeError: 'NaverKinBot' object has no attribute 'before_id'. Did you mean: 'before_ID'?


오류가 발생하였습니다. 확인 부탁드립니다
2025-09-01 13:59:33,320 - ERROR - Traceback (most recent call last):
2025-09-01 13:59:33,321 - ERROR - File "C:\Users\user\Desktop\Bridzzi\src\naver\Kin\naver_kin_id_levelup.py", line 1374, in <module>
    if status := naver_kin_bot.kin_levelup_start():
                 ^^^^^^^^^^^^^^^^^^^^^^^^^^^^^^^^^
2025-09-01 13:59:33,321 - ERROR - File "C:\Users\user\Desktop\Bridzzi\util\platform\naver\n_kin_bot.py", line 1375, in kin_levelup_start
    success_answer = self.answer_process(count=3, delay_second=30)
                     ^^^^^^^^^^^^^^^^^^^^^^^^^^^^^^^^^^^^^^^^^^^^^
2025-09-01 13:59:33,321 - ERROR - File "C:\Users\user\Desktop\Bridzzi\util\platform\naver\n_kin_bot.py", line 1222, in answer_process
    if not self._ID_inint_browser02(data, comparison_ip=data['질문IP']):
           ^^^^^^^^^^^^^^^^^^^^^^^^^^^^^^^^^^^^^^^^^^^^^^^^^^^^^^^^^^^^
2025-09-01 13:59:33,321 - ERROR - File "C:\Users\user\Desktop\Bridzzi\util\platform\naver\n_kin_bot.py", line 1113, in _ID_inint_browser02
    if self.before_id != data['ID']:
       ^^^^^^^^^^^^^^
2025-09-01 13:59:33,322 - ERROR - AttributeError: 'NaverKinBot' object has no attribute 'before_id'. Did you mean: 'before_ID'?
2025-09-01 13:59:33,535 - INFO - ✅ chromedriver 종료 결과: ChromeDriver 종료
2025-09-01 13:59:33,537 - INFO - ✅ Chrome 종료 결과: Chrome 종료
2025-09-01 13:59:34,538 - INFO - ==================================
2025-09-01 13:59:34,539 - INFO - ★ 크롬 브라우저 - 자동 업데이트 ★
2025-09-01 13:59:34,682 - INFO - ==================================
2025-09-01 13:59:34,682 - INFO - ★ 이더넷(유선 & Wi-Fi) 전환 - 시도 ★
2025-09-01 13:59:34,800 - INFO - -----------------------------
2025-09-01 13:59:34,800 - INFO - 모바일 USB 어뎁터 - 비활성화(시도 & 명령어 작동)
2025-09-01 13:59:35,166 - INFO - -----------------------------
2025-09-01 13:59:35,166 - INFO - 이더넷(WI-FI, 랜선) 어뎁터 - 활성화(시도 & 명령어 작동)
2025-09-01 13:59:39,971 - INFO - 모바일 USB 어뎁터가 비활성화 되었습니다.
2025-09-01 13:59:46,899 - INFO - 이더넷 어뎁터가 활성화 되었습니다.
2025-09-01 13:59:47,325 - INFO - ★ 이더넷(유선 & Wi-Fi) 전환 - Success ★
2025-09-01 13:59:47,325 - INFO - ==================================
2025-09-01 13:59:47,462 - INFO - [현재 크롬 버전] : 139.0.7258.155
2025-09-01 13:59:48,835 - INFO - Chrome 업데이트를 확인하는 중...
2025-09-01 13:59:50,837 - INFO - ==================================
2025-09-01 13:59:50,837 - INFO - Chrome 상태 : Chrome이 최신 버전임
2025-09-01 13:59:50,837 - INFO - -----------------------------
2025-09-01 13:59:50,837 - INFO - ✅ Chrome이 최신 버전입니다. 종료합니다.
2025-09-01 13:59:50,837 - INFO - ==================================
2025-09-01 13:59:50,990 - INFO - ✅ chromedriver 종료 결과: ChromeDriver 종료
2025-09-01 13:59:50,991 - INFO - ✅ Chrome 종료 결과: Chrome 종료
2025-09-01 13:59:51,993 - INFO - ==================================
2025-09-01 13:59:51,993 - INFO - ==================================
2025-09-01 13:59:51,993 - INFO - # 2단계 : 답변을 시작합니다.
2025-09-01 13:59:51,993 - INFO - 시트이름: [자문자답]답변/대시보드
2025-09-01 13:59:51,993 - INFO - 구글 시트 로드 - 시도중....
2025-09-01 13:59:54,103 - INFO - 구글 시트 로드 - 완료
2025-09-01 13:59:54,848 - INFO - [자문자답]답변/대시보드 - Success 구글 시트에서 데이터를 성공적으로 가져왔습니다.
2025-09-01 13:59:54,856 - ERROR - 2/10번째 [ naver_kin_id_levelup.py 프로그램 ] - < Exception 발생 >
~~ 2번째 에러 도달 ~~
Traceback (most recent call last):
  File "C:\Users\user\Desktop\Bridzzi\src\naver\Kin\naver_kin_id_levelup.py", line 1374, in <module>
    if status := naver_kin_bot.kin_levelup_start():
                 ^^^^^^^^^^^^^^^^^^^^^^^^^^^^^^^^^
  File "C:\Users\user\Desktop\Bridzzi\util\platform\naver\n_kin_bot.py", line 1375, in kin_levelup_start
    success_answer = self.answer_process(count=3, delay_second=30)
                     ^^^^^^^^^^^^^^^^^^^^^^^^^^^^^^^^^^^^^^^^^^^^^
  File "C:\Users\user\Desktop\Bridzzi\util\platform\naver\n_kin_bot.py", line 1222, in answer_process
    if not self._ID_inint_browser02(data, comparison_ip=data['질문IP']):
           ^^^^^^^^^^^^^^^^^^^^^^^^^^^^^^^^^^^^^^^^^^^^^^^^^^^^^^^^^^^^
  File "C:\Users\user\Desktop\Bridzzi\util\platform\naver\n_kin_bot.py", line 1113, in _ID_inint_browser02
    if self.before_id != data['ID']:
       ^^^^^^^^^^^^^^
AttributeError: 'NaverKinBot' object has no attribute 'before_id'. Did you mean: 'before_ID'?


오류가 발생하였습니다. 확인 부탁드립니다
2025-09-01 13:59:54,856 - ERROR - Traceback (most recent call last):
2025-09-01 13:59:54,859 - ERROR - File "C:\Users\user\Desktop\Bridzzi\src\naver\Kin\naver_kin_id_levelup.py", line 1374, in <module>
    if status := naver_kin_bot.kin_levelup_start():
                 ^^^^^^^^^^^^^^^^^^^^^^^^^^^^^^^^^
2025-09-01 13:59:54,859 - ERROR - File "C:\Users\user\Desktop\Bridzzi\util\platform\naver\n_kin_bot.py", line 1375, in kin_levelup_start
    success_answer = self.answer_process(count=3, delay_second=30)
                     ^^^^^^^^^^^^^^^^^^^^^^^^^^^^^^^^^^^^^^^^^^^^^
2025-09-01 13:59:54,859 - ERROR - File "C:\Users\user\Desktop\Bridzzi\util\platform\naver\n_kin_bot.py", line 1222, in answer_process
    if not self._ID_inint_browser02(data, comparison_ip=data['질문IP']):
           ^^^^^^^^^^^^^^^^^^^^^^^^^^^^^^^^^^^^^^^^^^^^^^^^^^^^^^^^^^^^
2025-09-01 13:59:54,859 - ERROR - File "C:\Users\user\Desktop\Bridzzi\util\platform\naver\n_kin_bot.py", line 1113, in _ID_inint_browser02
    if self.before_id != data['ID']:
       ^^^^^^^^^^^^^^
2025-09-01 13:59:54,859 - ERROR - AttributeError: 'NaverKinBot' object has no attribute 'before_id'. Did you mean: 'before_ID'?
2025-09-01 13:59:54,859 - INFO - 텔레그램 에러 메시지 : [ naver_kin_id_levelup.py 프로그램 ] - < Exception 발생 >
~~ 2번째 에러 도달 ~~
Traceback (most recent call last):
  File "C:\Users\user\Desktop\Bridzzi\src\naver\Kin\naver_kin_id_levelup.py", line 1374, in <module>
    if status := naver_kin_bot.kin_levelup_start():
                 ^^^^^^^^^^^^^^^^^^^^^^^^^^^^^^^^^
  File "C:\Users\user\Desktop\Bridzzi\util\platform\naver\n_kin_bot.py", line 1375, in kin_levelup_start
    success_answer = self.answer_process(count=3, delay_second=30)
                     ^^^^^^^^^^^^^^^^^^^^^^^^^^^^^^^^^^^^^^^^^^^^^
  File "C:\Users\user\Desktop\Bridzzi\util\platform\naver\n_kin_bot.py", line 1222, in answer_process
    if not self._ID_inint_browser02(data, comparison_ip=data['질문IP']):
           ^^^^^^^^^^^^^^^^^^^^^^^^^^^^^^^^^^^^^^^^^^^^^^^^^^^^^^^^^^^^
  File "C:\Users\user\Desktop\Bridzzi\util\platform\naver\n_kin_bot.py", line 1113, in _ID_inint_browser02
    if self.before_id != data['ID']:
       ^^^^^^^^^^^^^^
AttributeError: 'NaverKinBot' object has no attribute 'before_id'. Did you mean: 'before_ID'?
2025-09-01 13:59:55,963 - INFO - ✅ chromedriver 종료 결과: ChromeDriver 종료
2025-09-01 13:59:55,963 - INFO - ✅ Chrome 종료 결과: Chrome 종료
2025-09-01 13:59:56,965 - INFO - ==================================
2025-09-01 13:59:56,965 - INFO - ★ 크롬 브라우저 - 자동 업데이트 ★
2025-09-01 13:59:57,099 - INFO - [현재 크롬 버전] : 139.0.7258.155
2025-09-01 13:59:58,335 - INFO - Chrome 업데이트를 확인하는 중...
2025-09-01 14:00:00,342 - ERROR - Uncaught exception
Traceback (most recent call last):
  File "C:\Users\user\Desktop\Bridzzi\src\naver\Kin\naver_kin_id_levelup.py", line 1444, in <module>
    pcdriver.update_chromedriver()
  File "C:\Users\user\Desktop\Bridzzi\util\selenium\pcdriver.py", line 82, in update_chromedriver
    update_chrome()
  File "C:\Users\user\Desktop\Bridzzi\util\selenium\pcdriver.py", line 40, in update_chrome
    status = get_chrome_update_status(driver)
             ^^^^^^^^^^^^^^^^^^^^^^^^^^^^^^^^
  File "C:\Users\user\Desktop\Bridzzi\util\selenium\pcdriver.py", line 29, in get_chrome_update_status
    return driver.execute_script(script)
           ^^^^^^^^^^^^^^^^^^^^^^^^^^^^^
  File "c:\Users\user\anaconda3\envs\AutoPro\Lib\site-packages\selenium\webdriver\remote\webdriver.py", line 544, in execute_script
    return self.execute(command, {"script": script, "args": converted_args})["value"]
           ^^^^^^^^^^^^^^^^^^^^^^^^^^^^^^^^^^^^^^^^^^^^^^^^^^^^^^^^^^^^^^^^^
  File "c:\Users\user\anaconda3\envs\AutoPro\Lib\site-packages\selenium\webdriver\remote\webdriver.py", line 447, in execute
    self.error_handler.check_response(response)
  File "c:\Users\user\anaconda3\envs\AutoPro\Lib\site-packages\selenium\webdriver\remote\errorhandler.py", line 232, in check_response
    raise exception_class(message, screen, stacktrace)
selenium.common.exceptions.InvalidSessionIdException: Message: invalid session id: session deleted as the browser has closed the connection
from disconnected: not connected to DevTools
  (Session info: chrome=139.0.7258.155)
Stacktrace:
	GetHandleVerifier [0x0x7ff700853d85+79397]
	GetHandleVerifier [0x0x7ff700853de0+79488]
	(No symbol) [0x0x7ff7005fc0fa]
	(No symbol) [0x0x7ff7005e8355]
	(No symbol) [0x0x7ff70060ceee]
	(No symbol) [0x0x7ff7006827c5]
	(No symbol) [0x0x7ff7006a2c72]
	(No symbol) [0x0x7ff70067af73]
	(No symbol) [0x0x7ff7006441b1]
	(No symbol) [0x0x7ff700644f43]
	GetHandleVerifier [0x0x7ff700b1e1ed+3005069]
	GetHandleVerifier [0x0x7ff700b1831d+2980797]
	GetHandleVerifier [0x0x7ff700b37e0d+3110573]
	GetHandleVerifier [0x0x7ff70086d6de+184190]
	GetHandleVerifier [0x0x7ff70087516f+215567]
	GetHandleVerifier [0x0x7ff70085c974+115220]
	GetHandleVerifier [0x0x7ff70085cb29+115657]
	GetHandleVerifier [0x0x7ff700843268+11016]
	BaseThreadInitThunk [0x0x7ffb663ee8d7+23]
	RtlUserThreadStart [0x0x7ffb6865c34c+44]

