2025-10-13 15:07:29,389 - INFO - 현재시간 : 15시 7분
2025-10-13 15:07:34,076 - INFO - 시트이름: 프로그램/작동여부&보고멘트
2025-10-13 15:07:34,092 - INFO - 구글 시트 로드 - 시도중....
2025-10-13 15:07:35,657 - INFO - 구글 시트 로드 - 완료
2025-10-13 15:07:36,146 - INFO - 프로그램/작동여부&보고멘트 - Success 구글 시트에서 데이터를 성공적으로 가져왔습니다.
2025-10-13 15:07:36,146 - INFO - ==================================
2025-10-13 15:07:36,146 - INFO - N키워드 랭킹 - 수집 시작 ( 15시 7분 )
2025-10-13 15:07:36,146 - INFO - 시트이름: N지식인(링크)(Ir)
2025-10-13 15:07:36,146 - INFO - 구글 시트 로드 - 시도중....
2025-10-13 15:07:37,445 - INFO - 구글 시트 로드 - 완료
2025-10-13 15:07:37,976 - INFO - N지식인(링크)(Ir) - Success 구글 시트에서 데이터를 성공적으로 가져왔습니다.
2025-10-13 15:07:37,988 - INFO - 시트이름: N블로그(통합)
2025-10-13 15:07:37,988 - INFO - 구글 시트 로드 - 시도중....
2025-10-13 15:07:39,425 - INFO - 구글 시트 로드 - 완료
2025-10-13 15:07:40,140 - INFO - N블로그(통합) - Success 구글 시트에서 데이터를 성공적으로 가져왔습니다.
2025-10-13 15:07:40,143 - INFO - ==================================
2025-10-13 15:07:40,143 - INFO - ★ 크롬 브라우저 - 자동 업데이트 ★
2025-10-13 15:07:40,311 - INFO - [현재 크롬 버전] : 141.0.7390.77
2025-10-13 15:07:41,522 - INFO - Chrome 업데이트를 확인하는 중...
2025-10-13 15:07:43,523 - INFO - ==================================
2025-10-13 15:07:43,523 - INFO - Chrome 상태 : Chrome이 최신 버전임
2025-10-13 15:07:43,523 - INFO - -----------------------------
2025-10-13 15:07:43,523 - INFO - ✅ Chrome이 최신 버전입니다. 종료합니다.
2025-10-13 15:07:43,523 - INFO - ==================================
2025-10-13 15:07:43,674 - INFO - ✅ chromedriver 종료 결과: ChromeDriver 종료
2025-10-13 15:07:43,674 - INFO - ✅ Chrome 종료 결과: Chrome 종료
2025-10-13 15:07:44,675 - INFO - ==================================
2025-10-13 15:07:46,675 - INFO - PC랜덤화면크기를 불러옵니다.
2025-10-13 15:07:46,675 - INFO - fixed UA가 없어서 랜덤으로 PC UA 생성합니다.
2025-10-13 15:07:46,675 - INFO - 랜덤으로 생성된 UA는 Mozilla/5.0 (Windows NT 10.0; Win64; x64) AppleWebKit/537.36 (KHTML, like Gecko) Chrome/136.0.7103.48 Safari/537.36입니다.
2025-10-13 15:07:46,675 - INFO - 쿠기를 불러옵니다 쿠키가 없으면 cookies 폴더 안에 새로 생성합니다.
2025-10-13 15:07:46,679 - INFO - cookies 폴더 크기: 0.00 GB
2025-10-13 15:07:48,321 - INFO - ==================================
2025-10-13 15:07:48,328 - INFO - useragentdata를 cdp_cmd로 변경합니다..
2025-10-13 15:07:48,331 - INFO - Windows
2025-10-13 15:07:48,335 - INFO - navigator를 override 합니다..
2025-10-13 15:07:48,338 - INFO - devicemetrics를 override 합니다..
2025-10-13 15:07:48,340 - INFO - geo 정보를 랜덤으로 변경합니다..
2025-10-13 15:07:48,341 - INFO - FIXED gps 정보가 없어서 랜덤으로 생성합니다
2025-10-13 15:07:48,341 - INFO - RANDOM gps 정보는 {'latitude': 37.56731121073218, 'longitude': 127.07945628306906, 'accuracy': 100} 입니다.
2025-10-13 15:07:51,899 - INFO - 시트이름: 검색순위/입력&대시보드TEST
2025-10-13 15:07:51,899 - INFO - 구글 시트 로드 - 시도중....
2025-10-13 15:07:53,156 - INFO - 구글 시트 로드 - 완료
2025-10-13 15:07:53,499 - INFO - 검색순위/입력&대시보드TEST - Success 구글 시트에서 데이터를 성공적으로 가져왔습니다.
2025-10-13 15:07:53,499 - INFO - ==================================
2025-10-13 15:07:53,499 - INFO - '프라이빗골프대리서비스' 키워드 검색 순위를 탐색합니다.
2025-10-13 15:07:53,499 - INFO - 1. N통합검색 '프라이빗골프대리서비스' 키워드 검색 순위를 탐색합니다.
2025-10-13 15:07:54,069 - INFO - ====> https://search.naver.com/search.naver?where=nexearch&sm=top_hty&fbm=0&ie=utf8&query=%ED%94%84%EB%9D%BC%EC%9D%B4%EB%B9%97%EA%B3%A8%ED%94%84%EB%8C%80%EB%A6%AC%EC%84%9C%EB%B9%84%EC%8A%A4
2025-10-13 15:08:02,030 - INFO - 시트이름: 통합+인기글_순위/데이터
2025-10-13 15:08:02,030 - INFO - 구글 시트 로드 - 시도중....
2025-10-13 15:08:03,338 - INFO - 구글 시트 로드 - 완료
2025-10-13 15:08:04,254 - INFO - 2. N블로그 '프라이빗골프대리서비스' 키워드 검색 순위를 탐색합니다.
2025-10-13 15:08:04,735 - INFO - ====> https://search.naver.com/search.naver?ssc=tab.blog.all&sm=tab_jum&query=%ED%94%84%EB%9D%BC%EC%9D%B4%EB%B9%97%EA%B3%A8%ED%94%84%EB%8C%80%EB%A6%AC%EC%84%9C%EB%B9%84%EC%8A%A4
2025-10-13 15:08:09,452 - INFO - 시트이름: 블로그_순위/데이터
2025-10-13 15:08:09,452 - INFO - 구글 시트 로드 - 시도중....
2025-10-13 15:08:10,810 - INFO - 구글 시트 로드 - 완료
2025-10-13 15:08:11,706 - INFO - 3. N지식인 '프라이빗골프대리서비스' 키워드 검색 순위를 탐색합니다.
2025-10-13 15:08:11,929 - INFO - ====> https://search.naver.com/search.naver?ssc=tab.kin.kqna&where=kin&sm=tab_jum&query=%ED%94%84%EB%9D%BC%EC%9D%B4%EB%B9%97%EA%B3%A8%ED%94%84%EB%8C%80%EB%A6%AC%EC%84%9C%EB%B9%84%EC%8A%A4
2025-10-13 15:08:16,496 - INFO - 시트이름: 검색순위/작업내역
2025-10-13 15:08:16,496 - INFO - 구글 시트 로드 - 시도중....
2025-10-13 15:08:17,762 - INFO - 구글 시트 로드 - 완료
2025-10-13 15:08:17,763 - INFO - 시트이름: 검색순위/작업내역
2025-10-13 15:08:17,763 - INFO - 구글 시트 로드 - 시도중....
2025-10-13 15:08:19,124 - INFO - 구글 시트 로드 - 완료
2025-10-13 15:08:19,442 - INFO - 검색순위/작업내역 - Success 구글 시트에서 데이터를 성공적으로 가져왔습니다.
2025-10-13 15:08:19,976 - INFO - 구글 시트에 기록이 완료되었습니다.
2025-10-13 15:08:19,976 - INFO - ==================================
2025-10-13 15:08:19,977 - INFO - ==================================
2025-10-13 15:08:19,977 - INFO - '대리운전알바' 키워드 검색 순위를 탐색합니다.
2025-10-13 15:08:19,977 - INFO - 1. N통합검색 '대리운전알바' 키워드 검색 순위를 탐색합니다.
2025-10-13 15:08:20,609 - INFO - ====> https://search.naver.com/search.naver?where=nexearch&sm=top_hty&fbm=0&ie=utf8&query=%EB%8C%80%EB%A6%AC%EC%9A%B4%EC%A0%84%EC%95%8C%EB%B0%94
2025-10-13 15:08:27,216 - INFO - AttributeError: 'NoneType' object has no attribute 'get'
2025-10-13 15:08:27,216 - INFO - 2. N블로그 '대리운전알바' 키워드 검색 순위를 탐색합니다.
2025-10-13 15:08:27,854 - INFO - ====> https://search.naver.com/search.naver?ssc=tab.blog.all&sm=tab_jum&query=%EB%8C%80%EB%A6%AC%EC%9A%B4%EC%A0%84%EC%95%8C%EB%B0%94
2025-10-13 15:08:32,815 - INFO - 시트이름: 블로그_순위/데이터
2025-10-13 15:08:32,816 - INFO - 구글 시트 로드 - 시도중....
2025-10-13 15:08:34,001 - INFO - 구글 시트 로드 - 완료
2025-10-13 15:08:35,066 - INFO - 3. N지식인 '대리운전알바' 키워드 검색 순위를 탐색합니다.
2025-10-13 15:08:35,315 - INFO - ====> https://search.naver.com/search.naver?ssc=tab.kin.kqna&where=kin&sm=tab_jum&query=%EB%8C%80%EB%A6%AC%EC%9A%B4%EC%A0%84%EC%95%8C%EB%B0%94
2025-10-13 15:08:39,962 - INFO - 시트이름: 검색순위/작업내역
2025-10-13 15:08:39,963 - INFO - 구글 시트 로드 - 시도중....
2025-10-13 15:08:41,313 - INFO - 구글 시트 로드 - 완료
2025-10-13 15:08:41,313 - INFO - 시트이름: 검색순위/작업내역
2025-10-13 15:08:41,314 - INFO - 구글 시트 로드 - 시도중....
2025-10-13 15:08:42,710 - INFO - 구글 시트 로드 - 완료
2025-10-13 15:08:43,040 - INFO - 검색순위/작업내역 - Success 구글 시트에서 데이터를 성공적으로 가져왔습니다.
2025-10-13 15:08:43,768 - INFO - 구글 시트에 기록이 완료되었습니다.
2025-10-13 15:08:43,769 - INFO - ==================================
2025-10-13 15:08:43,769 - INFO - ==================================
2025-10-13 15:08:43,769 - INFO - '대리기사모집' 키워드 검색 순위를 탐색합니다.
2025-10-13 15:08:43,769 - INFO - 1. N통합검색 '대리기사모집' 키워드 검색 순위를 탐색합니다.
2025-10-13 15:08:44,367 - INFO - ====> https://search.naver.com/search.naver?where=nexearch&sm=top_hty&fbm=0&ie=utf8&query=%EB%8C%80%EB%A6%AC%EA%B8%B0%EC%82%AC%EB%AA%A8%EC%A7%91
2025-10-13 15:08:51,401 - INFO - 2. N블로그 '대리기사모집' 키워드 검색 순위를 탐색합니다.
2025-10-13 15:08:52,027 - INFO - ====> https://search.naver.com/search.naver?ssc=tab.blog.all&sm=tab_jum&query=%EB%8C%80%EB%A6%AC%EA%B8%B0%EC%82%AC%EB%AA%A8%EC%A7%91
2025-10-13 15:08:56,600 - INFO - 시트이름: 블로그_순위/데이터
2025-10-13 15:08:56,600 - INFO - 구글 시트 로드 - 시도중....
2025-10-13 15:08:57,808 - INFO - 구글 시트 로드 - 완료
2025-10-13 15:08:58,680 - INFO - 3. N지식인 '대리기사모집' 키워드 검색 순위를 탐색합니다.
2025-10-13 15:08:59,043 - INFO - ====> https://search.naver.com/search.naver?ssc=tab.kin.kqna&where=kin&sm=tab_jum&query=%EB%8C%80%EB%A6%AC%EA%B8%B0%EC%82%AC%EB%AA%A8%EC%A7%91
2025-10-13 15:09:03,725 - INFO - 시트이름: 검색순위/작업내역
2025-10-13 15:09:03,725 - INFO - 구글 시트 로드 - 시도중....
2025-10-13 15:09:05,024 - INFO - 구글 시트 로드 - 완료
2025-10-13 15:09:05,024 - INFO - 시트이름: 검색순위/작업내역
2025-10-13 15:09:05,025 - INFO - 구글 시트 로드 - 시도중....
2025-10-13 15:09:06,347 - INFO - 구글 시트 로드 - 완료
2025-10-13 15:09:06,693 - INFO - 검색순위/작업내역 - Success 구글 시트에서 데이터를 성공적으로 가져왔습니다.
2025-10-13 15:09:07,232 - INFO - 구글 시트에 기록이 완료되었습니다.
2025-10-13 15:09:07,232 - INFO - ==================================
2025-10-13 15:09:07,233 - INFO - ==================================
2025-10-13 15:09:07,233 - INFO - '탁송기사모집' 키워드 검색 순위를 탐색합니다.
2025-10-13 15:09:07,233 - INFO - 1. N통합검색 '탁송기사모집' 키워드 검색 순위를 탐색합니다.
2025-10-13 15:09:07,821 - INFO - ====> https://search.naver.com/search.naver?where=nexearch&sm=top_hty&fbm=0&ie=utf8&query=%ED%83%81%EC%86%A1%EA%B8%B0%EC%82%AC%EB%AA%A8%EC%A7%91
2025-10-13 15:09:15,031 - INFO - 2. N블로그 '탁송기사모집' 키워드 검색 순위를 탐색합니다.
2025-10-13 15:09:15,790 - INFO - ====> https://search.naver.com/search.naver?ssc=tab.blog.all&sm=tab_jum&query=%ED%83%81%EC%86%A1%EA%B8%B0%EC%82%AC%EB%AA%A8%EC%A7%91
2025-10-13 15:09:19,700 - INFO - 시트이름: 블로그_순위/데이터
2025-10-13 15:09:19,700 - INFO - 구글 시트 로드 - 시도중....
2025-10-13 15:09:21,094 - INFO - 구글 시트 로드 - 완료
2025-10-13 15:09:21,978 - INFO - 3. N지식인 '탁송기사모집' 키워드 검색 순위를 탐색합니다.
2025-10-13 15:09:21,987 - ERROR - 1/10번째 [ naver_search_rank_kakao_message.py 프로그램 ] - < Exception 발생 >
~~ 1번째 에러 도달 ~~
Traceback (most recent call last):
  File "C:\Users\user\Desktop\Bridzzi\src\naver\Report\naver_search_rank_kakao_message.py", line 700, in <module>
    main_process()
  File "C:\Users\user\Desktop\Bridzzi\src\naver\Report\naver_search_rank_kakao_message.py", line 619, in main_process
    keyword_rank_search_start(keyword_rank__googlesheet)
  File "C:\Users\user\Desktop\Bridzzi\src\naver\Report\naver_search_rank_kakao_message.py", line 573, in keyword_rank_search_start
    bridzzi_kin_rank_data = get_n_kin_rank_data(browser, bridzzi_kins, keyword)
                            ^^^^^^^^^^^^^^^^^^^^^^^^^^^^^^^^^^^^^^^^^^^^^^^^^^^
  File "C:\Users\user\Desktop\Bridzzi\src\naver\Report\naver_search_rank_kakao_message.py", line 440, in get_n_kin_rank_data
    browser.get(url)
  File "c:\Users\user\anaconda3\envs\AutoPro\Lib\site-packages\selenium\webdriver\remote\webdriver.py", line 472, in get
    self.execute(Command.GET, {"url": url})
  File "c:\Users\user\anaconda3\envs\AutoPro\Lib\site-packages\selenium\webdriver\remote\webdriver.py", line 447, in execute
    self.error_handler.check_response(response)
  File "c:\Users\user\anaconda3\envs\AutoPro\Lib\site-packages\selenium\webdriver\remote\errorhandler.py", line 232, in check_response
    raise exception_class(message, screen, stacktrace)
selenium.common.exceptions.InvalidSessionIdException: Message: invalid session id: session deleted as the browser has closed the connection
from disconnected: not connected to DevTools
  (Session info: chrome=141.0.7390.77)
Stacktrace:
	GetHandleVerifier [0x0x105fea3+66515]
	GetHandleVerifier [0x0x105fee4+66580]
	(No symbol) [0x0xe4dc48]
	(No symbol) [0x0xe3ce80]
	(No symbol) [0x0xe5b81b]
	(No symbol) [0x0xec1c25]
	(No symbol) [0x0xedc4d9]
	(No symbol) [0x0xebafc6]
	(No symbol) [0x0xe8c2ca]
	(No symbol) [0x0xe8d154]
	GetHandleVerifier [0x0x12b73d3+2521347]
	GetHandleVerifier [0x0x12b2353+2500739]
	GetHandleVerifier [0x0x1087cf4+229924]
	GetHandleVerifier [0x0x1078258+165768]
	GetHandleVerifier [0x0x107ed0d+193085]
	GetHandleVerifier [0x0x10681b8+100072]
	GetHandleVerifier [0x0x1068350+100480]
	GetHandleVerifier [0x0x105260a+11066]
	BaseThreadInitThunk [0x0x752f5d49+25]
	RtlInitializeExceptionChain [0x0x7772d6db+107]
	RtlGetAppContainerNamedObjectPath [0x0x7772d661+561]



오류가 발생하였습니다. 확인 부탁드립니다
2025-10-13 15:09:21,989 - ERROR - Traceback (most recent call last):
2025-10-13 15:09:21,989 - ERROR - File "C:\Users\user\Desktop\Bridzzi\src\naver\Report\naver_search_rank_kakao_message.py", line 700, in <module>
    main_process()
2025-10-13 15:09:21,989 - ERROR - File "C:\Users\user\Desktop\Bridzzi\src\naver\Report\naver_search_rank_kakao_message.py", line 619, in main_process
    keyword_rank_search_start(keyword_rank__googlesheet)
2025-10-13 15:09:21,989 - ERROR - File "C:\Users\user\Desktop\Bridzzi\src\naver\Report\naver_search_rank_kakao_message.py", line 573, in keyword_rank_search_start
    bridzzi_kin_rank_data = get_n_kin_rank_data(browser, bridzzi_kins, keyword)
                            ^^^^^^^^^^^^^^^^^^^^^^^^^^^^^^^^^^^^^^^^^^^^^^^^^^^
2025-10-13 15:09:21,989 - ERROR - File "C:\Users\user\Desktop\Bridzzi\src\naver\Report\naver_search_rank_kakao_message.py", line 440, in get_n_kin_rank_data
    browser.get(url)
2025-10-13 15:09:21,991 - ERROR - File "c:\Users\user\anaconda3\envs\AutoPro\Lib\site-packages\selenium\webdriver\remote\webdriver.py", line 472, in get
    self.execute(Command.GET, {"url": url})
2025-10-13 15:09:21,991 - ERROR - File "c:\Users\user\anaconda3\envs\AutoPro\Lib\site-packages\selenium\webdriver\remote\webdriver.py", line 447, in execute
    self.error_handler.check_response(response)
2025-10-13 15:09:21,991 - ERROR - File "c:\Users\user\anaconda3\envs\AutoPro\Lib\site-packages\selenium\webdriver\remote\errorhandler.py", line 232, in check_response
    raise exception_class(message, screen, stacktrace)
2025-10-13 15:09:21,991 - ERROR - selenium.common.exceptions.InvalidSessionIdException: Message: invalid session id: session deleted as the browser has closed the connection
from disconnected: not connected to DevTools
  (Session info: chrome=141.0.7390.77)
Stacktrace:
	GetHandleVerifier [0x0x105fea3+66515]
	GetHandleVerifier [0x0x105fee4+66580]
	(No symbol) [0x0xe4dc48]
	(No symbol) [0x0xe3ce80]
	(No symbol) [0x0xe5b81b]
	(No symbol) [0x0xec1c25]
	(No symbol) [0x0xedc4d9]
	(No symbol) [0x0xebafc6]
	(No symbol) [0x0xe8c2ca]
	(No symbol) [0x0xe8d154]
	GetHandleVerifier [0x0x12b73d3+2521347]
	GetHandleVerifier [0x0x12b2353+2500739]
	GetHandleVerifier [0x0x1087cf4+229924]
	GetHandleVerifier [0x0x1078258+165768]
	GetHandleVerifier [0x0x107ed0d+193085]
	GetHandleVerifier [0x0x10681b8+100072]
	GetHandleVerifier [0x0x1068350+100480]
	GetHandleVerifier [0x0x105260a+11066]
	BaseThreadInitThunk [0x0x752f5d49+25]
	RtlInitializeExceptionChain [0x0x7772d6db+107]
	RtlGetAppContainerNamedObjectPath [0x0x7772d661+561]
2025-10-13 15:09:21,992 - INFO - ==================================
2025-10-13 15:09:21,992 - INFO - ★ 크롬 브라우저 - 자동 업데이트 ★
2025-10-13 15:09:22,185 - INFO - [현재 크롬 버전] : 141.0.7390.77
2025-10-13 15:09:23,439 - INFO - Chrome 업데이트를 확인하는 중...
2025-10-13 15:09:25,567 - INFO - ✅ chromedriver 종료 결과: ChromeDriver 종료
2025-10-13 15:09:25,567 - INFO - ✅ Chrome 종료 결과: Chrome 종료
2025-10-13 15:09:25,567 - ERROR - Uncaught exception
Traceback (most recent call last):
  File "C:\Users\user\Desktop\Bridzzi\src\naver\Report\naver_search_rank_kakao_message.py", line 700, in <module>
    main_process()
  File "C:\Users\user\Desktop\Bridzzi\src\naver\Report\naver_search_rank_kakao_message.py", line 619, in main_process
    keyword_rank_search_start(keyword_rank__googlesheet)
  File "C:\Users\user\Desktop\Bridzzi\src\naver\Report\naver_search_rank_kakao_message.py", line 573, in keyword_rank_search_start
    bridzzi_kin_rank_data = get_n_kin_rank_data(browser, bridzzi_kins, keyword)
                            ^^^^^^^^^^^^^^^^^^^^^^^^^^^^^^^^^^^^^^^^^^^^^^^^^^^
  File "C:\Users\user\Desktop\Bridzzi\src\naver\Report\naver_search_rank_kakao_message.py", line 440, in get_n_kin_rank_data
    browser.get(url)
  File "c:\Users\user\anaconda3\envs\AutoPro\Lib\site-packages\selenium\webdriver\remote\webdriver.py", line 472, in get
    self.execute(Command.GET, {"url": url})
  File "c:\Users\user\anaconda3\envs\AutoPro\Lib\site-packages\selenium\webdriver\remote\webdriver.py", line 447, in execute
    self.error_handler.check_response(response)
  File "c:\Users\user\anaconda3\envs\AutoPro\Lib\site-packages\selenium\webdriver\remote\errorhandler.py", line 232, in check_response
    raise exception_class(message, screen, stacktrace)
selenium.common.exceptions.InvalidSessionIdException: Message: invalid session id: session deleted as the browser has closed the connection
from disconnected: not connected to DevTools
  (Session info: chrome=141.0.7390.77)
Stacktrace:
	GetHandleVerifier [0x0x105fea3+66515]
	GetHandleVerifier [0x0x105fee4+66580]
	(No symbol) [0x0xe4dc48]
	(No symbol) [0x0xe3ce80]
	(No symbol) [0x0xe5b81b]
	(No symbol) [0x0xec1c25]
	(No symbol) [0x0xedc4d9]
	(No symbol) [0x0xebafc6]
	(No symbol) [0x0xe8c2ca]
	(No symbol) [0x0xe8d154]
	GetHandleVerifier [0x0x12b73d3+2521347]
	GetHandleVerifier [0x0x12b2353+2500739]
	GetHandleVerifier [0x0x1087cf4+229924]
	GetHandleVerifier [0x0x1078258+165768]
	GetHandleVerifier [0x0x107ed0d+193085]
	GetHandleVerifier [0x0x10681b8+100072]
	GetHandleVerifier [0x0x1068350+100480]
	GetHandleVerifier [0x0x105260a+11066]
	BaseThreadInitThunk [0x0x752f5d49+25]
	RtlInitializeExceptionChain [0x0x7772d6db+107]
	RtlGetAppContainerNamedObjectPath [0x0x7772d661+561]


During handling of the above exception, another exception occurred:

Traceback (most recent call last):
  File "C:\Users\user\Desktop\Bridzzi\src\naver\Report\naver_search_rank_kakao_message.py", line 758, in <module>
    pcdriver.update_chromedriver()
  File "C:\Users\user\Desktop\Bridzzi\util\selenium\pcdriver.py", line 82, in update_chromedriver
    update_chrome()
  File "C:\Users\user\Desktop\Bridzzi\util\selenium\pcdriver.py", line 40, in update_chrome
    status = get_chrome_update_status(driver)
             ^^^^^^^^^^^^^^^^^^^^^^^^^^^^^^^^
  File "C:\Users\user\Desktop\Bridzzi\util\selenium\pcdriver.py", line 29, in get_chrome_update_status
    return driver.execute_script(script)
           ^^^^^^^^^^^^^^^^^^^^^^^^^^^^^
  File "c:\Users\user\anaconda3\envs\AutoPro\Lib\site-packages\selenium\webdriver\remote\webdriver.py", line 544, in execute_script
    return self.execute(command, {"script": script, "args": converted_args})["value"]
           ^^^^^^^^^^^^^^^^^^^^^^^^^^^^^^^^^^^^^^^^^^^^^^^^^^^^^^^^^^^^^^^^^
  File "c:\Users\user\anaconda3\envs\AutoPro\Lib\site-packages\selenium\webdriver\remote\webdriver.py", line 447, in execute
    self.error_handler.check_response(response)
  File "c:\Users\user\anaconda3\envs\AutoPro\Lib\site-packages\selenium\webdriver\remote\errorhandler.py", line 232, in check_response
    raise exception_class(message, screen, stacktrace)
selenium.common.exceptions.InvalidSessionIdException: Message: invalid session id: session deleted as the browser has closed the connection
from disconnected: not connected to DevTools
  (Session info: chrome=141.0.7390.77)
Stacktrace:
	GetHandleVerifier [0x0x7ff746abe955+80021]
	GetHandleVerifier [0x0x7ff746abe9b0+80112]
	(No symbol) [0x0x7ff74684060f]
	(No symbol) [0x0x7ff74682c145]
	(No symbol) [0x0x7ff74685177a]
	(No symbol) [0x0x7ff7468c8b06]
	(No symbol) [0x0x7ff7468e8fa2]
	(No symbol) [0x0x7ff7468c1003]
	(No symbol) [0x0x7ff7468895d1]
	(No symbol) [0x0x7ff74688a3f3]
	GetHandleVerifier [0x0x7ff746d7dd0d+2960461]
	GetHandleVerifier [0x0x7ff746d77fca+2936586]
	GetHandleVerifier [0x0x7ff746d98a07+3070279]
	GetHandleVerifier [0x0x7ff746ad843e+185214]
	GetHandleVerifier [0x0x7ff746adfe8f+216527]
	GetHandleVerifier [0x0x7ff746ac7b94+117460]
	GetHandleVerifier [0x0x7ff746ac7d4f+117903]
	GetHandleVerifier [0x0x7ff746aadc28+11112]
	BaseThreadInitThunk [0x0x7ffd10c9e8d7+23]
	RtlUserThreadStart [0x0x7ffd11708d9c+44]

