2025-07-21 15:44:29,859 - INFO - 대시보드 TEST - Success 구글 시트에서 데이터를 성공적으로 가져왔습니다.
2025-07-21 15:44:29,859 - INFO - ==================================
2025-07-21 15:44:29,859 - INFO - 21
2025-07-21 15:44:30,235 - INFO - C:\program_cookies 폴더 크기: 0.97 GB
2025-07-21 15:44:30,262 - INFO - C:\program_cookies\PC_dnghwhd8819@naver.com 폴더 크기: 0.09 GB
2025-07-21 15:44:30,262 - INFO - 쿠키 기록을 남기도록 C:\program_cookies\PC_dnghwhd8819@naver.com 폴더를 지정합니다.
2025-07-21 15:44:30,263 - INFO - PC랜덤화면 크기를 불러옵니다.
2025-07-21 15:44:30,263 - INFO - fixed UA가 있습니다.
2025-07-21 15:44:30,263 - INFO - fixed된 UA는 Mozilla/5.0 (Windows NT 10.0; Win64; x64) AppleWebKit/537.36 (KHTML, like Gecko) Chrome/129.0.0.0 Safari/537.36입니다.
2025-07-21 15:44:30,263 - INFO - 쿠기를 불러옵니다 쿠키가 없으면 cookies 폴더 안에 새로 생성합니다.
2025-07-21 15:44:30,263 - INFO - 크롬 드라이브 옵션 부여 완료!
2025-07-21 15:44:32,935 - INFO - ==================================
2025-07-21 15:44:32,935 - INFO - devicemetrics를 override 합니다..
2025-07-21 15:44:32,940 - INFO - geo 정보를 랜덤으로 변경합니다..
2025-07-21 15:44:32,942 - INFO - FIXED gps 정보를 적용합니다.
2025-07-21 15:44:32,942 - INFO - FIXED gps 정보는 {'latitude': 37.6653341, 'longitude': 127.075382, 'accuracy': 100} 입니다.
2025-07-21 15:44:32,948 - INFO - 모든 변경이 완료되었습니다...
2025-07-21 15:44:32,949 - INFO - ~~~~~~~~~~
2025-07-21 15:44:35,748 - INFO - 로그인이 되어있지 않아 로그인 과정을 진행합니다.
2025-07-21 15:44:38,934 - INFO - 티스토리를 선택하고, 선택한 티스토리로 이동합니다.
2025-07-21 15:44:45,678 - INFO - Alert Message:
2025-07-21 15:44:45,678 - INFO - 2025. 7. 21. 15:42에 저장된 글이 있습니다.
이어서 작성하시겠습니까?
2025-07-21 15:44:46,090 - INFO - 작성되는글이 있어서 취소를 눌렀습니다.
2025-07-21 15:44:47,664 - INFO - 카테고리 선택을 시작합니다
2025-07-21 15:44:47,684 - INFO - '공간대여정보' 카테고리를 선택합니다
2025-07-21 15:44:49,042 - INFO - 카테고리 선택을 완료했습니다
2025-07-21 15:44:49,042 - INFO - stop_check: False
2025-07-21 15:44:49,042 - INFO - 랜덤이미지 경로에서 이미지 파일 찾기를 시작합니다.
2025-07-21 15:44:49,047 - INFO - 전체 랜덤이미지 개수는 3개입니다.
2025-07-21 15:45:12,373 - INFO - [선택사진]: 이거뭐에요.jpg(하이퍼링크:www.naver.com)
2025-07-21 15:45:12,373 - INFO - 파일 삭제: C:\브리찌\sysuk0307_브리찌 소개\선택사진\Output\이거뭐에요.jpg
2025-07-21 15:45:12,875 - INFO - C:\브리찌\sysuk0307_브리찌 소개\선택사진\Output\이거뭐에요.jpg
2025-07-21 15:45:12,876 - INFO - C:\브리찌\sysuk0307_브리찌 소개\선택사진\Output\이거뭐에요.jpg - 이미지 처리(썸네일 및 메타데이터 삭제) 시작
2025-07-21 15:45:13,986 - INFO - 변경 전 메타데이터
2025-07-21 15:45:13,986 - INFO - {'0th': {}, 'Exif': {}, 'GPS': {}, 'Interop': {}, '1st': {}, 'thumbnail': None}
2025-07-21 15:45:13,987 - INFO - 변경 후 메타데이터
2025-07-21 15:45:13,988 - INFO - {'0th': {}, 'Exif': {}, 'GPS': {}, 'Interop': {}, '1st': {}, 'thumbnail': None}
2025-07-21 15:45:13,989 - INFO - 메타데이터가 추가되었습니다.
2025-07-21 15:45:13,989 - INFO - 추가된 메타데이터:
2025-07-21 15:45:13,994 - INFO - {'0th': {306: b'2025:06:29 15:45:13', 34665: 58}, 'Exif': {36867: b'2025:06:29 15:45:13', 36868: b'2025:06:29 15:45:13'}, 'GPS': {}, 'Interop': {}, '1st': {}, 'thumbnail': None}
2025-07-21 15:45:14,000 - INFO - C:\브리찌\sysuk0307_브리찌 소개\썸네일 - 썸네일 제작 (시작)
2025-07-21 15:45:14,001 - INFO - -- 이미지 크기: 225x225
2025-07-21 15:45:14,874 - INFO - 18.0
2025-07-21 15:45:14,880 - INFO - C:\브리찌\sysuk0307_브리찌 소개\썸네일 - 썸네일 제작 (완료)
2025-07-21 15:45:14,880 - INFO - C:\브리찌\sysuk0307_브리찌 소개\선택사진\Output\이거뭐에요.jpg - 이미지 처리(썸네일 및 메타데이터 삭제) 성공
2025-07-21 15:45:18,193 - ERROR - C:\Users\user\Desktop\Bridzzi\util\platform\kakao\tistory_bot.py:75: DeprecationWarning: Method .SetEditText() is deprecated, use .set_edit_text() instead.
  edit.SetText(file_path)
2025-07-21 15:45:18,450 - ERROR - C:\Users\user\Desktop\Bridzzi\util\platform\kakao\tistory_bot.py:79: DeprecationWarning: Method .SetEditText() is deprecated, use .set_edit_text() instead.
  edit.SetText(file_name)
2025-07-21 15:45:30,914 - INFO - 선택사진 업로드 되었습니다
2025-07-21 15:46:27,722 - INFO - [선택사진]: 고양이.jpg
2025-07-21 15:46:27,722 - INFO - 파일 삭제: C:\브리찌\sysuk0307_브리찌 소개\선택사진\Output\이거뭐에요.jpg
2025-07-21 15:46:28,225 - INFO - C:\브리찌\sysuk0307_브리찌 소개\선택사진\Output\고양이.jpg
2025-07-21 15:46:28,229 - INFO - C:\브리찌\sysuk0307_브리찌 소개\선택사진\Output\고양이.jpg - 이미지 처리(썸네일 및 메타데이터 삭제) 시작
2025-07-21 15:46:29,379 - INFO - 변경 전 메타데이터
2025-07-21 15:46:29,379 - INFO - {'0th': {}, 'Exif': {}, 'GPS': {}, 'Interop': {}, '1st': {}, 'thumbnail': None}
2025-07-21 15:46:29,386 - INFO - 변경 후 메타데이터
2025-07-21 15:46:29,395 - INFO - {'0th': {}, 'Exif': {}, 'GPS': {}, 'Interop': {}, '1st': {}, 'thumbnail': None}
2025-07-21 15:46:29,395 - INFO - 메타데이터가 추가되었습니다.
2025-07-21 15:46:29,395 - INFO - 추가된 메타데이터:
2025-07-21 15:46:29,410 - INFO - {'0th': {306: b'2025:06:29 15:46:29', 34665: 58}, 'Exif': {36867: b'2025:06:29 15:46:29', 36868: b'2025:06:29 15:46:29'}, 'GPS': {}, 'Interop': {}, '1st': {}, 'thumbnail': None}
2025-07-21 15:46:29,410 - INFO - C:\브리찌\sysuk0307_브리찌 소개\썸네일 - 썸네일 제작 (시작)
2025-07-21 15:46:29,410 - INFO - -- 이미지 크기: 4189x6284
2025-07-21 15:46:30,988 - INFO - 310.2962962962963
2025-07-21 15:46:31,108 - INFO - C:\브리찌\sysuk0307_브리찌 소개\썸네일 - 썸네일 제작 (완료)
2025-07-21 15:46:31,139 - INFO - C:\브리찌\sysuk0307_브리찌 소개\선택사진\Output\고양이.jpg - 이미지 처리(썸네일 및 메타데이터 삭제) 성공
2025-07-21 15:46:34,391 - ERROR - C:\Users\user\Desktop\Bridzzi\util\platform\kakao\tistory_bot.py:75: DeprecationWarning: Method .SetEditText() is deprecated, use .set_edit_text() instead.
  edit.SetText(file_path)
2025-07-21 15:46:34,635 - ERROR - C:\Users\user\Desktop\Bridzzi\util\platform\kakao\tistory_bot.py:79: DeprecationWarning: Method .SetEditText() is deprecated, use .set_edit_text() instead.
  edit.SetText(file_name)
2025-07-21 15:46:39,273 - INFO - 선택사진 업로드 되었습니다
2025-07-21 15:46:40,701 - INFO - [선택사진]: 달려.jpg
2025-07-21 15:46:40,701 - INFO - 파일 삭제: C:\브리찌\sysuk0307_브리찌 소개\선택사진\Output\고양이.jpg
2025-07-21 15:46:41,203 - INFO - C:\브리찌\sysuk0307_브리찌 소개\선택사진\Output\달려.jpg
2025-07-21 15:46:41,203 - INFO - C:\브리찌\sysuk0307_브리찌 소개\선택사진\Output\달려.jpg - 이미지 처리(썸네일 및 메타데이터 삭제) 시작
2025-07-21 15:46:42,327 - INFO - 변경 전 메타데이터
2025-07-21 15:46:42,327 - INFO - {'0th': {}, 'Exif': {}, 'GPS': {}, 'Interop': {}, '1st': {}, 'thumbnail': None}
2025-07-21 15:46:42,327 - INFO - 변경 후 메타데이터
2025-07-21 15:46:42,331 - INFO - {'0th': {}, 'Exif': {}, 'GPS': {}, 'Interop': {}, '1st': {}, 'thumbnail': None}
2025-07-21 15:46:42,331 - INFO - 메타데이터가 추가되었습니다.
2025-07-21 15:46:42,331 - INFO - 추가된 메타데이터:
2025-07-21 15:46:42,331 - INFO - {'0th': {306: b'2025:06:27 15:46:42', 34665: 58}, 'Exif': {36867: b'2025:06:27 15:46:42', 36868: b'2025:06:27 15:46:42'}, 'GPS': {}, 'Interop': {}, '1st': {}, 'thumbnail': None}
2025-07-21 15:46:42,331 - INFO - C:\브리찌\sysuk0307_브리찌 소개\썸네일 - 썸네일 제작 (시작)
2025-07-21 15:46:42,331 - INFO - -- 이미지 크기: 500x357
2025-07-21 15:46:43,032 - INFO - 24.620689655172413
2025-07-21 15:46:43,038 - INFO - C:\브리찌\sysuk0307_브리찌 소개\썸네일 - 썸네일 제작 (완료)
2025-07-21 15:46:43,038 - INFO - C:\브리찌\sysuk0307_브리찌 소개\선택사진\Output\달려.jpg - 이미지 처리(썸네일 및 메타데이터 삭제) 성공
2025-07-21 15:46:46,345 - ERROR - C:\Users\user\Desktop\Bridzzi\util\platform\kakao\tistory_bot.py:75: DeprecationWarning: Method .SetEditText() is deprecated, use .set_edit_text() instead.
  edit.SetText(file_path)
2025-07-21 15:46:46,604 - ERROR - C:\Users\user\Desktop\Bridzzi\util\platform\kakao\tistory_bot.py:79: DeprecationWarning: Method .SetEditText() is deprecated, use .set_edit_text() instead.
  edit.SetText(file_name)
2025-07-21 15:46:51,140 - INFO - 선택사진 업로드 되었습니다
2025-07-21 15:47:03,977 - INFO - 랜덤으로 이모티콘 스티커를 넣습니다
2025-07-21 15:47:05,352 - INFO - li.emot_tab:nth-child(3)
2025-07-21 15:47:16,565 - ERROR - C:\Users\user\Desktop\Bridzzi\util\platform\kakao\tistory_bot.py:75: DeprecationWarning: Method .SetEditText() is deprecated, use .set_edit_text() instead.
  edit.SetText(file_path)
2025-07-21 15:47:16,826 - ERROR - C:\Users\user\Desktop\Bridzzi\util\platform\kakao\tistory_bot.py:79: DeprecationWarning: Method .SetEditText() is deprecated, use .set_edit_text() instead.
  edit.SetText(file_name)
2025-07-21 15:47:27,158 - INFO - 동영상 업로드가 완료되었습니다
2025-07-21 15:47:28,758 - INFO - 장소 : 여의도공원
2025-07-21 15:47:49,913 - ERROR - C:\Users\user\Desktop\Bridzzi\util\platform\kakao\tistory_bot.py:75: DeprecationWarning: Method .SetEditText() is deprecated, use .set_edit_text() instead.
  edit.SetText(file_path)
2025-07-21 15:47:50,179 - ERROR - C:\Users\user\Desktop\Bridzzi\util\platform\kakao\tistory_bot.py:79: DeprecationWarning: Method .SetEditText() is deprecated, use .set_edit_text() instead.
  edit.SetText(file_name)
2025-07-21 15:47:55,243 - ERROR - [ tistory_TEST.py 프로그램 ] - < Exception Message: no such element: Unable to locate element: {"method":"css selector","selector":"#publish-btn"}
  (Session info: chrome=138.0.7204.158); For documentation on this error, please visit: https://www.selenium.dev/documentation/webdriver/troubleshooting/errors#no-such-element-exception
Stacktrace:
	GetHandleVerifier [0x0x11e1a33+62339]
	GetHandleVerifier [0x0x11e1a74+62404]
	(No symbol) [0x0x1022123]
	(No symbol) [0x0x106a86e]
	(No symbol) [0x0x106ac0b]
	(No symbol) [0x0x10b2f72]
	(No symbol) [0x0x108f404]
	(No symbol) [0x0x10b07a3]
	(No symbol) [0x0x108f1b6]
	(No symbol) [0x0x105e7a2]
	(No symbol) [0x0x105f644]
	GetHandleVerifier [0x0x14565c3+2637587]
	GetHandleVerifier [0x0x14519ca+2618138]
	GetHandleVerifier [0x0x12084aa+220666]
	GetHandleVerifier [0x0x11f88d8+156200]
	GetHandleVerifier [0x0x11ff06d+182717]
	GetHandleVerifier [0x0x11e9978+94920]
	GetHandleVerifier [0x0x11e9b02+95314]
	GetHandleVerifier [0x0x11d4c4a+9626]
	BaseThreadInitThunk [0x0x75d85d49+25]
	RtlInitializeExceptionChain [0x0x76efd1ab+107]
	RtlGetAppContainerNamedObjectPath [0x0x76efd131+561]
 발생 >
Traceback (most recent call last):
  File "C:\Users\user\Desktop\Bridzzi\src\google\tistory_TEST.py", line 52, in <module>
    tistory_bot.run(input_dashboard_data)
  File "C:\Users\user\Desktop\Bridzzi\util\platform\kakao\tistory_bot.py", line 884, in run
    self._issue(self.dash_data['해시태그'], self.dash_data['제목'], write_path_data, thumb_data)
  File "C:\Users\user\Desktop\Bridzzi\util\platform\kakao\tistory_bot.py", line 798, in _issue
    selenium_util.random_click(self.browser, final_issue_button_selector)
  File "C:\Users\user\Desktop\Bridzzi\util\selenium\helpers.py", line 550, in random_click
    element = browser.find_element(By.CSS_SELECTOR, css_selector)
              ^^^^^^^^^^^^^^^^^^^^^^^^^^^^^^^^^^^^^^^^^^^^^^^^^^^
  File "c:\Users\user\anaconda3\envs\AutoPro\Lib\site-packages\selenium\webdriver\remote\webdriver.py", line 914, in find_element
    return self.execute(Command.FIND_ELEMENT, {"using": by, "value": value})["value"]
           ^^^^^^^^^^^^^^^^^^^^^^^^^^^^^^^^^^^^^^^^^^^^^^^^^^^^^^^^^^^^^^^^^
  File "c:\Users\user\anaconda3\envs\AutoPro\Lib\site-packages\selenium\webdriver\remote\webdriver.py", line 447, in execute
    self.error_handler.check_response(response)
  File "c:\Users\user\anaconda3\envs\AutoPro\Lib\site-packages\selenium\webdriver\remote\errorhandler.py", line 232, in check_response
    raise exception_class(message, screen, stacktrace)
selenium.common.exceptions.NoSuchElementException: Message: no such element: Unable to locate element: {"method":"css selector","selector":"#publish-btn"}
  (Session info: chrome=138.0.7204.158); For documentation on this error, please visit: https://www.selenium.dev/documentation/webdriver/troubleshooting/errors#no-such-element-exception
Stacktrace:
	GetHandleVerifier [0x0x11e1a33+62339]
	GetHandleVerifier [0x0x11e1a74+62404]
	(No symbol) [0x0x1022123]
	(No symbol) [0x0x106a86e]
	(No symbol) [0x0x106ac0b]
	(No symbol) [0x0x10b2f72]
	(No symbol) [0x0x108f404]
	(No symbol) [0x0x10b07a3]
	(No symbol) [0x0x108f1b6]
	(No symbol) [0x0x105e7a2]
	(No symbol) [0x0x105f644]
	GetHandleVerifier [0x0x14565c3+2637587]
	GetHandleVerifier [0x0x14519ca+2618138]
	GetHandleVerifier [0x0x12084aa+220666]
	GetHandleVerifier [0x0x11f88d8+156200]
	GetHandleVerifier [0x0x11ff06d+182717]
	GetHandleVerifier [0x0x11e9978+94920]
	GetHandleVerifier [0x0x11e9b02+95314]
	GetHandleVerifier [0x0x11d4c4a+9626]
	BaseThreadInitThunk [0x0x75d85d49+25]
	RtlInitializeExceptionChain [0x0x76efd1ab+107]
	RtlGetAppContainerNamedObjectPath [0x0x76efd131+561]


오류가 발생하여 프로그램을 종료했습니다. 확인 부탁드립니다
2025-07-21 15:47:55,243 - INFO - 텔레그램 에러 메시지 : [ tistory_TEST.py 프로그램 ] - < Exception Message: no such element: Unable to locate element: {"method":"css selector","selector":"#publish-btn"}
  (Session info: chrome=138.0.7204.158); For documentation on this error, please visit: https://www.selenium.dev/documentation/webdriver/troubleshooting/errors#no-such-element-exception
Stacktrace:
	GetHandleVerifier [0x0x11e1a33+62339]
	GetHandleVerifier [0x0x11e1a74+62404]
	(No symbol) [0x0x1022123]
	(No symbol) [0x0x106a86e]
	(No symbol) [0x0x106ac0b]
	(No symbol) [0x0x10b2f72]
	(No symbol) [0x0x108f404]
	(No symbol) [0x0x10b07a3]
	(No symbol) [0x0x108f1b6]
	(No symbol) [0x0x105e7a2]
	(No symbol) [0x0x105f644]
	GetHandleVerifier [0x0x14565c3+2637587]
	GetHandleVerifier [0x0x14519ca+2618138]
	GetHandleVerifier [0x0x12084aa+220666]
	GetHandleVerifier [0x0x11f88d8+156200]
	GetHandleVerifier [0x0x11ff06d+182717]
	GetHandleVerifier [0x0x11e9978+94920]
	GetHandleVerifier [0x0x11e9b02+95314]
	GetHandleVerifier [0x0x11d4c4a+9626]
	BaseThreadInitThunk [0x0x75d85d49+25]
	RtlInitializeExceptionChain [0x0x76efd1ab+107]
	RtlGetAppContainerNamedObjectPath [0x0x76efd131+561]
 발생 >
Traceback (most recent call last):
  File "C:\Users\user\Desktop\Bridzzi\src\google\tistory_TEST.py", line 52, in <module>
    tistory_bot.run(input_dashboard_data)
  File "C:\Users\user\Desktop\Bridzzi\util\platform\kakao\tistory_bot.py", line 884, in run
    self._issue(self.dash_data['해시태그'], self.dash_data['제목'], write_path_data, thumb_data)
  File "C:\Users\user\Desktop\Bridzzi\util\platform\kakao\tistory_bot.py", line 798, in _issue
    selenium_util.random_click(self.browser, final_issue_button_selector)
  File "C:\Users\user\Desktop\Bridzzi\util\selenium\helpers.py", line 550, in random_click
    element = browser.find_element(By.CSS_SELECTOR, css_selector)
              ^^^^^^^^^^^^^^^^^^^^^^^^^^^^^^^^^^^^^^^^^^^^^^^^^^^
  File "c:\Users\user\anaconda3\envs\AutoPro\Lib\site-packages\selenium\webdriver\remote\webdriver.py", line 914, in find_element
    return self.execute(Command.FIND_ELEMENT, {"using": by, "value": value})["value"]
           ^^^^^^^^^^^^^^^^^^^^^^^^^^^^^^^^^^^^^^^^^^^^^^^^^^^^^^^^^^^^^^^^^
  File "c:\Users\user\anaconda3\envs\AutoPro\Lib\site-packages\selenium\webdriver\remote\webdriver.py", line 447, in execute
    self.error_handler.check_response(response)
  File "c:\Users\user\anaconda3\envs\AutoPro\Lib\site-packages\selenium\webdriver\remote\errorhandler.py", line 232, in check_response
    raise exception_class(message, screen, stacktrace)
selenium.common.exceptions.NoSuchElementException: Message: no such element: Unable to locate element: {"method":"css selector","selector":"#publish-btn"}
  (Session info: chrome=138.0.7204.158); For documentation on this error, please visit: https://www.selenium.dev/documentation/webdriver/troubleshooting/errors#no-such-element-exception
Stacktrace:
	GetHandleVerifier [0x0x11e1a33+62339]
	GetHandleVerifier [0x0x11e1a74+62404]
	(No symbol) [0x0x1022123]
	(No symbol) [0x0x106a86e]
	(No symbol) [0x0x106ac0b]
	(No symbol) [0x0x10b2f72]
	(No symbol) [0x0x108f404]
	(No symbol) [0x0x10b07a3]
	(No symbol) [0x0x108f1b6]
	(No symbol) [0x0x105e7a2]
	(No symbol) [0x0x105f644]
	GetHandleVerifier [0x0x14565c3+2637587]
	GetHandleVerifier [0x0x14519ca+2618138]
	GetHandleVerifier [0x0x12084aa+220666]
	GetHandleVerifier [0x0x11f88d8+156200]
	GetHandleVerifier [0x0x11ff06d+182717]
	GetHandleVerifier [0x0x11e9978+94920]
	GetHandleVerifier [0x0x11e9b02+95314]
	GetHandleVerifier [0x0x11d4c4a+9626]
	BaseThreadInitThunk [0x0x75d85d49+25]
	RtlInitializeExceptionChain [0x0x76efd1ab+107]
	RtlGetAppContainerNamedObjectPath [0x0x76efd131+561]
2025-07-21 15:47:56,492 - INFO - 화면 캡처가 성공적으로 저장되었습니다: screenshot.png
