2025-07-21 11:11:21,777 - INFO - 대시보드 TEST - Success 구글 시트에서 데이터를 성공적으로 가져왔습니다.
2025-07-21 11:11:21,777 - INFO - ==================================
2025-07-21 11:11:21,777 - INFO - 21
2025-07-21 11:11:21,953 - INFO - C:\program_cookies 폴더 크기: 0.93 GB
2025-07-21 11:11:21,967 - INFO - C:\program_cookies\PC_dnghwhd8819@naver.com 폴더 크기: 0.06 GB
2025-07-21 11:11:21,967 - INFO - 쿠키 기록을 남기도록 C:\program_cookies\PC_dnghwhd8819@naver.com 폴더를 지정합니다.
2025-07-21 11:11:21,967 - INFO - PC랜덤화면 크기를 불러옵니다.
2025-07-21 11:11:21,972 - INFO - fixed UA가 있습니다.
2025-07-21 11:11:21,972 - INFO - fixed된 UA는 Mozilla/5.0 (Windows NT 10.0; Win64; x64) AppleWebKit/537.36 (KHTML, like Gecko) Chrome/129.0.0.0 Safari/537.36입니다.
2025-07-21 11:11:21,972 - INFO - 쿠기를 불러옵니다 쿠키가 없으면 cookies 폴더 안에 새로 생성합니다.
2025-07-21 11:11:21,972 - INFO - 크롬 드라이브 옵션 부여 완료!
2025-07-21 11:11:24,313 - INFO - ==================================
2025-07-21 11:11:24,313 - INFO - devicemetrics를 override 합니다..
2025-07-21 11:11:24,317 - INFO - geo 정보를 랜덤으로 변경합니다..
2025-07-21 11:11:24,317 - INFO - FIXED gps 정보를 적용합니다.
2025-07-21 11:11:24,318 - INFO - FIXED gps 정보는 {'latitude': 37.6653341, 'longitude': 127.075382, 'accuracy': 100} 입니다.
2025-07-21 11:11:24,326 - INFO - 모든 변경이 완료되었습니다...
2025-07-21 11:11:24,326 - INFO - ~~~~~~~~~~
2025-07-21 11:11:26,588 - INFO - 로그인이 되어있지 않아 로그인 과정을 진행합니다.
2025-07-21 11:11:44,436 - INFO - 티스토리를 선택하고, 선택한 티스토리로 이동합니다.
2025-07-21 11:11:52,145 - ERROR - [ tistory_TEST.py 프로그램 ] - < Exception Message: 
Stacktrace:
	GetHandleVerifier [0x0x451a33+62339]
	GetHandleVerifier [0x0x451a74+62404]
	(No symbol) [0x0x292123]
	(No symbol) [0x0x2da86e]
	(No symbol) [0x0x2dac0b]
	(No symbol) [0x0x322f72]
	(No symbol) [0x0x2ff404]
	(No symbol) [0x0x3207a3]
	(No symbol) [0x0x2ff1b6]
	(No symbol) [0x0x2ce7a2]
	(No symbol) [0x0x2cf644]
	GetHandleVerifier [0x0x6c65c3+2637587]
	GetHandleVerifier [0x0x6c19ca+2618138]
	GetHandleVerifier [0x0x4784aa+220666]
	GetHandleVerifier [0x0x4688d8+156200]
	GetHandleVerifier [0x0x46f06d+182717]
	GetHandleVerifier [0x0x459978+94920]
	GetHandleVerifier [0x0x459b02+95314]
	GetHandleVerifier [0x0x444c4a+9626]
	BaseThreadInitThunk [0x0x75d85d49+25]
	RtlInitializeExceptionChain [0x0x76efd1ab+107]
	RtlGetAppContainerNamedObjectPath [0x0x76efd131+561]
 발생 >
Traceback (most recent call last):
  File "C:\Users\user\Desktop\Bridzzi\src\google\tistory_TEST.py", line 52, in <module>
    tistory_bot.run(input_dashboard_data)
  File "C:\Users\user\Desktop\Bridzzi\util\platform\kakao\tistory_bot.py", line 900, in run
    self._move_to_blog_write()
  File "C:\Users\user\Desktop\Bridzzi\util\platform\kakao\tistory_bot.py", line 690, in _move_to_blog_write
    selenium_util.wait_for_element(self.browser, 3, menu_trans_status)
  File "C:\Users\user\Desktop\Bridzzi\util\selenium\helpers.py", line 2011, in wait_for_element
    element = wait.until(EC.presence_of_element_located((By.CSS_SELECTOR, css_selector)))
              ^^^^^^^^^^^^^^^^^^^^^^^^^^^^^^^^^^^^^^^^^^^^^^^^^^^^^^^^^^^^^^^^^^^^^^^^^^^
  File "c:\Users\user\anaconda3\envs\AutoPro\Lib\site-packages\selenium\webdriver\support\wait.py", line 138, in until
    raise TimeoutException(message, screen, stacktrace)
selenium.common.exceptions.TimeoutException: Message: 
Stacktrace:
	GetHandleVerifier [0x0x451a33+62339]
	GetHandleVerifier [0x0x451a74+62404]
	(No symbol) [0x0x292123]
	(No symbol) [0x0x2da86e]
	(No symbol) [0x0x2dac0b]
	(No symbol) [0x0x322f72]
	(No symbol) [0x0x2ff404]
	(No symbol) [0x0x3207a3]
	(No symbol) [0x0x2ff1b6]
	(No symbol) [0x0x2ce7a2]
	(No symbol) [0x0x2cf644]
	GetHandleVerifier [0x0x6c65c3+2637587]
	GetHandleVerifier [0x0x6c19ca+2618138]
	GetHandleVerifier [0x0x4784aa+220666]
	GetHandleVerifier [0x0x4688d8+156200]
	GetHandleVerifier [0x0x46f06d+182717]
	GetHandleVerifier [0x0x459978+94920]
	GetHandleVerifier [0x0x459b02+95314]
	GetHandleVerifier [0x0x444c4a+9626]
	BaseThreadInitThunk [0x0x75d85d49+25]
	RtlInitializeExceptionChain [0x0x76efd1ab+107]
	RtlGetAppContainerNamedObjectPath [0x0x76efd131+561]


오류가 발생하여 프로그램을 종료했습니다. 확인 부탁드립니다
2025-07-21 11:11:52,146 - INFO - 텔레그램 에러 메시지 : [ tistory_TEST.py 프로그램 ] - < Exception Message: 
Stacktrace:
	GetHandleVerifier [0x0x451a33+62339]
	GetHandleVerifier [0x0x451a74+62404]
	(No symbol) [0x0x292123]
	(No symbol) [0x0x2da86e]
	(No symbol) [0x0x2dac0b]
	(No symbol) [0x0x322f72]
	(No symbol) [0x0x2ff404]
	(No symbol) [0x0x3207a3]
	(No symbol) [0x0x2ff1b6]
	(No symbol) [0x0x2ce7a2]
	(No symbol) [0x0x2cf644]
	GetHandleVerifier [0x0x6c65c3+2637587]
	GetHandleVerifier [0x0x6c19ca+2618138]
	GetHandleVerifier [0x0x4784aa+220666]
	GetHandleVerifier [0x0x4688d8+156200]
	GetHandleVerifier [0x0x46f06d+182717]
	GetHandleVerifier [0x0x459978+94920]
	GetHandleVerifier [0x0x459b02+95314]
	GetHandleVerifier [0x0x444c4a+9626]
	BaseThreadInitThunk [0x0x75d85d49+25]
	RtlInitializeExceptionChain [0x0x76efd1ab+107]
	RtlGetAppContainerNamedObjectPath [0x0x76efd131+561]
 발생 >
Traceback (most recent call last):
  File "C:\Users\user\Desktop\Bridzzi\src\google\tistory_TEST.py", line 52, in <module>
    tistory_bot.run(input_dashboard_data)
  File "C:\Users\user\Desktop\Bridzzi\util\platform\kakao\tistory_bot.py", line 900, in run
    self._move_to_blog_write()
  File "C:\Users\user\Desktop\Bridzzi\util\platform\kakao\tistory_bot.py", line 690, in _move_to_blog_write
    selenium_util.wait_for_element(self.browser, 3, menu_trans_status)
  File "C:\Users\user\Desktop\Bridzzi\util\selenium\helpers.py", line 2011, in wait_for_element
    element = wait.until(EC.presence_of_element_located((By.CSS_SELECTOR, css_selector)))
              ^^^^^^^^^^^^^^^^^^^^^^^^^^^^^^^^^^^^^^^^^^^^^^^^^^^^^^^^^^^^^^^^^^^^^^^^^^^
  File "c:\Users\user\anaconda3\envs\AutoPro\Lib\site-packages\selenium\webdriver\support\wait.py", line 138, in until
    raise TimeoutException(message, screen, stacktrace)
selenium.common.exceptions.TimeoutException: Message: 
Stacktrace:
	GetHandleVerifier [0x0x451a33+62339]
	GetHandleVerifier [0x0x451a74+62404]
	(No symbol) [0x0x292123]
	(No symbol) [0x0x2da86e]
	(No symbol) [0x0x2dac0b]
	(No symbol) [0x0x322f72]
	(No symbol) [0x0x2ff404]
	(No symbol) [0x0x3207a3]
	(No symbol) [0x0x2ff1b6]
	(No symbol) [0x0x2ce7a2]
	(No symbol) [0x0x2cf644]
	GetHandleVerifier [0x0x6c65c3+2637587]
	GetHandleVerifier [0x0x6c19ca+2618138]
	GetHandleVerifier [0x0x4784aa+220666]
	GetHandleVerifier [0x0x4688d8+156200]
	GetHandleVerifier [0x0x46f06d+182717]
	GetHandleVerifier [0x0x459978+94920]
	GetHandleVerifier [0x0x459b02+95314]
	GetHandleVerifier [0x0x444c4a+9626]
	BaseThreadInitThunk [0x0x75d85d49+25]
	RtlInitializeExceptionChain [0x0x76efd1ab+107]
	RtlGetAppContainerNamedObjectPath [0x0x76efd131+561]
2025-07-21 11:11:53,301 - INFO - 화면 캡처가 성공적으로 저장되었습니다: screenshot.png
