2025-08-04 19:00:45,322 - INFO - ==================================
2025-08-04 19:00:46,330 - INFO - 단순게시글(글)_대시보드 - Success 구글 시트에서 데이터를 성공적으로 가져왔습니다.
2025-08-04 19:00:46,330 - INFO - 단순게시글(글)_대시보드 평범한 글 - 작업을 시작합니다.
2025-08-04 19:00:47,042 - INFO - C:\program_cookies 폴더 크기: 0.35 GB
2025-08-04 19:00:47,042 - INFO - 쿠키 기록을 남기도록 C:\program_cookies\PC_dlagkdud14 폴더를 지정합니다.
2025-08-04 19:00:47,042 - INFO - PC랜덤화면 크기를 불러옵니다.
2025-08-04 19:00:47,042 - INFO - fixed UA가 있습니다.
2025-08-04 19:00:47,042 - INFO - fixed된 UA는 Mozilla/5.0 (Linux; Android 11; SM-A525F) AppleWebKit/537.36 (KHTML, like Gecko) Chrome/95.0.4621.1 Mobile Safari/537.36입니다.
2025-08-04 19:00:47,042 - INFO - 쿠기를 불러옵니다 쿠키가 없으면 cookies 폴더 안에 새로 생성합니다.
2025-08-04 19:00:47,042 - INFO - 크롬 드라이브 옵션 부여 완료!
2025-08-04 19:00:48,792 - INFO - ==================================
2025-08-04 19:00:48,792 - INFO - devicemetrics를 override 합니다..
2025-08-04 19:00:48,799 - INFO - geo 정보를 랜덤으로 변경합니다..
2025-08-04 19:00:48,799 - INFO - FIXED gps 정보를 적용합니다.
2025-08-04 19:00:48,799 - INFO - FIXED gps 정보는 {'latitude': 37.6011568, 'longitude': 126.928083, 'accuracy': 100} 입니다.
2025-08-04 19:00:48,805 - INFO - 모든 변경이 완료되었습니다...
2025-08-04 19:00:48,805 - INFO - ~~~~~~~~~~
2025-08-04 19:00:50,216 - ERROR - 1/10번째 [ wrtie_normal_contents_new.py 프로그램 ] - < Exception 발생 >
~~ 1번째 에러 도달 ~~
Traceback (most recent call last):
  File "C:\Users\user\Desktop\Bridzzi\src\naver\Cafe\wrtie_normal_contents_new.py", line 399, in <module>
    main_process(googlesheet)
  File "C:\Users\user\Desktop\Bridzzi\src\naver\Cafe\wrtie_normal_contents_new.py", line 376, in main_process
    cafe_normal_post_start(googlesheet, content_dashboard=f"단순게시글(글)_대시보드")
  File "C:\Users\user\Desktop\Bridzzi\src\naver\Cafe\wrtie_normal_contents_new.py", line 357, in cafe_normal_post_start
    cafe_viral_post(googlesheet, postdata)
  File "C:\Users\user\Desktop\Bridzzi\src\naver\Cafe\wrtie_normal_contents_new.py", line 163, in cafe_viral_post
    naver_bot.naver_login_mo(data["ID"][0], data["PW"][0])
    ^^^^^^^^^^^^^^^^^^^^^^^^
  File "c:\Users\user\anaconda3\envs\AutoPro\Lib\site-packages\undetected_chromedriver\__init__.py", line 806, in __getattribute__
    return super().__getattribute__(item)
           ^^^^^^^^^^^^^^^^^^^^^^^^^^^^^^
AttributeError: 'Chrome' object has no attribute 'naver_login_mo'


오류가 발생하였습니다. 확인 부탁드립니다
2025-08-04 19:00:50,221 - ERROR - Traceback (most recent call last):
2025-08-04 19:00:50,222 - ERROR - File "C:\Users\user\Desktop\Bridzzi\src\naver\Cafe\wrtie_normal_contents_new.py", line 399, in <module>
    main_process(googlesheet)
2025-08-04 19:00:50,222 - ERROR - File "C:\Users\user\Desktop\Bridzzi\src\naver\Cafe\wrtie_normal_contents_new.py", line 376, in main_process
    cafe_normal_post_start(googlesheet, content_dashboard=f"단순게시글(글)_대시보드")
2025-08-04 19:00:50,223 - ERROR - File "C:\Users\user\Desktop\Bridzzi\src\naver\Cafe\wrtie_normal_contents_new.py", line 357, in cafe_normal_post_start
    cafe_viral_post(googlesheet, postdata)
2025-08-04 19:00:50,223 - ERROR - File "C:\Users\user\Desktop\Bridzzi\src\naver\Cafe\wrtie_normal_contents_new.py", line 163, in cafe_viral_post
    naver_bot.naver_login_mo(data["ID"][0], data["PW"][0])
    ^^^^^^^^^^^^^^^^^^^^^^^^
2025-08-04 19:00:50,223 - ERROR - File "c:\Users\user\anaconda3\envs\AutoPro\Lib\site-packages\undetected_chromedriver\__init__.py", line 806, in __getattribute__
    return super().__getattribute__(item)
           ^^^^^^^^^^^^^^^^^^^^^^^^^^^^^^
2025-08-04 19:00:50,224 - ERROR - AttributeError: 'Chrome' object has no attribute 'naver_login_mo'
2025-08-04 19:00:50,478 - INFO - ✅ chromedriver 종료 결과: ChromeDriver 종료
2025-08-04 19:00:50,480 - INFO - ✅ Chrome 종료 결과: Chrome 종료
2025-08-04 19:00:51,481 - INFO - ==================================
2025-08-04 19:00:51,481 - INFO - ★ 크롬 브라우저 - 자동 업데이트 ★
2025-08-04 19:00:51,622 - INFO - [현재 크롬 버전] : 138.0.7204.184
2025-08-04 19:00:52,855 - INFO - Chrome 업데이트를 확인하는 중...
2025-08-04 19:00:54,858 - INFO - ==================================
2025-08-04 19:00:54,858 - INFO - Chrome 상태 : Chrome이 최신 버전임
2025-08-04 19:00:54,858 - INFO - -----------------------------
2025-08-04 19:00:54,858 - INFO - ✅ Chrome이 최신 버전입니다. 종료합니다.
2025-08-04 19:00:54,858 - INFO - ==================================
2025-08-04 19:00:58,511 - INFO - ==================================
2025-08-04 19:00:58,513 - INFO - ==================================
2025-08-04 19:00:59,301 - INFO - 단순게시글(글)_대시보드 - Success 구글 시트에서 데이터를 성공적으로 가져왔습니다.
2025-08-04 19:00:59,301 - INFO - 단순게시글(글)_대시보드 평범한 글 - 작업을 시작합니다.
2025-08-04 19:00:59,415 - INFO - C:\program_cookies 폴더 크기: 0.38 GB
2025-08-04 19:00:59,427 - INFO - C:\program_cookies\PC_dlagkdud14 폴더 크기: 0.03 GB
2025-08-04 19:00:59,427 - INFO - 쿠키 기록을 남기도록 C:\program_cookies\PC_dlagkdud14 폴더를 지정합니다.
2025-08-04 19:00:59,427 - INFO - PC랜덤화면 크기를 불러옵니다.
2025-08-04 19:00:59,427 - INFO - fixed UA가 있습니다.
2025-08-04 19:00:59,427 - INFO - fixed된 UA는 Mozilla/5.0 (Linux; Android 11; SM-A525F) AppleWebKit/537.36 (KHTML, like Gecko) Chrome/95.0.4621.1 Mobile Safari/537.36입니다.
2025-08-04 19:00:59,427 - INFO - 쿠기를 불러옵니다 쿠키가 없으면 cookies 폴더 안에 새로 생성합니다.
2025-08-04 19:00:59,431 - INFO - 크롬 드라이브 옵션 부여 완료!
2025-08-04 19:01:01,178 - INFO - ==================================
2025-08-04 19:01:01,178 - INFO - devicemetrics를 override 합니다..
2025-08-04 19:01:01,183 - INFO - geo 정보를 랜덤으로 변경합니다..
2025-08-04 19:01:01,183 - INFO - FIXED gps 정보를 적용합니다.
2025-08-04 19:01:01,185 - INFO - FIXED gps 정보는 {'latitude': 37.6011568, 'longitude': 126.928083, 'accuracy': 100} 입니다.
2025-08-04 19:01:01,189 - INFO - 모든 변경이 완료되었습니다...
2025-08-04 19:01:01,189 - INFO - ~~~~~~~~~~
2025-08-04 19:01:02,572 - ERROR - 2/10번째 [ wrtie_normal_contents_new.py 프로그램 ] - < Exception 발생 >
~~ 2번째 에러 도달 ~~
Traceback (most recent call last):
  File "C:\Users\user\Desktop\Bridzzi\src\naver\Cafe\wrtie_normal_contents_new.py", line 399, in <module>
    main_process(googlesheet)
  File "C:\Users\user\Desktop\Bridzzi\src\naver\Cafe\wrtie_normal_contents_new.py", line 376, in main_process
    cafe_normal_post_start(googlesheet, content_dashboard=f"단순게시글(글)_대시보드")
  File "C:\Users\user\Desktop\Bridzzi\src\naver\Cafe\wrtie_normal_contents_new.py", line 357, in cafe_normal_post_start
    cafe_viral_post(googlesheet, postdata)
  File "C:\Users\user\Desktop\Bridzzi\src\naver\Cafe\wrtie_normal_contents_new.py", line 163, in cafe_viral_post
    naver_bot.naver_login_mo(data["ID"][0], data["PW"][0])
    ^^^^^^^^^^^^^^^^^^^^^^^^
  File "c:\Users\user\anaconda3\envs\AutoPro\Lib\site-packages\undetected_chromedriver\__init__.py", line 806, in __getattribute__
    return super().__getattribute__(item)
           ^^^^^^^^^^^^^^^^^^^^^^^^^^^^^^
AttributeError: 'Chrome' object has no attribute 'naver_login_mo'


오류가 발생하였습니다. 확인 부탁드립니다
2025-08-04 19:01:02,577 - ERROR - Traceback (most recent call last):
2025-08-04 19:01:02,577 - ERROR - File "C:\Users\user\Desktop\Bridzzi\src\naver\Cafe\wrtie_normal_contents_new.py", line 399, in <module>
    main_process(googlesheet)
2025-08-04 19:01:02,577 - ERROR - File "C:\Users\user\Desktop\Bridzzi\src\naver\Cafe\wrtie_normal_contents_new.py", line 376, in main_process
    cafe_normal_post_start(googlesheet, content_dashboard=f"단순게시글(글)_대시보드")
2025-08-04 19:01:02,577 - ERROR - File "C:\Users\user\Desktop\Bridzzi\src\naver\Cafe\wrtie_normal_contents_new.py", line 357, in cafe_normal_post_start
    cafe_viral_post(googlesheet, postdata)
2025-08-04 19:01:02,577 - ERROR - File "C:\Users\user\Desktop\Bridzzi\src\naver\Cafe\wrtie_normal_contents_new.py", line 163, in cafe_viral_post
    naver_bot.naver_login_mo(data["ID"][0], data["PW"][0])
    ^^^^^^^^^^^^^^^^^^^^^^^^
2025-08-04 19:01:02,579 - ERROR - File "c:\Users\user\anaconda3\envs\AutoPro\Lib\site-packages\undetected_chromedriver\__init__.py", line 806, in __getattribute__
    return super().__getattribute__(item)
           ^^^^^^^^^^^^^^^^^^^^^^^^^^^^^^
2025-08-04 19:01:02,579 - ERROR - AttributeError: 'Chrome' object has no attribute 'naver_login_mo'
2025-08-04 19:01:02,579 - INFO - 텔레그램 에러 메시지 : [ wrtie_normal_contents_new.py 프로그램 ] - < Exception 발생 >
~~ 2번째 에러 도달 ~~
Traceback (most recent call last):
  File "C:\Users\user\Desktop\Bridzzi\src\naver\Cafe\wrtie_normal_contents_new.py", line 399, in <module>
    main_process(googlesheet)
  File "C:\Users\user\Desktop\Bridzzi\src\naver\Cafe\wrtie_normal_contents_new.py", line 376, in main_process
    cafe_normal_post_start(googlesheet, content_dashboard=f"단순게시글(글)_대시보드")
  File "C:\Users\user\Desktop\Bridzzi\src\naver\Cafe\wrtie_normal_contents_new.py", line 357, in cafe_normal_post_start
    cafe_viral_post(googlesheet, postdata)
  File "C:\Users\user\Desktop\Bridzzi\src\naver\Cafe\wrtie_normal_contents_new.py", line 163, in cafe_viral_post
    naver_bot.naver_login_mo(data["ID"][0], data["PW"][0])
    ^^^^^^^^^^^^^^^^^^^^^^^^
  File "c:\Users\user\anaconda3\envs\AutoPro\Lib\site-packages\undetected_chromedriver\__init__.py", line 806, in __getattribute__
    return super().__getattribute__(item)
           ^^^^^^^^^^^^^^^^^^^^^^^^^^^^^^
AttributeError: 'Chrome' object has no attribute 'naver_login_mo'
2025-08-04 19:01:03,711 - INFO - ✅ chromedriver 종료 결과: ChromeDriver 종료
2025-08-04 19:01:03,711 - INFO - ✅ Chrome 종료 결과: Chrome 종료
2025-08-04 19:01:04,714 - INFO - ==================================
2025-08-04 19:01:04,714 - INFO - ★ 크롬 브라우저 - 자동 업데이트 ★
2025-08-04 19:01:04,846 - INFO - [현재 크롬 버전] : 138.0.7204.184
2025-08-04 19:01:06,081 - INFO - Chrome 업데이트를 확인하는 중...
2025-08-04 19:01:08,089 - INFO - ==================================
2025-08-04 19:01:08,089 - INFO - Chrome 상태 : Chrome이 최신 버전임
2025-08-04 19:01:08,089 - INFO - -----------------------------
2025-08-04 19:01:08,090 - INFO - ✅ Chrome이 최신 버전입니다. 종료합니다.
2025-08-04 19:01:08,090 - INFO - ==================================
2025-08-04 19:01:11,680 - INFO - ==================================
2025-08-04 19:01:11,680 - INFO - ==================================
2025-08-04 19:01:12,396 - INFO - 단순게시글(글)_대시보드 - Success 구글 시트에서 데이터를 성공적으로 가져왔습니다.
2025-08-04 19:01:12,396 - INFO - 단순게시글(글)_대시보드 평범한 글 - 작업을 시작합니다.
2025-08-04 19:01:12,501 - INFO - C:\program_cookies 폴더 크기: 0.39 GB
2025-08-04 19:01:12,519 - INFO - C:\program_cookies\PC_dlagkdud14 폴더 크기: 0.04 GB
2025-08-04 19:01:12,519 - INFO - 쿠키 기록을 남기도록 C:\program_cookies\PC_dlagkdud14 폴더를 지정합니다.
2025-08-04 19:01:12,519 - INFO - PC랜덤화면 크기를 불러옵니다.
2025-08-04 19:01:12,520 - INFO - fixed UA가 있습니다.
2025-08-04 19:01:12,520 - INFO - fixed된 UA는 Mozilla/5.0 (Linux; Android 11; SM-A525F) AppleWebKit/537.36 (KHTML, like Gecko) Chrome/95.0.4621.1 Mobile Safari/537.36입니다.
2025-08-04 19:01:12,520 - INFO - 쿠기를 불러옵니다 쿠키가 없으면 cookies 폴더 안에 새로 생성합니다.
2025-08-04 19:01:12,521 - INFO - 크롬 드라이브 옵션 부여 완료!
2025-08-04 19:01:14,254 - INFO - ==================================
2025-08-04 19:01:14,254 - INFO - devicemetrics를 override 합니다..
2025-08-04 19:01:14,262 - INFO - geo 정보를 랜덤으로 변경합니다..
2025-08-04 19:01:14,263 - INFO - FIXED gps 정보를 적용합니다.
2025-08-04 19:01:14,263 - INFO - FIXED gps 정보는 {'latitude': 37.6011568, 'longitude': 126.928083, 'accuracy': 100} 입니다.
2025-08-04 19:01:14,269 - INFO - 모든 변경이 완료되었습니다...
2025-08-04 19:01:14,269 - INFO - ~~~~~~~~~~
2025-08-04 19:01:15,779 - ERROR - 3/10번째 [ wrtie_normal_contents_new.py 프로그램 ] - < Exception 발생 >
~~ 3번째 에러 도달 ~~
Traceback (most recent call last):
  File "C:\Users\user\Desktop\Bridzzi\src\naver\Cafe\wrtie_normal_contents_new.py", line 399, in <module>
    main_process(googlesheet)
  File "C:\Users\user\Desktop\Bridzzi\src\naver\Cafe\wrtie_normal_contents_new.py", line 376, in main_process
    cafe_normal_post_start(googlesheet, content_dashboard=f"단순게시글(글)_대시보드")
  File "C:\Users\user\Desktop\Bridzzi\src\naver\Cafe\wrtie_normal_contents_new.py", line 357, in cafe_normal_post_start
    cafe_viral_post(googlesheet, postdata)
  File "C:\Users\user\Desktop\Bridzzi\src\naver\Cafe\wrtie_normal_contents_new.py", line 163, in cafe_viral_post
    naver_bot.naver_login_mo(data["ID"][0], data["PW"][0])
    ^^^^^^^^^^^^^^^^^^^^^^^^
  File "c:\Users\user\anaconda3\envs\AutoPro\Lib\site-packages\undetected_chromedriver\__init__.py", line 806, in __getattribute__
    return super().__getattribute__(item)
           ^^^^^^^^^^^^^^^^^^^^^^^^^^^^^^
AttributeError: 'Chrome' object has no attribute 'naver_login_mo'


오류가 발생하였습니다. 확인 부탁드립니다
2025-08-04 19:01:15,787 - ERROR - Traceback (most recent call last):
2025-08-04 19:01:15,787 - ERROR - File "C:\Users\user\Desktop\Bridzzi\src\naver\Cafe\wrtie_normal_contents_new.py", line 399, in <module>
    main_process(googlesheet)
2025-08-04 19:01:15,787 - ERROR - File "C:\Users\user\Desktop\Bridzzi\src\naver\Cafe\wrtie_normal_contents_new.py", line 376, in main_process
    cafe_normal_post_start(googlesheet, content_dashboard=f"단순게시글(글)_대시보드")
2025-08-04 19:01:15,787 - ERROR - File "C:\Users\user\Desktop\Bridzzi\src\naver\Cafe\wrtie_normal_contents_new.py", line 357, in cafe_normal_post_start
    cafe_viral_post(googlesheet, postdata)
2025-08-04 19:01:15,787 - ERROR - File "C:\Users\user\Desktop\Bridzzi\src\naver\Cafe\wrtie_normal_contents_new.py", line 163, in cafe_viral_post
    naver_bot.naver_login_mo(data["ID"][0], data["PW"][0])
    ^^^^^^^^^^^^^^^^^^^^^^^^
2025-08-04 19:01:15,792 - ERROR - File "c:\Users\user\anaconda3\envs\AutoPro\Lib\site-packages\undetected_chromedriver\__init__.py", line 806, in __getattribute__
    return super().__getattribute__(item)
           ^^^^^^^^^^^^^^^^^^^^^^^^^^^^^^
2025-08-04 19:01:15,792 - ERROR - AttributeError: 'Chrome' object has no attribute 'naver_login_mo'
2025-08-04 19:01:15,792 - INFO - 텔레그램 에러 메시지 : [ wrtie_normal_contents_new.py 프로그램 ] - < Exception 발생 >
~~ 3번째 에러 도달 ~~
Traceback (most recent call last):
  File "C:\Users\user\Desktop\Bridzzi\src\naver\Cafe\wrtie_normal_contents_new.py", line 399, in <module>
    main_process(googlesheet)
  File "C:\Users\user\Desktop\Bridzzi\src\naver\Cafe\wrtie_normal_contents_new.py", line 376, in main_process
    cafe_normal_post_start(googlesheet, content_dashboard=f"단순게시글(글)_대시보드")
  File "C:\Users\user\Desktop\Bridzzi\src\naver\Cafe\wrtie_normal_contents_new.py", line 357, in cafe_normal_post_start
    cafe_viral_post(googlesheet, postdata)
  File "C:\Users\user\Desktop\Bridzzi\src\naver\Cafe\wrtie_normal_contents_new.py", line 163, in cafe_viral_post
    naver_bot.naver_login_mo(data["ID"][0], data["PW"][0])
    ^^^^^^^^^^^^^^^^^^^^^^^^
  File "c:\Users\user\anaconda3\envs\AutoPro\Lib\site-packages\undetected_chromedriver\__init__.py", line 806, in __getattribute__
    return super().__getattribute__(item)
           ^^^^^^^^^^^^^^^^^^^^^^^^^^^^^^
AttributeError: 'Chrome' object has no attribute 'naver_login_mo'
2025-08-04 19:01:16,926 - INFO - ✅ chromedriver 종료 결과: ChromeDriver 종료
2025-08-04 19:01:16,926 - INFO - ✅ Chrome 종료 결과: Chrome 종료
2025-08-04 19:01:17,928 - INFO - ==================================
2025-08-04 19:01:17,928 - INFO - ★ 크롬 브라우저 - 자동 업데이트 ★
2025-08-04 19:01:18,112 - INFO - [현재 크롬 버전] : 138.0.7204.184
2025-08-04 19:01:19,333 - INFO - Chrome 업데이트를 확인하는 중...
